2025-09-14 19:25:29,512 | INFO | S3 bucket computer-vision-models-pytorch-bucket exists.
2025-09-14 19:25:29,619 | INFO | DynamoDB table computer-vision-models-config-table exists.
2025-09-14 19:25:29,623 | INFO | Config: project_name: sports_cv_project_classification
experiment_name: vgg13-paper-heavy-augmentations-exponential_lr
model:
  model_name: VGG13
  pretrained:
    model_part: backbone
    experiment_name: vgg13-gap-heavy-augmentations
    save_locally: true
    freeze_time: 10
  num_classes: 100
  num_anchors: 3
  dropout_rate: 0.5
  hidden_dim: 4096
dataset:
  name: sports_images
  source: kaggle
  kaggle_dataset_name: gpiosenka/sports-classification
  force_download: false
  root_dir: data
  raw_subdir: raw
  processed_subdir: processed
  annotations_subdir: annotations
  annotations_file: sports.csv
  use_existing_train_test_split: true
  train_subdir: train
  val_subdir: val
  test_subdir: test
  input_size:
  - 224
  - 224
  normalize_mean:
  - 0.4714
  - 0.4699
  - 0.4551
  normalize_std:
  - 0.2391
  - 0.2302
  - 0.232
  augmentations:
    horizontal_flip: true
    rotation: true
    random_crop: false
    color_jitter: true
    random_resized_crop: true
    grayscale: true
    gaussian_blur: true
    perspective: true
    affine: true
    erasing: true
    adjust_sharpness: true
  batch_size: 64
  shuffle: true
  num_workers: 16
  seed: 42
checkpoints_dir: checkpoints/
logs_dir: logs/
training:
  optimizer:
    type: adam
    lr: 0.0005
    weight_decay: 0.0005
  scheduler:
    type: exponential_lr
    gamma: 0.95
  loss:
    type: cross_entropy
    bbox_loss: smooth_l1
    obj_loss: binary_cross_entropy
  early_stopping:
    patience: 50
    threshold: 0.0001
  num_epochs: 1000
  save_best_only: true
  save_checkpoint: true
  log_interval: 50
evaluation:
  metrics:
  - accuracy
  - top-5-accuracy
  iou_threshold: 0.5
  conf_threshold: 0.3
misc:
  device: cuda
  seed: 42
  deterministic: true
s3_bucket: computer-vision-models-pytorch-bucket
dynamodb_config_table: computer-vision-models-config-table

2025-09-14 19:25:29,624 | INFO | Global seed set to 42
2025-09-14 19:25:29,663 | INFO | Added item to DynamoDB table: dynamodb.Table(name='computer-vision-models-config-table')
2025-09-14 19:25:30,598 | INFO | [Local] Loaded model weights from checkpoints/sports_cv_project_classification/vgg13-gap-heavy-augmentations/best_model.pth
2025-09-14 19:25:30,600 | INFO | Loaded weights were frozen
2025-09-14 19:25:30,601 | INFO | Training started...
2025-09-14 19:25:30,601 | INFO | BuildModel(
  (backbone): VGG(
    (features): Sequential(
      (block0conv0): Conv2d(3, 64, kernel_size=(3, 3), stride=(1, 1), padding=(1, 1))
      (block0activation0): ReLU(inplace=True)
      (block0conv1): Conv2d(64, 64, kernel_size=(3, 3), stride=(1, 1), padding=(1, 1))
      (block0activation1): ReLU(inplace=True)
      (block0pool): MaxPool2d(kernel_size=2, stride=2, padding=0, dilation=1, ceil_mode=False)
      (block1conv0): Conv2d(64, 128, kernel_size=(3, 3), stride=(1, 1), padding=(1, 1))
      (block1activation0): ReLU(inplace=True)
      (block1conv1): Conv2d(128, 128, kernel_size=(3, 3), stride=(1, 1), padding=(1, 1))
      (block1activation1): ReLU(inplace=True)
      (block1pool): MaxPool2d(kernel_size=2, stride=2, padding=0, dilation=1, ceil_mode=False)
      (block2conv0): Conv2d(128, 256, kernel_size=(3, 3), stride=(1, 1), padding=(1, 1))
      (block2activation0): ReLU(inplace=True)
      (block2conv1): Conv2d(256, 256, kernel_size=(3, 3), stride=(1, 1), padding=(1, 1))
      (block2activation1): ReLU(inplace=True)
      (block2pool): MaxPool2d(kernel_size=2, stride=2, padding=0, dilation=1, ceil_mode=False)
      (block3conv0): Conv2d(256, 512, kernel_size=(3, 3), stride=(1, 1), padding=(1, 1))
      (block3activation0): ReLU(inplace=True)
      (block3conv1): Conv2d(512, 512, kernel_size=(3, 3), stride=(1, 1), padding=(1, 1))
      (block3activation1): ReLU(inplace=True)
      (block3pool): MaxPool2d(kernel_size=2, stride=2, padding=0, dilation=1, ceil_mode=False)
      (block4conv0): Conv2d(512, 512, kernel_size=(3, 3), stride=(1, 1), padding=(1, 1))
      (block4activation0): ReLU(inplace=True)
      (block4conv1): Conv2d(512, 512, kernel_size=(3, 3), stride=(1, 1), padding=(1, 1))
      (block4activation1): ReLU(inplace=True)
      (block4pool): MaxPool2d(kernel_size=2, stride=2, padding=0, dilation=1, ceil_mode=False)
    )
  )
  (detecton_head): DoubleLinearHead(
    (classifier): Sequential(
      (0): Flatten(start_dim=1, end_dim=-1)
      (1): Linear(in_features=25088, out_features=4096, bias=True)
      (2): ReLU(inplace=True)
      (3): Dropout(p=0.5, inplace=False)
      (4): Linear(in_features=4096, out_features=4096, bias=True)
      (5): ReLU(inplace=True)
      (6): Dropout(p=0.5, inplace=False)
      (7): Linear(in_features=4096, out_features=100, bias=True)
    )
  )
)
2025-09-14 19:25:57,313 | INFO | Epoch summary loss: 2.461553 accuracy: 0.409787 top-5-accuracy: 0.694324
2025-09-14 19:25:59,021 | INFO | Current lr: 0.000475
2025-09-14 19:25:59,021 | INFO | Last best score 1.0059735551476479 - 0 steps ago
2025-09-14 19:25:59,022 | INFO | {'epoch_accuracy': 0.734000027179718, 'epoch_top-5-accuracy': 0.9380000233650208, 'epoch_loss': 1.0059735551476479, 'epoch': 0, 'dataset': 'val'}
2025-09-14 19:25:59,353 | INFO | [Local] Saved model weights to checkpoints/sports_cv_project_classification/vgg13-paper-heavy-augmentations-exponential_lr/best_model.pth
2025-09-14 19:25:59,353 | INFO | Best model saved
2025-09-14 19:26:25,211 | INFO | Epoch summary loss: 1.719480 accuracy: 0.562716 top-5-accuracy: 0.837803
2025-09-14 19:26:26,871 | INFO | Current lr: 0.00045125
2025-09-14 19:26:26,872 | INFO | Last best score 0.8870783448219299 - 0 steps ago
2025-09-14 19:26:26,872 | INFO | {'epoch_accuracy': 0.75, 'epoch_top-5-accuracy': 0.9520000219345093, 'epoch_loss': 0.8870783448219299, 'epoch': 1, 'dataset': 'val'}
2025-09-14 19:26:27,294 | INFO | [Local] Saved model weights to checkpoints/sports_cv_project_classification/vgg13-paper-heavy-augmentations-exponential_lr/best_model.pth
2025-09-14 19:26:27,294 | INFO | Best model saved
2025-09-14 19:26:52,897 | INFO | Epoch summary loss: 1.598683 accuracy: 0.594724 top-5-accuracy: 0.853388
2025-09-14 19:26:54,633 | INFO | Current lr: 0.0004286875
2025-09-14 19:26:54,633 | INFO | Last best score 0.8297696560621262 - 0 steps ago
2025-09-14 19:26:54,633 | INFO | {'epoch_accuracy': 0.7879999876022339, 'epoch_top-5-accuracy': 0.9599999785423279, 'epoch_loss': 0.8297696560621262, 'epoch': 2, 'dataset': 'val'}
2025-09-14 19:26:55,040 | INFO | [Local] Saved model weights to checkpoints/sports_cv_project_classification/vgg13-paper-heavy-augmentations-exponential_lr/best_model.pth
2025-09-14 19:26:55,040 | INFO | Best model saved
2025-09-14 19:27:20,515 | INFO | Epoch summary loss: 1.505682 accuracy: 0.618176 top-5-accuracy: 0.863921
2025-09-14 19:27:22,179 | INFO | Current lr: 0.00040725312499999993
2025-09-14 19:27:22,179 | INFO | Last best score 0.80663051456213 - 0 steps ago
2025-09-14 19:27:22,179 | INFO | {'epoch_accuracy': 0.8059999942779541, 'epoch_top-5-accuracy': 0.9620000123977661, 'epoch_loss': 0.80663051456213, 'epoch': 3, 'dataset': 'val'}
2025-09-14 19:27:22,581 | INFO | [Local] Saved model weights to checkpoints/sports_cv_project_classification/vgg13-paper-heavy-augmentations-exponential_lr/best_model.pth
2025-09-14 19:27:22,582 | INFO | Best model saved
2025-09-14 19:27:48,348 | INFO | Epoch summary loss: 1.475021 accuracy: 0.626031 top-5-accuracy: 0.871087
2025-09-14 19:27:49,997 | INFO | Current lr: 0.0003868904687499999
2025-09-14 19:27:49,997 | INFO | Last best score 0.7662594877183437 - 0 steps ago
2025-09-14 19:27:49,997 | INFO | {'epoch_accuracy': 0.8119999766349792, 'epoch_top-5-accuracy': 0.9559999704360962, 'epoch_loss': 0.7662594877183437, 'epoch': 4, 'dataset': 'val'}
2025-09-14 19:27:50,437 | INFO | [Local] Saved model weights to checkpoints/sports_cv_project_classification/vgg13-paper-heavy-augmentations-exponential_lr/best_model.pth
2025-09-14 19:27:50,437 | INFO | Best model saved
2025-09-14 19:28:16,042 | INFO | Epoch summary loss: 1.378555 accuracy: 0.649813 top-5-accuracy: 0.885117
2025-09-14 19:28:17,718 | INFO | Current lr: 0.0003675459453124999
2025-09-14 19:28:17,718 | INFO | Last best score 0.7662594877183437 - 1 steps ago
2025-09-14 19:28:17,718 | INFO | {'epoch_accuracy': 0.7860000133514404, 'epoch_top-5-accuracy': 0.9639999866485596, 'epoch_loss': 0.8103915899991989, 'epoch': 5, 'dataset': 'val'}
2025-09-14 19:28:43,393 | INFO | Epoch summary loss: 1.347411 accuracy: 0.656632 top-5-accuracy: 0.883488
2025-09-14 19:28:45,040 | INFO | Current lr: 0.00034916864804687486
2025-09-14 19:28:45,041 | INFO | Last best score 0.7519578970968723 - 0 steps ago
2025-09-14 19:28:45,041 | INFO | {'epoch_accuracy': 0.8040000200271606, 'epoch_top-5-accuracy': 0.9639999866485596, 'epoch_loss': 0.7519578970968723, 'epoch': 6, 'dataset': 'val'}
2025-09-14 19:28:45,452 | INFO | [Local] Saved model weights to checkpoints/sports_cv_project_classification/vgg13-paper-heavy-augmentations-exponential_lr/best_model.pth
2025-09-14 19:28:45,452 | INFO | Best model saved
2025-09-14 19:29:11,140 | INFO | Epoch summary loss: 1.291118 accuracy: 0.668731 top-5-accuracy: 0.891707
2025-09-14 19:29:12,836 | INFO | Current lr: 0.0003317102156445311
2025-09-14 19:29:12,836 | INFO | Last best score 0.7512988448143005 - 0 steps ago
2025-09-14 19:29:12,836 | INFO | {'epoch_accuracy': 0.8180000185966492, 'epoch_top-5-accuracy': 0.9679999947547913, 'epoch_loss': 0.7512988448143005, 'epoch': 7, 'dataset': 'val'}
2025-09-14 19:29:13,247 | INFO | [Local] Saved model weights to checkpoints/sports_cv_project_classification/vgg13-paper-heavy-augmentations-exponential_lr/best_model.pth
2025-09-14 19:29:13,247 | INFO | Best model saved
2025-09-14 19:29:38,986 | INFO | Epoch summary loss: 1.252450 accuracy: 0.677811 top-5-accuracy: 0.894447
2025-09-14 19:29:40,659 | INFO | Current lr: 0.0003151247048623045
2025-09-14 19:29:40,659 | INFO | Last best score 0.6744709834456444 - 0 steps ago
2025-09-14 19:29:40,659 | INFO | {'epoch_accuracy': 0.8240000009536743, 'epoch_top-5-accuracy': 0.9679999947547913, 'epoch_loss': 0.6744709834456444, 'epoch': 8, 'dataset': 'val'}
2025-09-14 19:29:41,070 | INFO | [Local] Saved model weights to checkpoints/sports_cv_project_classification/vgg13-paper-heavy-augmentations-exponential_lr/best_model.pth
2025-09-14 19:29:41,071 | INFO | Best model saved
2025-09-14 19:30:06,696 | INFO | Epoch summary loss: 1.208598 accuracy: 0.685307 top-5-accuracy: 0.899021
2025-09-14 19:30:08,323 | INFO | Current lr: 0.00029936846961918924
2025-09-14 19:30:08,324 | INFO | Last best score 0.6744709834456444 - 1 steps ago
2025-09-14 19:30:08,324 | INFO | {'epoch_accuracy': 0.8059999942779541, 'epoch_top-5-accuracy': 0.9700000286102295, 'epoch_loss': 0.7919657081365585, 'epoch': 9, 'dataset': 'val'}
2025-09-14 19:30:08,324 | INFO | Loaded weights were unfrozen
2025-09-14 19:31:05,489 | INFO | Epoch summary loss: 1.198451 accuracy: 0.687192 top-5-accuracy: 0.901169
2025-09-14 19:31:07,135 | INFO | Current lr: 0.00028440004613822977
2025-09-14 19:31:07,135 | INFO | Last best score 0.6509238369762897 - 0 steps ago
2025-09-14 19:31:07,135 | INFO | {'epoch_accuracy': 0.8220000267028809, 'epoch_top-5-accuracy': 0.9679999947547913, 'epoch_loss': 0.6509238369762897, 'epoch': 10, 'dataset': 'val'}
2025-09-14 19:31:07,546 | INFO | [Local] Saved model weights to checkpoints/sports_cv_project_classification/vgg13-paper-heavy-augmentations-exponential_lr/best_model.pth
2025-09-14 19:31:07,547 | INFO | Best model saved
2025-09-14 19:32:04,508 | INFO | Epoch summary loss: 1.126944 accuracy: 0.698665 top-5-accuracy: 0.907942
2025-09-14 19:32:06,165 | INFO | Current lr: 0.00027018004383131826
2025-09-14 19:32:06,165 | INFO | Last best score 0.6509238369762897 - 1 steps ago
2025-09-14 19:32:06,165 | INFO | {'epoch_accuracy': 0.8019999861717224, 'epoch_top-5-accuracy': 0.972000002861023, 'epoch_loss': 0.715084858238697, 'epoch': 11, 'dataset': 'val'}
2025-09-14 19:33:02,984 | INFO | Epoch summary loss: 1.086315 accuracy: 0.704207 top-5-accuracy: 0.909668
2025-09-14 19:33:04,700 | INFO | Current lr: 0.00025667104163975234
2025-09-14 19:33:04,700 | INFO | Last best score 0.543159157037735 - 0 steps ago
2025-09-14 19:33:04,700 | INFO | {'epoch_accuracy': 0.8500000238418579, 'epoch_top-5-accuracy': 0.9739999771118164, 'epoch_loss': 0.543159157037735, 'epoch': 12, 'dataset': 'val'}
2025-09-14 19:33:05,101 | INFO | [Local] Saved model weights to checkpoints/sports_cv_project_classification/vgg13-paper-heavy-augmentations-exponential_lr/best_model.pth
2025-09-14 19:33:05,101 | INFO | Best model saved
2025-09-14 19:34:02,067 | INFO | Epoch summary loss: 1.005270 accuracy: 0.724087 top-5-accuracy: 0.920610
2025-09-14 19:34:03,717 | INFO | Current lr: 0.00024383748955776472
2025-09-14 19:34:03,717 | INFO | Last best score 0.543159157037735 - 1 steps ago
2025-09-14 19:34:03,717 | INFO | {'epoch_accuracy': 0.8460000157356262, 'epoch_top-5-accuracy': 0.9700000286102295, 'epoch_loss': 0.5858699530363083, 'epoch': 13, 'dataset': 'val'}
2025-09-14 19:35:00,604 | INFO | Epoch summary loss: 0.995901 accuracy: 0.730912 top-5-accuracy: 0.923031
2025-09-14 19:35:02,337 | INFO | Current lr: 0.00023164561507987649
2025-09-14 19:35:02,337 | INFO | Last best score 0.543159157037735 - 2 steps ago
2025-09-14 19:35:02,337 | INFO | {'epoch_accuracy': 0.8479999899864197, 'epoch_top-5-accuracy': 0.972000002861023, 'epoch_loss': 0.5929737128317356, 'epoch': 14, 'dataset': 'val'}
2025-09-14 19:35:59,109 | INFO | Epoch summary loss: 0.957062 accuracy: 0.738989 top-5-accuracy: 0.930454
2025-09-14 19:36:00,838 | INFO | Current lr: 0.00022006333432588265
2025-09-14 19:36:00,838 | INFO | Last best score 0.543159157037735 - 3 steps ago
2025-09-14 19:36:00,838 | INFO | {'epoch_accuracy': 0.8379999995231628, 'epoch_top-5-accuracy': 0.9779999852180481, 'epoch_loss': 0.6274737231433392, 'epoch': 15, 'dataset': 'val'}
2025-09-14 19:36:57,845 | INFO | Epoch summary loss: 0.914048 accuracy: 0.748166 top-5-accuracy: 0.932322
2025-09-14 19:36:59,492 | INFO | Current lr: 0.00020906016760958852
2025-09-14 19:36:59,492 | INFO | Last best score 0.543159157037735 - 4 steps ago
2025-09-14 19:36:59,492 | INFO | {'epoch_accuracy': 0.8460000157356262, 'epoch_top-5-accuracy': 0.9760000109672546, 'epoch_loss': 0.5879415683448315, 'epoch': 16, 'dataset': 'val'}
2025-09-14 19:37:56,587 | INFO | Epoch summary loss: 0.928120 accuracy: 0.745078 top-5-accuracy: 0.927081
2025-09-14 19:37:58,308 | INFO | Current lr: 0.00019860715922910907
2025-09-14 19:37:58,308 | INFO | Last best score 0.543159157037735 - 5 steps ago
2025-09-14 19:37:58,308 | INFO | {'epoch_accuracy': 0.8479999899864197, 'epoch_top-5-accuracy': 0.9779999852180481, 'epoch_loss': 0.5655833669006824, 'epoch': 17, 'dataset': 'val'}
2025-09-14 19:38:55,313 | INFO | Epoch summary loss: 0.870737 accuracy: 0.760014 top-5-accuracy: 0.938485
2025-09-14 19:38:56,962 | INFO | Current lr: 0.0001886768012676536
2025-09-14 19:38:56,962 | INFO | Last best score 0.4927635118365288 - 0 steps ago
2025-09-14 19:38:56,962 | INFO | {'epoch_accuracy': 0.8600000143051147, 'epoch_top-5-accuracy': 0.9779999852180481, 'epoch_loss': 0.4927635118365288, 'epoch': 18, 'dataset': 'val'}
2025-09-14 19:38:57,378 | INFO | [Local] Saved model weights to checkpoints/sports_cv_project_classification/vgg13-paper-heavy-augmentations-exponential_lr/best_model.pth
2025-09-14 19:38:57,378 | INFO | Best model saved
2025-09-14 19:39:54,243 | INFO | Epoch summary loss: 0.848912 accuracy: 0.766986 top-5-accuracy: 0.937244
2025-09-14 19:39:55,884 | INFO | Current lr: 0.0001792429612042709
2025-09-14 19:39:55,884 | INFO | Last best score 0.4927635118365288 - 1 steps ago
2025-09-14 19:39:55,884 | INFO | {'epoch_accuracy': 0.8500000238418579, 'epoch_top-5-accuracy': 0.9760000109672546, 'epoch_loss': 0.5899676084518433, 'epoch': 19, 'dataset': 'val'}
2025-09-14 19:40:52,686 | INFO | Epoch summary loss: 0.815382 accuracy: 0.769419 top-5-accuracy: 0.945446
2025-09-14 19:40:54,344 | INFO | Current lr: 0.00017028081314405735
2025-09-14 19:40:54,344 | INFO | Last best score 0.4927635118365288 - 2 steps ago
2025-09-14 19:40:54,344 | INFO | {'epoch_accuracy': 0.8579999804496765, 'epoch_top-5-accuracy': 0.9739999771118164, 'epoch_loss': 0.5749015510082245, 'epoch': 20, 'dataset': 'val'}
2025-09-14 19:41:51,070 | INFO | Epoch summary loss: 0.792909 accuracy: 0.776306 top-5-accuracy: 0.942929
2025-09-14 19:41:52,764 | INFO | Current lr: 0.00016176677248685447
2025-09-14 19:41:52,764 | INFO | Last best score 0.4927635118365288 - 3 steps ago
2025-09-14 19:41:52,764 | INFO | {'epoch_accuracy': 0.8519999980926514, 'epoch_top-5-accuracy': 0.9800000190734863, 'epoch_loss': 0.519869688898325, 'epoch': 21, 'dataset': 'val'}
2025-09-14 19:42:49,413 | INFO | Epoch summary loss: 0.784023 accuracy: 0.779068 top-5-accuracy: 0.945782
2025-09-14 19:42:51,153 | INFO | Current lr: 0.00015367843386251173
2025-09-14 19:42:51,153 | INFO | Last best score 0.4927635118365288 - 4 steps ago
2025-09-14 19:42:51,153 | INFO | {'epoch_accuracy': 0.8659999966621399, 'epoch_top-5-accuracy': 0.9779999852180481, 'epoch_loss': 0.555022681131959, 'epoch': 22, 'dataset': 'val'}
2025-09-14 19:43:48,119 | INFO | Epoch summary loss: 0.747320 accuracy: 0.791315 top-5-accuracy: 0.950442
2025-09-14 19:43:49,764 | INFO | Current lr: 0.00014599451216938612
2025-09-14 19:43:49,764 | INFO | Last best score 0.4927635118365288 - 5 steps ago
2025-09-14 19:43:49,764 | INFO | {'epoch_accuracy': 0.871999979019165, 'epoch_top-5-accuracy': 0.9760000109672546, 'epoch_loss': 0.5365970619022846, 'epoch': 23, 'dataset': 'val'}
2025-09-14 19:44:46,590 | INFO | Epoch summary loss: 0.735952 accuracy: 0.793503 top-5-accuracy: 0.952145
2025-09-14 19:44:48,230 | INFO | Current lr: 0.00013869478656091682
2025-09-14 19:44:48,230 | INFO | Last best score 0.4927635118365288 - 6 steps ago
2025-09-14 19:44:48,230 | INFO | {'epoch_accuracy': 0.8539999723434448, 'epoch_top-5-accuracy': 0.9760000109672546, 'epoch_loss': 0.5251237116754055, 'epoch': 24, 'dataset': 'val'}
2025-09-14 19:45:44,989 | INFO | Epoch summary loss: 0.732401 accuracy: 0.794186 top-5-accuracy: 0.950778
2025-09-14 19:45:46,723 | INFO | Current lr: 0.00013176004723287096
2025-09-14 19:45:46,723 | INFO | Last best score 0.4927635118365288 - 7 steps ago
2025-09-14 19:45:46,723 | INFO | {'epoch_accuracy': 0.8679999709129333, 'epoch_top-5-accuracy': 0.9800000190734863, 'epoch_loss': 0.5756537467241287, 'epoch': 25, 'dataset': 'val'}
2025-09-14 19:46:43,484 | INFO | Epoch summary loss: 0.716422 accuracy: 0.801170 top-5-accuracy: 0.951963
2025-09-14 19:46:45,168 | INFO | Current lr: 0.0001251720448712274
2025-09-14 19:46:45,168 | INFO | Last best score 0.4927635118365288 - 8 steps ago
2025-09-14 19:46:45,168 | INFO | {'epoch_accuracy': 0.8799999952316284, 'epoch_top-5-accuracy': 0.9860000014305115, 'epoch_loss': 0.5091875568032265, 'epoch': 26, 'dataset': 'val'}
2025-09-14 19:47:42,023 | INFO | Epoch summary loss: 0.692596 accuracy: 0.805203 top-5-accuracy: 0.952276
2025-09-14 19:47:43,659 | INFO | Current lr: 0.00011891344262766602
2025-09-14 19:47:43,659 | INFO | Last best score 0.4927635118365288 - 9 steps ago
2025-09-14 19:47:43,659 | INFO | {'epoch_accuracy': 0.8619999885559082, 'epoch_top-5-accuracy': 0.9760000109672546, 'epoch_loss': 0.5528805181384087, 'epoch': 27, 'dataset': 'val'}
2025-09-14 19:48:40,265 | INFO | Epoch summary loss: 0.684324 accuracy: 0.803893 top-5-accuracy: 0.953985
2025-09-14 19:48:41,920 | INFO | Current lr: 0.00011296777049628272
2025-09-14 19:48:41,921 | INFO | Last best score 0.4927635118365288 - 10 steps ago
2025-09-14 19:48:41,921 | INFO | {'epoch_accuracy': 0.8679999709129333, 'epoch_top-5-accuracy': 0.9700000286102295, 'epoch_loss': 0.5543583277612925, 'epoch': 28, 'dataset': 'val'}
2025-09-14 19:49:38,832 | INFO | Epoch summary loss: 0.673054 accuracy: 0.808866 top-5-accuracy: 0.954629
2025-09-14 19:49:40,500 | INFO | Current lr: 0.00010731938197146858
2025-09-14 19:49:40,500 | INFO | Last best score 0.4927635118365288 - 11 steps ago
2025-09-14 19:49:40,500 | INFO | {'epoch_accuracy': 0.8619999885559082, 'epoch_top-5-accuracy': 0.9760000109672546, 'epoch_loss': 0.5146729256957769, 'epoch': 29, 'dataset': 'val'}
2025-09-14 19:50:37,219 | INFO | Epoch summary loss: 0.647234 accuracy: 0.818493 top-5-accuracy: 0.959459
2025-09-14 19:50:38,940 | INFO | Current lr: 0.00010195341287289515
2025-09-14 19:50:38,940 | INFO | Last best score 0.4927635118365288 - 12 steps ago
2025-09-14 19:50:38,940 | INFO | {'epoch_accuracy': 0.8679999709129333, 'epoch_top-5-accuracy': 0.9779999852180481, 'epoch_loss': 0.512111984193325, 'epoch': 30, 'dataset': 'val'}
2025-09-14 19:51:35,973 | INFO | Epoch summary loss: 0.639793 accuracy: 0.818458 top-5-accuracy: 0.957517
2025-09-14 19:51:37,649 | INFO | Current lr: 9.685574222925039e-05
2025-09-14 19:51:37,649 | INFO | Last best score 0.4927635118365288 - 13 steps ago
2025-09-14 19:51:37,649 | INFO | {'epoch_accuracy': 0.8840000033378601, 'epoch_top-5-accuracy': 0.9800000190734863, 'epoch_loss': 0.5319205448031425, 'epoch': 31, 'dataset': 'val'}
2025-09-14 19:52:34,617 | INFO | Epoch summary loss: 0.633590 accuracy: 0.818903 top-5-accuracy: 0.960348
2025-09-14 19:52:36,360 | INFO | Current lr: 9.201295511778786e-05
2025-09-14 19:52:36,360 | INFO | Last best score 0.4927635118365288 - 14 steps ago
2025-09-14 19:52:36,360 | INFO | {'epoch_accuracy': 0.878000020980835, 'epoch_top-5-accuracy': 0.9800000190734863, 'epoch_loss': 0.5692549273371696, 'epoch': 32, 'dataset': 'val'}
2025-09-14 19:53:33,206 | INFO | Epoch summary loss: 0.606063 accuracy: 0.827840 top-5-accuracy: 0.960217
2025-09-14 19:53:34,892 | INFO | Current lr: 8.741230736189846e-05
2025-09-14 19:53:34,892 | INFO | Last best score 0.4927635118365288 - 15 steps ago
2025-09-14 19:53:34,892 | INFO | {'epoch_accuracy': 0.8880000114440918, 'epoch_top-5-accuracy': 0.9760000109672546, 'epoch_loss': 0.510007668286562, 'epoch': 33, 'dataset': 'val'}
2025-09-14 19:54:31,596 | INFO | Epoch summary loss: 0.596896 accuracy: 0.830711 top-5-accuracy: 0.963179
2025-09-14 19:54:33,245 | INFO | Current lr: 8.304169199380353e-05
2025-09-14 19:54:33,245 | INFO | Last best score 0.4927635118365288 - 16 steps ago
2025-09-14 19:54:33,245 | INFO | {'epoch_accuracy': 0.8859999775886536, 'epoch_top-5-accuracy': 0.9800000190734863, 'epoch_loss': 0.511744774878025, 'epoch': 34, 'dataset': 'val'}
2025-09-14 19:55:30,399 | INFO | Epoch summary loss: 0.603110 accuracy: 0.826758 top-5-accuracy: 0.961345
2025-09-14 19:55:32,136 | INFO | Current lr: 7.888960739411335e-05
2025-09-14 19:55:32,136 | INFO | Last best score 0.4927635118365288 - 17 steps ago
2025-09-14 19:55:32,136 | INFO | {'epoch_accuracy': 0.871999979019165, 'epoch_top-5-accuracy': 0.984000027179718, 'epoch_loss': 0.510234609246254, 'epoch': 35, 'dataset': 'val'}
2025-09-14 19:56:28,993 | INFO | Epoch summary loss: 0.586021 accuracy: 0.835940 top-5-accuracy: 0.961328
2025-09-14 19:56:30,637 | INFO | Current lr: 7.494512702440768e-05
2025-09-14 19:56:30,637 | INFO | Last best score 0.48754193261265755 - 0 steps ago
2025-09-14 19:56:30,637 | INFO | {'epoch_accuracy': 0.8859999775886536, 'epoch_top-5-accuracy': 0.984000027179718, 'epoch_loss': 0.48754193261265755, 'epoch': 36, 'dataset': 'val'}
2025-09-14 19:56:31,064 | INFO | [Local] Saved model weights to checkpoints/sports_cv_project_classification/vgg13-paper-heavy-augmentations-exponential_lr/best_model.pth
2025-09-14 19:56:31,064 | INFO | Best model saved
2025-09-14 19:57:27,989 | INFO | Epoch summary loss: 0.573984 accuracy: 0.836259 top-5-accuracy: 0.962678
2025-09-14 19:57:29,693 | INFO | Current lr: 7.119787067318729e-05
2025-09-14 19:57:29,693 | INFO | Last best score 0.48754193261265755 - 1 steps ago
2025-09-14 19:57:29,693 | INFO | {'epoch_accuracy': 0.8880000114440918, 'epoch_top-5-accuracy': 0.9679999947547913, 'epoch_loss': 0.4941350519657135, 'epoch': 37, 'dataset': 'val'}
2025-09-14 19:58:26,617 | INFO | Epoch summary loss: 0.562803 accuracy: 0.840332 top-5-accuracy: 0.966363
2025-09-14 19:58:28,264 | INFO | Current lr: 6.763797713952792e-05
2025-09-14 19:58:28,264 | INFO | Last best score 0.48754193261265755 - 2 steps ago
2025-09-14 19:58:28,264 | INFO | {'epoch_accuracy': 0.8859999775886536, 'epoch_top-5-accuracy': 0.9860000014305115, 'epoch_loss': 0.5073383310809731, 'epoch': 38, 'dataset': 'val'}
2025-09-14 19:59:25,084 | INFO | Epoch summary loss: 0.554407 accuracy: 0.840167 top-5-accuracy: 0.965771
2025-09-14 19:59:26,736 | INFO | Current lr: 6.425607828255152e-05
2025-09-14 19:59:26,736 | INFO | Last best score 0.48754193261265755 - 3 steps ago
2025-09-14 19:59:26,736 | INFO | {'epoch_accuracy': 0.878000020980835, 'epoch_top-5-accuracy': 0.9779999852180481, 'epoch_loss': 0.5337125062942505, 'epoch': 39, 'dataset': 'val'}
2025-09-14 20:00:23,627 | INFO | Epoch summary loss: 0.534983 accuracy: 0.845208 top-5-accuracy: 0.968197
2025-09-14 20:00:25,298 | INFO | Current lr: 6.104327436842394e-05
2025-09-14 20:00:25,298 | INFO | Last best score 0.48754193261265755 - 4 steps ago
2025-09-14 20:00:25,298 | INFO | {'epoch_accuracy': 0.878000020980835, 'epoch_top-5-accuracy': 0.9800000190734863, 'epoch_loss': 0.5026647672057152, 'epoch': 40, 'dataset': 'val'}
2025-09-14 20:01:22,124 | INFO | Epoch summary loss: 0.543251 accuracy: 0.847886 top-5-accuracy: 0.966158
2025-09-14 20:01:23,762 | INFO | Current lr: 5.799111065000274e-05
2025-09-14 20:01:23,762 | INFO | Last best score 0.48457013815641403 - 0 steps ago
2025-09-14 20:01:23,762 | INFO | {'epoch_accuracy': 0.8880000114440918, 'epoch_top-5-accuracy': 0.9779999852180481, 'epoch_loss': 0.48457013815641403, 'epoch': 41, 'dataset': 'val'}
2025-09-14 20:01:24,191 | INFO | [Local] Saved model weights to checkpoints/sports_cv_project_classification/vgg13-paper-heavy-augmentations-exponential_lr/best_model.pth
2025-09-14 20:01:24,191 | INFO | Best model saved
2025-09-14 20:02:21,032 | INFO | Epoch summary loss: 0.513442 accuracy: 0.848979 top-5-accuracy: 0.970436
2025-09-14 20:02:22,674 | INFO | Current lr: 5.5091555117502596e-05
2025-09-14 20:02:22,674 | INFO | Last best score 0.48457013815641403 - 1 steps ago
2025-09-14 20:02:22,674 | INFO | {'epoch_accuracy': 0.8740000128746033, 'epoch_top-5-accuracy': 0.9819999933242798, 'epoch_loss': 0.5037184618413448, 'epoch': 42, 'dataset': 'val'}
2025-09-14 20:03:19,604 | INFO | Epoch summary loss: 0.526436 accuracy: 0.851873 top-5-accuracy: 0.969234
2025-09-14 20:03:21,335 | INFO | Current lr: 5.2336977361627463e-05
2025-09-14 20:03:21,335 | INFO | Last best score 0.48457013815641403 - 2 steps ago
2025-09-14 20:03:21,335 | INFO | {'epoch_accuracy': 0.878000020980835, 'epoch_top-5-accuracy': 0.9860000014305115, 'epoch_loss': 0.49867940321564674, 'epoch': 43, 'dataset': 'val'}
2025-09-14 20:04:18,262 | INFO | Epoch summary loss: 0.513422 accuracy: 0.850278 top-5-accuracy: 0.969491
2025-09-14 20:04:19,883 | INFO | Current lr: 4.972012849354609e-05
2025-09-14 20:04:19,883 | INFO | Last best score 0.4555001249536872 - 0 steps ago
2025-09-14 20:04:19,883 | INFO | {'epoch_accuracy': 0.8880000114440918, 'epoch_top-5-accuracy': 0.9860000014305115, 'epoch_loss': 0.4555001249536872, 'epoch': 44, 'dataset': 'val'}
2025-09-14 20:04:20,282 | INFO | [Local] Saved model weights to checkpoints/sports_cv_project_classification/vgg13-paper-heavy-augmentations-exponential_lr/best_model.pth
2025-09-14 20:04:20,282 | INFO | Best model saved
2025-09-14 20:05:17,088 | INFO | Epoch summary loss: 0.497246 accuracy: 0.855165 top-5-accuracy: 0.969861
2025-09-14 20:05:18,846 | INFO | Current lr: 4.723412206886878e-05
2025-09-14 20:05:18,847 | INFO | Last best score 0.4555001249536872 - 1 steps ago
2025-09-14 20:05:18,847 | INFO | {'epoch_accuracy': 0.8820000290870667, 'epoch_top-5-accuracy': 0.9819999933242798, 'epoch_loss': 0.48516878578811884, 'epoch': 45, 'dataset': 'val'}
2025-09-14 20:06:15,679 | INFO | Epoch summary loss: 0.503729 accuracy: 0.857051 top-5-accuracy: 0.969547
2025-09-14 20:06:17,393 | INFO | Current lr: 4.487241596542534e-05
2025-09-14 20:06:17,393 | INFO | Last best score 0.4555001249536872 - 2 steps ago
2025-09-14 20:06:17,393 | INFO | {'epoch_accuracy': 0.8859999775886536, 'epoch_top-5-accuracy': 0.9800000190734863, 'epoch_loss': 0.4645010009407997, 'epoch': 46, 'dataset': 'val'}
2025-09-14 20:07:14,245 | INFO | Epoch summary loss: 0.488873 accuracy: 0.858378 top-5-accuracy: 0.971786
2025-09-14 20:07:15,946 | INFO | Current lr: 4.262879516715407e-05
2025-09-14 20:07:15,946 | INFO | Last best score 0.4555001249536872 - 3 steps ago
2025-09-14 20:07:15,946 | INFO | {'epoch_accuracy': 0.8859999775886536, 'epoch_top-5-accuracy': 0.984000027179718, 'epoch_loss': 0.5050734523683786, 'epoch': 47, 'dataset': 'val'}
2025-09-14 20:08:12,699 | INFO | Epoch summary loss: 0.486587 accuracy: 0.862360 top-5-accuracy: 0.968346
2025-09-14 20:08:14,325 | INFO | Current lr: 4.049735540879637e-05
2025-09-14 20:08:14,325 | INFO | Last best score 0.4555001249536872 - 4 steps ago
2025-09-14 20:08:14,325 | INFO | {'epoch_accuracy': 0.8899999856948853, 'epoch_top-5-accuracy': 0.9819999933242798, 'epoch_loss': 0.5156294032931328, 'epoch': 48, 'dataset': 'val'}
2025-09-14 20:09:11,394 | INFO | Epoch summary loss: 0.496080 accuracy: 0.858019 top-5-accuracy: 0.968938
2025-09-14 20:09:13,105 | INFO | Current lr: 3.847248763835655e-05
2025-09-14 20:09:13,105 | INFO | Last best score 0.4555001249536872 - 5 steps ago
2025-09-14 20:09:13,105 | INFO | {'epoch_accuracy': 0.8659999966621399, 'epoch_top-5-accuracy': 0.9860000014305115, 'epoch_loss': 0.490043330937624, 'epoch': 49, 'dataset': 'val'}
2025-09-14 20:10:10,126 | INFO | Epoch summary loss: 0.489666 accuracy: 0.858942 top-5-accuracy: 0.969696
2025-09-14 20:10:11,824 | INFO | Current lr: 3.654886325643872e-05
2025-09-14 20:10:11,824 | INFO | Last best score 0.4555001249536872 - 6 steps ago
2025-09-14 20:10:11,824 | INFO | {'epoch_accuracy': 0.8820000290870667, 'epoch_top-5-accuracy': 0.9860000014305115, 'epoch_loss': 0.4993231687694788, 'epoch': 50, 'dataset': 'val'}
2025-09-14 20:11:09,041 | INFO | Epoch summary loss: 0.478240 accuracy: 0.863550 top-5-accuracy: 0.972344
2025-09-14 20:11:10,797 | INFO | Current lr: 3.472142009361678e-05
2025-09-14 20:11:10,797 | INFO | Last best score 0.4555001249536872 - 7 steps ago
2025-09-14 20:11:10,797 | INFO | {'epoch_accuracy': 0.8899999856948853, 'epoch_top-5-accuracy': 0.9860000014305115, 'epoch_loss': 0.4842050299048424, 'epoch': 51, 'dataset': 'val'}
2025-09-14 20:12:07,732 | INFO | Epoch summary loss: 0.458549 accuracy: 0.873473 top-5-accuracy: 0.971917
2025-09-14 20:12:09,429 | INFO | Current lr: 3.2985349088935944e-05
2025-09-14 20:12:09,429 | INFO | Last best score 0.4555001249536872 - 8 steps ago
2025-09-14 20:12:09,429 | INFO | {'epoch_accuracy': 0.878000020980835, 'epoch_top-5-accuracy': 0.9860000014305115, 'epoch_loss': 0.4985511861741543, 'epoch': 52, 'dataset': 'val'}
2025-09-14 20:13:06,602 | INFO | Epoch summary loss: 0.458408 accuracy: 0.869822 top-5-accuracy: 0.972082
2025-09-14 20:13:08,313 | INFO | Current lr: 3.1336081634489146e-05
2025-09-14 20:13:08,313 | INFO | Last best score 0.44785905815660954 - 0 steps ago
2025-09-14 20:13:08,313 | INFO | {'epoch_accuracy': 0.8939999938011169, 'epoch_top-5-accuracy': 0.984000027179718, 'epoch_loss': 0.44785905815660954, 'epoch': 53, 'dataset': 'val'}
2025-09-14 20:13:08,715 | INFO | [Local] Saved model weights to checkpoints/sports_cv_project_classification/vgg13-paper-heavy-augmentations-exponential_lr/best_model.pth
2025-09-14 20:13:08,716 | INFO | Best model saved
2025-09-14 20:14:05,688 | INFO | Epoch summary loss: 0.438113 accuracy: 0.873365 top-5-accuracy: 0.975124
2025-09-14 20:14:07,406 | INFO | Current lr: 2.9769277552764686e-05
2025-09-14 20:14:07,406 | INFO | Last best score 0.44785905815660954 - 1 steps ago
2025-09-14 20:14:07,406 | INFO | {'epoch_accuracy': 0.8759999871253967, 'epoch_top-5-accuracy': 0.984000027179718, 'epoch_loss': 0.5211654826998711, 'epoch': 54, 'dataset': 'val'}
2025-09-14 20:15:04,515 | INFO | Epoch summary loss: 0.450498 accuracy: 0.871935 top-5-accuracy: 0.974583
2025-09-14 20:15:06,209 | INFO | Current lr: 2.828081367512645e-05
2025-09-14 20:15:06,209 | INFO | Last best score 0.44785905815660954 - 2 steps ago
2025-09-14 20:15:06,209 | INFO | {'epoch_accuracy': 0.8920000195503235, 'epoch_top-5-accuracy': 0.9860000014305115, 'epoch_loss': 0.5103994105011225, 'epoch': 55, 'dataset': 'val'}
2025-09-14 20:16:03,394 | INFO | Epoch summary loss: 0.448399 accuracy: 0.870437 top-5-accuracy: 0.974065
2025-09-14 20:16:05,072 | INFO | Current lr: 2.6866772991370125e-05
2025-09-14 20:16:05,072 | INFO | Last best score 0.44785905815660954 - 3 steps ago
2025-09-14 20:16:05,072 | INFO | {'epoch_accuracy': 0.8920000195503235, 'epoch_top-5-accuracy': 0.9860000014305115, 'epoch_loss': 0.4975620098412037, 'epoch': 56, 'dataset': 'val'}
2025-09-14 20:17:02,178 | INFO | Epoch summary loss: 0.429226 accuracy: 0.878492 top-5-accuracy: 0.973563
2025-09-14 20:17:03,857 | INFO | Current lr: 2.5523434341801616e-05
2025-09-14 20:17:03,857 | INFO | Last best score 0.44785905815660954 - 4 steps ago
2025-09-14 20:17:03,857 | INFO | {'epoch_accuracy': 0.8980000019073486, 'epoch_top-5-accuracy': 0.9900000095367432, 'epoch_loss': 0.4699178747832775, 'epoch': 57, 'dataset': 'val'}
2025-09-14 20:18:00,835 | INFO | Epoch summary loss: 0.427700 accuracy: 0.879044 top-5-accuracy: 0.975694
2025-09-14 20:18:02,581 | INFO | Current lr: 2.4247262624711535e-05
2025-09-14 20:18:02,581 | INFO | Last best score 0.44785905815660954 - 5 steps ago
2025-09-14 20:18:02,581 | INFO | {'epoch_accuracy': 0.8920000195503235, 'epoch_top-5-accuracy': 0.984000027179718, 'epoch_loss': 0.45995026268064976, 'epoch': 58, 'dataset': 'val'}
2025-09-14 20:18:59,646 | INFO | Epoch summary loss: 0.432289 accuracy: 0.877404 top-5-accuracy: 0.974822
2025-09-14 20:19:01,395 | INFO | Current lr: 2.3034899493475956e-05
2025-09-14 20:19:01,395 | INFO | Last best score 0.44785905815660954 - 6 steps ago
2025-09-14 20:19:01,395 | INFO | {'epoch_accuracy': 0.8880000114440918, 'epoch_top-5-accuracy': 0.9819999933242798, 'epoch_loss': 0.4631504435092211, 'epoch': 59, 'dataset': 'val'}
2025-09-14 20:19:58,388 | INFO | Epoch summary loss: 0.431199 accuracy: 0.877216 top-5-accuracy: 0.975329
2025-09-14 20:20:00,080 | INFO | Current lr: 2.1883154518802156e-05
2025-09-14 20:20:00,080 | INFO | Last best score 0.44785905815660954 - 7 steps ago
2025-09-14 20:20:00,080 | INFO | {'epoch_accuracy': 0.8799999952316284, 'epoch_top-5-accuracy': 0.9860000014305115, 'epoch_loss': 0.48988544195890427, 'epoch': 60, 'dataset': 'val'}
2025-09-14 20:20:57,075 | INFO | Epoch summary loss: 0.413863 accuracy: 0.879950 top-5-accuracy: 0.977545
2025-09-14 20:20:58,852 | INFO | Current lr: 2.0788996792862045e-05
2025-09-14 20:20:58,852 | INFO | Last best score 0.44785905815660954 - 8 steps ago
2025-09-14 20:20:58,852 | INFO | {'epoch_accuracy': 0.8899999856948853, 'epoch_top-5-accuracy': 0.9819999933242798, 'epoch_loss': 0.4870886132121086, 'epoch': 61, 'dataset': 'val'}
2025-09-14 20:21:55,913 | INFO | Epoch summary loss: 0.416412 accuracy: 0.879859 top-5-accuracy: 0.977471
2025-09-14 20:21:57,610 | INFO | Current lr: 1.9749546953218943e-05
2025-09-14 20:21:57,610 | INFO | Last best score 0.44785905815660954 - 9 steps ago
2025-09-14 20:21:57,610 | INFO | {'epoch_accuracy': 0.8899999856948853, 'epoch_top-5-accuracy': 0.9860000014305115, 'epoch_loss': 0.49833627976477146, 'epoch': 62, 'dataset': 'val'}
2025-09-14 20:22:54,789 | INFO | Epoch summary loss: 0.406552 accuracy: 0.878953 top-5-accuracy: 0.976525
2025-09-14 20:22:56,497 | INFO | Current lr: 1.8762069605557996e-05
2025-09-14 20:22:56,497 | INFO | Last best score 0.44785905815660954 - 10 steps ago
2025-09-14 20:22:56,497 | INFO | {'epoch_accuracy': 0.8920000195503235, 'epoch_top-5-accuracy': 0.984000027179718, 'epoch_loss': 0.5049062911421061, 'epoch': 63, 'dataset': 'val'}
2025-09-14 20:23:53,574 | INFO | Epoch summary loss: 0.417818 accuracy: 0.878549 top-5-accuracy: 0.976417
2025-09-14 20:23:55,292 | INFO | Current lr: 1.7823966125280094e-05
2025-09-14 20:23:55,292 | INFO | Last best score 0.44785905815660954 - 11 steps ago
2025-09-14 20:23:55,292 | INFO | {'epoch_accuracy': 0.8960000276565552, 'epoch_top-5-accuracy': 0.9860000014305115, 'epoch_loss': 0.49528414756059647, 'epoch': 64, 'dataset': 'val'}
2025-09-14 20:24:52,476 | INFO | Epoch summary loss: 0.411619 accuracy: 0.879597 top-5-accuracy: 0.976788
2025-09-14 20:24:54,157 | INFO | Current lr: 1.6932767819016087e-05
2025-09-14 20:24:54,157 | INFO | Last best score 0.44785905815660954 - 12 steps ago
2025-09-14 20:24:54,157 | INFO | {'epoch_accuracy': 0.8960000276565552, 'epoch_top-5-accuracy': 0.984000027179718, 'epoch_loss': 0.4627170506864786, 'epoch': 65, 'dataset': 'val'}
2025-09-14 20:25:51,307 | INFO | Epoch summary loss: 0.428310 accuracy: 0.874618 top-5-accuracy: 0.975398
2025-09-14 20:25:53,068 | INFO | Current lr: 1.6086129428065282e-05
2025-09-14 20:25:53,068 | INFO | Last best score 0.444974048063159 - 0 steps ago
2025-09-14 20:25:53,068 | INFO | {'epoch_accuracy': 0.8939999938011169, 'epoch_top-5-accuracy': 0.9860000014305115, 'epoch_loss': 0.444974048063159, 'epoch': 66, 'dataset': 'val'}
2025-09-14 20:25:53,462 | INFO | [Local] Saved model weights to checkpoints/sports_cv_project_classification/vgg13-paper-heavy-augmentations-exponential_lr/best_model.pth
2025-09-14 20:25:53,463 | INFO | Best model saved
2025-09-14 20:26:50,532 | INFO | Epoch summary loss: 0.412669 accuracy: 0.879232 top-5-accuracy: 0.976748
2025-09-14 20:26:52,271 | INFO | Current lr: 1.5281822956662016e-05
2025-09-14 20:26:52,271 | INFO | Last best score 0.444974048063159 - 1 steps ago
2025-09-14 20:26:52,271 | INFO | {'epoch_accuracy': 0.8960000276565552, 'epoch_top-5-accuracy': 0.984000027179718, 'epoch_loss': 0.4665695633739233, 'epoch': 67, 'dataset': 'val'}
2025-09-14 20:27:49,376 | INFO | Epoch summary loss: 0.393364 accuracy: 0.884450 top-5-accuracy: 0.979305
2025-09-14 20:27:51,072 | INFO | Current lr: 1.4517731808828915e-05
2025-09-14 20:27:51,072 | INFO | Last best score 0.444974048063159 - 2 steps ago
2025-09-14 20:27:51,072 | INFO | {'epoch_accuracy': 0.8939999938011169, 'epoch_top-5-accuracy': 0.9900000095367432, 'epoch_loss': 0.4564076978713274, 'epoch': 68, 'dataset': 'val'}
2025-09-14 20:28:48,084 | INFO | Epoch summary loss: 0.385993 accuracy: 0.886934 top-5-accuracy: 0.980359
2025-09-14 20:28:49,770 | INFO | Current lr: 1.379184521838747e-05
2025-09-14 20:28:49,770 | INFO | Last best score 0.444974048063159 - 3 steps ago
2025-09-14 20:28:49,770 | INFO | {'epoch_accuracy': 0.8939999938011169, 'epoch_top-5-accuracy': 0.9860000014305115, 'epoch_loss': 0.4832573141902685, 'epoch': 69, 'dataset': 'val'}
2025-09-14 20:29:46,737 | INFO | Epoch summary loss: 0.408984 accuracy: 0.878930 top-5-accuracy: 0.976121
2025-09-14 20:29:48,425 | INFO | Current lr: 1.3102252957468095e-05
2025-09-14 20:29:48,425 | INFO | Last best score 0.444974048063159 - 4 steps ago
2025-09-14 20:29:48,425 | INFO | {'epoch_accuracy': 0.8899999856948853, 'epoch_top-5-accuracy': 0.9860000014305115, 'epoch_loss': 0.4719598386436701, 'epoch': 70, 'dataset': 'val'}
2025-09-14 20:30:45,457 | INFO | Epoch summary loss: 0.403694 accuracy: 0.883305 top-5-accuracy: 0.979493
2025-09-14 20:30:47,153 | INFO | Current lr: 1.244714030959469e-05
2025-09-14 20:30:47,153 | INFO | Last best score 0.444974048063159 - 5 steps ago
2025-09-14 20:30:47,153 | INFO | {'epoch_accuracy': 0.8939999938011169, 'epoch_top-5-accuracy': 0.9860000014305115, 'epoch_loss': 0.4635335933417082, 'epoch': 71, 'dataset': 'val'}
2025-09-14 20:31:44,348 | INFO | Epoch summary loss: 0.371313 accuracy: 0.894316 top-5-accuracy: 0.978969
2025-09-14 20:31:46,058 | INFO | Current lr: 1.1824783294114955e-05
2025-09-14 20:31:46,058 | INFO | Last best score 0.444974048063159 - 6 steps ago
2025-09-14 20:31:46,058 | INFO | {'epoch_accuracy': 0.8880000114440918, 'epoch_top-5-accuracy': 0.9879999756813049, 'epoch_loss': 0.4725383538752794, 'epoch': 72, 'dataset': 'val'}
2025-09-14 20:32:43,345 | INFO | Epoch summary loss: 0.385510 accuracy: 0.887948 top-5-accuracy: 0.979784
2025-09-14 20:32:45,069 | INFO | Current lr: 1.1233544129409206e-05
2025-09-14 20:32:45,069 | INFO | Last best score 0.444974048063159 - 7 steps ago
2025-09-14 20:32:45,069 | INFO | {'epoch_accuracy': 0.8939999938011169, 'epoch_top-5-accuracy': 0.9879999756813049, 'epoch_loss': 0.4673877712339163, 'epoch': 73, 'dataset': 'val'}
2025-09-14 20:33:42,198 | INFO | Epoch summary loss: 0.395631 accuracy: 0.884410 top-5-accuracy: 0.978673
2025-09-14 20:33:43,903 | INFO | Current lr: 1.0671866922938745e-05
2025-09-14 20:33:43,904 | INFO | Last best score 0.444974048063159 - 8 steps ago
2025-09-14 20:33:43,904 | INFO | {'epoch_accuracy': 0.9020000100135803, 'epoch_top-5-accuracy': 0.9860000014305115, 'epoch_loss': 0.445020854473114, 'epoch': 74, 'dataset': 'val'}
2025-09-14 20:34:40,808 | INFO | Epoch summary loss: 0.399239 accuracy: 0.885766 top-5-accuracy: 0.978861
2025-09-14 20:34:42,530 | INFO | Current lr: 1.0138273576791807e-05
2025-09-14 20:34:42,530 | INFO | Last best score 0.444974048063159 - 9 steps ago
2025-09-14 20:34:42,530 | INFO | {'epoch_accuracy': 0.8820000290870667, 'epoch_top-5-accuracy': 0.984000027179718, 'epoch_loss': 0.46974976547062397, 'epoch': 75, 'dataset': 'val'}
2025-09-14 20:35:39,740 | INFO | Epoch summary loss: 0.392950 accuracy: 0.883932 top-5-accuracy: 0.977915
2025-09-14 20:35:41,471 | INFO | Current lr: 9.631359897952216e-06
2025-09-14 20:35:41,471 | INFO | Last best score 0.444974048063159 - 10 steps ago
2025-09-14 20:35:41,471 | INFO | {'epoch_accuracy': 0.8899999856948853, 'epoch_top-5-accuracy': 0.9879999756813049, 'epoch_loss': 0.46894925832748413, 'epoch': 76, 'dataset': 'val'}
2025-09-14 20:36:38,419 | INFO | Epoch summary loss: 0.379444 accuracy: 0.892425 top-5-accuracy: 0.976896
2025-09-14 20:36:40,134 | INFO | Current lr: 9.149791903054606e-06
2025-09-14 20:36:40,134 | INFO | Last best score 0.444974048063159 - 11 steps ago
2025-09-14 20:36:40,134 | INFO | {'epoch_accuracy': 0.8880000114440918, 'epoch_top-5-accuracy': 0.9860000014305115, 'epoch_loss': 0.4838703703135252, 'epoch': 77, 'dataset': 'val'}
2025-09-14 20:37:37,303 | INFO | Epoch summary loss: 0.382089 accuracy: 0.888392 top-5-accuracy: 0.979989
2025-09-14 20:37:38,989 | INFO | Current lr: 8.692302307901876e-06
2025-09-14 20:37:38,989 | INFO | Last best score 0.444974048063159 - 12 steps ago
2025-09-14 20:37:38,989 | INFO | {'epoch_accuracy': 0.8920000195503235, 'epoch_top-5-accuracy': 0.984000027179718, 'epoch_loss': 0.4824113007634878, 'epoch': 78, 'dataset': 'val'}
2025-09-14 20:38:35,873 | INFO | Epoch summary loss: 0.383659 accuracy: 0.886814 top-5-accuracy: 0.979488
2025-09-14 20:38:37,628 | INFO | Current lr: 8.257687192506782e-06
2025-09-14 20:38:37,628 | INFO | Last best score 0.444974048063159 - 13 steps ago
2025-09-14 20:38:37,628 | INFO | {'epoch_accuracy': 0.8939999938011169, 'epoch_top-5-accuracy': 0.984000027179718, 'epoch_loss': 0.4757429510354996, 'epoch': 79, 'dataset': 'val'}
2025-09-14 20:39:34,650 | INFO | Epoch summary loss: 0.381289 accuracy: 0.890004 top-5-accuracy: 0.979619
2025-09-14 20:39:36,380 | INFO | Current lr: 7.844802832881443e-06
2025-09-14 20:39:36,381 | INFO | Last best score 0.444974048063159 - 14 steps ago
2025-09-14 20:39:36,381 | INFO | {'epoch_accuracy': 0.8920000195503235, 'epoch_top-5-accuracy': 0.9819999933242798, 'epoch_loss': 0.4850247483700514, 'epoch': 80, 'dataset': 'val'}
2025-09-14 20:40:33,451 | INFO | Epoch summary loss: 0.381357 accuracy: 0.889543 top-5-accuracy: 0.979288
2025-09-14 20:40:35,204 | INFO | Current lr: 7.45256269123737e-06
2025-09-14 20:40:35,204 | INFO | Last best score 0.444974048063159 - 15 steps ago
2025-09-14 20:40:35,204 | INFO | {'epoch_accuracy': 0.8899999856948853, 'epoch_top-5-accuracy': 0.984000027179718, 'epoch_loss': 0.4785690363496542, 'epoch': 81, 'dataset': 'val'}
2025-09-14 20:41:32,360 | INFO | Epoch summary loss: 0.370805 accuracy: 0.889212 top-5-accuracy: 0.979305
2025-09-14 20:41:34,069 | INFO | Current lr: 7.079934556675501e-06
2025-09-14 20:41:34,069 | INFO | Last best score 0.444974048063159 - 16 steps ago
2025-09-14 20:41:34,069 | INFO | {'epoch_accuracy': 0.8899999856948853, 'epoch_top-5-accuracy': 0.9819999933242798, 'epoch_loss': 0.4844474922865629, 'epoch': 82, 'dataset': 'val'}
2025-09-14 20:42:31,027 | INFO | Epoch summary loss: 0.384449 accuracy: 0.888557 top-5-accuracy: 0.979026
2025-09-14 20:42:32,758 | INFO | Current lr: 6.725937828841726e-06
2025-09-14 20:42:32,758 | INFO | Last best score 0.444974048063159 - 17 steps ago
2025-09-14 20:42:32,758 | INFO | {'epoch_accuracy': 0.8880000114440918, 'epoch_top-5-accuracy': 0.984000027179718, 'epoch_loss': 0.4723734576255083, 'epoch': 83, 'dataset': 'val'}
2025-09-14 20:43:29,998 | INFO | Epoch summary loss: 0.370321 accuracy: 0.890784 top-5-accuracy: 0.981544
2025-09-14 20:43:31,745 | INFO | Current lr: 6.38964093739964e-06
2025-09-14 20:43:31,745 | INFO | Last best score 0.444974048063159 - 18 steps ago
2025-09-14 20:43:31,745 | INFO | {'epoch_accuracy': 0.8859999775886536, 'epoch_top-5-accuracy': 0.984000027179718, 'epoch_loss': 0.48655552603304386, 'epoch': 84, 'dataset': 'val'}
2025-09-14 20:44:28,807 | INFO | Epoch summary loss: 0.377517 accuracy: 0.891018 top-5-accuracy: 0.980952
2025-09-14 20:44:30,566 | INFO | Current lr: 6.070158890529658e-06
2025-09-14 20:44:30,566 | INFO | Last best score 0.444974048063159 - 19 steps ago
2025-09-14 20:44:30,566 | INFO | {'epoch_accuracy': 0.8859999775886536, 'epoch_top-5-accuracy': 0.9860000014305115, 'epoch_loss': 0.48853164725005627, 'epoch': 85, 'dataset': 'val'}
2025-09-14 20:45:27,653 | INFO | Epoch summary loss: 0.365024 accuracy: 0.897136 top-5-accuracy: 0.978713
2025-09-14 20:45:29,384 | INFO | Current lr: 5.766650946003175e-06
2025-09-14 20:45:29,385 | INFO | Last best score 0.444974048063159 - 20 steps ago
2025-09-14 20:45:29,385 | INFO | {'epoch_accuracy': 0.8939999938011169, 'epoch_top-5-accuracy': 0.984000027179718, 'epoch_loss': 0.46921938844025135, 'epoch': 86, 'dataset': 'val'}
2025-09-14 20:46:25,974 | INFO | Epoch summary loss: 0.374931 accuracy: 0.890300 top-5-accuracy: 0.978343
2025-09-14 20:46:27,658 | INFO | Current lr: 5.478318398703016e-06
2025-09-14 20:46:27,658 | INFO | Last best score 0.444974048063159 - 21 steps ago
2025-09-14 20:46:27,659 | INFO | {'epoch_accuracy': 0.8880000114440918, 'epoch_top-5-accuracy': 0.984000027179718, 'epoch_loss': 0.4850843921303749, 'epoch': 87, 'dataset': 'val'}
2025-09-14 20:47:24,539 | INFO | Epoch summary loss: 0.373721 accuracy: 0.891559 top-5-accuracy: 0.981914
2025-09-14 20:47:26,189 | INFO | Current lr: 5.2044024787678646e-06
2025-09-14 20:47:26,190 | INFO | Last best score 0.444974048063159 - 22 steps ago
2025-09-14 20:47:26,190 | INFO | {'epoch_accuracy': 0.8820000290870667, 'epoch_top-5-accuracy': 0.9860000014305115, 'epoch_loss': 0.4884379543364048, 'epoch': 88, 'dataset': 'val'}
2025-09-14 20:48:23,139 | INFO | Epoch summary loss: 0.368904 accuracy: 0.897483 top-5-accuracy: 0.978286
2025-09-14 20:48:24,847 | INFO | Current lr: 4.944182354829471e-06
2025-09-14 20:48:24,847 | INFO | Last best score 0.444974048063159 - 23 steps ago
2025-09-14 20:48:24,847 | INFO | {'epoch_accuracy': 0.8920000195503235, 'epoch_top-5-accuracy': 0.9879999756813049, 'epoch_loss': 0.4883599039167166, 'epoch': 89, 'dataset': 'val'}
2025-09-14 20:49:21,540 | INFO | Epoch summary loss: 0.371111 accuracy: 0.892562 top-5-accuracy: 0.978138
2025-09-14 20:49:23,238 | INFO | Current lr: 4.696973237087997e-06
2025-09-14 20:49:23,238 | INFO | Last best score 0.444974048063159 - 24 steps ago
2025-09-14 20:49:23,238 | INFO | {'epoch_accuracy': 0.8939999938011169, 'epoch_top-5-accuracy': 0.9860000014305115, 'epoch_loss': 0.47094875387847424, 'epoch': 90, 'dataset': 'val'}
2025-09-14 20:50:19,942 | INFO | Epoch summary loss: 0.366531 accuracy: 0.891212 top-5-accuracy: 0.980120
2025-09-14 20:50:21,662 | INFO | Current lr: 4.462124575233597e-06
2025-09-14 20:50:21,662 | INFO | Last best score 0.444974048063159 - 25 steps ago
2025-09-14 20:50:21,662 | INFO | {'epoch_accuracy': 0.8899999856948853, 'epoch_top-5-accuracy': 0.984000027179718, 'epoch_loss': 0.4850613661110401, 'epoch': 91, 'dataset': 'val'}
2025-09-14 20:51:18,276 | INFO | Epoch summary loss: 0.362958 accuracy: 0.891929 top-5-accuracy: 0.978286
2025-09-14 20:51:19,927 | INFO | Current lr: 4.2390183464719175e-06
2025-09-14 20:51:19,928 | INFO | Last best score 0.444974048063159 - 26 steps ago
2025-09-14 20:51:19,928 | INFO | {'epoch_accuracy': 0.8920000195503235, 'epoch_top-5-accuracy': 0.9860000014305115, 'epoch_loss': 0.4936614874750376, 'epoch': 92, 'dataset': 'val'}
2025-09-14 20:52:16,624 | INFO | Epoch summary loss: 0.376070 accuracy: 0.890101 top-5-accuracy: 0.979157
2025-09-14 20:52:18,291 | INFO | Current lr: 4.027067429148322e-06
2025-09-14 20:52:18,291 | INFO | Last best score 0.444974048063159 - 27 steps ago
2025-09-14 20:52:18,291 | INFO | {'epoch_accuracy': 0.8920000195503235, 'epoch_top-5-accuracy': 0.984000027179718, 'epoch_loss': 0.48226957209408283, 'epoch': 93, 'dataset': 'val'}
2025-09-14 20:53:14,994 | INFO | Epoch summary loss: 0.360071 accuracy: 0.894060 top-5-accuracy: 0.981675
2025-09-14 20:53:16,690 | INFO | Current lr: 3.825714057690905e-06
2025-09-14 20:53:16,690 | INFO | Last best score 0.444974048063159 - 28 steps ago
2025-09-14 20:53:16,690 | INFO | {'epoch_accuracy': 0.8920000195503235, 'epoch_top-5-accuracy': 0.984000027179718, 'epoch_loss': 0.49265271984040737, 'epoch': 94, 'dataset': 'val'}
2025-09-14 20:54:13,412 | INFO | Epoch summary loss: 0.361278 accuracy: 0.894453 top-5-accuracy: 0.979453
2025-09-14 20:54:15,104 | INFO | Current lr: 3.63442835480636e-06
2025-09-14 20:54:15,105 | INFO | Last best score 0.444974048063159 - 29 steps ago
2025-09-14 20:54:15,105 | INFO | {'epoch_accuracy': 0.8899999856948853, 'epoch_top-5-accuracy': 0.984000027179718, 'epoch_loss': 0.4932993445545435, 'epoch': 95, 'dataset': 'val'}
2025-09-14 20:55:11,697 | INFO | Epoch summary loss: 0.361702 accuracy: 0.894276 top-5-accuracy: 0.981248
2025-09-14 20:55:13,350 | INFO | Current lr: 3.452706937066042e-06
2025-09-14 20:55:13,350 | INFO | Last best score 0.444974048063159 - 30 steps ago
2025-09-14 20:55:13,350 | INFO | {'epoch_accuracy': 0.8880000114440918, 'epoch_top-5-accuracy': 0.984000027179718, 'epoch_loss': 0.49168006516993046, 'epoch': 96, 'dataset': 'val'}
2025-09-14 20:56:10,182 | INFO | Epoch summary loss: 0.366729 accuracy: 0.892949 top-5-accuracy: 0.980046
2025-09-14 20:56:11,904 | INFO | Current lr: 3.2800715902127397e-06
2025-09-14 20:56:11,904 | INFO | Last best score 0.444974048063159 - 31 steps ago
2025-09-14 20:56:11,904 | INFO | {'epoch_accuracy': 0.8880000114440918, 'epoch_top-5-accuracy': 0.9819999933242798, 'epoch_loss': 0.49643764458596706, 'epoch': 97, 'dataset': 'val'}
2025-09-14 20:57:08,643 | INFO | Epoch summary loss: 0.358482 accuracy: 0.897238 top-5-accuracy: 0.980302
2025-09-14 20:57:10,328 | INFO | Current lr: 3.1160680107021025e-06
2025-09-14 20:57:10,328 | INFO | Last best score 0.444974048063159 - 32 steps ago
2025-09-14 20:57:10,328 | INFO | {'epoch_accuracy': 0.8920000195503235, 'epoch_top-5-accuracy': 0.984000027179718, 'epoch_loss': 0.4991668574512005, 'epoch': 98, 'dataset': 'val'}
2025-09-14 20:58:07,205 | INFO | Epoch summary loss: 0.363896 accuracy: 0.896834 top-5-accuracy: 0.979858
2025-09-14 20:58:08,940 | INFO | Current lr: 2.960264610166997e-06
2025-09-14 20:58:08,940 | INFO | Last best score 0.444974048063159 - 33 steps ago
2025-09-14 20:58:08,941 | INFO | {'epoch_accuracy': 0.8920000195503235, 'epoch_top-5-accuracy': 0.984000027179718, 'epoch_loss': 0.4993604850023985, 'epoch': 99, 'dataset': 'val'}
2025-09-14 20:59:05,732 | INFO | Epoch summary loss: 0.365757 accuracy: 0.894778 top-5-accuracy: 0.979396
2025-09-14 20:59:07,435 | INFO | Current lr: 2.8122513796586474e-06
2025-09-14 20:59:07,435 | INFO | Last best score 0.444974048063159 - 34 steps ago
2025-09-14 20:59:07,436 | INFO | {'epoch_accuracy': 0.8880000114440918, 'epoch_top-5-accuracy': 0.9819999933242798, 'epoch_loss': 0.49247044138610363, 'epoch': 100, 'dataset': 'val'}
2025-09-14 21:00:04,142 | INFO | Epoch summary loss: 0.377563 accuracy: 0.891297 top-5-accuracy: 0.979636
2025-09-14 21:00:05,872 | INFO | Current lr: 2.671638810675715e-06
2025-09-14 21:00:05,872 | INFO | Last best score 0.444974048063159 - 35 steps ago
2025-09-14 21:00:05,872 | INFO | {'epoch_accuracy': 0.8880000114440918, 'epoch_top-5-accuracy': 0.984000027179718, 'epoch_loss': 0.4975140057504177, 'epoch': 101, 'dataset': 'val'}
2025-09-14 21:01:02,685 | INFO | Epoch summary loss: 0.366861 accuracy: 0.891240 top-5-accuracy: 0.980746
2025-09-14 21:01:04,360 | INFO | Current lr: 2.538056870141929e-06
2025-09-14 21:01:04,360 | INFO | Last best score 0.444974048063159 - 36 steps ago
2025-09-14 21:01:04,360 | INFO | {'epoch_accuracy': 0.8799999952316284, 'epoch_top-5-accuracy': 0.9819999933242798, 'epoch_loss': 0.486728610470891, 'epoch': 102, 'dataset': 'val'}
2025-09-14 21:02:01,108 | INFO | Epoch summary loss: 0.357816 accuracy: 0.896834 top-5-accuracy: 0.980786
2025-09-14 21:02:02,859 | INFO | Current lr: 2.4111540266348328e-06
2025-09-14 21:02:02,859 | INFO | Last best score 0.444974048063159 - 37 steps ago
2025-09-14 21:02:02,859 | INFO | {'epoch_accuracy': 0.8880000114440918, 'epoch_top-5-accuracy': 0.984000027179718, 'epoch_loss': 0.48987177945673466, 'epoch': 103, 'dataset': 'val'}
2025-09-14 21:02:59,541 | INFO | Epoch summary loss: 0.362709 accuracy: 0.896299 top-5-accuracy: 0.981709
2025-09-14 21:03:01,255 | INFO | Current lr: 2.290596325303091e-06
2025-09-14 21:03:01,255 | INFO | Last best score 0.444974048063159 - 38 steps ago
2025-09-14 21:03:01,255 | INFO | {'epoch_accuracy': 0.8859999775886536, 'epoch_top-5-accuracy': 0.984000027179718, 'epoch_loss': 0.48577023297548294, 'epoch': 104, 'dataset': 'val'}
2025-09-14 21:03:57,993 | INFO | Epoch summary loss: 0.373444 accuracy: 0.892602 top-5-accuracy: 0.980433
2025-09-14 21:03:59,666 | INFO | Current lr: 2.1760665090379362e-06
2025-09-14 21:03:59,666 | INFO | Last best score 0.444974048063159 - 39 steps ago
2025-09-14 21:03:59,666 | INFO | {'epoch_accuracy': 0.8859999775886536, 'epoch_top-5-accuracy': 0.9819999933242798, 'epoch_loss': 0.4846687763929367, 'epoch': 105, 'dataset': 'val'}
2025-09-14 21:04:56,477 | INFO | Epoch summary loss: 0.354992 accuracy: 0.893849 top-5-accuracy: 0.982227
2025-09-14 21:04:58,185 | INFO | Current lr: 2.0672631835860393e-06
2025-09-14 21:04:58,185 | INFO | Last best score 0.444974048063159 - 40 steps ago
2025-09-14 21:04:58,185 | INFO | {'epoch_accuracy': 0.8820000290870667, 'epoch_top-5-accuracy': 0.984000027179718, 'epoch_loss': 0.4917042665183544, 'epoch': 106, 'dataset': 'val'}
2025-09-14 21:05:55,031 | INFO | Epoch summary loss: 0.353970 accuracy: 0.897854 top-5-accuracy: 0.980046
2025-09-14 21:05:56,725 | INFO | Current lr: 1.963900024406737e-06
2025-09-14 21:05:56,725 | INFO | Last best score 0.444974048063159 - 41 steps ago
2025-09-14 21:05:56,725 | INFO | {'epoch_accuracy': 0.8920000195503235, 'epoch_top-5-accuracy': 0.984000027179718, 'epoch_loss': 0.4905065465718508, 'epoch': 107, 'dataset': 'val'}
2025-09-14 21:06:53,424 | INFO | Epoch summary loss: 0.353363 accuracy: 0.898702 top-5-accuracy: 0.981709
2025-09-14 21:06:55,075 | INFO | Current lr: 1.8657050231864003e-06
2025-09-14 21:06:55,075 | INFO | Last best score 0.444974048063159 - 42 steps ago
2025-09-14 21:06:55,075 | INFO | {'epoch_accuracy': 0.8859999775886536, 'epoch_top-5-accuracy': 0.9860000014305115, 'epoch_loss': 0.49177149310708046, 'epoch': 108, 'dataset': 'val'}
2025-09-14 21:07:51,906 | INFO | Epoch summary loss: 0.359331 accuracy: 0.894470 top-5-accuracy: 0.979584
2025-09-14 21:07:53,584 | INFO | Current lr: 1.7724197720270802e-06
2025-09-14 21:07:53,584 | INFO | Last best score 0.444974048063159 - 43 steps ago
2025-09-14 21:07:53,584 | INFO | {'epoch_accuracy': 0.8880000114440918, 'epoch_top-5-accuracy': 0.984000027179718, 'epoch_loss': 0.4841062370687723, 'epoch': 109, 'dataset': 'val'}
2025-09-14 21:08:50,564 | INFO | Epoch summary loss: 0.345974 accuracy: 0.899107 top-5-accuracy: 0.982005
2025-09-14 21:08:52,287 | INFO | Current lr: 1.6837987834257262e-06
2025-09-14 21:08:52,287 | INFO | Last best score 0.444974048063159 - 44 steps ago
2025-09-14 21:08:52,288 | INFO | {'epoch_accuracy': 0.8960000276565552, 'epoch_top-5-accuracy': 0.9860000014305115, 'epoch_loss': 0.482782868668437, 'epoch': 110, 'dataset': 'val'}
2025-09-14 21:09:49,189 | INFO | Epoch summary loss: 0.355707 accuracy: 0.896133 top-5-accuracy: 0.980251
2025-09-14 21:09:50,879 | INFO | Current lr: 1.5996088442544398e-06
2025-09-14 21:09:50,879 | INFO | Last best score 0.444974048063159 - 45 steps ago
2025-09-14 21:09:50,879 | INFO | {'epoch_accuracy': 0.8939999938011169, 'epoch_top-5-accuracy': 0.984000027179718, 'epoch_loss': 0.4865080788731575, 'epoch': 111, 'dataset': 'val'}
2025-09-14 21:10:47,614 | INFO | Epoch summary loss: 0.359222 accuracy: 0.894316 top-5-accuracy: 0.980524
2025-09-14 21:10:49,280 | INFO | Current lr: 1.5196284020417178e-06
2025-09-14 21:10:49,280 | INFO | Last best score 0.444974048063159 - 46 steps ago
2025-09-14 21:10:49,280 | INFO | {'epoch_accuracy': 0.8899999856948853, 'epoch_top-5-accuracy': 0.984000027179718, 'epoch_loss': 0.48688996210694313, 'epoch': 112, 'dataset': 'val'}
2025-09-14 21:11:46,038 | INFO | Epoch summary loss: 0.337098 accuracy: 0.901795 top-5-accuracy: 0.983378
2025-09-14 21:11:47,725 | INFO | Current lr: 1.4436469819396317e-06
2025-09-14 21:11:47,725 | INFO | Last best score 0.444974048063159 - 47 steps ago
2025-09-14 21:11:47,725 | INFO | {'epoch_accuracy': 0.8899999856948853, 'epoch_top-5-accuracy': 0.984000027179718, 'epoch_loss': 0.48725284822285175, 'epoch': 113, 'dataset': 'val'}
2025-09-14 21:12:44,377 | INFO | Epoch summary loss: 0.350509 accuracy: 0.896703 top-5-accuracy: 0.981396
2025-09-14 21:12:46,134 | INFO | Current lr: 1.3714646328426501e-06
2025-09-14 21:12:46,134 | INFO | Last best score 0.444974048063159 - 48 steps ago
2025-09-14 21:12:46,134 | INFO | {'epoch_accuracy': 0.8899999856948853, 'epoch_top-5-accuracy': 0.9860000014305115, 'epoch_loss': 0.48512627743184566, 'epoch': 114, 'dataset': 'val'}
2025-09-14 21:13:42,869 | INFO | Epoch summary loss: 0.352926 accuracy: 0.896065 top-5-accuracy: 0.980655
2025-09-14 21:13:44,551 | INFO | Current lr: 1.3028914012005176e-06
2025-09-14 21:13:44,551 | INFO | Last best score 0.444974048063159 - 49 steps ago
2025-09-14 21:13:44,551 | INFO | {'epoch_accuracy': 0.8820000290870667, 'epoch_top-5-accuracy': 0.984000027179718, 'epoch_loss': 0.4818030185997486, 'epoch': 115, 'dataset': 'val'}
2025-09-14 21:14:41,415 | INFO | Epoch summary loss: 0.360657 accuracy: 0.893855 top-5-accuracy: 0.981510
2025-09-14 21:14:43,113 | INFO | Current lr: 1.2377468311404916e-06
2025-09-14 21:14:43,113 | INFO | Last best score 0.444974048063159 - 50 steps ago
2025-09-14 21:14:43,113 | INFO | Early stopping triggered at epoch 116
2025-09-14 21:14:43,113 | INFO | Training finished...
2025-09-14 21:14:49,593 | INFO | Uploaded checkpoints/sports_cv_project_classification/vgg13-paper-heavy-augmentations-exponential_lr/best_model.pth to s3://computer-vision-models-pytorch-bucket/checkpoints/sports_cv_project_classification/vgg13-paper-heavy-augmentations-exponential_lr/best_model.pth
2025-09-14 21:14:49,593 | INFO | [S3] Saved model weights to checkpoints/sports_cv_project_classification/vgg13-paper-heavy-augmentations-exponential_lr/best_model.pth
