2025-09-13 17:18:08,503 | INFO | S3 bucket computer-vision-models-pytorch-bucket exists.
2025-09-13 17:18:08,600 | INFO | DynamoDB table computer-vision-models-config-table exists.
2025-09-13 17:18:08,605 | INFO | Config: project_name: sports_cv_project_classification
experiment_name: vgg11-paper-heavy-augmentations-cosine_anealing_with_decay
model:
  model_name: VGG11
  pretrained:
    model_part: backbone
    experiment_name: vgg11-gap-heavy-augmentations
    save_locally: true
    freeze_time: 10
  num_classes: 100
  num_anchors: 3
  dropout_rate: 0.5
  hidden_dim: 4096
dataset:
  name: sports_images
  source: kaggle
  kaggle_dataset_name: gpiosenka/sports-classification
  force_download: false
  root_dir: data
  raw_subdir: raw
  processed_subdir: processed
  annotations_subdir: annotations
  annotations_file: sports.csv
  use_existing_train_test_split: true
  train_subdir: train
  val_subdir: val
  test_subdir: test
  input_size:
  - 224
  - 224
  normalize_mean:
  - 0.4714
  - 0.4699
  - 0.4551
  normalize_std:
  - 0.2391
  - 0.2302
  - 0.232
  augmentations:
    horizontal_flip: true
    rotation: true
    random_crop: false
    color_jitter: true
    random_resized_crop: true
    grayscale: true
    gaussian_blur: true
    perspective: true
    affine: true
    erasing: true
    adjust_sharpness: true
  batch_size: 128
  shuffle: true
  num_workers: 16
  seed: 42
checkpoints_dir: checkpoints/
logs_dir: logs/
training:
  optimizer:
    type: adam
    lr: 0.001
    weight_decay: 0.0005
  scheduler:
    type: cosine_annealing_warm_restarts_with_decay
    T_0: 25
    T_mult: 2
    eta_min: 0.0
    gamma: 0.5
  loss:
    type: cross_entropy
    bbox_loss: smooth_l1
    obj_loss: binary_cross_entropy
  early_stopping:
    patience: 30
    reset_after: 25
    T_mult: 2
    threshold: 0.0001
  num_epochs: 1000
  save_best_only: true
  save_checkpoint: true
  log_interval: 50
evaluation:
  metrics:
  - accuracy
  - top-5-accuracy
  iou_threshold: 0.5
  conf_threshold: 0.3
misc:
  device: cuda
  seed: 42
  deterministic: true
s3_bucket: computer-vision-models-pytorch-bucket
dynamodb_config_table: computer-vision-models-config-table

2025-09-13 17:18:08,606 | INFO | Global seed set to 42
2025-09-13 17:18:08,653 | INFO | Added item to DynamoDB table: dynamodb.Table(name='computer-vision-models-config-table')
2025-09-13 17:18:09,573 | INFO | [Local] Loaded model weights from checkpoints/sports_cv_project_classification/vgg11-gap-heavy-augmentations/best_model.pth
2025-09-13 17:18:09,574 | INFO | Loaded weights were frozen
2025-09-13 17:18:09,575 | INFO | Training started...
2025-09-13 17:18:09,576 | INFO | BuildModel(
  (backbone): VGG(
    (features): Sequential(
      (block0conv0): Conv2d(3, 64, kernel_size=(3, 3), stride=(1, 1), padding=(1, 1))
      (block0activation0): ReLU(inplace=True)
      (block0pool): MaxPool2d(kernel_size=2, stride=2, padding=0, dilation=1, ceil_mode=False)
      (block1conv0): Conv2d(64, 128, kernel_size=(3, 3), stride=(1, 1), padding=(1, 1))
      (block1activation0): ReLU(inplace=True)
      (block1pool): MaxPool2d(kernel_size=2, stride=2, padding=0, dilation=1, ceil_mode=False)
      (block2conv0): Conv2d(128, 256, kernel_size=(3, 3), stride=(1, 1), padding=(1, 1))
      (block2activation0): ReLU(inplace=True)
      (block2conv1): Conv2d(256, 256, kernel_size=(3, 3), stride=(1, 1), padding=(1, 1))
      (block2activation1): ReLU(inplace=True)
      (block2pool): MaxPool2d(kernel_size=2, stride=2, padding=0, dilation=1, ceil_mode=False)
      (block3conv0): Conv2d(256, 512, kernel_size=(3, 3), stride=(1, 1), padding=(1, 1))
      (block3activation0): ReLU(inplace=True)
      (block3conv1): Conv2d(512, 512, kernel_size=(3, 3), stride=(1, 1), padding=(1, 1))
      (block3activation1): ReLU(inplace=True)
      (block3pool): MaxPool2d(kernel_size=2, stride=2, padding=0, dilation=1, ceil_mode=False)
      (block4conv0): Conv2d(512, 512, kernel_size=(3, 3), stride=(1, 1), padding=(1, 1))
      (block4activation0): ReLU(inplace=True)
      (block4conv1): Conv2d(512, 512, kernel_size=(3, 3), stride=(1, 1), padding=(1, 1))
      (block4activation1): ReLU(inplace=True)
      (block4pool): MaxPool2d(kernel_size=2, stride=2, padding=0, dilation=1, ceil_mode=False)
    )
  )
  (detecton_head): DoubleLinearHead(
    (classifier): Sequential(
      (0): Flatten(start_dim=1, end_dim=-1)
      (1): Linear(in_features=25088, out_features=4096, bias=True)
      (2): ReLU(inplace=True)
      (3): Dropout(p=0.5, inplace=False)
      (4): Linear(in_features=4096, out_features=4096, bias=True)
      (5): ReLU(inplace=True)
      (6): Dropout(p=0.5, inplace=False)
      (7): Linear(in_features=4096, out_features=100, bias=True)
    )
  )
)
2025-09-13 17:18:27,976 | INFO | Epoch summary loss: 4.373155 accuracy: 0.265795 top-5-accuracy: 0.528557
2025-09-13 17:18:29,317 | INFO | Current lr: 0.0009842915805643156
2025-09-13 17:18:29,317 | INFO | Last best score 1.5032713413238525 - 0 steps ago
2025-09-13 17:18:29,317 | INFO | {'epoch_accuracy': 0.6100000143051147, 'epoch_top-5-accuracy': 0.8640000224113464, 'epoch_loss': 1.5032713413238525, 'epoch': 0, 'dataset': 'val'}
2025-09-13 17:18:29,618 | INFO | [Local] Saved model weights to checkpoints/sports_cv_project_classification/vgg11-paper-heavy-augmentations-cosine_anealing_with_decay/best_model.pth
2025-09-13 17:18:29,618 | INFO | Best model saved
2025-09-13 17:18:46,181 | INFO | Epoch summary loss: 2.637239 accuracy: 0.389060 top-5-accuracy: 0.690902
2025-09-13 17:18:47,560 | INFO | Current lr: 0.0009648882429441257
2025-09-13 17:18:47,560 | INFO | Last best score 1.420188546180725 - 0 steps ago
2025-09-13 17:18:47,560 | INFO | {'epoch_accuracy': 0.6299999952316284, 'epoch_top-5-accuracy': 0.8920000195503235, 'epoch_loss': 1.420188546180725, 'epoch': 1, 'dataset': 'val'}
2025-09-13 17:18:47,955 | INFO | [Local] Saved model weights to checkpoints/sports_cv_project_classification/vgg11-paper-heavy-augmentations-cosine_anealing_with_decay/best_model.pth
2025-09-13 17:18:47,955 | INFO | Best model saved
2025-09-13 17:19:04,691 | INFO | Epoch summary loss: 2.502637 accuracy: 0.411982 top-5-accuracy: 0.715433
2025-09-13 17:19:06,007 | INFO | Current lr: 0.0009381533400219318
2025-09-13 17:19:06,008 | INFO | Last best score 1.3310516774654388 - 0 steps ago
2025-09-13 17:19:06,008 | INFO | {'epoch_accuracy': 0.6620000004768372, 'epoch_top-5-accuracy': 0.9039999842643738, 'epoch_loss': 1.3310516774654388, 'epoch': 2, 'dataset': 'val'}
2025-09-13 17:19:06,393 | INFO | [Local] Saved model weights to checkpoints/sports_cv_project_classification/vgg11-paper-heavy-augmentations-cosine_anealing_with_decay/best_model.pth
2025-09-13 17:19:06,393 | INFO | Best model saved
2025-09-13 17:19:22,992 | INFO | Epoch summary loss: 2.450705 accuracy: 0.434920 top-5-accuracy: 0.726636
2025-09-13 17:19:24,376 | INFO | Current lr: 0.0009045084971874737
2025-09-13 17:19:24,376 | INFO | Last best score 1.275549590587616 - 0 steps ago
2025-09-13 17:19:24,376 | INFO | {'epoch_accuracy': 0.6919999718666077, 'epoch_top-5-accuracy': 0.8980000019073486, 'epoch_loss': 1.275549590587616, 'epoch': 3, 'dataset': 'val'}
2025-09-13 17:19:24,769 | INFO | [Local] Saved model weights to checkpoints/sports_cv_project_classification/vgg11-paper-heavy-augmentations-cosine_anealing_with_decay/best_model.pth
2025-09-13 17:19:24,770 | INFO | Best model saved
2025-09-13 17:19:41,506 | INFO | Epoch summary loss: 2.428351 accuracy: 0.431507 top-5-accuracy: 0.728190
2025-09-13 17:19:42,856 | INFO | Current lr: 0.0008644843137107057
2025-09-13 17:19:42,856 | INFO | Last best score 1.2717528641223907 - 0 steps ago
2025-09-13 17:19:42,856 | INFO | {'epoch_accuracy': 0.6819999814033508, 'epoch_top-5-accuracy': 0.9100000262260437, 'epoch_loss': 1.2717528641223907, 'epoch': 4, 'dataset': 'val'}
2025-09-13 17:19:43,242 | INFO | [Local] Saved model weights to checkpoints/sports_cv_project_classification/vgg11-paper-heavy-augmentations-cosine_anealing_with_decay/best_model.pth
2025-09-13 17:19:43,242 | INFO | Best model saved
2025-09-13 17:20:00,088 | INFO | Epoch summary loss: 2.360855 accuracy: 0.447144 top-5-accuracy: 0.737884
2025-09-13 17:20:01,493 | INFO | Current lr: 0.0008187119948743449
2025-09-13 17:20:01,493 | INFO | Last best score 1.2717528641223907 - 1 steps ago
2025-09-13 17:20:01,493 | INFO | {'epoch_accuracy': 0.6700000166893005, 'epoch_top-5-accuracy': 0.921999990940094, 'epoch_loss': 1.3140082955360413, 'epoch': 5, 'dataset': 'val'}
2025-09-13 17:20:17,980 | INFO | Epoch summary loss: 2.256424 accuracy: 0.472696 top-5-accuracy: 0.755159
2025-09-13 17:20:19,338 | INFO | Current lr: 0.0007679133974894983
2025-09-13 17:20:19,338 | INFO | Last best score 1.1807060837745667 - 0 steps ago
2025-09-13 17:20:19,338 | INFO | {'epoch_accuracy': 0.6880000233650208, 'epoch_top-5-accuracy': 0.9240000247955322, 'epoch_loss': 1.1807060837745667, 'epoch': 6, 'dataset': 'val'}
2025-09-13 17:20:19,744 | INFO | [Local] Saved model weights to checkpoints/sports_cv_project_classification/vgg11-paper-heavy-augmentations-cosine_anealing_with_decay/best_model.pth
2025-09-13 17:20:19,744 | INFO | Best model saved
2025-09-13 17:20:36,351 | INFO | Epoch summary loss: 2.215608 accuracy: 0.475894 top-5-accuracy: 0.761197
2025-09-13 17:20:37,692 | INFO | Current lr: 0.0007128896457825364
2025-09-13 17:20:37,692 | INFO | Last best score 1.1319694817066193 - 0 steps ago
2025-09-13 17:20:37,692 | INFO | {'epoch_accuracy': 0.7279999852180481, 'epoch_top-5-accuracy': 0.921999990940094, 'epoch_loss': 1.1319694817066193, 'epoch': 7, 'dataset': 'val'}
2025-09-13 17:20:38,087 | INFO | [Local] Saved model weights to checkpoints/sports_cv_project_classification/vgg11-paper-heavy-augmentations-cosine_anealing_with_decay/best_model.pth
2025-09-13 17:20:38,087 | INFO | Best model saved
2025-09-13 17:20:54,915 | INFO | Epoch summary loss: 2.152692 accuracy: 0.491371 top-5-accuracy: 0.771073
2025-09-13 17:20:56,246 | INFO | Current lr: 0.0006545084971874737
2025-09-13 17:20:56,246 | INFO | Last best score 1.0655321925878525 - 0 steps ago
2025-09-13 17:20:56,246 | INFO | {'epoch_accuracy': 0.7519999742507935, 'epoch_top-5-accuracy': 0.9359999895095825, 'epoch_loss': 1.0655321925878525, 'epoch': 8, 'dataset': 'val'}
2025-09-13 17:20:56,647 | INFO | [Local] Saved model weights to checkpoints/sports_cv_project_classification/vgg11-paper-heavy-augmentations-cosine_anealing_with_decay/best_model.pth
2025-09-13 17:20:56,647 | INFO | Best model saved
2025-09-13 17:21:13,093 | INFO | Epoch summary loss: 2.067779 accuracy: 0.506951 top-5-accuracy: 0.783569
2025-09-13 17:21:14,462 | INFO | Current lr: 0.0005936906572928624
2025-09-13 17:21:14,462 | INFO | Last best score 1.0655321925878525 - 1 steps ago
2025-09-13 17:21:14,462 | INFO | {'epoch_accuracy': 0.7279999852180481, 'epoch_top-5-accuracy': 0.9300000071525574, 'epoch_loss': 1.1312505304813385, 'epoch': 9, 'dataset': 'val'}
2025-09-13 17:21:14,463 | INFO | Loaded weights were unfrozen
2025-09-13 17:21:51,189 | INFO | Epoch summary loss: 2.008469 accuracy: 0.495391 top-5-accuracy: 0.781879
2025-09-13 17:21:52,574 | INFO | Current lr: 0.0005313952597646568
2025-09-13 17:21:52,574 | INFO | Last best score 1.0519055277109146 - 0 steps ago
2025-09-13 17:21:52,574 | INFO | {'epoch_accuracy': 0.7239999771118164, 'epoch_top-5-accuracy': 0.9459999799728394, 'epoch_loss': 1.0519055277109146, 'epoch': 10, 'dataset': 'val'}
2025-09-13 17:21:52,958 | INFO | [Local] Saved model weights to checkpoints/sports_cv_project_classification/vgg11-paper-heavy-augmentations-cosine_anealing_with_decay/best_model.pth
2025-09-13 17:21:52,958 | INFO | Best model saved
2025-09-13 17:22:29,582 | INFO | Epoch summary loss: 1.752701 accuracy: 0.548202 top-5-accuracy: 0.822200
2025-09-13 17:22:30,974 | INFO | Current lr: 0.0004686047402353433
2025-09-13 17:22:30,974 | INFO | Last best score 0.9948223233222961 - 0 steps ago
2025-09-13 17:22:30,974 | INFO | {'epoch_accuracy': 0.7519999742507935, 'epoch_top-5-accuracy': 0.9440000057220459, 'epoch_loss': 0.9948223233222961, 'epoch': 11, 'dataset': 'val'}
2025-09-13 17:22:31,354 | INFO | [Local] Saved model weights to checkpoints/sports_cv_project_classification/vgg11-paper-heavy-augmentations-cosine_anealing_with_decay/best_model.pth
2025-09-13 17:22:31,354 | INFO | Best model saved
2025-09-13 17:23:07,720 | INFO | Epoch summary loss: 1.637361 accuracy: 0.572790 top-5-accuracy: 0.841369
2025-09-13 17:23:09,116 | INFO | Current lr: 0.0004063093427071377
2025-09-13 17:23:09,116 | INFO | Last best score 0.8744934946298599 - 0 steps ago
2025-09-13 17:23:09,116 | INFO | {'epoch_accuracy': 0.7639999985694885, 'epoch_top-5-accuracy': 0.9599999785423279, 'epoch_loss': 0.8744934946298599, 'epoch': 12, 'dataset': 'val'}
2025-09-13 17:23:09,517 | INFO | [Local] Saved model weights to checkpoints/sports_cv_project_classification/vgg11-paper-heavy-augmentations-cosine_anealing_with_decay/best_model.pth
2025-09-13 17:23:09,517 | INFO | Best model saved
2025-09-13 17:23:46,235 | INFO | Epoch summary loss: 1.509562 accuracy: 0.598416 top-5-accuracy: 0.857476
2025-09-13 17:23:47,588 | INFO | Current lr: 0.00034549150281252644
2025-09-13 17:23:47,588 | INFO | Last best score 0.8102675527334213 - 0 steps ago
2025-09-13 17:23:47,588 | INFO | {'epoch_accuracy': 0.7960000038146973, 'epoch_top-5-accuracy': 0.9580000042915344, 'epoch_loss': 0.8102675527334213, 'epoch': 13, 'dataset': 'val'}
2025-09-13 17:23:47,976 | INFO | [Local] Saved model weights to checkpoints/sports_cv_project_classification/vgg11-paper-heavy-augmentations-cosine_anealing_with_decay/best_model.pth
2025-09-13 17:23:47,976 | INFO | Best model saved
2025-09-13 17:24:24,982 | INFO | Epoch summary loss: 1.415784 accuracy: 0.618083 top-5-accuracy: 0.870221
2025-09-13 17:24:26,375 | INFO | Current lr: 0.00028711035421746366
2025-09-13 17:24:26,375 | INFO | Last best score 0.7737684547901154 - 0 steps ago
2025-09-13 17:24:26,375 | INFO | {'epoch_accuracy': 0.7960000038146973, 'epoch_top-5-accuracy': 0.9599999785423279, 'epoch_loss': 0.7737684547901154, 'epoch': 14, 'dataset': 'val'}
2025-09-13 17:24:26,772 | INFO | [Local] Saved model weights to checkpoints/sports_cv_project_classification/vgg11-paper-heavy-augmentations-cosine_anealing_with_decay/best_model.pth
2025-09-13 17:24:26,772 | INFO | Best model saved
2025-09-13 17:25:03,540 | INFO | Epoch summary loss: 1.352334 accuracy: 0.637535 top-5-accuracy: 0.878572
2025-09-13 17:25:04,896 | INFO | Current lr: 0.00023208660251050156
2025-09-13 17:25:04,896 | INFO | Last best score 0.7737684547901154 - 1 steps ago
2025-09-13 17:25:04,896 | INFO | {'epoch_accuracy': 0.777999997138977, 'epoch_top-5-accuracy': 0.9599999785423279, 'epoch_loss': 0.7774230241775513, 'epoch': 15, 'dataset': 'val'}
2025-09-13 17:25:41,715 | INFO | Epoch summary loss: 1.276486 accuracy: 0.657781 top-5-accuracy: 0.885710
2025-09-13 17:25:43,165 | INFO | Current lr: 0.00018128800512565513
2025-09-13 17:25:43,165 | INFO | Last best score 0.6675796061754227 - 0 steps ago
2025-09-13 17:25:43,165 | INFO | {'epoch_accuracy': 0.8119999766349792, 'epoch_top-5-accuracy': 0.9660000205039978, 'epoch_loss': 0.6675796061754227, 'epoch': 16, 'dataset': 'val'}
2025-09-13 17:25:43,550 | INFO | [Local] Saved model weights to checkpoints/sports_cv_project_classification/vgg11-paper-heavy-augmentations-cosine_anealing_with_decay/best_model.pth
2025-09-13 17:25:43,550 | INFO | Best model saved
2025-09-13 17:26:19,926 | INFO | Epoch summary loss: 1.179291 accuracy: 0.677516 top-5-accuracy: 0.898347
2025-09-13 17:26:21,268 | INFO | Current lr: 0.00013551568628929433
2025-09-13 17:26:21,268 | INFO | Last best score 0.6618778556585312 - 0 steps ago
2025-09-13 17:26:21,268 | INFO | {'epoch_accuracy': 0.8140000104904175, 'epoch_top-5-accuracy': 0.9660000205039978, 'epoch_loss': 0.6618778556585312, 'epoch': 17, 'dataset': 'val'}
2025-09-13 17:26:21,674 | INFO | [Local] Saved model weights to checkpoints/sports_cv_project_classification/vgg11-paper-heavy-augmentations-cosine_anealing_with_decay/best_model.pth
2025-09-13 17:26:21,675 | INFO | Best model saved
2025-09-13 17:26:58,315 | INFO | Epoch summary loss: 1.148662 accuracy: 0.690125 top-5-accuracy: 0.903546
2025-09-13 17:26:59,666 | INFO | Current lr: 9.549150281252633e-05
2025-09-13 17:26:59,666 | INFO | Last best score 0.6618778556585312 - 1 steps ago
2025-09-13 17:26:59,666 | INFO | {'epoch_accuracy': 0.8220000267028809, 'epoch_top-5-accuracy': 0.9700000286102295, 'epoch_loss': 0.6655173003673553, 'epoch': 18, 'dataset': 'val'}
2025-09-13 17:27:36,540 | INFO | Epoch summary loss: 1.076722 accuracy: 0.704384 top-5-accuracy: 0.911982
2025-09-13 17:27:37,902 | INFO | Current lr: 6.184665997806821e-05
2025-09-13 17:27:37,902 | INFO | Last best score 0.6423734277486801 - 0 steps ago
2025-09-13 17:27:37,902 | INFO | {'epoch_accuracy': 0.8320000171661377, 'epoch_top-5-accuracy': 0.9679999947547913, 'epoch_loss': 0.6423734277486801, 'epoch': 19, 'dataset': 'val'}
2025-09-13 17:27:38,304 | INFO | [Local] Saved model weights to checkpoints/sports_cv_project_classification/vgg11-paper-heavy-augmentations-cosine_anealing_with_decay/best_model.pth
2025-09-13 17:27:38,305 | INFO | Best model saved
2025-09-13 17:28:14,831 | INFO | Epoch summary loss: 1.064511 accuracy: 0.703692 top-5-accuracy: 0.912226
2025-09-13 17:28:16,241 | INFO | Current lr: 3.5111757055874326e-05
2025-09-13 17:28:16,241 | INFO | Last best score 0.6423734277486801 - 1 steps ago
2025-09-13 17:28:16,241 | INFO | {'epoch_accuracy': 0.8240000009536743, 'epoch_top-5-accuracy': 0.9679999947547913, 'epoch_loss': 0.6504960805177689, 'epoch': 20, 'dataset': 'val'}
2025-09-13 17:28:52,803 | INFO | Epoch summary loss: 1.021728 accuracy: 0.717531 top-5-accuracy: 0.914250
2025-09-13 17:28:54,184 | INFO | Current lr: 1.5708419435684518e-05
2025-09-13 17:28:54,184 | INFO | Last best score 0.6228452920913696 - 0 steps ago
2025-09-13 17:28:54,184 | INFO | {'epoch_accuracy': 0.8399999737739563, 'epoch_top-5-accuracy': 0.9679999947547913, 'epoch_loss': 0.6228452920913696, 'epoch': 21, 'dataset': 'val'}
2025-09-13 17:28:54,573 | INFO | [Local] Saved model weights to checkpoints/sports_cv_project_classification/vgg11-paper-heavy-augmentations-cosine_anealing_with_decay/best_model.pth
2025-09-13 17:28:54,574 | INFO | Best model saved
2025-09-13 17:29:31,256 | INFO | Epoch summary loss: 0.998162 accuracy: 0.722911 top-5-accuracy: 0.919239
2025-09-13 17:29:32,614 | INFO | Current lr: 3.942649342761117e-06
2025-09-13 17:29:32,614 | INFO | Last best score 0.616818979382515 - 0 steps ago
2025-09-13 17:29:32,614 | INFO | {'epoch_accuracy': 0.8360000252723694, 'epoch_top-5-accuracy': 0.972000002861023, 'epoch_loss': 0.616818979382515, 'epoch': 22, 'dataset': 'val'}
2025-09-13 17:29:33,009 | INFO | [Local] Saved model weights to checkpoints/sports_cv_project_classification/vgg11-paper-heavy-augmentations-cosine_anealing_with_decay/best_model.pth
2025-09-13 17:29:33,010 | INFO | Best model saved
2025-09-13 17:30:09,862 | INFO | Epoch summary loss: 0.984240 accuracy: 0.725831 top-5-accuracy: 0.922737
2025-09-13 17:30:11,245 | INFO | Current lr: 0.0005
2025-09-13 17:30:11,245 | INFO | Last best score 0.6153973937034607 - 0 steps ago
2025-09-13 17:30:11,245 | INFO | {'epoch_accuracy': 0.8320000171661377, 'epoch_top-5-accuracy': 0.9700000286102295, 'epoch_loss': 0.6153973937034607, 'epoch': 23, 'dataset': 'val'}
2025-09-13 17:30:11,629 | INFO | [Local] Saved model weights to checkpoints/sports_cv_project_classification/vgg11-paper-heavy-augmentations-cosine_anealing_with_decay/best_model.pth
2025-09-13 17:30:11,629 | INFO | Best model saved
2025-09-13 17:30:48,009 | INFO | Epoch summary loss: 1.279145 accuracy: 0.649679 top-5-accuracy: 0.886594
2025-09-13 17:30:49,367 | INFO | Current lr: 0.0004995066821070679
2025-09-13 17:30:49,367 | INFO | Resetting patience
2025-09-13 17:30:49,367 | INFO | Last best score None - 0 steps ago
2025-09-13 17:30:49,367 | INFO | {'epoch_accuracy': 0.7900000214576721, 'epoch_top-5-accuracy': 0.9660000205039978, 'epoch_loss': 0.7029005736112595, 'epoch': 24, 'dataset': 'val'}
2025-09-13 17:31:26,140 | INFO | Epoch summary loss: 1.311586 accuracy: 0.648182 top-5-accuracy: 0.883153
2025-09-13 17:31:27,539 | INFO | Current lr: 0.0004980286753286195
2025-09-13 17:31:27,539 | INFO | Last best score 0.8339235931634903 - 0 steps ago
2025-09-13 17:31:27,539 | INFO | {'epoch_accuracy': 0.7599999904632568, 'epoch_top-5-accuracy': 0.949999988079071, 'epoch_loss': 0.8339235931634903, 'epoch': 25, 'dataset': 'val'}
2025-09-13 17:32:04,197 | INFO | Epoch summary loss: 1.342889 accuracy: 0.635721 top-5-accuracy: 0.879711
2025-09-13 17:32:05,547 | INFO | Current lr: 0.0004955718126821722
2025-09-13 17:32:05,547 | INFO | Last best score 0.7160464078187943 - 0 steps ago
2025-09-13 17:32:05,547 | INFO | {'epoch_accuracy': 0.7879999876022339, 'epoch_top-5-accuracy': 0.9700000286102295, 'epoch_loss': 0.7160464078187943, 'epoch': 26, 'dataset': 'val'}
2025-09-13 17:32:42,406 | INFO | Epoch summary loss: 1.323637 accuracy: 0.638136 top-5-accuracy: 0.883266
2025-09-13 17:32:43,758 | INFO | Current lr: 0.0004921457902821578
2025-09-13 17:32:43,758 | INFO | Last best score 0.7016482502222061 - 0 steps ago
2025-09-13 17:32:43,758 | INFO | {'epoch_accuracy': 0.8040000200271606, 'epoch_top-5-accuracy': 0.972000002861023, 'epoch_loss': 0.7016482502222061, 'epoch': 27, 'dataset': 'val'}
2025-09-13 17:33:20,586 | INFO | Epoch summary loss: 1.298666 accuracy: 0.649883 top-5-accuracy: 0.884751
2025-09-13 17:33:21,985 | INFO | Current lr: 0.0004877641290737884
2025-09-13 17:33:21,986 | INFO | Last best score 0.7016482502222061 - 1 steps ago
2025-09-13 17:33:21,986 | INFO | {'epoch_accuracy': 0.8059999942779541, 'epoch_top-5-accuracy': 0.9700000286102295, 'epoch_loss': 0.7188850343227386, 'epoch': 28, 'dataset': 'val'}
2025-09-13 17:33:58,324 | INFO | Epoch summary loss: 1.280026 accuracy: 0.650099 top-5-accuracy: 0.889497
2025-09-13 17:33:59,749 | INFO | Current lr: 0.00048244412147206283
2025-09-13 17:33:59,750 | INFO | Last best score 0.7016482502222061 - 2 steps ago
2025-09-13 17:33:59,750 | INFO | {'epoch_accuracy': 0.7900000214576721, 'epoch_top-5-accuracy': 0.9639999866485596, 'epoch_loss': 0.7405388057231903, 'epoch': 29, 'dataset': 'val'}
2025-09-13 17:34:36,675 | INFO | Epoch summary loss: 1.283492 accuracy: 0.651113 top-5-accuracy: 0.889803
2025-09-13 17:34:38,060 | INFO | Current lr: 0.0004762067631165049
2025-09-13 17:34:38,060 | INFO | Last best score 0.7016482502222061 - 3 steps ago
2025-09-13 17:34:38,060 | INFO | {'epoch_accuracy': 0.7680000066757202, 'epoch_top-5-accuracy': 0.9639999866485596, 'epoch_loss': 0.8377549946308136, 'epoch': 30, 'dataset': 'val'}
2025-09-13 17:35:15,179 | INFO | Epoch summary loss: 1.265287 accuracy: 0.650201 top-5-accuracy: 0.889604
2025-09-13 17:35:16,643 | INFO | Current lr: 0.0004690766700109659
2025-09-13 17:35:16,643 | INFO | Last best score 0.7016482502222061 - 4 steps ago
2025-09-13 17:35:16,643 | INFO | {'epoch_accuracy': 0.7979999780654907, 'epoch_top-5-accuracy': 0.9559999704360962, 'epoch_loss': 0.7651870399713516, 'epoch': 31, 'dataset': 'val'}
2025-09-13 17:35:53,629 | INFO | Epoch summary loss: 1.228177 accuracy: 0.667861 top-5-accuracy: 0.891413
2025-09-13 17:35:55,094 | INFO | Current lr: 0.00046108198137550377
2025-09-13 17:35:55,094 | INFO | Last best score 0.6772683411836624 - 0 steps ago
2025-09-13 17:35:55,094 | INFO | {'epoch_accuracy': 0.8259999752044678, 'epoch_top-5-accuracy': 0.9700000286102295, 'epoch_loss': 0.6772683411836624, 'epoch': 32, 'dataset': 'val'}
2025-09-13 17:36:32,088 | INFO | Epoch summary loss: 1.218988 accuracy: 0.664624 top-5-accuracy: 0.895540
2025-09-13 17:36:33,556 | INFO | Current lr: 0.0004522542485937369
2025-09-13 17:36:33,556 | INFO | Last best score 0.6772683411836624 - 1 steps ago
2025-09-13 17:36:33,556 | INFO | {'epoch_accuracy': 0.7820000052452087, 'epoch_top-5-accuracy': 0.9760000109672546, 'epoch_loss': 0.7562613040208817, 'epoch': 33, 'dataset': 'val'}
2025-09-13 17:37:10,379 | INFO | Epoch summary loss: 1.199901 accuracy: 0.671121 top-5-accuracy: 0.896946
2025-09-13 17:37:11,833 | INFO | Current lr: 0.0004426283106939473
2025-09-13 17:37:11,833 | INFO | Last best score 0.6772683411836624 - 2 steps ago
2025-09-13 17:37:11,833 | INFO | {'epoch_accuracy': 0.7879999876022339, 'epoch_top-5-accuracy': 0.9660000205039978, 'epoch_loss': 0.7786743193864822, 'epoch': 34, 'dataset': 'val'}
2025-09-13 17:37:48,646 | INFO | Epoch summary loss: 1.180082 accuracy: 0.678066 top-5-accuracy: 0.900547
2025-09-13 17:37:50,194 | INFO | Current lr: 0.00043224215685535287
2025-09-13 17:37:50,195 | INFO | Last best score 0.6772683411836624 - 3 steps ago
2025-09-13 17:37:50,195 | INFO | {'epoch_accuracy': 0.8059999942779541, 'epoch_top-5-accuracy': 0.9660000205039978, 'epoch_loss': 0.7222615629434586, 'epoch': 35, 'dataset': 'val'}
2025-09-13 17:38:26,848 | INFO | Epoch summary loss: 1.169417 accuracy: 0.677057 top-5-accuracy: 0.900739
2025-09-13 17:38:28,348 | INFO | Current lr: 0.0004211367764821722
2025-09-13 17:38:28,348 | INFO | Last best score 0.6088655740022659 - 0 steps ago
2025-09-13 17:38:28,348 | INFO | {'epoch_accuracy': 0.8240000009536743, 'epoch_top-5-accuracy': 0.9739999771118164, 'epoch_loss': 0.6088655740022659, 'epoch': 36, 'dataset': 'val'}
2025-09-13 17:38:28,767 | INFO | [Local] Saved model weights to checkpoints/sports_cv_project_classification/vgg11-paper-heavy-augmentations-cosine_anealing_with_decay/best_model.pth
2025-09-13 17:38:28,768 | INFO | Best model saved
2025-09-13 17:39:05,729 | INFO | Epoch summary loss: 1.173435 accuracy: 0.678446 top-5-accuracy: 0.900819
2025-09-13 17:39:07,185 | INFO | Current lr: 0.00040935599743717243
2025-09-13 17:39:07,185 | INFO | Last best score 0.6088655740022659 - 1 steps ago
2025-09-13 17:39:07,185 | INFO | {'epoch_accuracy': 0.8220000267028809, 'epoch_top-5-accuracy': 0.9739999771118164, 'epoch_loss': 0.7111430317163467, 'epoch': 37, 'dataset': 'val'}
2025-09-13 17:39:43,829 | INFO | Epoch summary loss: 1.134276 accuracy: 0.687409 top-5-accuracy: 0.901697
2025-09-13 17:39:45,288 | INFO | Current lr: 0.00039694631307311834
2025-09-13 17:39:45,288 | INFO | Last best score 0.6088655740022659 - 2 steps ago
2025-09-13 17:39:45,289 | INFO | {'epoch_accuracy': 0.8040000200271606, 'epoch_top-5-accuracy': 0.9739999771118164, 'epoch_loss': 0.6583614498376846, 'epoch': 38, 'dataset': 'val'}
2025-09-13 17:40:21,841 | INFO | Epoch summary loss: 1.124959 accuracy: 0.688277 top-5-accuracy: 0.904901
2025-09-13 17:40:23,298 | INFO | Current lr: 0.00038395669874474915
2025-09-13 17:40:23,299 | INFO | Last best score 0.6088655740022659 - 3 steps ago
2025-09-13 17:40:23,299 | INFO | {'epoch_accuracy': 0.7979999780654907, 'epoch_top-5-accuracy': 0.9580000042915344, 'epoch_loss': 0.7148302048444748, 'epoch': 39, 'dataset': 'val'}
2025-09-13 17:41:00,012 | INFO | Epoch summary loss: 1.081026 accuracy: 0.695851 top-5-accuracy: 0.911199
2025-09-13 17:41:01,495 | INFO | Current lr: 0.0003704384185254288
2025-09-13 17:41:01,495 | INFO | Last best score 0.6088655740022659 - 4 steps ago
2025-09-13 17:41:01,495 | INFO | {'epoch_accuracy': 0.8180000185966492, 'epoch_top-5-accuracy': 0.9679999947547913, 'epoch_loss': 0.7072586119174957, 'epoch': 40, 'dataset': 'val'}
2025-09-13 17:41:38,021 | INFO | Epoch summary loss: 1.052761 accuracy: 0.709622 top-5-accuracy: 0.914482
2025-09-13 17:41:39,500 | INFO | Current lr: 0.0003564448228912682
2025-09-13 17:41:39,500 | INFO | Last best score 0.6088655740022659 - 5 steps ago
2025-09-13 17:41:39,500 | INFO | {'epoch_accuracy': 0.8140000104904175, 'epoch_top-5-accuracy': 0.972000002861023, 'epoch_loss': 0.7029227316379547, 'epoch': 41, 'dataset': 'val'}
2025-09-13 17:42:16,133 | INFO | Epoch summary loss: 1.062927 accuracy: 0.703941 top-5-accuracy: 0.915576
2025-09-13 17:42:17,634 | INFO | Current lr: 0.00034203113817116957
2025-09-13 17:42:17,634 | INFO | Last best score 0.6088655740022659 - 6 steps ago
2025-09-13 17:42:17,634 | INFO | {'epoch_accuracy': 0.8220000267028809, 'epoch_top-5-accuracy': 0.9679999947547913, 'epoch_loss': 0.6522816568613052, 'epoch': 42, 'dataset': 'val'}
2025-09-13 17:42:54,543 | INFO | Epoch summary loss: 1.018950 accuracy: 0.726273 top-5-accuracy: 0.917725
2025-09-13 17:42:56,047 | INFO | Current lr: 0.00032725424859373687
2025-09-13 17:42:56,047 | INFO | Last best score 0.6088655740022659 - 7 steps ago
2025-09-13 17:42:56,047 | INFO | {'epoch_accuracy': 0.8059999942779541, 'epoch_top-5-accuracy': 0.9620000123977661, 'epoch_loss': 0.7143492549657822, 'epoch': 43, 'dataset': 'val'}
2025-09-13 17:43:32,891 | INFO | Epoch summary loss: 1.015211 accuracy: 0.722305 top-5-accuracy: 0.918536
2025-09-13 17:43:34,359 | INFO | Current lr: 0.0003121724717912137
2025-09-13 17:43:34,359 | INFO | Last best score 0.6088655740022659 - 8 steps ago
2025-09-13 17:43:34,359 | INFO | {'epoch_accuracy': 0.8379999995231628, 'epoch_top-5-accuracy': 0.9739999771118164, 'epoch_loss': 0.6320208013057709, 'epoch': 44, 'dataset': 'val'}
2025-09-13 17:44:11,046 | INFO | Epoch summary loss: 0.975037 accuracy: 0.727685 top-5-accuracy: 0.922442
2025-09-13 17:44:12,538 | INFO | Current lr: 0.0002968453286464312
2025-09-13 17:44:12,539 | INFO | Last best score 0.6088655740022659 - 9 steps ago
2025-09-13 17:44:12,539 | INFO | {'epoch_accuracy': 0.800000011920929, 'epoch_top-5-accuracy': 0.9660000205039978, 'epoch_loss': 0.6950184553861618, 'epoch': 45, 'dataset': 'val'}
2025-09-13 17:44:49,324 | INFO | Epoch summary loss: 0.956161 accuracy: 0.729720 top-5-accuracy: 0.927811
2025-09-13 17:44:50,804 | INFO | Current lr: 0.0002813333083910761
2025-09-13 17:44:50,805 | INFO | Last best score 0.6088655740022659 - 10 steps ago
2025-09-13 17:44:50,805 | INFO | {'epoch_accuracy': 0.8320000171661377, 'epoch_top-5-accuracy': 0.9760000109672546, 'epoch_loss': 0.6440579444169998, 'epoch': 46, 'dataset': 'val'}
2025-09-13 17:45:27,799 | INFO | Epoch summary loss: 0.927467 accuracy: 0.741416 top-5-accuracy: 0.928882
2025-09-13 17:45:29,314 | INFO | Current lr: 0.0002656976298823284
2025-09-13 17:45:29,314 | INFO | Last best score 0.6088655740022659 - 11 steps ago
2025-09-13 17:45:29,314 | INFO | {'epoch_accuracy': 0.8339999914169312, 'epoch_top-5-accuracy': 0.9760000109672546, 'epoch_loss': 0.6889049112796783, 'epoch': 47, 'dataset': 'val'}
2025-09-13 17:46:06,003 | INFO | Epoch summary loss: 0.921072 accuracy: 0.744291 top-5-accuracy: 0.931099
2025-09-13 17:46:07,473 | INFO | Current lr: 0.00025
2025-09-13 17:46:07,473 | INFO | Last best score 0.6083386242389679 - 0 steps ago
2025-09-13 17:46:07,473 | INFO | {'epoch_accuracy': 0.843999981880188, 'epoch_top-5-accuracy': 0.9760000109672546, 'epoch_loss': 0.6083386242389679, 'epoch': 48, 'dataset': 'val'}
2025-09-13 17:46:07,873 | INFO | [Local] Saved model weights to checkpoints/sports_cv_project_classification/vgg11-paper-heavy-augmentations-cosine_anealing_with_decay/best_model.pth
2025-09-13 17:46:07,873 | INFO | Best model saved
2025-09-13 17:46:44,571 | INFO | Epoch summary loss: 0.881428 accuracy: 0.751735 top-5-accuracy: 0.934858
2025-09-13 17:46:46,050 | INFO | Current lr: 0.00023430237011767165
2025-09-13 17:46:46,050 | INFO | Last best score 0.6083386242389679 - 1 steps ago
2025-09-13 17:46:46,050 | INFO | {'epoch_accuracy': 0.8399999737739563, 'epoch_top-5-accuracy': 0.9800000190734863, 'epoch_loss': 0.6346188485622406, 'epoch': 49, 'dataset': 'val'}
2025-09-13 17:47:22,667 | INFO | Epoch summary loss: 0.865039 accuracy: 0.754082 top-5-accuracy: 0.937874
2025-09-13 17:47:24,138 | INFO | Current lr: 0.00021866669160892398
2025-09-13 17:47:24,138 | INFO | Last best score 0.5596534907817841 - 0 steps ago
2025-09-13 17:47:24,138 | INFO | {'epoch_accuracy': 0.8579999804496765, 'epoch_top-5-accuracy': 0.9760000109672546, 'epoch_loss': 0.5596534907817841, 'epoch': 50, 'dataset': 'val'}
2025-09-13 17:47:24,552 | INFO | [Local] Saved model weights to checkpoints/sports_cv_project_classification/vgg11-paper-heavy-augmentations-cosine_anealing_with_decay/best_model.pth
2025-09-13 17:47:24,553 | INFO | Best model saved
2025-09-13 17:48:01,325 | INFO | Epoch summary loss: 0.858941 accuracy: 0.757155 top-5-accuracy: 0.932913
2025-09-13 17:48:02,815 | INFO | Current lr: 0.00020315467135356886
2025-09-13 17:48:02,815 | INFO | Last best score 0.5596534907817841 - 1 steps ago
2025-09-13 17:48:02,815 | INFO | {'epoch_accuracy': 0.8519999980926514, 'epoch_top-5-accuracy': 0.9739999771118164, 'epoch_loss': 0.6050477921962738, 'epoch': 51, 'dataset': 'val'}
2025-09-13 17:48:39,697 | INFO | Epoch summary loss: 0.821476 accuracy: 0.766504 top-5-accuracy: 0.940238
2025-09-13 17:48:41,224 | INFO | Current lr: 0.00018782752820878628
2025-09-13 17:48:41,225 | INFO | Last best score 0.5596534907817841 - 2 steps ago
2025-09-13 17:48:41,225 | INFO | {'epoch_accuracy': 0.8539999723434448, 'epoch_top-5-accuracy': 0.9760000109672546, 'epoch_loss': 0.6006363779306412, 'epoch': 52, 'dataset': 'val'}
2025-09-13 17:49:18,014 | INFO | Epoch summary loss: 0.800776 accuracy: 0.774209 top-5-accuracy: 0.943476
2025-09-13 17:49:19,480 | INFO | Current lr: 0.00017274575140626322
2025-09-13 17:49:19,480 | INFO | Last best score 0.5596534907817841 - 3 steps ago
2025-09-13 17:49:19,480 | INFO | {'epoch_accuracy': 0.8379999995231628, 'epoch_top-5-accuracy': 0.9760000109672546, 'epoch_loss': 0.6604788303375244, 'epoch': 53, 'dataset': 'val'}
2025-09-13 17:49:55,961 | INFO | Epoch summary loss: 0.779786 accuracy: 0.778149 top-5-accuracy: 0.946089
2025-09-13 17:49:57,394 | INFO | Current lr: 0.00015796886182883058
2025-09-13 17:49:57,394 | INFO | Last best score 0.5596534907817841 - 4 steps ago
2025-09-13 17:49:57,394 | INFO | {'epoch_accuracy': 0.8399999737739563, 'epoch_top-5-accuracy': 0.9800000190734863, 'epoch_loss': 0.6002614945173264, 'epoch': 54, 'dataset': 'val'}
2025-09-13 17:50:34,333 | INFO | Epoch summary loss: 0.778403 accuracy: 0.781097 top-5-accuracy: 0.945131
2025-09-13 17:50:35,800 | INFO | Current lr: 0.00014355517710873183
2025-09-13 17:50:35,800 | INFO | Last best score 0.5596534907817841 - 5 steps ago
2025-09-13 17:50:35,801 | INFO | {'epoch_accuracy': 0.8339999914169312, 'epoch_top-5-accuracy': 0.9800000190734863, 'epoch_loss': 0.6466901898384094, 'epoch': 55, 'dataset': 'val'}
2025-09-13 17:51:12,485 | INFO | Epoch summary loss: 0.753700 accuracy: 0.786919 top-5-accuracy: 0.947422
2025-09-13 17:51:13,961 | INFO | Current lr: 0.00012956158147457115
2025-09-13 17:51:13,961 | INFO | Last best score 0.5586085319519043 - 0 steps ago
2025-09-13 17:51:13,961 | INFO | {'epoch_accuracy': 0.8600000143051147, 'epoch_top-5-accuracy': 0.984000027179718, 'epoch_loss': 0.5586085319519043, 'epoch': 56, 'dataset': 'val'}
2025-09-13 17:51:14,364 | INFO | [Local] Saved model weights to checkpoints/sports_cv_project_classification/vgg11-paper-heavy-augmentations-cosine_anealing_with_decay/best_model.pth
2025-09-13 17:51:14,365 | INFO | Best model saved
2025-09-13 17:51:51,002 | INFO | Epoch summary loss: 0.722599 accuracy: 0.796195 top-5-accuracy: 0.949190
2025-09-13 17:51:52,487 | INFO | Current lr: 0.00011604330125525078
2025-09-13 17:51:52,487 | INFO | Last best score 0.5586085319519043 - 1 steps ago
2025-09-13 17:51:52,487 | INFO | {'epoch_accuracy': 0.8500000238418579, 'epoch_top-5-accuracy': 0.9800000190734863, 'epoch_loss': 0.5943992584943771, 'epoch': 57, 'dataset': 'val'}
2025-09-13 17:52:29,293 | INFO | Epoch summary loss: 0.720170 accuracy: 0.793989 top-5-accuracy: 0.949740
2025-09-13 17:52:30,720 | INFO | Current lr: 0.00010305368692688174
2025-09-13 17:52:30,720 | INFO | Last best score 0.5586085319519043 - 2 steps ago
2025-09-13 17:52:30,720 | INFO | {'epoch_accuracy': 0.8519999980926514, 'epoch_top-5-accuracy': 0.9760000109672546, 'epoch_loss': 0.6262846887111664, 'epoch': 58, 'dataset': 'val'}
2025-09-13 17:53:07,353 | INFO | Epoch summary loss: 0.687560 accuracy: 0.803174 top-5-accuracy: 0.952575
2025-09-13 17:53:08,834 | INFO | Current lr: 9.064400256282756e-05
2025-09-13 17:53:08,834 | INFO | Last best score 0.5586085319519043 - 3 steps ago
2025-09-13 17:53:08,835 | INFO | {'epoch_accuracy': 0.8579999804496765, 'epoch_top-5-accuracy': 0.984000027179718, 'epoch_loss': 0.579693928360939, 'epoch': 59, 'dataset': 'val'}
2025-09-13 17:53:45,550 | INFO | Epoch summary loss: 0.678638 accuracy: 0.807244 top-5-accuracy: 0.954009
2025-09-13 17:53:47,026 | INFO | Current lr: 7.886322351782782e-05
2025-09-13 17:53:47,026 | INFO | Last best score 0.5586085319519043 - 4 steps ago
2025-09-13 17:53:47,026 | INFO | {'epoch_accuracy': 0.8500000238418579, 'epoch_top-5-accuracy': 0.9860000014305115, 'epoch_loss': 0.578241229057312, 'epoch': 60, 'dataset': 'val'}
2025-09-13 17:54:24,096 | INFO | Epoch summary loss: 0.659294 accuracy: 0.812409 top-5-accuracy: 0.954644
2025-09-13 17:54:25,605 | INFO | Current lr: 6.775784314464717e-05
2025-09-13 17:54:25,605 | INFO | Last best score 0.5586085319519043 - 5 steps ago
2025-09-13 17:54:25,605 | INFO | {'epoch_accuracy': 0.8360000252723694, 'epoch_top-5-accuracy': 0.984000027179718, 'epoch_loss': 0.6048693358898163, 'epoch': 61, 'dataset': 'val'}
2025-09-13 17:55:02,402 | INFO | Epoch summary loss: 0.634947 accuracy: 0.817625 top-5-accuracy: 0.957961
2025-09-13 17:55:03,879 | INFO | Current lr: 5.737168930605272e-05
2025-09-13 17:55:03,879 | INFO | Last best score 0.5586085319519043 - 6 steps ago
2025-09-13 17:55:03,879 | INFO | {'epoch_accuracy': 0.8479999899864197, 'epoch_top-5-accuracy': 0.9819999933242798, 'epoch_loss': 0.5892402678728104, 'epoch': 62, 'dataset': 'val'}
2025-09-13 17:55:40,842 | INFO | Epoch summary loss: 0.639702 accuracy: 0.815726 top-5-accuracy: 0.959356
2025-09-13 17:55:42,326 | INFO | Current lr: 4.7745751406263163e-05
2025-09-13 17:55:42,326 | INFO | Last best score 0.5586085319519043 - 7 steps ago
2025-09-13 17:55:42,326 | INFO | {'epoch_accuracy': 0.8560000061988831, 'epoch_top-5-accuracy': 0.9819999933242798, 'epoch_loss': 0.6011398136615753, 'epoch': 63, 'dataset': 'val'}
2025-09-13 17:56:19,254 | INFO | Epoch summary loss: 0.612843 accuracy: 0.824049 top-5-accuracy: 0.961272
2025-09-13 17:56:20,718 | INFO | Current lr: 3.891801862449629e-05
2025-09-13 17:56:20,718 | INFO | Last best score 0.5586085319519043 - 8 steps ago
2025-09-13 17:56:20,718 | INFO | {'epoch_accuracy': 0.8539999723434448, 'epoch_top-5-accuracy': 0.9819999933242798, 'epoch_loss': 0.5877536088228226, 'epoch': 64, 'dataset': 'val'}
2025-09-13 17:56:57,816 | INFO | Epoch summary loss: 0.601766 accuracy: 0.824582 top-5-accuracy: 0.961170
2025-09-13 17:56:59,256 | INFO | Current lr: 3.0923329989034106e-05
2025-09-13 17:56:59,256 | INFO | Last best score 0.5586085319519043 - 9 steps ago
2025-09-13 17:56:59,256 | INFO | {'epoch_accuracy': 0.8460000157356262, 'epoch_top-5-accuracy': 0.9860000014305115, 'epoch_loss': 0.5594137012958527, 'epoch': 65, 'dataset': 'val'}
2025-09-13 17:57:36,199 | INFO | Epoch summary loss: 0.572410 accuracy: 0.835104 top-5-accuracy: 0.964623
2025-09-13 17:57:37,664 | INFO | Current lr: 2.379323688349516e-05
2025-09-13 17:57:37,664 | INFO | Last best score 0.5586085319519043 - 10 steps ago
2025-09-13 17:57:37,664 | INFO | {'epoch_accuracy': 0.8539999723434448, 'epoch_top-5-accuracy': 0.9819999933242798, 'epoch_loss': 0.5887916088104248, 'epoch': 66, 'dataset': 'val'}
2025-09-13 17:58:14,352 | INFO | Epoch summary loss: 0.568712 accuracy: 0.835484 top-5-accuracy: 0.962927
2025-09-13 17:58:15,852 | INFO | Current lr: 1.7555878527937163e-05
2025-09-13 17:58:15,852 | INFO | Last best score 0.5586085319519043 - 11 steps ago
2025-09-13 17:58:15,853 | INFO | {'epoch_accuracy': 0.8539999723434448, 'epoch_top-5-accuracy': 0.984000027179718, 'epoch_loss': 0.5879555195569992, 'epoch': 67, 'dataset': 'val'}
2025-09-13 17:58:52,951 | INFO | Epoch summary loss: 0.583008 accuracy: 0.832678 top-5-accuracy: 0.962893
2025-09-13 17:58:54,411 | INFO | Current lr: 1.2235870926211617e-05
2025-09-13 17:58:54,412 | INFO | Last best score 0.5485542267560959 - 0 steps ago
2025-09-13 17:58:54,412 | INFO | {'epoch_accuracy': 0.8679999709129333, 'epoch_top-5-accuracy': 0.984000027179718, 'epoch_loss': 0.5485542267560959, 'epoch': 68, 'dataset': 'val'}
2025-09-13 17:58:54,823 | INFO | [Local] Saved model weights to checkpoints/sports_cv_project_classification/vgg11-paper-heavy-augmentations-cosine_anealing_with_decay/best_model.pth
2025-09-13 17:58:54,823 | INFO | Best model saved
2025-09-13 17:59:31,526 | INFO | Epoch summary loss: 0.558770 accuracy: 0.842384 top-5-accuracy: 0.963194
2025-09-13 17:59:32,945 | INFO | Current lr: 7.854209717842259e-06
2025-09-13 17:59:32,945 | INFO | Last best score 0.5485542267560959 - 1 steps ago
2025-09-13 17:59:32,945 | INFO | {'epoch_accuracy': 0.8579999804496765, 'epoch_top-5-accuracy': 0.9819999933242798, 'epoch_loss': 0.5792191922664642, 'epoch': 69, 'dataset': 'val'}
2025-09-13 18:00:09,916 | INFO | Epoch summary loss: 0.570992 accuracy: 0.834673 top-5-accuracy: 0.964441
2025-09-13 18:00:11,427 | INFO | Current lr: 4.4281873178278196e-06
2025-09-13 18:00:11,427 | INFO | Last best score 0.5485542267560959 - 2 steps ago
2025-09-13 18:00:11,427 | INFO | {'epoch_accuracy': 0.8600000143051147, 'epoch_top-5-accuracy': 0.9860000014305115, 'epoch_loss': 0.5716282576322556, 'epoch': 70, 'dataset': 'val'}
2025-09-13 18:00:48,081 | INFO | Epoch summary loss: 0.562500 accuracy: 0.841596 top-5-accuracy: 0.964702
2025-09-13 18:00:49,595 | INFO | Current lr: 1.9713246713805587e-06
2025-09-13 18:00:49,595 | INFO | Last best score 0.5485542267560959 - 3 steps ago
2025-09-13 18:00:49,595 | INFO | {'epoch_accuracy': 0.8600000143051147, 'epoch_top-5-accuracy': 0.9860000014305115, 'epoch_loss': 0.5711442679166794, 'epoch': 71, 'dataset': 'val'}
2025-09-13 18:01:26,760 | INFO | Epoch summary loss: 0.561801 accuracy: 0.838460 top-5-accuracy: 0.965989
2025-09-13 18:01:28,203 | INFO | Current lr: 4.933178929321103e-07
2025-09-13 18:01:28,203 | INFO | Last best score 0.5485542267560959 - 4 steps ago
2025-09-13 18:01:28,203 | INFO | {'epoch_accuracy': 0.8640000224113464, 'epoch_top-5-accuracy': 0.9860000014305115, 'epoch_loss': 0.5696225017309189, 'epoch': 72, 'dataset': 'val'}
2025-09-13 18:02:05,185 | INFO | Epoch summary loss: 0.569087 accuracy: 0.836147 top-5-accuracy: 0.961278
2025-09-13 18:02:06,700 | INFO | Current lr: 0.00025
2025-09-13 18:02:06,701 | INFO | Last best score 0.5485542267560959 - 5 steps ago
2025-09-13 18:02:06,701 | INFO | {'epoch_accuracy': 0.8640000224113464, 'epoch_top-5-accuracy': 0.9860000014305115, 'epoch_loss': 0.5698137283325195, 'epoch': 73, 'dataset': 'val'}
2025-09-13 18:02:43,447 | INFO | Epoch summary loss: 0.744520 accuracy: 0.786080 top-5-accuracy: 0.950290
2025-09-13 18:02:44,882 | INFO | Current lr: 0.00024993832004571644
2025-09-13 18:02:44,882 | INFO | Resetting patience
2025-09-13 18:02:44,882 | INFO | Last best score None - 0 steps ago
2025-09-13 18:02:44,882 | INFO | {'epoch_accuracy': 0.8360000252723694, 'epoch_top-5-accuracy': 0.9779999852180481, 'epoch_loss': 0.61900794506073, 'epoch': 74, 'dataset': 'val'}
2025-09-13 18:03:21,480 | INFO | Epoch summary loss: 0.784152 accuracy: 0.776714 top-5-accuracy: 0.943147
2025-09-13 18:03:22,942 | INFO | Current lr: 0.00024975334105353396
2025-09-13 18:03:22,942 | INFO | Last best score 0.57621631026268 - 0 steps ago
2025-09-13 18:03:22,942 | INFO | {'epoch_accuracy': 0.8299999833106995, 'epoch_top-5-accuracy': 0.9760000109672546, 'epoch_loss': 0.57621631026268, 'epoch': 75, 'dataset': 'val'}
2025-09-13 18:03:59,491 | INFO | Epoch summary loss: 0.767335 accuracy: 0.781091 top-5-accuracy: 0.946095
2025-09-13 18:04:00,913 | INFO | Current lr: 0.000249445245575385
2025-09-13 18:04:00,913 | INFO | Last best score 0.57621631026268 - 1 steps ago
2025-09-13 18:04:00,913 | INFO | {'epoch_accuracy': 0.8600000143051147, 'epoch_top-5-accuracy': 0.9819999933242798, 'epoch_loss': 0.5947359353303909, 'epoch': 76, 'dataset': 'val'}
2025-09-13 18:04:38,019 | INFO | Epoch summary loss: 0.779928 accuracy: 0.781091 top-5-accuracy: 0.943691
2025-09-13 18:04:39,514 | INFO | Current lr: 0.00024901433766430975
2025-09-13 18:04:39,514 | INFO | Last best score 0.57621631026268 - 2 steps ago
2025-09-13 18:04:39,514 | INFO | {'epoch_accuracy': 0.828000009059906, 'epoch_top-5-accuracy': 0.972000002861023, 'epoch_loss': 0.7064782530069351, 'epoch': 77, 'dataset': 'val'}
2025-09-13 18:05:16,253 | INFO | Epoch summary loss: 0.766959 accuracy: 0.783025 top-5-accuracy: 0.946384
2025-09-13 18:05:17,697 | INFO | Current lr: 0.0002484610425743922
2025-09-13 18:05:17,697 | INFO | Last best score 0.57621631026268 - 3 steps ago
2025-09-13 18:05:17,697 | INFO | {'epoch_accuracy': 0.8140000104904175, 'epoch_top-5-accuracy': 0.9679999947547913, 'epoch_loss': 0.727149486541748, 'epoch': 78, 'dataset': 'val'}
2025-09-13 18:05:54,541 | INFO | Epoch summary loss: 0.778890 accuracy: 0.776788 top-5-accuracy: 0.946645
2025-09-13 18:05:56,069 | INFO | Current lr: 0.0002477859063410861
2025-09-13 18:05:56,069 | INFO | Last best score 0.57621631026268 - 4 steps ago
2025-09-13 18:05:56,069 | INFO | {'epoch_accuracy': 0.8199999928474426, 'epoch_top-5-accuracy': 0.972000002861023, 'epoch_loss': 0.6215685606002808, 'epoch': 79, 'dataset': 'val'}
2025-09-13 18:06:32,675 | INFO | Epoch summary loss: 0.799758 accuracy: 0.772179 top-5-accuracy: 0.942262
2025-09-13 18:06:34,098 | INFO | Current lr: 0.00024698959524234346
2025-09-13 18:06:34,098 | INFO | Last best score 0.57621631026268 - 5 steps ago
2025-09-13 18:06:34,098 | INFO | {'epoch_accuracy': 0.8259999752044678, 'epoch_top-5-accuracy': 0.9779999852180481, 'epoch_loss': 0.6274259984493256, 'epoch': 80, 'dataset': 'val'}
2025-09-13 18:07:10,692 | INFO | Epoch summary loss: 0.786832 accuracy: 0.777327 top-5-accuracy: 0.941707
2025-09-13 18:07:12,224 | INFO | Current lr: 0.0002460728951410789
2025-09-13 18:07:12,224 | INFO | Last best score 0.57621631026268 - 6 steps ago
2025-09-13 18:07:12,224 | INFO | {'epoch_accuracy': 0.8299999833106995, 'epoch_top-5-accuracy': 0.9700000286102295, 'epoch_loss': 0.6725579500198364, 'epoch': 81, 'dataset': 'val'}
2025-09-13 18:07:48,989 | INFO | Epoch summary loss: 0.792880 accuracy: 0.775206 top-5-accuracy: 0.944071
2025-09-13 18:07:50,483 | INFO | Current lr: 0.0002450367107096179
2025-09-13 18:07:50,483 | INFO | Last best score 0.57621631026268 - 7 steps ago
2025-09-13 18:07:50,483 | INFO | {'epoch_accuracy': 0.8320000171661377, 'epoch_top-5-accuracy': 0.9739999771118164, 'epoch_loss': 0.6512395441532135, 'epoch': 82, 'dataset': 'val'}
2025-09-13 18:08:27,467 | INFO | Epoch summary loss: 0.767051 accuracy: 0.780950 top-5-accuracy: 0.948862
2025-09-13 18:08:28,910 | INFO | Current lr: 0.0002438820645368942
2025-09-13 18:08:28,910 | INFO | Last best score 0.57621631026268 - 8 steps ago
2025-09-13 18:08:28,911 | INFO | {'epoch_accuracy': 0.8420000076293945, 'epoch_top-5-accuracy': 0.9739999771118164, 'epoch_loss': 0.7175846844911575, 'epoch': 83, 'dataset': 'val'}
2025-09-13 18:09:05,645 | INFO | Epoch summary loss: 0.785441 accuracy: 0.776641 top-5-accuracy: 0.944587
2025-09-13 18:09:07,160 | INFO | Current lr: 0.0002426100961192782
2025-09-13 18:09:07,160 | INFO | Last best score 0.57621631026268 - 9 steps ago
2025-09-13 18:09:07,160 | INFO | {'epoch_accuracy': 0.8479999899864197, 'epoch_top-5-accuracy': 0.9779999852180481, 'epoch_loss': 0.6026957556605339, 'epoch': 84, 'dataset': 'val'}
2025-09-13 18:09:44,184 | INFO | Epoch summary loss: 0.792505 accuracy: 0.778075 top-5-accuracy: 0.942886
2025-09-13 18:09:45,638 | INFO | Current lr: 0.00024122206073603141
2025-09-13 18:09:45,639 | INFO | Last best score 0.57621631026268 - 10 steps ago
2025-09-13 18:09:45,639 | INFO | {'epoch_accuracy': 0.8299999833106995, 'epoch_top-5-accuracy': 0.972000002861023, 'epoch_loss': 0.639180913567543, 'epoch': 85, 'dataset': 'val'}
2025-09-13 18:10:22,313 | INFO | Epoch summary loss: 0.768989 accuracy: 0.784158 top-5-accuracy: 0.946945
2025-09-13 18:10:23,767 | INFO | Current lr: 0.00023971932821049763
2025-09-13 18:10:23,767 | INFO | Last best score 0.57621631026268 - 11 steps ago
2025-09-13 18:10:23,767 | INFO | {'epoch_accuracy': 0.8360000252723694, 'epoch_top-5-accuracy': 0.9760000109672546, 'epoch_loss': 0.6233370453119278, 'epoch': 86, 'dataset': 'val'}
2025-09-13 18:11:00,331 | INFO | Epoch summary loss: 0.780232 accuracy: 0.777417 top-5-accuracy: 0.947302
2025-09-13 18:11:01,815 | INFO | Current lr: 0.00023810338155825245
2025-09-13 18:11:01,815 | INFO | Last best score 0.57621631026268 - 12 steps ago
2025-09-13 18:11:01,815 | INFO | {'epoch_accuracy': 0.8579999804496765, 'epoch_top-5-accuracy': 0.9800000190734863, 'epoch_loss': 0.6045165508985519, 'epoch': 87, 'dataset': 'val'}
2025-09-13 18:11:38,746 | INFO | Epoch summary loss: 0.786066 accuracy: 0.776380 top-5-accuracy: 0.944729
2025-09-13 18:11:40,203 | INFO | Current lr: 0.00023637581552354598
2025-09-13 18:11:40,203 | INFO | Last best score 0.57621631026268 - 13 steps ago
2025-09-13 18:11:40,203 | INFO | {'epoch_accuracy': 0.8320000171661377, 'epoch_top-5-accuracy': 0.9760000109672546, 'epoch_loss': 0.6153064072132111, 'epoch': 88, 'dataset': 'val'}
2025-09-13 18:12:16,764 | INFO | Epoch summary loss: 0.769640 accuracy: 0.780700 top-5-accuracy: 0.946242
2025-09-13 18:12:18,209 | INFO | Current lr: 0.00023453833500548295
2025-09-13 18:12:18,210 | INFO | Last best score 0.57621631026268 - 14 steps ago
2025-09-13 18:12:18,210 | INFO | {'epoch_accuracy': 0.8360000252723694, 'epoch_top-5-accuracy': 0.972000002861023, 'epoch_loss': 0.671546459197998, 'epoch': 89, 'dataset': 'val'}
2025-09-13 18:12:55,029 | INFO | Epoch summary loss: 0.773584 accuracy: 0.782344 top-5-accuracy: 0.947858
2025-09-13 18:12:56,473 | INFO | Current lr: 0.00023259275337549296
2025-09-13 18:12:56,473 | INFO | Last best score 0.57621631026268 - 15 steps ago
2025-09-13 18:12:56,473 | INFO | {'epoch_accuracy': 0.8399999737739563, 'epoch_top-5-accuracy': 0.9739999771118164, 'epoch_loss': 0.635458305478096, 'epoch': 90, 'dataset': 'val'}
2025-09-13 18:13:33,091 | INFO | Epoch summary loss: 0.758068 accuracy: 0.786290 top-5-accuracy: 0.948748
2025-09-13 18:13:34,562 | INFO | Current lr: 0.00023054099068775188
2025-09-13 18:13:34,562 | INFO | Last best score 0.57621631026268 - 16 steps ago
2025-09-13 18:13:34,562 | INFO | {'epoch_accuracy': 0.8259999752044678, 'epoch_top-5-accuracy': 0.9660000205039978, 'epoch_loss': 0.7180444449186325, 'epoch': 91, 'dataset': 'val'}
2025-09-13 18:14:11,751 | INFO | Epoch summary loss: 0.757527 accuracy: 0.783603 top-5-accuracy: 0.948606
2025-09-13 18:14:13,240 | INFO | Current lr: 0.00022838507178432022
2025-09-13 18:14:13,240 | INFO | Last best score 0.57621631026268 - 17 steps ago
2025-09-13 18:14:13,240 | INFO | {'epoch_accuracy': 0.8420000076293945, 'epoch_top-5-accuracy': 0.9779999852180481, 'epoch_loss': 0.6530246287584305, 'epoch': 92, 'dataset': 'val'}
2025-09-13 18:14:49,913 | INFO | Epoch summary loss: 0.743409 accuracy: 0.785746 top-5-accuracy: 0.950438
2025-09-13 18:14:51,399 | INFO | Current lr: 0.00022612712429686844
2025-09-13 18:14:51,399 | INFO | Last best score 0.57621631026268 - 18 steps ago
2025-09-13 18:14:51,399 | INFO | {'epoch_accuracy': 0.8539999723434448, 'epoch_top-5-accuracy': 0.9800000190734863, 'epoch_loss': 0.6366933584213257, 'epoch': 93, 'dataset': 'val'}
2025-09-13 18:15:28,021 | INFO | Epoch summary loss: 0.745417 accuracy: 0.786409 top-5-accuracy: 0.949236
2025-09-13 18:15:29,494 | INFO | Current lr: 0.00022376937654696127
2025-09-13 18:15:29,494 | INFO | Last best score 0.57621631026268 - 19 steps ago
2025-09-13 18:15:29,494 | INFO | {'epoch_accuracy': 0.8240000009536743, 'epoch_top-5-accuracy': 0.972000002861023, 'epoch_loss': 0.6816230416297913, 'epoch': 94, 'dataset': 'val'}
2025-09-13 18:16:06,339 | INFO | Epoch summary loss: 0.755437 accuracy: 0.787509 top-5-accuracy: 0.948527
2025-09-13 18:16:07,811 | INFO | Current lr: 0.00022131415534697366
2025-09-13 18:16:07,811 | INFO | Last best score 0.57621631026268 - 20 steps ago
2025-09-13 18:16:07,811 | INFO | {'epoch_accuracy': 0.828000009059906, 'epoch_top-5-accuracy': 0.9779999852180481, 'epoch_loss': 0.6492307931184769, 'epoch': 95, 'dataset': 'val'}
2025-09-13 18:16:44,931 | INFO | Epoch summary loss: 0.728719 accuracy: 0.791812 top-5-accuracy: 0.950443
2025-09-13 18:16:46,424 | INFO | Current lr: 0.00021876388370380744
2025-09-13 18:16:46,424 | INFO | Last best score 0.57621631026268 - 21 steps ago
2025-09-13 18:16:46,424 | INFO | {'epoch_accuracy': 0.8299999833106995, 'epoch_top-5-accuracy': 0.9779999852180481, 'epoch_loss': 0.62742018699646, 'epoch': 96, 'dataset': 'val'}
2025-09-13 18:17:23,045 | INFO | Epoch summary loss: 0.742771 accuracy: 0.787107 top-5-accuracy: 0.952207
2025-09-13 18:17:24,502 | INFO | Current lr: 0.00021612107842767644
2025-09-13 18:17:24,502 | INFO | Last best score 0.57621631026268 - 22 steps ago
2025-09-13 18:17:24,502 | INFO | {'epoch_accuracy': 0.8619999885559082, 'epoch_top-5-accuracy': 0.9819999933242798, 'epoch_loss': 0.5863377153873444, 'epoch': 97, 'dataset': 'val'}
2025-09-13 18:18:01,480 | INFO | Epoch summary loss: 0.719453 accuracy: 0.795248 top-5-accuracy: 0.949338
2025-09-13 18:18:02,945 | INFO | Current lr: 0.00021338834764831843
2025-09-13 18:18:02,945 | INFO | Last best score 0.57621631026268 - 23 steps ago
2025-09-13 18:18:02,945 | INFO | {'epoch_accuracy': 0.8320000171661377, 'epoch_top-5-accuracy': 0.9700000286102295, 'epoch_loss': 0.6902600526809692, 'epoch': 98, 'dataset': 'val'}
2025-09-13 18:18:39,671 | INFO | Epoch summary loss: 0.707824 accuracy: 0.797578 top-5-accuracy: 0.951186
2025-09-13 18:18:41,208 | INFO | Current lr: 0.0002105683882410861
2025-09-13 18:18:41,209 | INFO | Last best score 0.57621631026268 - 24 steps ago
2025-09-13 18:18:41,209 | INFO | {'epoch_accuracy': 0.8600000143051147, 'epoch_top-5-accuracy': 0.9800000190734863, 'epoch_loss': 0.6208123862743378, 'epoch': 99, 'dataset': 'val'}
2025-09-13 18:19:17,681 | INFO | Epoch summary loss: 0.719182 accuracy: 0.792152 top-5-accuracy: 0.953204
2025-09-13 18:19:19,188 | INFO | Current lr: 0.00020766398316545648
2025-09-13 18:19:19,188 | INFO | Last best score 0.57621631026268 - 25 steps ago
2025-09-13 18:19:19,188 | INFO | {'epoch_accuracy': 0.8420000076293945, 'epoch_top-5-accuracy': 0.9739999771118164, 'epoch_loss': 0.6480413228273392, 'epoch': 100, 'dataset': 'val'}
2025-09-13 18:19:56,062 | INFO | Epoch summary loss: 0.702702 accuracy: 0.797482 top-5-accuracy: 0.951067
2025-09-13 18:19:57,503 | INFO | Current lr: 0.00020467799871858622
2025-09-13 18:19:57,503 | INFO | Last best score 0.57621631026268 - 26 steps ago
2025-09-13 18:19:57,503 | INFO | {'epoch_accuracy': 0.8360000252723694, 'epoch_top-5-accuracy': 0.9760000109672546, 'epoch_loss': 0.6489533185958862, 'epoch': 101, 'dataset': 'val'}
2025-09-13 18:20:34,121 | INFO | Epoch summary loss: 0.707076 accuracy: 0.794998 top-5-accuracy: 0.954015
2025-09-13 18:20:35,589 | INFO | Current lr: 0.00020161338170662208
2025-09-13 18:20:35,589 | INFO | Last best score 0.5715982839465141 - 0 steps ago
2025-09-13 18:20:35,589 | INFO | {'epoch_accuracy': 0.8659999966621399, 'epoch_top-5-accuracy': 0.9800000190734863, 'epoch_loss': 0.5715982839465141, 'epoch': 102, 'dataset': 'val'}
2025-09-13 18:21:12,255 | INFO | Epoch summary loss: 0.686894 accuracy: 0.802148 top-5-accuracy: 0.953613
2025-09-13 18:21:13,742 | INFO | Current lr: 0.00019847315653655917
2025-09-13 18:21:13,742 | INFO | Last best score 0.5691337287425995 - 0 steps ago
2025-09-13 18:21:13,742 | INFO | {'epoch_accuracy': 0.8560000061988831, 'epoch_top-5-accuracy': 0.9819999933242798, 'epoch_loss': 0.5691337287425995, 'epoch': 103, 'dataset': 'val'}
2025-09-13 18:21:50,626 | INFO | Epoch summary loss: 0.686671 accuracy: 0.802692 top-5-accuracy: 0.955784
2025-09-13 18:21:52,102 | INFO | Current lr: 0.00019526042223151635
2025-09-13 18:21:52,103 | INFO | Last best score 0.5691337287425995 - 1 steps ago
2025-09-13 18:21:52,103 | INFO | {'epoch_accuracy': 0.8500000238418579, 'epoch_top-5-accuracy': 0.9779999852180481, 'epoch_loss': 0.6257490813732147, 'epoch': 104, 'dataset': 'val'}
2025-09-13 18:22:28,719 | INFO | Epoch summary loss: 0.677583 accuracy: 0.803690 top-5-accuracy: 0.957734
2025-09-13 18:22:30,209 | INFO | Current lr: 0.00019197834937237457
2025-09-13 18:22:30,209 | INFO | Last best score 0.5691337287425995 - 2 steps ago
2025-09-13 18:22:30,210 | INFO | {'epoch_accuracy': 0.8320000171661377, 'epoch_top-5-accuracy': 0.9800000190734863, 'epoch_loss': 0.6552461832761765, 'epoch': 105, 'dataset': 'val'}
2025-09-13 18:23:06,971 | INFO | Epoch summary loss: 0.688899 accuracy: 0.803899 top-5-accuracy: 0.954973
2025-09-13 18:23:08,463 | INFO | Current lr: 0.00018863017696879643
2025-09-13 18:23:08,463 | INFO | Last best score 0.5691337287425995 - 3 steps ago
2025-09-13 18:23:08,463 | INFO | {'epoch_accuracy': 0.843999981880188, 'epoch_top-5-accuracy': 0.9779999852180481, 'epoch_loss': 0.6382521092891693, 'epoch': 106, 'dataset': 'val'}
2025-09-13 18:23:45,161 | INFO | Epoch summary loss: 0.656847 accuracy: 0.808775 top-5-accuracy: 0.956527
2025-09-13 18:23:46,653 | INFO | Current lr: 0.0001852192092627144
2025-09-13 18:23:46,653 | INFO | Last best score 0.5673558562994003 - 0 steps ago
2025-09-13 18:23:46,653 | INFO | {'epoch_accuracy': 0.8600000143051147, 'epoch_top-5-accuracy': 0.9779999852180481, 'epoch_loss': 0.5673558562994003, 'epoch': 107, 'dataset': 'val'}
2025-09-13 18:24:23,558 | INFO | Epoch summary loss: 0.683303 accuracy: 0.803503 top-5-accuracy: 0.955087
2025-09-13 18:24:25,075 | INFO | Current lr: 0.00018174881246744333
2025-09-13 18:24:25,075 | INFO | Last best score 0.5673558562994003 - 1 steps ago
2025-09-13 18:24:25,075 | INFO | {'epoch_accuracy': 0.8320000171661377, 'epoch_top-5-accuracy': 0.9739999771118164, 'epoch_loss': 0.6358879953622818, 'epoch': 108, 'dataset': 'val'}
2025-09-13 18:25:01,941 | INFO | Epoch summary loss: 0.652333 accuracy: 0.811066 top-5-accuracy: 0.957887
2025-09-13 18:25:03,392 | INFO | Current lr: 0.0001782224114456341
2025-09-13 18:25:03,392 | INFO | Last best score 0.5673558562994003 - 2 steps ago
2025-09-13 18:25:03,393 | INFO | {'epoch_accuracy': 0.843999981880188, 'epoch_top-5-accuracy': 0.9739999771118164, 'epoch_loss': 0.6878905594348907, 'epoch': 109, 'dataset': 'val'}
2025-09-13 18:25:40,429 | INFO | Epoch summary loss: 0.644404 accuracy: 0.813475 top-5-accuracy: 0.957921
2025-09-13 18:25:41,946 | INFO | Current lr: 0.00017464348632934758
2025-09-13 18:25:41,946 | INFO | Last best score 0.5673558562994003 - 3 steps ago
2025-09-13 18:25:41,946 | INFO | {'epoch_accuracy': 0.8420000076293945, 'epoch_top-5-accuracy': 0.984000027179718, 'epoch_loss': 0.643954411149025, 'epoch': 110, 'dataset': 'val'}
2025-09-13 18:26:18,941 | INFO | Epoch summary loss: 0.636858 accuracy: 0.816253 top-5-accuracy: 0.959248
2025-09-13 18:26:20,441 | INFO | Current lr: 0.00017101556908558478
2025-09-13 18:26:20,441 | INFO | Last best score 0.5673558562994003 - 4 steps ago
2025-09-13 18:26:20,441 | INFO | {'epoch_accuracy': 0.8420000076293945, 'epoch_top-5-accuracy': 0.9779999852180481, 'epoch_loss': 0.6105923652648926, 'epoch': 111, 'dataset': 'val'}
2025-09-13 18:26:57,284 | INFO | Epoch summary loss: 0.628609 accuracy: 0.820295 top-5-accuracy: 0.958993
2025-09-13 18:26:58,768 | INFO | Current lr: 0.00016734224003066146
2025-09-13 18:26:58,768 | INFO | Last best score 0.5673558562994003 - 5 steps ago
2025-09-13 18:26:58,768 | INFO | {'epoch_accuracy': 0.8500000238418579, 'epoch_top-5-accuracy': 0.9760000109672546, 'epoch_loss': 0.6580430418252945, 'epoch': 112, 'dataset': 'val'}
2025-09-13 18:27:35,594 | INFO | Epoch summary loss: 0.627348 accuracy: 0.818464 top-5-accuracy: 0.959758
2025-09-13 18:27:37,102 | INFO | Current lr: 0.00016362712429686844
2025-09-13 18:27:37,102 | INFO | Last best score 0.5673558562994003 - 6 steps ago
2025-09-13 18:27:37,102 | INFO | {'epoch_accuracy': 0.8539999723434448, 'epoch_top-5-accuracy': 0.9800000190734863, 'epoch_loss': 0.6260057538747787, 'epoch': 113, 'dataset': 'val'}
2025-09-13 18:28:14,001 | INFO | Epoch summary loss: 0.619037 accuracy: 0.821401 top-5-accuracy: 0.960501
2025-09-13 18:28:15,432 | INFO | Current lr: 0.00015987388825490368
2025-09-13 18:28:15,432 | INFO | Last best score 0.5673558562994003 - 7 steps ago
2025-09-13 18:28:15,432 | INFO | {'epoch_accuracy': 0.8220000267028809, 'epoch_top-5-accuracy': 0.9679999947547913, 'epoch_loss': 0.7337479293346405, 'epoch': 114, 'dataset': 'val'}
2025-09-13 18:28:52,174 | INFO | Epoch summary loss: 0.618860 accuracy: 0.823436 top-5-accuracy: 0.960762
2025-09-13 18:28:53,679 | INFO | Current lr: 0.00015608623589560684
2025-09-13 18:28:53,679 | INFO | Last best score 0.5673558562994003 - 8 steps ago
2025-09-13 18:28:53,679 | INFO | {'epoch_accuracy': 0.843999981880188, 'epoch_top-5-accuracy': 0.9819999933242798, 'epoch_loss': 0.6486989706754684, 'epoch': 115, 'dataset': 'val'}
2025-09-13 18:29:30,591 | INFO | Epoch summary loss: 0.601444 accuracy: 0.828403 top-5-accuracy: 0.962156
2025-09-13 18:29:32,097 | INFO | Current lr: 0.00015226790517456785
2025-09-13 18:29:32,097 | INFO | Last best score 0.5673558562994003 - 9 steps ago
2025-09-13 18:29:32,097 | INFO | {'epoch_accuracy': 0.8460000157356262, 'epoch_top-5-accuracy': 0.9800000190734863, 'epoch_loss': 0.687775045633316, 'epoch': 116, 'dataset': 'val'}
2025-09-13 18:30:08,676 | INFO | Epoch summary loss: 0.625687 accuracy: 0.824377 top-5-accuracy: 0.960280
2025-09-13 18:30:10,138 | INFO | Current lr: 0.0001484226643232156
2025-09-13 18:30:10,138 | INFO | Last best score 0.5673558562994003 - 10 steps ago
2025-09-13 18:30:10,138 | INFO | {'epoch_accuracy': 0.8399999737739563, 'epoch_top-5-accuracy': 0.9779999852180481, 'epoch_loss': 0.6373718976974487, 'epoch': 117, 'dataset': 'val'}
2025-09-13 18:30:46,720 | INFO | Epoch summary loss: 0.604613 accuracy: 0.824253 top-5-accuracy: 0.962349
2025-09-13 18:30:48,149 | INFO | Current lr: 0.00014455430813002887
2025-09-13 18:30:48,149 | INFO | Last best score 0.5673558562994003 - 11 steps ago
2025-09-13 18:30:48,149 | INFO | {'epoch_accuracy': 0.8500000238418579, 'epoch_top-5-accuracy': 0.9779999852180481, 'epoch_loss': 0.6170917898416519, 'epoch': 118, 'dataset': 'val'}
2025-09-13 18:31:24,922 | INFO | Epoch summary loss: 0.591534 accuracy: 0.828817 top-5-accuracy: 0.960246
2025-09-13 18:31:26,411 | INFO | Current lr: 0.00014066665419553806
2025-09-13 18:31:26,411 | INFO | Last best score 0.5673558562994003 - 12 steps ago
2025-09-13 18:31:26,411 | INFO | {'epoch_accuracy': 0.8399999737739563, 'epoch_top-5-accuracy': 0.9760000109672546, 'epoch_loss': 0.670323446393013, 'epoch': 119, 'dataset': 'val'}
2025-09-13 18:32:03,508 | INFO | Epoch summary loss: 0.589914 accuracy: 0.829038 top-5-accuracy: 0.962979
2025-09-13 18:32:04,980 | INFO | Current lr: 0.00013676353916481428
2025-09-13 18:32:04,980 | INFO | Last best score 0.5673558562994003 - 13 steps ago
2025-09-13 18:32:04,980 | INFO | {'epoch_accuracy': 0.843999981880188, 'epoch_top-5-accuracy': 0.9800000190734863, 'epoch_loss': 0.6074584275484085, 'epoch': 120, 'dataset': 'val'}
2025-09-13 18:32:41,645 | INFO | Epoch summary loss: 0.589258 accuracy: 0.829650 top-5-accuracy: 0.963115
2025-09-13 18:32:43,161 | INFO | Current lr: 0.0001328488149411642
2025-09-13 18:32:43,161 | INFO | Last best score 0.5673558562994003 - 14 steps ago
2025-09-13 18:32:43,161 | INFO | {'epoch_accuracy': 0.8679999709129333, 'epoch_top-5-accuracy': 0.9800000190734863, 'epoch_loss': 0.5976593941450119, 'epoch': 121, 'dataset': 'val'}
2025-09-13 18:33:20,348 | INFO | Epoch summary loss: 0.576280 accuracy: 0.833936 top-5-accuracy: 0.964521
2025-09-13 18:33:21,879 | INFO | Current lr: 0.00012892634488476603
2025-09-13 18:33:21,879 | INFO | Last best score 0.5673558562994003 - 15 steps ago
2025-09-13 18:33:21,879 | INFO | {'epoch_accuracy': 0.828000009059906, 'epoch_top-5-accuracy': 0.9800000190734863, 'epoch_loss': 0.6542021036148071, 'epoch': 122, 'dataset': 'val'}
2025-09-13 18:33:58,682 | INFO | Epoch summary loss: 0.559122 accuracy: 0.833743 top-5-accuracy: 0.966063
2025-09-13 18:34:00,136 | INFO | Current lr: 0.000125
2025-09-13 18:34:00,136 | INFO | Last best score 0.5673558562994003 - 16 steps ago
2025-09-13 18:34:00,136 | INFO | {'epoch_accuracy': 0.8420000076293945, 'epoch_top-5-accuracy': 0.9779999852180481, 'epoch_loss': 0.6347135156393051, 'epoch': 123, 'dataset': 'val'}
2025-09-13 18:34:37,258 | INFO | Epoch summary loss: 0.576373 accuracy: 0.836669 top-5-accuracy: 0.962190
2025-09-13 18:34:38,738 | INFO | Current lr: 0.00012107365511523396
2025-09-13 18:34:38,738 | INFO | Last best score 0.5673558562994003 - 17 steps ago
2025-09-13 18:34:38,738 | INFO | {'epoch_accuracy': 0.8460000157356262, 'epoch_top-5-accuracy': 0.9779999852180481, 'epoch_loss': 0.6084029451012611, 'epoch': 124, 'dataset': 'val'}
2025-09-13 18:35:15,441 | INFO | Epoch summary loss: 0.530648 accuracy: 0.844170 top-5-accuracy: 0.968937
2025-09-13 18:35:16,943 | INFO | Current lr: 0.00011715118505883583
2025-09-13 18:35:16,943 | INFO | Last best score 0.5673558562994003 - 18 steps ago
2025-09-13 18:35:16,943 | INFO | {'epoch_accuracy': 0.8339999914169312, 'epoch_top-5-accuracy': 0.9760000109672546, 'epoch_loss': 0.5985389351844788, 'epoch': 125, 'dataset': 'val'}
2025-09-13 18:35:53,954 | INFO | Epoch summary loss: 0.565111 accuracy: 0.837298 top-5-accuracy: 0.964487
2025-09-13 18:35:55,459 | INFO | Current lr: 0.00011323646083518571
2025-09-13 18:35:55,459 | INFO | Last best score 0.5673558562994003 - 19 steps ago
2025-09-13 18:35:55,459 | INFO | {'epoch_accuracy': 0.8399999737739563, 'epoch_top-5-accuracy': 0.9800000190734863, 'epoch_loss': 0.6419573724269867, 'epoch': 126, 'dataset': 'val'}
2025-09-13 18:36:32,603 | INFO | Epoch summary loss: 0.551054 accuracy: 0.840706 top-5-accuracy: 0.964917
2025-09-13 18:36:34,009 | INFO | Current lr: 0.00010933334580446199
2025-09-13 18:36:34,010 | INFO | Last best score 0.5673558562994003 - 20 steps ago
2025-09-13 18:36:34,010 | INFO | {'epoch_accuracy': 0.843999981880188, 'epoch_top-5-accuracy': 0.984000027179718, 'epoch_loss': 0.6362771689891815, 'epoch': 127, 'dataset': 'val'}
2025-09-13 18:37:10,728 | INFO | Epoch summary loss: 0.528526 accuracy: 0.845763 top-5-accuracy: 0.967832
2025-09-13 18:37:12,179 | INFO | Current lr: 0.00010544569186997115
2025-09-13 18:37:12,179 | INFO | Last best score 0.5673558562994003 - 21 steps ago
2025-09-13 18:37:12,179 | INFO | {'epoch_accuracy': 0.8420000076293945, 'epoch_top-5-accuracy': 0.9800000190734863, 'epoch_loss': 0.6455896943807602, 'epoch': 128, 'dataset': 'val'}
2025-09-13 18:37:48,937 | INFO | Epoch summary loss: 0.554411 accuracy: 0.839475 top-5-accuracy: 0.964821
2025-09-13 18:37:50,451 | INFO | Current lr: 0.00010157733567678443
2025-09-13 18:37:50,451 | INFO | Last best score 0.5673558562994003 - 22 steps ago
2025-09-13 18:37:50,451 | INFO | {'epoch_accuracy': 0.8420000076293945, 'epoch_top-5-accuracy': 0.984000027179718, 'epoch_loss': 0.6486247181892395, 'epoch': 129, 'dataset': 'val'}
2025-09-13 18:38:27,067 | INFO | Epoch summary loss: 0.543201 accuracy: 0.843370 top-5-accuracy: 0.968053
2025-09-13 18:38:28,534 | INFO | Current lr: 9.773209482543222e-05
2025-09-13 18:38:28,534 | INFO | Last best score 0.5673558562994003 - 23 steps ago
2025-09-13 18:38:28,534 | INFO | {'epoch_accuracy': 0.8399999737739563, 'epoch_top-5-accuracy': 0.9819999933242798, 'epoch_loss': 0.6630650162696838, 'epoch': 130, 'dataset': 'val'}
2025-09-13 18:39:05,259 | INFO | Epoch summary loss: 0.522753 accuracy: 0.849641 top-5-accuracy: 0.969498
2025-09-13 18:39:06,718 | INFO | Current lr: 9.391376410439314e-05
2025-09-13 18:39:06,718 | INFO | Last best score 0.5673558562994003 - 24 steps ago
2025-09-13 18:39:06,718 | INFO | {'epoch_accuracy': 0.843999981880188, 'epoch_top-5-accuracy': 0.9779999852180481, 'epoch_loss': 0.6380029618740082, 'epoch': 131, 'dataset': 'val'}
2025-09-13 18:39:43,459 | INFO | Epoch summary loss: 0.502078 accuracy: 0.852611 top-5-accuracy: 0.973212
2025-09-13 18:39:44,917 | INFO | Current lr: 9.012611174509635e-05
2025-09-13 18:39:44,917 | INFO | Last best score 0.5673558562994003 - 25 steps ago
2025-09-13 18:39:44,917 | INFO | {'epoch_accuracy': 0.8500000238418579, 'epoch_top-5-accuracy': 0.9879999756813049, 'epoch_loss': 0.6399560868740082, 'epoch': 132, 'dataset': 'val'}
2025-09-13 18:40:21,823 | INFO | Epoch summary loss: 0.511186 accuracy: 0.850173 top-5-accuracy: 0.971148
2025-09-13 18:40:23,291 | INFO | Current lr: 8.637287570313161e-05
2025-09-13 18:40:23,291 | INFO | Last best score 0.5673558562994003 - 26 steps ago
2025-09-13 18:40:23,291 | INFO | {'epoch_accuracy': 0.8379999995231628, 'epoch_top-5-accuracy': 0.9819999933242798, 'epoch_loss': 0.6658745855093002, 'epoch': 133, 'dataset': 'val'}
2025-09-13 18:40:59,806 | INFO | Epoch summary loss: 0.507963 accuracy: 0.849374 top-5-accuracy: 0.971330
2025-09-13 18:41:01,299 | INFO | Current lr: 8.265775996933858e-05
2025-09-13 18:41:01,299 | INFO | Last best score 0.5673558562994003 - 27 steps ago
2025-09-13 18:41:01,299 | INFO | {'epoch_accuracy': 0.8339999914169312, 'epoch_top-5-accuracy': 0.9800000190734863, 'epoch_loss': 0.6378750056028366, 'epoch': 134, 'dataset': 'val'}
2025-09-13 18:41:38,106 | INFO | Epoch summary loss: 0.506645 accuracy: 0.853020 top-5-accuracy: 0.971188
2025-09-13 18:41:39,552 | INFO | Current lr: 7.898443091441529e-05
2025-09-13 18:41:39,552 | INFO | Last best score 0.5673558562994003 - 28 steps ago
2025-09-13 18:41:39,552 | INFO | {'epoch_accuracy': 0.8479999899864197, 'epoch_top-5-accuracy': 0.9879999756813049, 'epoch_loss': 0.649347186088562, 'epoch': 135, 'dataset': 'val'}
2025-09-13 18:42:16,321 | INFO | Epoch summary loss: 0.497346 accuracy: 0.849992 top-5-accuracy: 0.972288
2025-09-13 18:42:17,817 | INFO | Current lr: 7.535651367065242e-05
2025-09-13 18:42:17,817 | INFO | Last best score 0.5673558562994003 - 29 steps ago
2025-09-13 18:42:17,817 | INFO | {'epoch_accuracy': 0.8399999737739563, 'epoch_top-5-accuracy': 0.9800000190734863, 'epoch_loss': 0.6405785977840424, 'epoch': 136, 'dataset': 'val'}
2025-09-13 18:42:54,770 | INFO | Epoch summary loss: 0.485942 accuracy: 0.860906 top-5-accuracy: 0.970264
2025-09-13 18:42:56,298 | INFO | Current lr: 7.177758855436592e-05
2025-09-13 18:42:56,298 | INFO | Last best score 0.5673558562994003 - 30 steps ago
2025-09-13 18:42:56,298 | INFO | Early stopping triggered at epoch 137
2025-09-13 18:42:56,298 | INFO | Training finished...
2025-09-13 18:43:03,257 | INFO | Uploaded checkpoints/sports_cv_project_classification/vgg11-paper-heavy-augmentations-cosine_anealing_with_decay/best_model.pth to s3://computer-vision-models-pytorch-bucket/checkpoints/sports_cv_project_classification/vgg11-paper-heavy-augmentations-cosine_anealing_with_decay/best_model.pth
2025-09-13 18:43:03,257 | INFO | [S3] Saved model weights to checkpoints/sports_cv_project_classification/vgg11-paper-heavy-augmentations-cosine_anealing_with_decay/best_model.pth
