2025-09-03 21:46:21,239 [INFO] Global seed set to 42
2025-09-03 21:46:21,239 [INFO] Folder logs/sports_cv_project_classification/vgg8-base was removed with its entire content
2025-09-03 21:46:21,239 [INFO] Path logs/sports_cv_project_classification/vgg8-base/train created or existed
2025-09-03 21:46:21,239 [INFO] Path logs/sports_cv_project_classification/vgg8-base/val created or existed
2025-09-03 21:46:21,239 [INFO] Path logs/sports_cv_project_classification/vgg8-base/test created or existed
2025-09-03 21:46:21,239 [INFO] Folder checkpoints/sports_cv_project_classification/vgg8-base was removed with its entire content
2025-09-03 21:46:21,239 [INFO] Path checkpoints/sports_cv_project_classification/vgg8-base created or existed
2025-09-03 21:46:21,241 [INFO] Training started...
2025-09-03 21:46:34,657 [INFO] New metrics saved to logs/sports_cv_project_classification/vgg8-base/train/metrics.json
2025-09-03 21:46:34,657 [INFO] loss: 4.614406 accuracy: 0.009375 top-5-accuracy: 0.052500
2025-09-03 21:46:47,647 [INFO] New metrics saved to logs/sports_cv_project_classification/vgg8-base/train/metrics.json
2025-09-03 21:46:47,647 [INFO] loss: 4.599540 accuracy: 0.014687 top-5-accuracy: 0.061250
2025-09-03 21:47:00,693 [INFO] New metrics saved to logs/sports_cv_project_classification/vgg8-base/train/metrics.json
2025-09-03 21:47:00,693 [INFO] loss: 4.520519 accuracy: 0.016250 top-5-accuracy: 0.085625
2025-09-03 21:47:13,845 [INFO] New metrics saved to logs/sports_cv_project_classification/vgg8-base/train/metrics.json
2025-09-03 21:47:13,845 [INFO] loss: 4.344027 accuracy: 0.025937 top-5-accuracy: 0.110312
2025-09-03 21:47:16,710 [INFO] New metrics saved to logs/sports_cv_project_classification/vgg8-base/train/metrics.json
2025-09-03 21:47:16,710 [INFO] loss: 4.369112 epoch_loss: 4.511972 accuracy: 0.023798 epoch_accuracy: 0.016901 top-5-accuracy: 0.107572 epoch_top-5-accuracy: 0.078706
2025-09-03 21:47:16,710 [INFO] Epoch summary loss: 4.511972 accuracy: 0.016901 top-5-accuracy: 0.078706
2025-09-03 21:47:17,603 [INFO] New metrics saved to logs/sports_cv_project_classification/vgg8-base/val/metrics.json
2025-09-03 21:47:17,603 [INFO] accuracy: 0.022000 top-5-accuracy: 0.104000 loss: 4.345847
2025-09-03 21:47:17,603 [INFO] Current lr: [0.001]
2025-09-03 21:47:17,651 [INFO] Model saved. New best value 4.345847
2025-09-03 21:47:30,831 [INFO] New metrics saved to logs/sports_cv_project_classification/vgg8-base/train/metrics.json
2025-09-03 21:47:30,831 [INFO] loss: 4.310574 accuracy: 0.024063 top-5-accuracy: 0.112187
2025-09-03 21:47:43,905 [INFO] New metrics saved to logs/sports_cv_project_classification/vgg8-base/train/metrics.json
2025-09-03 21:47:43,906 [INFO] loss: 4.319741 accuracy: 0.018125 top-5-accuracy: 0.108750
2025-09-03 21:47:56,944 [INFO] New metrics saved to logs/sports_cv_project_classification/vgg8-base/train/metrics.json
2025-09-03 21:47:56,944 [INFO] loss: 4.277324 accuracy: 0.025937 top-5-accuracy: 0.107813
2025-09-03 21:48:10,043 [INFO] New metrics saved to logs/sports_cv_project_classification/vgg8-base/train/metrics.json
2025-09-03 21:48:10,043 [INFO] loss: 4.280943 accuracy: 0.024375 top-5-accuracy: 0.119375
2025-09-03 21:48:12,912 [INFO] New metrics saved to logs/sports_cv_project_classification/vgg8-base/train/metrics.json
2025-09-03 21:48:12,913 [INFO] loss: 4.261222 epoch_loss: 4.294941 accuracy: 0.028846 epoch_accuracy: 0.023435 top-5-accuracy: 0.111899 epoch_top-5-accuracy: 0.112160
2025-09-03 21:48:12,913 [INFO] Epoch summary loss: 4.294941 accuracy: 0.023435 top-5-accuracy: 0.112160
2025-09-03 21:48:13,797 [INFO] New metrics saved to logs/sports_cv_project_classification/vgg8-base/val/metrics.json
2025-09-03 21:48:13,797 [INFO] accuracy: 0.024000 top-5-accuracy: 0.114000 loss: 4.266897
2025-09-03 21:48:13,797 [INFO] Current lr: [0.001]
2025-09-03 21:48:13,866 [INFO] Model saved. New best value 4.266897
2025-09-03 21:48:27,027 [INFO] New metrics saved to logs/sports_cv_project_classification/vgg8-base/train/metrics.json
2025-09-03 21:48:27,027 [INFO] loss: 4.268833 accuracy: 0.026875 top-5-accuracy: 0.118125
2025-09-03 21:48:40,082 [INFO] New metrics saved to logs/sports_cv_project_classification/vgg8-base/train/metrics.json
2025-09-03 21:48:40,082 [INFO] loss: 4.254858 accuracy: 0.022500 top-5-accuracy: 0.124375
2025-09-03 21:48:53,175 [INFO] New metrics saved to logs/sports_cv_project_classification/vgg8-base/train/metrics.json
2025-09-03 21:48:53,175 [INFO] loss: 4.256110 accuracy: 0.026875 top-5-accuracy: 0.125000
2025-09-03 21:49:06,287 [INFO] New metrics saved to logs/sports_cv_project_classification/vgg8-base/train/metrics.json
2025-09-03 21:49:06,287 [INFO] loss: 4.220550 accuracy: 0.027813 top-5-accuracy: 0.126562
2025-09-03 21:49:09,147 [INFO] New metrics saved to logs/sports_cv_project_classification/vgg8-base/train/metrics.json
2025-09-03 21:49:09,147 [INFO] loss: 4.182906 epoch_loss: 4.246955 accuracy: 0.018750 epoch_accuracy: 0.025918 top-5-accuracy: 0.133053 epoch_top-5-accuracy: 0.123753
2025-09-03 21:49:09,147 [INFO] Epoch summary loss: 4.246955 accuracy: 0.025918 top-5-accuracy: 0.123753
2025-09-03 21:49:10,049 [INFO] New metrics saved to logs/sports_cv_project_classification/vgg8-base/val/metrics.json
2025-09-03 21:49:10,049 [INFO] accuracy: 0.028000 top-5-accuracy: 0.128000 loss: 4.209958
2025-09-03 21:49:10,049 [INFO] Current lr: [0.001]
2025-09-03 21:49:10,117 [INFO] Model saved. New best value 4.209958
2025-09-03 21:49:23,317 [INFO] New metrics saved to logs/sports_cv_project_classification/vgg8-base/train/metrics.json
2025-09-03 21:49:23,317 [INFO] loss: 4.220401 accuracy: 0.031875 top-5-accuracy: 0.142187
2025-09-03 21:49:36,372 [INFO] New metrics saved to logs/sports_cv_project_classification/vgg8-base/train/metrics.json
2025-09-03 21:49:36,372 [INFO] loss: 4.213581 accuracy: 0.030000 top-5-accuracy: 0.136875
2025-09-03 21:49:49,410 [INFO] New metrics saved to logs/sports_cv_project_classification/vgg8-base/train/metrics.json
2025-09-03 21:49:49,410 [INFO] loss: 4.204170 accuracy: 0.030937 top-5-accuracy: 0.135000
2025-09-03 21:50:02,493 [INFO] New metrics saved to logs/sports_cv_project_classification/vgg8-base/train/metrics.json
2025-09-03 21:50:02,493 [INFO] loss: 4.187039 accuracy: 0.032188 top-5-accuracy: 0.161875
2025-09-03 21:50:05,342 [INFO] New metrics saved to logs/sports_cv_project_classification/vgg8-base/train/metrics.json
2025-09-03 21:50:05,343 [INFO] loss: 4.171821 epoch_loss: 4.204386 accuracy: 0.030048 epoch_accuracy: 0.031119 top-5-accuracy: 0.148678 epoch_top-5-accuracy: 0.144339
2025-09-03 21:50:05,343 [INFO] Epoch summary loss: 4.204386 accuracy: 0.031119 top-5-accuracy: 0.144339
2025-09-03 21:50:06,225 [INFO] New metrics saved to logs/sports_cv_project_classification/vgg8-base/val/metrics.json
2025-09-03 21:50:06,225 [INFO] accuracy: 0.034000 top-5-accuracy: 0.160000 loss: 4.147450
2025-09-03 21:50:06,225 [INFO] Current lr: [0.001]
2025-09-03 21:50:06,292 [INFO] Model saved. New best value 4.147450
2025-09-03 21:50:19,501 [INFO] New metrics saved to logs/sports_cv_project_classification/vgg8-base/train/metrics.json
2025-09-03 21:50:19,501 [INFO] loss: 4.149919 accuracy: 0.031563 top-5-accuracy: 0.157500
2025-09-03 21:50:32,580 [INFO] New metrics saved to logs/sports_cv_project_classification/vgg8-base/train/metrics.json
2025-09-03 21:50:32,580 [INFO] loss: 4.107354 accuracy: 0.038437 top-5-accuracy: 0.159375
2025-09-03 21:50:45,648 [INFO] New metrics saved to logs/sports_cv_project_classification/vgg8-base/train/metrics.json
2025-09-03 21:50:45,648 [INFO] loss: 4.117386 accuracy: 0.033438 top-5-accuracy: 0.168750
2025-09-03 21:50:58,738 [INFO] New metrics saved to logs/sports_cv_project_classification/vgg8-base/train/metrics.json
2025-09-03 21:50:58,738 [INFO] loss: 4.095453 accuracy: 0.042188 top-5-accuracy: 0.178750
2025-09-03 21:51:01,621 [INFO] New metrics saved to logs/sports_cv_project_classification/vgg8-base/train/metrics.json
2025-09-03 21:51:01,621 [INFO] loss: 4.086423 epoch_loss: 4.116172 accuracy: 0.042548 epoch_accuracy: 0.036599 top-5-accuracy: 0.176683 epoch_top-5-accuracy: 0.166623
2025-09-03 21:51:01,621 [INFO] Epoch summary loss: 4.116172 accuracy: 0.036599 top-5-accuracy: 0.166623
2025-09-03 21:51:02,509 [INFO] New metrics saved to logs/sports_cv_project_classification/vgg8-base/val/metrics.json
2025-09-03 21:51:02,509 [INFO] accuracy: 0.030000 top-5-accuracy: 0.178000 loss: 4.050819
2025-09-03 21:51:02,509 [INFO] Current lr: [0.001]
2025-09-03 21:51:02,576 [INFO] Model saved. New best value 4.050819
2025-09-03 21:51:15,790 [INFO] New metrics saved to logs/sports_cv_project_classification/vgg8-base/train/metrics.json
2025-09-03 21:51:15,790 [INFO] loss: 4.019258 accuracy: 0.038750 top-5-accuracy: 0.194062
2025-09-03 21:51:28,881 [INFO] New metrics saved to logs/sports_cv_project_classification/vgg8-base/train/metrics.json
2025-09-03 21:51:28,881 [INFO] loss: 4.037157 accuracy: 0.044375 top-5-accuracy: 0.183125
2025-09-03 21:51:41,958 [INFO] New metrics saved to logs/sports_cv_project_classification/vgg8-base/train/metrics.json
2025-09-03 21:51:41,958 [INFO] loss: 4.005836 accuracy: 0.045312 top-5-accuracy: 0.201875
2025-09-03 21:51:55,038 [INFO] New metrics saved to logs/sports_cv_project_classification/vgg8-base/train/metrics.json
2025-09-03 21:51:55,038 [INFO] loss: 4.042342 accuracy: 0.048438 top-5-accuracy: 0.200625
2025-09-03 21:51:57,894 [INFO] New metrics saved to logs/sports_cv_project_classification/vgg8-base/train/metrics.json
2025-09-03 21:51:57,894 [INFO] loss: 3.963049 epoch_loss: 4.022843 accuracy: 0.053846 epoch_accuracy: 0.044836 top-5-accuracy: 0.225721 epoch_top-5-accuracy: 0.196420
2025-09-03 21:51:57,894 [INFO] Epoch summary loss: 4.022843 accuracy: 0.044836 top-5-accuracy: 0.196420
2025-09-03 21:51:58,759 [INFO] New metrics saved to logs/sports_cv_project_classification/vgg8-base/val/metrics.json
2025-09-03 21:51:58,759 [INFO] accuracy: 0.052000 top-5-accuracy: 0.230000 loss: 3.941330
2025-09-03 21:51:58,759 [INFO] Current lr: [0.001]
2025-09-03 21:51:58,824 [INFO] Model saved. New best value 3.941330
2025-09-03 21:52:12,054 [INFO] New metrics saved to logs/sports_cv_project_classification/vgg8-base/train/metrics.json
2025-09-03 21:52:12,054 [INFO] loss: 3.981437 accuracy: 0.052500 top-5-accuracy: 0.205313
2025-09-03 21:52:25,113 [INFO] New metrics saved to logs/sports_cv_project_classification/vgg8-base/train/metrics.json
2025-09-03 21:52:25,113 [INFO] loss: 3.918591 accuracy: 0.057500 top-5-accuracy: 0.226875
2025-09-03 21:52:38,150 [INFO] New metrics saved to logs/sports_cv_project_classification/vgg8-base/train/metrics.json
2025-09-03 21:52:38,150 [INFO] loss: 3.946542 accuracy: 0.055625 top-5-accuracy: 0.224062
2025-09-03 21:52:51,193 [INFO] New metrics saved to logs/sports_cv_project_classification/vgg8-base/train/metrics.json
2025-09-03 21:52:51,193 [INFO] loss: 3.922745 accuracy: 0.060000 top-5-accuracy: 0.236875
2025-09-03 21:52:54,038 [INFO] New metrics saved to logs/sports_cv_project_classification/vgg8-base/train/metrics.json
2025-09-03 21:52:54,038 [INFO] loss: 3.908287 epoch_loss: 3.940224 accuracy: 0.063101 epoch_accuracy: 0.056975 top-5-accuracy: 0.234014 epoch_top-5-accuracy: 0.224213
2025-09-03 21:52:54,038 [INFO] Epoch summary loss: 3.940224 accuracy: 0.056975 top-5-accuracy: 0.224213
2025-09-03 21:52:54,916 [INFO] New metrics saved to logs/sports_cv_project_classification/vgg8-base/val/metrics.json
2025-09-03 21:52:54,916 [INFO] accuracy: 0.050000 top-5-accuracy: 0.226000 loss: 3.889280
2025-09-03 21:52:54,916 [INFO] Current lr: [0.001]
2025-09-03 21:52:54,989 [INFO] Model saved. New best value 3.889280
2025-09-03 21:53:08,198 [INFO] New metrics saved to logs/sports_cv_project_classification/vgg8-base/train/metrics.json
2025-09-03 21:53:08,198 [INFO] loss: 3.917742 accuracy: 0.064062 top-5-accuracy: 0.244688
2025-09-03 21:53:21,291 [INFO] New metrics saved to logs/sports_cv_project_classification/vgg8-base/train/metrics.json
2025-09-03 21:53:21,291 [INFO] loss: 3.892624 accuracy: 0.057188 top-5-accuracy: 0.233750
2025-09-03 21:53:34,388 [INFO] New metrics saved to logs/sports_cv_project_classification/vgg8-base/train/metrics.json
2025-09-03 21:53:34,388 [INFO] loss: 3.871819 accuracy: 0.063750 top-5-accuracy: 0.236250
2025-09-03 21:53:47,474 [INFO] New metrics saved to logs/sports_cv_project_classification/vgg8-base/train/metrics.json
2025-09-03 21:53:47,474 [INFO] loss: 3.861591 accuracy: 0.058125 top-5-accuracy: 0.245000
2025-09-03 21:53:50,317 [INFO] New metrics saved to logs/sports_cv_project_classification/vgg8-base/train/metrics.json
2025-09-03 21:53:50,318 [INFO] loss: 3.858803 epoch_loss: 3.884359 accuracy: 0.056130 epoch_accuracy: 0.060569 top-5-accuracy: 0.239423 epoch_top-5-accuracy: 0.240390
2025-09-03 21:53:50,318 [INFO] Epoch summary loss: 3.884359 accuracy: 0.060569 top-5-accuracy: 0.240390
2025-09-03 21:53:51,231 [INFO] New metrics saved to logs/sports_cv_project_classification/vgg8-base/val/metrics.json
2025-09-03 21:53:51,231 [INFO] accuracy: 0.080000 top-5-accuracy: 0.258000 loss: 3.770786
2025-09-03 21:53:51,231 [INFO] Current lr: [0.001]
2025-09-03 21:53:51,298 [INFO] Model saved. New best value 3.770786
2025-09-03 21:54:04,532 [INFO] New metrics saved to logs/sports_cv_project_classification/vgg8-base/train/metrics.json
2025-09-03 21:54:04,532 [INFO] loss: 3.832927 accuracy: 0.063125 top-5-accuracy: 0.250937
2025-09-03 21:54:17,622 [INFO] New metrics saved to logs/sports_cv_project_classification/vgg8-base/train/metrics.json
2025-09-03 21:54:17,622 [INFO] loss: 3.840623 accuracy: 0.076875 top-5-accuracy: 0.255312
2025-09-03 21:54:30,668 [INFO] New metrics saved to logs/sports_cv_project_classification/vgg8-base/train/metrics.json
2025-09-03 21:54:30,668 [INFO] loss: 3.810718 accuracy: 0.076250 top-5-accuracy: 0.280625
2025-09-03 21:54:43,738 [INFO] New metrics saved to logs/sports_cv_project_classification/vgg8-base/train/metrics.json
2025-09-03 21:54:43,738 [INFO] loss: 3.756503 accuracy: 0.070312 top-5-accuracy: 0.289062
2025-09-03 21:54:46,585 [INFO] New metrics saved to logs/sports_cv_project_classification/vgg8-base/train/metrics.json
2025-09-03 21:54:46,585 [INFO] loss: 3.831917 epoch_loss: 3.810898 accuracy: 0.064784 epoch_accuracy: 0.071346 top-5-accuracy: 0.249399 epoch_top-5-accuracy: 0.268188
2025-09-03 21:54:46,585 [INFO] Epoch summary loss: 3.810898 accuracy: 0.071346 top-5-accuracy: 0.268188
2025-09-03 21:54:47,464 [INFO] New metrics saved to logs/sports_cv_project_classification/vgg8-base/val/metrics.json
2025-09-03 21:54:47,464 [INFO] accuracy: 0.070000 top-5-accuracy: 0.290000 loss: 3.661246
2025-09-03 21:54:47,464 [INFO] Current lr: [0.001]
2025-09-03 21:54:47,528 [INFO] Model saved. New best value 3.661246
2025-09-03 21:55:00,647 [INFO] New metrics saved to logs/sports_cv_project_classification/vgg8-base/train/metrics.json
2025-09-03 21:55:00,647 [INFO] loss: 3.747195 accuracy: 0.077188 top-5-accuracy: 0.291563
2025-09-03 21:55:13,721 [INFO] New metrics saved to logs/sports_cv_project_classification/vgg8-base/train/metrics.json
2025-09-03 21:55:13,722 [INFO] loss: 3.788140 accuracy: 0.079062 top-5-accuracy: 0.279687
2025-09-03 21:55:26,760 [INFO] New metrics saved to logs/sports_cv_project_classification/vgg8-base/train/metrics.json
2025-09-03 21:55:26,760 [INFO] loss: 3.738550 accuracy: 0.081250 top-5-accuracy: 0.293125
2025-09-03 21:55:39,789 [INFO] New metrics saved to logs/sports_cv_project_classification/vgg8-base/train/metrics.json
2025-09-03 21:55:39,789 [INFO] loss: 3.704454 accuracy: 0.085312 top-5-accuracy: 0.325000
2025-09-03 21:55:42,633 [INFO] New metrics saved to logs/sports_cv_project_classification/vgg8-base/train/metrics.json
2025-09-03 21:55:42,634 [INFO] loss: 3.757239 epoch_loss: 3.744902 accuracy: 0.060457 epoch_accuracy: 0.079509 top-5-accuracy: 0.281731 epoch_top-5-accuracy: 0.296305
2025-09-03 21:55:42,634 [INFO] Epoch summary loss: 3.744902 accuracy: 0.079509 top-5-accuracy: 0.296305
2025-09-03 21:55:43,560 [INFO] New metrics saved to logs/sports_cv_project_classification/vgg8-base/val/metrics.json
2025-09-03 21:55:43,560 [INFO] accuracy: 0.112000 top-5-accuracy: 0.338000 loss: 3.648811
2025-09-03 21:55:43,560 [INFO] Current lr: [0.001]
2025-09-03 21:55:43,621 [INFO] Model saved. New best value 3.648811
2025-09-03 21:55:56,738 [INFO] New metrics saved to logs/sports_cv_project_classification/vgg8-base/train/metrics.json
2025-09-03 21:55:56,738 [INFO] loss: 3.681874 accuracy: 0.092813 top-5-accuracy: 0.317500
2025-09-03 21:56:09,793 [INFO] New metrics saved to logs/sports_cv_project_classification/vgg8-base/train/metrics.json
2025-09-03 21:56:09,793 [INFO] loss: 3.679701 accuracy: 0.091875 top-5-accuracy: 0.327500
2025-09-03 21:56:22,881 [INFO] New metrics saved to logs/sports_cv_project_classification/vgg8-base/train/metrics.json
2025-09-03 21:56:22,881 [INFO] loss: 3.665457 accuracy: 0.093750 top-5-accuracy: 0.324062
2025-09-03 21:56:35,937 [INFO] New metrics saved to logs/sports_cv_project_classification/vgg8-base/train/metrics.json
2025-09-03 21:56:35,938 [INFO] loss: 3.604918 accuracy: 0.101562 top-5-accuracy: 0.336562
2025-09-03 21:56:38,789 [INFO] New metrics saved to logs/sports_cv_project_classification/vgg8-base/train/metrics.json
2025-09-03 21:56:38,789 [INFO] loss: 3.590561 epoch_loss: 3.655152 accuracy: 0.096274 epoch_accuracy: 0.094832 top-5-accuracy: 0.366106 epoch_top-5-accuracy: 0.328518
2025-09-03 21:56:38,789 [INFO] Epoch summary loss: 3.655152 accuracy: 0.094832 top-5-accuracy: 0.328518
2025-09-03 21:56:39,693 [INFO] New metrics saved to logs/sports_cv_project_classification/vgg8-base/val/metrics.json
2025-09-03 21:56:39,693 [INFO] accuracy: 0.124000 top-5-accuracy: 0.356000 loss: 3.523382
2025-09-03 21:56:39,693 [INFO] Current lr: [0.001]
2025-09-03 21:56:39,758 [INFO] Model saved. New best value 3.523382
2025-09-03 21:56:52,919 [INFO] New metrics saved to logs/sports_cv_project_classification/vgg8-base/train/metrics.json
2025-09-03 21:56:52,919 [INFO] loss: 3.598540 accuracy: 0.113437 top-5-accuracy: 0.355625
2025-09-03 21:57:05,980 [INFO] New metrics saved to logs/sports_cv_project_classification/vgg8-base/train/metrics.json
2025-09-03 21:57:05,980 [INFO] loss: 3.613564 accuracy: 0.097500 top-5-accuracy: 0.348438
2025-09-03 21:57:19,077 [INFO] New metrics saved to logs/sports_cv_project_classification/vgg8-base/train/metrics.json
2025-09-03 21:57:19,077 [INFO] loss: 3.584323 accuracy: 0.101250 top-5-accuracy: 0.358125
2025-09-03 21:57:32,146 [INFO] New metrics saved to logs/sports_cv_project_classification/vgg8-base/train/metrics.json
2025-09-03 21:57:32,146 [INFO] loss: 3.571225 accuracy: 0.104375 top-5-accuracy: 0.357812
2025-09-03 21:57:34,995 [INFO] New metrics saved to logs/sports_cv_project_classification/vgg8-base/train/metrics.json
2025-09-03 21:57:34,995 [INFO] loss: 3.536328 epoch_loss: 3.589342 accuracy: 0.113101 epoch_accuracy: 0.104220 top-5-accuracy: 0.381971 epoch_top-5-accuracy: 0.356669
2025-09-03 21:57:34,995 [INFO] Epoch summary loss: 3.589342 accuracy: 0.104220 top-5-accuracy: 0.356669
2025-09-03 21:57:35,895 [INFO] New metrics saved to logs/sports_cv_project_classification/vgg8-base/val/metrics.json
2025-09-03 21:57:35,895 [INFO] accuracy: 0.106000 top-5-accuracy: 0.390000 loss: 3.467179
2025-09-03 21:57:35,895 [INFO] Current lr: [0.001]
2025-09-03 21:57:35,962 [INFO] Model saved. New best value 3.467179
2025-09-03 21:57:49,087 [INFO] New metrics saved to logs/sports_cv_project_classification/vgg8-base/train/metrics.json
2025-09-03 21:57:49,087 [INFO] loss: 3.514128 accuracy: 0.112500 top-5-accuracy: 0.386875
2025-09-03 21:58:02,175 [INFO] New metrics saved to logs/sports_cv_project_classification/vgg8-base/train/metrics.json
2025-09-03 21:58:02,175 [INFO] loss: 3.515325 accuracy: 0.115625 top-5-accuracy: 0.386250
2025-09-03 21:58:15,279 [INFO] New metrics saved to logs/sports_cv_project_classification/vgg8-base/train/metrics.json
2025-09-03 21:58:15,279 [INFO] loss: 3.513383 accuracy: 0.114062 top-5-accuracy: 0.374063
2025-09-03 21:58:28,347 [INFO] New metrics saved to logs/sports_cv_project_classification/vgg8-base/train/metrics.json
2025-09-03 21:58:28,348 [INFO] loss: 3.507319 accuracy: 0.118438 top-5-accuracy: 0.380312
2025-09-03 21:58:31,206 [INFO] New metrics saved to logs/sports_cv_project_classification/vgg8-base/train/metrics.json
2025-09-03 21:58:31,207 [INFO] loss: 3.498947 epoch_loss: 3.512310 accuracy: 0.116226 epoch_accuracy: 0.114883 top-5-accuracy: 0.381851 epoch_top-5-accuracy: 0.381693
2025-09-03 21:58:31,207 [INFO] Epoch summary loss: 3.512310 accuracy: 0.114883 top-5-accuracy: 0.381693
2025-09-03 21:58:32,129 [INFO] New metrics saved to logs/sports_cv_project_classification/vgg8-base/val/metrics.json
2025-09-03 21:58:32,129 [INFO] accuracy: 0.132000 top-5-accuracy: 0.404000 loss: 3.378302
2025-09-03 21:58:32,129 [INFO] Current lr: [0.001]
2025-09-03 21:58:32,197 [INFO] Model saved. New best value 3.378302
2025-09-03 21:58:45,331 [INFO] New metrics saved to logs/sports_cv_project_classification/vgg8-base/train/metrics.json
2025-09-03 21:58:45,331 [INFO] loss: 3.437552 accuracy: 0.127812 top-5-accuracy: 0.400938
2025-09-03 21:58:58,377 [INFO] New metrics saved to logs/sports_cv_project_classification/vgg8-base/train/metrics.json
2025-09-03 21:58:58,377 [INFO] loss: 3.456884 accuracy: 0.125000 top-5-accuracy: 0.404375
2025-09-03 21:59:11,490 [INFO] New metrics saved to logs/sports_cv_project_classification/vgg8-base/train/metrics.json
2025-09-03 21:59:11,490 [INFO] loss: 3.450038 accuracy: 0.131250 top-5-accuracy: 0.418438
2025-09-03 21:59:24,581 [INFO] New metrics saved to logs/sports_cv_project_classification/vgg8-base/train/metrics.json
2025-09-03 21:59:24,581 [INFO] loss: 3.418757 accuracy: 0.130625 top-5-accuracy: 0.404687
2025-09-03 21:59:27,439 [INFO] New metrics saved to logs/sports_cv_project_classification/vgg8-base/train/metrics.json
2025-09-03 21:59:27,439 [INFO] loss: 3.361940 epoch_loss: 3.436541 accuracy: 0.140385 epoch_accuracy: 0.128987 top-5-accuracy: 0.420793 epoch_top-5-accuracy: 0.407828
2025-09-03 21:59:27,439 [INFO] Epoch summary loss: 3.436541 accuracy: 0.128987 top-5-accuracy: 0.407828
2025-09-03 21:59:28,325 [INFO] New metrics saved to logs/sports_cv_project_classification/vgg8-base/val/metrics.json
2025-09-03 21:59:28,325 [INFO] accuracy: 0.154000 top-5-accuracy: 0.452000 loss: 3.292116
2025-09-03 21:59:28,325 [INFO] Current lr: [0.001]
2025-09-03 21:59:28,396 [INFO] Model saved. New best value 3.292116
2025-09-03 21:59:41,509 [INFO] New metrics saved to logs/sports_cv_project_classification/vgg8-base/train/metrics.json
2025-09-03 21:59:41,509 [INFO] loss: 3.339841 accuracy: 0.150938 top-5-accuracy: 0.446875
2025-09-03 21:59:54,515 [INFO] New metrics saved to logs/sports_cv_project_classification/vgg8-base/train/metrics.json
2025-09-03 21:59:54,515 [INFO] loss: 3.411747 accuracy: 0.133750 top-5-accuracy: 0.415625
2025-09-03 22:00:07,577 [INFO] New metrics saved to logs/sports_cv_project_classification/vgg8-base/train/metrics.json
2025-09-03 22:00:07,577 [INFO] loss: 3.356215 accuracy: 0.144063 top-5-accuracy: 0.427500
2025-09-03 22:00:20,644 [INFO] New metrics saved to logs/sports_cv_project_classification/vgg8-base/train/metrics.json
2025-09-03 22:00:20,645 [INFO] loss: 3.377851 accuracy: 0.137187 top-5-accuracy: 0.435312
2025-09-03 22:00:23,511 [INFO] New metrics saved to logs/sports_cv_project_classification/vgg8-base/train/metrics.json
2025-09-03 22:00:23,511 [INFO] loss: 3.349430 epoch_loss: 3.370178 accuracy: 0.145793 epoch_accuracy: 0.141685 top-5-accuracy: 0.423438 epoch_top-5-accuracy: 0.431206
2025-09-03 22:00:23,511 [INFO] Epoch summary loss: 3.370178 accuracy: 0.141685 top-5-accuracy: 0.431206
2025-09-03 22:00:24,396 [INFO] New metrics saved to logs/sports_cv_project_classification/vgg8-base/val/metrics.json
2025-09-03 22:00:24,396 [INFO] accuracy: 0.144000 top-5-accuracy: 0.428000 loss: 3.287711
2025-09-03 22:00:24,396 [INFO] Current lr: [0.001]
2025-09-03 22:00:24,464 [INFO] Model saved. New best value 3.287711
2025-09-03 22:00:37,596 [INFO] New metrics saved to logs/sports_cv_project_classification/vgg8-base/train/metrics.json
2025-09-03 22:00:37,596 [INFO] loss: 3.319730 accuracy: 0.152500 top-5-accuracy: 0.451875
2025-09-03 22:00:50,612 [INFO] New metrics saved to logs/sports_cv_project_classification/vgg8-base/train/metrics.json
2025-09-03 22:00:50,612 [INFO] loss: 3.293879 accuracy: 0.145313 top-5-accuracy: 0.448437
2025-09-03 22:01:03,680 [INFO] New metrics saved to logs/sports_cv_project_classification/vgg8-base/train/metrics.json
2025-09-03 22:01:03,680 [INFO] loss: 3.284868 accuracy: 0.154062 top-5-accuracy: 0.465938
2025-09-03 22:01:16,733 [INFO] New metrics saved to logs/sports_cv_project_classification/vgg8-base/train/metrics.json
2025-09-03 22:01:16,733 [INFO] loss: 3.269017 accuracy: 0.154688 top-5-accuracy: 0.462187
2025-09-03 22:01:19,582 [INFO] New metrics saved to logs/sports_cv_project_classification/vgg8-base/train/metrics.json
2025-09-03 22:01:19,582 [INFO] loss: 3.279523 epoch_loss: 3.290211 accuracy: 0.165144 epoch_accuracy: 0.152451 top-5-accuracy: 0.443990 epoch_top-5-accuracy: 0.456987
2025-09-03 22:01:19,583 [INFO] Epoch summary loss: 3.290211 accuracy: 0.152451 top-5-accuracy: 0.456987
2025-09-03 22:01:20,469 [INFO] New metrics saved to logs/sports_cv_project_classification/vgg8-base/val/metrics.json
2025-09-03 22:01:20,470 [INFO] accuracy: 0.166000 top-5-accuracy: 0.536000 loss: 3.111830
2025-09-03 22:01:20,470 [INFO] Current lr: [0.001]
2025-09-03 22:01:20,539 [INFO] Model saved. New best value 3.111830
2025-09-03 22:01:33,683 [INFO] New metrics saved to logs/sports_cv_project_classification/vgg8-base/train/metrics.json
2025-09-03 22:01:33,683 [INFO] loss: 3.199359 accuracy: 0.177813 top-5-accuracy: 0.493750
2025-09-03 22:01:46,708 [INFO] New metrics saved to logs/sports_cv_project_classification/vgg8-base/train/metrics.json
2025-09-03 22:01:46,708 [INFO] loss: 3.243102 accuracy: 0.156250 top-5-accuracy: 0.483125
2025-09-03 22:01:59,745 [INFO] New metrics saved to logs/sports_cv_project_classification/vgg8-base/train/metrics.json
2025-09-03 22:01:59,745 [INFO] loss: 3.204701 accuracy: 0.157188 top-5-accuracy: 0.482500
2025-09-03 22:02:12,883 [INFO] New metrics saved to logs/sports_cv_project_classification/vgg8-base/train/metrics.json
2025-09-03 22:02:12,883 [INFO] loss: 3.230425 accuracy: 0.176250 top-5-accuracy: 0.482812
2025-09-03 22:02:15,741 [INFO] New metrics saved to logs/sports_cv_project_classification/vgg8-base/train/metrics.json
2025-09-03 22:02:15,741 [INFO] loss: 3.144367 epoch_loss: 3.216168 accuracy: 0.187260 epoch_accuracy: 0.167717 top-5-accuracy: 0.503846 epoch_top-5-accuracy: 0.486483
2025-09-03 22:02:15,742 [INFO] Epoch summary loss: 3.216168 accuracy: 0.167717 top-5-accuracy: 0.486483
2025-09-03 22:02:16,656 [INFO] New metrics saved to logs/sports_cv_project_classification/vgg8-base/val/metrics.json
2025-09-03 22:02:16,656 [INFO] accuracy: 0.184000 top-5-accuracy: 0.530000 loss: 3.069626
2025-09-03 22:02:16,656 [INFO] Current lr: [0.001]
2025-09-03 22:02:16,723 [INFO] Model saved. New best value 3.069626
2025-09-03 22:02:29,861 [INFO] New metrics saved to logs/sports_cv_project_classification/vgg8-base/train/metrics.json
2025-09-03 22:02:29,862 [INFO] loss: 3.151828 accuracy: 0.169687 top-5-accuracy: 0.493750
2025-09-03 22:02:42,906 [INFO] New metrics saved to logs/sports_cv_project_classification/vgg8-base/train/metrics.json
2025-09-03 22:02:42,906 [INFO] loss: 3.154706 accuracy: 0.177500 top-5-accuracy: 0.492500
2025-09-03 22:02:55,954 [INFO] New metrics saved to logs/sports_cv_project_classification/vgg8-base/train/metrics.json
2025-09-03 22:02:55,955 [INFO] loss: 3.161007 accuracy: 0.185000 top-5-accuracy: 0.494688
2025-09-03 22:03:09,064 [INFO] New metrics saved to logs/sports_cv_project_classification/vgg8-base/train/metrics.json
2025-09-03 22:03:09,064 [INFO] loss: 3.162240 accuracy: 0.180000 top-5-accuracy: 0.496250
2025-09-03 22:03:11,952 [INFO] New metrics saved to logs/sports_cv_project_classification/vgg8-base/train/metrics.json
2025-09-03 22:03:11,952 [INFO] loss: 3.163042 epoch_loss: 3.157493 accuracy: 0.174760 epoch_accuracy: 0.177714 top-5-accuracy: 0.499519 epoch_top-5-accuracy: 0.494497
2025-09-03 22:03:11,952 [INFO] Epoch summary loss: 3.157493 accuracy: 0.177714 top-5-accuracy: 0.494497
2025-09-03 22:03:12,876 [INFO] New metrics saved to logs/sports_cv_project_classification/vgg8-base/val/metrics.json
2025-09-03 22:03:12,877 [INFO] accuracy: 0.212000 top-5-accuracy: 0.544000 loss: 3.012385
2025-09-03 22:03:12,877 [INFO] Current lr: [0.001]
2025-09-03 22:03:12,940 [INFO] Model saved. New best value 3.012385
2025-09-03 22:03:26,101 [INFO] New metrics saved to logs/sports_cv_project_classification/vgg8-base/train/metrics.json
2025-09-03 22:03:26,102 [INFO] loss: 3.076227 accuracy: 0.185000 top-5-accuracy: 0.515938
2025-09-03 22:03:39,142 [INFO] New metrics saved to logs/sports_cv_project_classification/vgg8-base/train/metrics.json
2025-09-03 22:03:39,142 [INFO] loss: 3.071947 accuracy: 0.191250 top-5-accuracy: 0.523750
2025-09-03 22:03:52,210 [INFO] New metrics saved to logs/sports_cv_project_classification/vgg8-base/train/metrics.json
2025-09-03 22:03:52,210 [INFO] loss: 3.119297 accuracy: 0.190312 top-5-accuracy: 0.515625
2025-09-03 22:04:05,282 [INFO] New metrics saved to logs/sports_cv_project_classification/vgg8-base/train/metrics.json
2025-09-03 22:04:05,283 [INFO] loss: 3.076802 accuracy: 0.183438 top-5-accuracy: 0.527813
2025-09-03 22:04:08,143 [INFO] New metrics saved to logs/sports_cv_project_classification/vgg8-base/train/metrics.json
2025-09-03 22:04:08,144 [INFO] loss: 3.104943 epoch_loss: 3.087739 accuracy: 0.174760 epoch_accuracy: 0.186896 top-5-accuracy: 0.522356 epoch_top-5-accuracy: 0.520461
2025-09-03 22:04:08,144 [INFO] Epoch summary loss: 3.087739 accuracy: 0.186896 top-5-accuracy: 0.520461
2025-09-03 22:04:09,024 [INFO] New metrics saved to logs/sports_cv_project_classification/vgg8-base/val/metrics.json
2025-09-03 22:04:09,024 [INFO] accuracy: 0.226000 top-5-accuracy: 0.548000 loss: 2.960258
2025-09-03 22:04:09,024 [INFO] Current lr: [0.001]
2025-09-03 22:04:09,097 [INFO] Model saved. New best value 2.960258
2025-09-03 22:04:22,291 [INFO] New metrics saved to logs/sports_cv_project_classification/vgg8-base/train/metrics.json
2025-09-03 22:04:22,291 [INFO] loss: 3.023867 accuracy: 0.205313 top-5-accuracy: 0.536563
2025-09-03 22:04:35,355 [INFO] New metrics saved to logs/sports_cv_project_classification/vgg8-base/train/metrics.json
2025-09-03 22:04:35,355 [INFO] loss: 3.044300 accuracy: 0.200937 top-5-accuracy: 0.524062
2025-09-03 22:04:48,399 [INFO] New metrics saved to logs/sports_cv_project_classification/vgg8-base/train/metrics.json
2025-09-03 22:04:48,399 [INFO] loss: 3.067158 accuracy: 0.201875 top-5-accuracy: 0.522188
2025-09-03 22:05:01,484 [INFO] New metrics saved to logs/sports_cv_project_classification/vgg8-base/train/metrics.json
2025-09-03 22:05:01,484 [INFO] loss: 2.984089 accuracy: 0.219688 top-5-accuracy: 0.553438
2025-09-03 22:05:04,337 [INFO] New metrics saved to logs/sports_cv_project_classification/vgg8-base/train/metrics.json
2025-09-03 22:05:04,337 [INFO] loss: 3.061700 epoch_loss: 3.031989 accuracy: 0.193510 epoch_accuracy: 0.206520 top-5-accuracy: 0.528846 epoch_top-5-accuracy: 0.533728
2025-09-03 22:05:04,337 [INFO] Epoch summary loss: 3.031989 accuracy: 0.206520 top-5-accuracy: 0.533728
2025-09-03 22:05:05,240 [INFO] New metrics saved to logs/sports_cv_project_classification/vgg8-base/val/metrics.json
2025-09-03 22:05:05,240 [INFO] accuracy: 0.226000 top-5-accuracy: 0.558000 loss: 2.947603
2025-09-03 22:05:05,240 [INFO] Current lr: [0.001]
2025-09-03 22:05:05,315 [INFO] Model saved. New best value 2.947603
