2025-09-05 18:15:34,135 [INFO] Global seed set to 42
2025-09-05 18:15:34,135 [INFO] Folder logs/sports_cv_project_classification/vgg16-paper-pretrained-w-augmenations was removed with its entire content
2025-09-05 18:15:34,135 [INFO] Path logs/sports_cv_project_classification/vgg16-paper-pretrained-w-augmenations/train created or existed
2025-09-05 18:15:34,135 [INFO] Path logs/sports_cv_project_classification/vgg16-paper-pretrained-w-augmenations/val created or existed
2025-09-05 18:15:34,135 [INFO] Path logs/sports_cv_project_classification/vgg16-paper-pretrained-w-augmenations/test created or existed
2025-09-05 18:15:34,135 [INFO] Folder checkpoints/sports_cv_project_classification/vgg16-paper-pretrained-w-augmenations was removed with its entire content
2025-09-05 18:15:34,135 [INFO] Path checkpoints/sports_cv_project_classification/vgg16-paper-pretrained-w-augmenations created or existed
2025-09-05 18:15:34,791 [INFO] Training started...
2025-09-05 18:15:34,792 [INFO] BuildModel(
  (backbone): VGG(
    (features): Sequential(
      (block0conv0): Conv2d(3, 64, kernel_size=(3, 3), stride=(1, 1), padding=(1, 1))
      (block0activation0): ReLU(inplace=True)
      (block0conv1): Conv2d(64, 64, kernel_size=(3, 3), stride=(1, 1), padding=(1, 1))
      (block0activation1): ReLU(inplace=True)
      (block0pool): MaxPool2d(kernel_size=2, stride=2, padding=0, dilation=1, ceil_mode=False)
      (block1conv0): Conv2d(64, 128, kernel_size=(3, 3), stride=(1, 1), padding=(1, 1))
      (block1activation0): ReLU(inplace=True)
      (block1conv1): Conv2d(128, 128, kernel_size=(3, 3), stride=(1, 1), padding=(1, 1))
      (block1activation1): ReLU(inplace=True)
      (block1pool): MaxPool2d(kernel_size=2, stride=2, padding=0, dilation=1, ceil_mode=False)
      (block2conv0): Conv2d(128, 256, kernel_size=(3, 3), stride=(1, 1), padding=(1, 1))
      (block2activation0): ReLU(inplace=True)
      (block2conv1): Conv2d(256, 256, kernel_size=(3, 3), stride=(1, 1), padding=(1, 1))
      (block2activation1): ReLU(inplace=True)
      (block2conv2): Conv2d(256, 256, kernel_size=(3, 3), stride=(1, 1), padding=(1, 1))
      (block2activation2): ReLU(inplace=True)
      (block2pool): MaxPool2d(kernel_size=2, stride=2, padding=0, dilation=1, ceil_mode=False)
      (block3conv0): Conv2d(256, 512, kernel_size=(3, 3), stride=(1, 1), padding=(1, 1))
      (block3activation0): ReLU(inplace=True)
      (block3conv1): Conv2d(512, 512, kernel_size=(3, 3), stride=(1, 1), padding=(1, 1))
      (block3activation1): ReLU(inplace=True)
      (block3conv2): Conv2d(512, 512, kernel_size=(3, 3), stride=(1, 1), padding=(1, 1))
      (block3activation2): ReLU(inplace=True)
      (block3pool): MaxPool2d(kernel_size=2, stride=2, padding=0, dilation=1, ceil_mode=False)
      (block4conv0): Conv2d(512, 512, kernel_size=(3, 3), stride=(1, 1), padding=(1, 1))
      (block4activation0): ReLU(inplace=True)
      (block4conv1): Conv2d(512, 512, kernel_size=(3, 3), stride=(1, 1), padding=(1, 1))
      (block4activation1): ReLU(inplace=True)
      (block4conv2): Conv2d(512, 512, kernel_size=(3, 3), stride=(1, 1), padding=(1, 1))
      (block4activation2): ReLU(inplace=True)
      (block4pool): MaxPool2d(kernel_size=2, stride=2, padding=0, dilation=1, ceil_mode=False)
    )
  )
  (detecton_head): DoubleLinearHead(
    (classifier): Sequential(
      (0): Flatten(start_dim=1, end_dim=-1)
      (1): Linear(in_features=25088, out_features=4096, bias=True)
      (2): ReLU(inplace=True)
      (3): Dropout(p=0.5, inplace=False)
      (4): Linear(in_features=4096, out_features=4096, bias=True)
      (5): ReLU(inplace=True)
      (6): Dropout(p=0.5, inplace=False)
      (7): Linear(in_features=4096, out_features=100, bias=True)
    )
  )
)
2025-09-05 18:15:43,158 [INFO] New metrics saved to logs/sports_cv_project_classification/vgg16-paper-pretrained-w-augmenations/train/metrics.json
2025-09-05 18:15:43,158 [INFO] loss: 4.414945 accuracy: 0.068437 top-5-accuracy: 0.186562
2025-09-05 18:15:50,404 [INFO] New metrics saved to logs/sports_cv_project_classification/vgg16-paper-pretrained-w-augmenations/train/metrics.json
2025-09-05 18:15:50,404 [INFO] loss: 3.611257 accuracy: 0.197813 top-5-accuracy: 0.426875
2025-09-05 18:15:57,682 [INFO] New metrics saved to logs/sports_cv_project_classification/vgg16-paper-pretrained-w-augmenations/train/metrics.json
2025-09-05 18:15:57,682 [INFO] loss: 3.107084 accuracy: 0.270625 top-5-accuracy: 0.530625
2025-09-05 18:16:05,021 [INFO] New metrics saved to logs/sports_cv_project_classification/vgg16-paper-pretrained-w-augmenations/train/metrics.json
2025-09-05 18:16:05,021 [INFO] loss: 2.816399 accuracy: 0.319063 top-5-accuracy: 0.599375
2025-09-05 18:16:06,608 [INFO] New metrics saved to logs/sports_cv_project_classification/vgg16-paper-pretrained-w-augmenations/train/metrics.json
2025-09-05 18:16:06,608 [INFO] loss: 2.714022 epoch_loss: 3.447882 accuracy: 0.344111 epoch_accuracy: 0.220618 top-5-accuracy: 0.644351 epoch_top-5-accuracy: 0.446341
2025-09-05 18:16:06,608 [INFO] Epoch summary loss: 3.447882 accuracy: 0.220618 top-5-accuracy: 0.446341
2025-09-05 18:16:08,211 [INFO] New metrics saved to logs/sports_cv_project_classification/vgg16-paper-pretrained-w-augmenations/val/metrics.json
2025-09-05 18:16:08,211 [INFO] epoch_accuracy: 0.624000 epoch_top-5-accuracy: 0.886000 epoch_loss: 1.367152
2025-09-05 18:16:08,211 [INFO] Current lr: [4.068030607515434e-05]
2025-09-05 18:16:08,465 [INFO] Model saved. New best value 1.367152
2025-09-05 18:16:16,414 [INFO] New metrics saved to logs/sports_cv_project_classification/vgg16-paper-pretrained-w-augmenations/train/metrics.json
2025-09-05 18:16:16,414 [INFO] loss: 2.551232 accuracy: 0.374688 top-5-accuracy: 0.647500
2025-09-05 18:16:23,731 [INFO] New metrics saved to logs/sports_cv_project_classification/vgg16-paper-pretrained-w-augmenations/train/metrics.json
2025-09-05 18:16:23,731 [INFO] loss: 2.436238 accuracy: 0.398125 top-5-accuracy: 0.672188
2025-09-05 18:16:31,079 [INFO] New metrics saved to logs/sports_cv_project_classification/vgg16-paper-pretrained-w-augmenations/train/metrics.json
2025-09-05 18:16:31,079 [INFO] loss: 2.373686 accuracy: 0.411875 top-5-accuracy: 0.689375
2025-09-05 18:16:38,440 [INFO] New metrics saved to logs/sports_cv_project_classification/vgg16-paper-pretrained-w-augmenations/train/metrics.json
2025-09-05 18:16:38,440 [INFO] loss: 2.317380 accuracy: 0.414687 top-5-accuracy: 0.695625
2025-09-05 18:16:40,006 [INFO] New metrics saved to logs/sports_cv_project_classification/vgg16-paper-pretrained-w-augmenations/train/metrics.json
2025-09-05 18:16:40,006 [INFO] loss: 2.373020 epoch_loss: 2.417917 accuracy: 0.425962 epoch_accuracy: 0.400890 top-5-accuracy: 0.676923 epoch_top-5-accuracy: 0.675817
2025-09-05 18:16:40,006 [INFO] Epoch summary loss: 2.417917 accuracy: 0.400890 top-5-accuracy: 0.675817
2025-09-05 18:16:41,561 [INFO] New metrics saved to logs/sports_cv_project_classification/vgg16-paper-pretrained-w-augmenations/val/metrics.json
2025-09-05 18:16:41,561 [INFO] epoch_accuracy: 0.706000 epoch_top-5-accuracy: 0.924000 epoch_loss: 1.077265
2025-09-05 18:16:41,562 [INFO] Current lr: [4.271929589913417e-05]
2025-09-05 18:16:41,879 [INFO] Model saved. New best value 1.077265
2025-09-05 18:16:49,857 [INFO] New metrics saved to logs/sports_cv_project_classification/vgg16-paper-pretrained-w-augmenations/train/metrics.json
2025-09-05 18:16:49,857 [INFO] loss: 2.119329 accuracy: 0.452813 top-5-accuracy: 0.735938
2025-09-05 18:16:57,202 [INFO] New metrics saved to logs/sports_cv_project_classification/vgg16-paper-pretrained-w-augmenations/train/metrics.json
2025-09-05 18:16:57,202 [INFO] loss: 2.153992 accuracy: 0.455625 top-5-accuracy: 0.721562
2025-09-05 18:17:04,574 [INFO] New metrics saved to logs/sports_cv_project_classification/vgg16-paper-pretrained-w-augmenations/train/metrics.json
2025-09-05 18:17:04,574 [INFO] loss: 2.163876 accuracy: 0.454062 top-5-accuracy: 0.724063
2025-09-05 18:17:11,929 [INFO] New metrics saved to logs/sports_cv_project_classification/vgg16-paper-pretrained-w-augmenations/train/metrics.json
2025-09-05 18:17:11,929 [INFO] loss: 2.133193 accuracy: 0.457500 top-5-accuracy: 0.733750
2025-09-05 18:17:13,527 [INFO] New metrics saved to logs/sports_cv_project_classification/vgg16-paper-pretrained-w-augmenations/train/metrics.json
2025-09-05 18:17:13,527 [INFO] loss: 2.065786 epoch_loss: 2.139287 accuracy: 0.438462 epoch_accuracy: 0.454059 top-5-accuracy: 0.744231 epoch_top-5-accuracy: 0.729584
2025-09-05 18:17:13,528 [INFO] Epoch summary loss: 2.139287 accuracy: 0.454059 top-5-accuracy: 0.729584
2025-09-05 18:17:15,077 [INFO] New metrics saved to logs/sports_cv_project_classification/vgg16-paper-pretrained-w-augmenations/val/metrics.json
2025-09-05 18:17:15,077 [INFO] epoch_accuracy: 0.714000 epoch_top-5-accuracy: 0.934000 epoch_loss: 0.982924
2025-09-05 18:17:15,078 [INFO] Current lr: [4.611118973375458e-05]
2025-09-05 18:17:15,402 [INFO] Model saved. New best value 0.982924
2025-09-05 18:17:23,286 [INFO] New metrics saved to logs/sports_cv_project_classification/vgg16-paper-pretrained-w-augmenations/train/metrics.json
2025-09-05 18:17:23,286 [INFO] loss: 1.988739 accuracy: 0.490625 top-5-accuracy: 0.759687
2025-09-05 18:17:30,555 [INFO] New metrics saved to logs/sports_cv_project_classification/vgg16-paper-pretrained-w-augmenations/train/metrics.json
2025-09-05 18:17:30,555 [INFO] loss: 1.989703 accuracy: 0.492188 top-5-accuracy: 0.750938
2025-09-05 18:17:37,879 [INFO] New metrics saved to logs/sports_cv_project_classification/vgg16-paper-pretrained-w-augmenations/train/metrics.json
2025-09-05 18:17:37,879 [INFO] loss: 1.960862 accuracy: 0.497188 top-5-accuracy: 0.761250
2025-09-05 18:17:45,183 [INFO] New metrics saved to logs/sports_cv_project_classification/vgg16-paper-pretrained-w-augmenations/train/metrics.json
2025-09-05 18:17:45,183 [INFO] loss: 2.031266 accuracy: 0.476875 top-5-accuracy: 0.746563
2025-09-05 18:17:46,750 [INFO] New metrics saved to logs/sports_cv_project_classification/vgg16-paper-pretrained-w-augmenations/train/metrics.json
2025-09-05 18:17:46,750 [INFO] loss: 1.962457 epoch_loss: 1.990436 accuracy: 0.506370 epoch_accuracy: 0.490231 top-5-accuracy: 0.760457 epoch_top-5-accuracy: 0.755235
2025-09-05 18:17:46,750 [INFO] Epoch summary loss: 1.990436 accuracy: 0.490231 top-5-accuracy: 0.755235
2025-09-05 18:17:48,314 [INFO] New metrics saved to logs/sports_cv_project_classification/vgg16-paper-pretrained-w-augmenations/val/metrics.json
2025-09-05 18:17:48,314 [INFO] epoch_accuracy: 0.726000 epoch_top-5-accuracy: 0.948000 epoch_loss: 0.938739
2025-09-05 18:17:48,314 [INFO] Current lr: [5.084637288742396e-05]
2025-09-05 18:17:48,638 [INFO] Model saved. New best value 0.938739
2025-09-05 18:17:56,537 [INFO] New metrics saved to logs/sports_cv_project_classification/vgg16-paper-pretrained-w-augmenations/train/metrics.json
2025-09-05 18:17:56,537 [INFO] loss: 1.884461 accuracy: 0.515625 top-5-accuracy: 0.767500
2025-09-05 18:18:03,937 [INFO] New metrics saved to logs/sports_cv_project_classification/vgg16-paper-pretrained-w-augmenations/train/metrics.json
2025-09-05 18:18:03,937 [INFO] loss: 1.919278 accuracy: 0.507812 top-5-accuracy: 0.769062
2025-09-05 18:18:11,270 [INFO] New metrics saved to logs/sports_cv_project_classification/vgg16-paper-pretrained-w-augmenations/train/metrics.json
2025-09-05 18:18:11,270 [INFO] loss: 1.891742 accuracy: 0.510000 top-5-accuracy: 0.770312
2025-09-05 18:18:18,628 [INFO] New metrics saved to logs/sports_cv_project_classification/vgg16-paper-pretrained-w-augmenations/train/metrics.json
2025-09-05 18:18:18,628 [INFO] loss: 1.890042 accuracy: 0.513437 top-5-accuracy: 0.777500
2025-09-05 18:18:20,219 [INFO] New metrics saved to logs/sports_cv_project_classification/vgg16-paper-pretrained-w-augmenations/train/metrics.json
2025-09-05 18:18:20,219 [INFO] loss: 2.004666 epoch_loss: 1.901102 accuracy: 0.481611 epoch_accuracy: 0.510532 top-5-accuracy: 0.755409 epoch_top-5-accuracy: 0.770324
2025-09-05 18:18:20,219 [INFO] Epoch summary loss: 1.901102 accuracy: 0.510532 top-5-accuracy: 0.770324
2025-09-05 18:18:21,782 [INFO] New metrics saved to logs/sports_cv_project_classification/vgg16-paper-pretrained-w-augmenations/val/metrics.json
2025-09-05 18:18:21,782 [INFO] epoch_accuracy: 0.720000 epoch_top-5-accuracy: 0.938000 epoch_loss: 0.968732
2025-09-05 18:18:21,782 [INFO] Current lr: [5.691142296903229e-05]
2025-09-05 18:18:29,813 [INFO] New metrics saved to logs/sports_cv_project_classification/vgg16-paper-pretrained-w-augmenations/train/metrics.json
2025-09-05 18:18:29,813 [INFO] loss: 1.803476 accuracy: 0.526563 top-5-accuracy: 0.788125
2025-09-05 18:18:37,100 [INFO] New metrics saved to logs/sports_cv_project_classification/vgg16-paper-pretrained-w-augmenations/train/metrics.json
2025-09-05 18:18:37,100 [INFO] loss: 1.811916 accuracy: 0.523125 top-5-accuracy: 0.783125
2025-09-05 18:18:44,436 [INFO] New metrics saved to logs/sports_cv_project_classification/vgg16-paper-pretrained-w-augmenations/train/metrics.json
2025-09-05 18:18:44,436 [INFO] loss: 1.831565 accuracy: 0.523125 top-5-accuracy: 0.776563
2025-09-05 18:18:51,728 [INFO] New metrics saved to logs/sports_cv_project_classification/vgg16-paper-pretrained-w-augmenations/train/metrics.json
2025-09-05 18:18:51,728 [INFO] loss: 1.819511 accuracy: 0.537500 top-5-accuracy: 0.779375
2025-09-05 18:18:53,325 [INFO] New metrics saved to logs/sports_cv_project_classification/vgg16-paper-pretrained-w-augmenations/train/metrics.json
2025-09-05 18:18:53,325 [INFO] loss: 1.941189 epoch_loss: 1.823095 accuracy: 0.491226 epoch_accuracy: 0.525799 top-5-accuracy: 0.777885 epoch_top-5-accuracy: 0.781239
2025-09-05 18:18:53,326 [INFO] Epoch summary loss: 1.823095 accuracy: 0.525799 top-5-accuracy: 0.781239
2025-09-05 18:18:54,872 [INFO] New metrics saved to logs/sports_cv_project_classification/vgg16-paper-pretrained-w-augmenations/val/metrics.json
2025-09-05 18:18:54,872 [INFO] epoch_accuracy: 0.722000 epoch_top-5-accuracy: 0.936000 epoch_loss: 0.984927
2025-09-05 18:18:54,872 [INFO] Current lr: [6.428914793517695e-05]
2025-09-05 18:19:02,879 [INFO] New metrics saved to logs/sports_cv_project_classification/vgg16-paper-pretrained-w-augmenations/train/metrics.json
2025-09-05 18:19:02,879 [INFO] loss: 1.758315 accuracy: 0.538125 top-5-accuracy: 0.797813
2025-09-05 18:19:10,217 [INFO] New metrics saved to logs/sports_cv_project_classification/vgg16-paper-pretrained-w-augmenations/train/metrics.json
2025-09-05 18:19:10,217 [INFO] loss: 1.845339 accuracy: 0.525312 top-5-accuracy: 0.773438
2025-09-05 18:19:17,601 [INFO] New metrics saved to logs/sports_cv_project_classification/vgg16-paper-pretrained-w-augmenations/train/metrics.json
2025-09-05 18:19:17,602 [INFO] loss: 1.738725 accuracy: 0.544063 top-5-accuracy: 0.797500
2025-09-05 18:19:24,916 [INFO] New metrics saved to logs/sports_cv_project_classification/vgg16-paper-pretrained-w-augmenations/train/metrics.json
2025-09-05 18:19:24,916 [INFO] loss: 1.756228 accuracy: 0.538438 top-5-accuracy: 0.800000
2025-09-05 18:19:26,491 [INFO] New metrics saved to logs/sports_cv_project_classification/vgg16-paper-pretrained-w-augmenations/train/metrics.json
2025-09-05 18:19:26,491 [INFO] loss: 1.671420 epoch_loss: 1.770782 accuracy: 0.548798 epoch_accuracy: 0.536895 top-5-accuracy: 0.820553 epoch_top-5-accuracy: 0.793702
2025-09-05 18:19:26,491 [INFO] Epoch summary loss: 1.770782 accuracy: 0.536895 top-5-accuracy: 0.793702
2025-09-05 18:19:28,040 [INFO] New metrics saved to logs/sports_cv_project_classification/vgg16-paper-pretrained-w-augmenations/val/metrics.json
2025-09-05 18:19:28,040 [INFO] epoch_accuracy: 0.728000 epoch_top-5-accuracy: 0.950000 epoch_loss: 0.939788
2025-09-05 18:19:28,040 [INFO] Current lr: [7.295863482287745e-05]
2025-09-05 18:19:35,946 [INFO] New metrics saved to logs/sports_cv_project_classification/vgg16-paper-pretrained-w-augmenations/train/metrics.json
2025-09-05 18:19:35,946 [INFO] loss: 1.722389 accuracy: 0.550625 top-5-accuracy: 0.799687
2025-09-05 18:19:43,270 [INFO] New metrics saved to logs/sports_cv_project_classification/vgg16-paper-pretrained-w-augmenations/train/metrics.json
2025-09-05 18:19:43,270 [INFO] loss: 1.771162 accuracy: 0.541250 top-5-accuracy: 0.788125
2025-09-05 18:19:50,545 [INFO] New metrics saved to logs/sports_cv_project_classification/vgg16-paper-pretrained-w-augmenations/train/metrics.json
2025-09-05 18:19:50,545 [INFO] loss: 1.745173 accuracy: 0.545000 top-5-accuracy: 0.795000
2025-09-05 18:19:57,852 [INFO] New metrics saved to logs/sports_cv_project_classification/vgg16-paper-pretrained-w-augmenations/train/metrics.json
2025-09-05 18:19:57,853 [INFO] loss: 1.699121 accuracy: 0.549375 top-5-accuracy: 0.799063
2025-09-05 18:19:59,421 [INFO] New metrics saved to logs/sports_cv_project_classification/vgg16-paper-pretrained-w-augmenations/train/metrics.json
2025-09-05 18:19:59,421 [INFO] loss: 1.660539 epoch_loss: 1.730863 accuracy: 0.577163 epoch_accuracy: 0.547940 top-5-accuracy: 0.822957 epoch_top-5-accuracy: 0.796778
2025-09-05 18:19:59,421 [INFO] Epoch summary loss: 1.730863 accuracy: 0.547940 top-5-accuracy: 0.796778
2025-09-05 18:20:00,959 [INFO] New metrics saved to logs/sports_cv_project_classification/vgg16-paper-pretrained-w-augmenations/val/metrics.json
2025-09-05 18:20:00,959 [INFO] epoch_accuracy: 0.708000 epoch_top-5-accuracy: 0.958000 epoch_loss: 0.973199
2025-09-05 18:20:00,959 [INFO] Current lr: [8.289530902964154e-05]
2025-09-05 18:20:09,012 [INFO] New metrics saved to logs/sports_cv_project_classification/vgg16-paper-pretrained-w-augmenations/train/metrics.json
2025-09-05 18:20:09,012 [INFO] loss: 1.660373 accuracy: 0.564375 top-5-accuracy: 0.812813
2025-09-05 18:20:16,372 [INFO] New metrics saved to logs/sports_cv_project_classification/vgg16-paper-pretrained-w-augmenations/train/metrics.json
2025-09-05 18:20:16,372 [INFO] loss: 1.683796 accuracy: 0.553438 top-5-accuracy: 0.806250
2025-09-05 18:20:23,750 [INFO] New metrics saved to logs/sports_cv_project_classification/vgg16-paper-pretrained-w-augmenations/train/metrics.json
2025-09-05 18:20:23,750 [INFO] loss: 1.710830 accuracy: 0.554063 top-5-accuracy: 0.799687
2025-09-05 18:20:31,083 [INFO] New metrics saved to logs/sports_cv_project_classification/vgg16-paper-pretrained-w-augmenations/train/metrics.json
2025-09-05 18:20:31,083 [INFO] loss: 1.678215 accuracy: 0.558438 top-5-accuracy: 0.801250
2025-09-05 18:20:32,696 [INFO] New metrics saved to logs/sports_cv_project_classification/vgg16-paper-pretrained-w-augmenations/train/metrics.json
2025-09-05 18:20:32,696 [INFO] loss: 1.753999 epoch_loss: 1.686738 accuracy: 0.533654 epoch_accuracy: 0.556616 top-5-accuracy: 0.782933 epoch_top-5-accuracy: 0.804064
2025-09-05 18:20:32,696 [INFO] Epoch summary loss: 1.686738 accuracy: 0.556616 top-5-accuracy: 0.804064
2025-09-05 18:20:34,246 [INFO] New metrics saved to logs/sports_cv_project_classification/vgg16-paper-pretrained-w-augmenations/val/metrics.json
2025-09-05 18:20:34,246 [INFO] epoch_accuracy: 0.686000 epoch_top-5-accuracy: 0.946000 epoch_loss: 1.083852
2025-09-05 18:20:34,246 [INFO] Current lr: [9.407100397284564e-05]
2025-09-05 18:20:42,170 [INFO] New metrics saved to logs/sports_cv_project_classification/vgg16-paper-pretrained-w-augmenations/train/metrics.json
2025-09-05 18:20:42,170 [INFO] loss: 1.664050 accuracy: 0.562813 top-5-accuracy: 0.807187
2025-09-05 18:20:49,467 [INFO] New metrics saved to logs/sports_cv_project_classification/vgg16-paper-pretrained-w-augmenations/train/metrics.json
2025-09-05 18:20:49,468 [INFO] loss: 1.735656 accuracy: 0.540625 top-5-accuracy: 0.802813
2025-09-05 18:20:56,751 [INFO] New metrics saved to logs/sports_cv_project_classification/vgg16-paper-pretrained-w-augmenations/train/metrics.json
2025-09-05 18:20:56,751 [INFO] loss: 1.726720 accuracy: 0.550000 top-5-accuracy: 0.801250
2025-09-05 18:21:04,133 [INFO] New metrics saved to logs/sports_cv_project_classification/vgg16-paper-pretrained-w-augmenations/train/metrics.json
2025-09-05 18:21:04,133 [INFO] loss: 1.748385 accuracy: 0.538438 top-5-accuracy: 0.797813
2025-09-05 18:21:05,715 [INFO] New metrics saved to logs/sports_cv_project_classification/vgg16-paper-pretrained-w-augmenations/train/metrics.json
2025-09-05 18:21:05,716 [INFO] loss: 1.762316 epoch_loss: 1.721655 accuracy: 0.519832 epoch_accuracy: 0.546186 top-5-accuracy: 0.796034 epoch_top-5-accuracy: 0.801649
2025-09-05 18:21:05,716 [INFO] Epoch summary loss: 1.721655 accuracy: 0.546186 top-5-accuracy: 0.801649
2025-09-05 18:21:07,285 [INFO] New metrics saved to logs/sports_cv_project_classification/vgg16-paper-pretrained-w-augmenations/val/metrics.json
2025-09-05 18:21:07,285 [INFO] epoch_accuracy: 0.730000 epoch_top-5-accuracy: 0.944000 epoch_loss: 1.001872
2025-09-05 18:21:07,285 [INFO] Current lr: [0.0001064540409309731]
2025-09-05 18:21:24,596 [INFO] New metrics saved to logs/sports_cv_project_classification/vgg16-paper-pretrained-w-augmenations/train/metrics.json
2025-09-05 18:21:24,597 [INFO] loss: 1.642321 accuracy: 0.567813 top-5-accuracy: 0.828438
2025-09-05 18:21:41,207 [INFO] New metrics saved to logs/sports_cv_project_classification/vgg16-paper-pretrained-w-augmenations/train/metrics.json
2025-09-05 18:21:41,208 [INFO] loss: 1.510343 accuracy: 0.596875 top-5-accuracy: 0.852812
2025-09-05 18:21:57,853 [INFO] New metrics saved to logs/sports_cv_project_classification/vgg16-paper-pretrained-w-augmenations/train/metrics.json
2025-09-05 18:21:57,854 [INFO] loss: 1.460906 accuracy: 0.597500 top-5-accuracy: 0.863750
2025-09-05 18:22:14,550 [INFO] New metrics saved to logs/sports_cv_project_classification/vgg16-paper-pretrained-w-augmenations/train/metrics.json
2025-09-05 18:22:14,550 [INFO] loss: 1.382668 accuracy: 0.625313 top-5-accuracy: 0.870625
2025-09-05 18:22:18,176 [INFO] New metrics saved to logs/sports_cv_project_classification/vgg16-paper-pretrained-w-augmenations/train/metrics.json
2025-09-05 18:22:18,176 [INFO] loss: 1.429069 epoch_loss: 1.495360 accuracy: 0.633654 epoch_accuracy: 0.598529 top-5-accuracy: 0.855649 epoch_top-5-accuracy: 0.854015
2025-09-05 18:22:18,176 [INFO] Epoch summary loss: 1.495360 accuracy: 0.598529 top-5-accuracy: 0.854015
2025-09-05 18:22:19,711 [INFO] New metrics saved to logs/sports_cv_project_classification/vgg16-paper-pretrained-w-augmenations/val/metrics.json
2025-09-05 18:22:19,711 [INFO] epoch_accuracy: 0.714000 epoch_top-5-accuracy: 0.942000 epoch_loss: 1.049161
2025-09-05 18:22:19,711 [INFO] Current lr: [0.0001200093188403928]
2025-09-05 18:22:36,909 [INFO] New metrics saved to logs/sports_cv_project_classification/vgg16-paper-pretrained-w-augmenations/train/metrics.json
2025-09-05 18:22:36,909 [INFO] loss: 1.274523 accuracy: 0.647813 top-5-accuracy: 0.888125
2025-09-05 18:22:53,526 [INFO] New metrics saved to logs/sports_cv_project_classification/vgg16-paper-pretrained-w-augmenations/train/metrics.json
2025-09-05 18:22:53,526 [INFO] loss: 1.306153 accuracy: 0.641875 top-5-accuracy: 0.885938
2025-09-05 18:23:10,189 [INFO] New metrics saved to logs/sports_cv_project_classification/vgg16-paper-pretrained-w-augmenations/train/metrics.json
2025-09-05 18:23:10,190 [INFO] loss: 1.305034 accuracy: 0.646875 top-5-accuracy: 0.887500
2025-09-05 18:23:26,852 [INFO] New metrics saved to logs/sports_cv_project_classification/vgg16-paper-pretrained-w-augmenations/train/metrics.json
2025-09-05 18:23:26,852 [INFO] loss: 1.343839 accuracy: 0.630938 top-5-accuracy: 0.879687
2025-09-05 18:23:30,468 [INFO] New metrics saved to logs/sports_cv_project_classification/vgg16-paper-pretrained-w-augmenations/train/metrics.json
2025-09-05 18:23:30,468 [INFO] loss: 1.395482 epoch_loss: 1.312238 accuracy: 0.605649 epoch_accuracy: 0.640152 top-5-accuracy: 0.873317 epoch_top-5-accuracy: 0.884695
2025-09-05 18:23:30,468 [INFO] Epoch summary loss: 1.312238 accuracy: 0.640152 top-5-accuracy: 0.884695
2025-09-05 18:23:32,010 [INFO] New metrics saved to logs/sports_cv_project_classification/vgg16-paper-pretrained-w-augmenations/val/metrics.json
2025-09-05 18:23:32,010 [INFO] epoch_accuracy: 0.702000 epoch_top-5-accuracy: 0.954000 epoch_loss: 0.996255
2025-09-05 18:23:32,010 [INFO] Current lr: [0.0001346984137931375]
2025-09-05 18:23:49,282 [INFO] New metrics saved to logs/sports_cv_project_classification/vgg16-paper-pretrained-w-augmenations/train/metrics.json
2025-09-05 18:23:49,282 [INFO] loss: 1.294841 accuracy: 0.650937 top-5-accuracy: 0.891250
2025-09-05 18:24:05,947 [INFO] New metrics saved to logs/sports_cv_project_classification/vgg16-paper-pretrained-w-augmenations/train/metrics.json
2025-09-05 18:24:05,947 [INFO] loss: 1.219180 accuracy: 0.665937 top-5-accuracy: 0.897813
2025-09-05 18:24:22,604 [INFO] New metrics saved to logs/sports_cv_project_classification/vgg16-paper-pretrained-w-augmenations/train/metrics.json
2025-09-05 18:24:22,604 [INFO] loss: 1.262344 accuracy: 0.655625 top-5-accuracy: 0.894375
2025-09-05 18:24:39,239 [INFO] New metrics saved to logs/sports_cv_project_classification/vgg16-paper-pretrained-w-augmenations/train/metrics.json
2025-09-05 18:24:39,239 [INFO] loss: 1.336543 accuracy: 0.633437 top-5-accuracy: 0.880938
2025-09-05 18:24:42,862 [INFO] New metrics saved to logs/sports_cv_project_classification/vgg16-paper-pretrained-w-augmenations/train/metrics.json
2025-09-05 18:24:42,862 [INFO] loss: 1.361919 epoch_loss: 1.281167 accuracy: 0.621154 epoch_accuracy: 0.650440 top-5-accuracy: 0.867067 epoch_top-5-accuracy: 0.890175
2025-09-05 18:24:42,862 [INFO] Epoch summary loss: 1.281167 accuracy: 0.650440 top-5-accuracy: 0.890175
2025-09-05 18:24:44,398 [INFO] New metrics saved to logs/sports_cv_project_classification/vgg16-paper-pretrained-w-augmenations/val/metrics.json
2025-09-05 18:24:44,398 [INFO] epoch_accuracy: 0.712000 epoch_top-5-accuracy: 0.926000 epoch_loss: 1.072809
2025-09-05 18:24:44,398 [INFO] Current lr: [0.00015047968795364503]
2025-09-05 18:25:01,514 [INFO] New metrics saved to logs/sports_cv_project_classification/vgg16-paper-pretrained-w-augmenations/train/metrics.json
2025-09-05 18:25:01,514 [INFO] loss: 1.223186 accuracy: 0.662500 top-5-accuracy: 0.896563
2025-09-05 18:25:18,227 [INFO] New metrics saved to logs/sports_cv_project_classification/vgg16-paper-pretrained-w-augmenations/train/metrics.json
2025-09-05 18:25:18,227 [INFO] loss: 1.219644 accuracy: 0.657188 top-5-accuracy: 0.903750
2025-09-05 18:25:34,865 [INFO] New metrics saved to logs/sports_cv_project_classification/vgg16-paper-pretrained-w-augmenations/train/metrics.json
2025-09-05 18:25:34,865 [INFO] loss: 1.257721 accuracy: 0.647188 top-5-accuracy: 0.900000
2025-09-05 18:25:51,480 [INFO] New metrics saved to logs/sports_cv_project_classification/vgg16-paper-pretrained-w-augmenations/train/metrics.json
2025-09-05 18:25:51,480 [INFO] loss: 1.247224 accuracy: 0.659062 top-5-accuracy: 0.903125
2025-09-05 18:25:55,104 [INFO] New metrics saved to logs/sports_cv_project_classification/vgg16-paper-pretrained-w-augmenations/train/metrics.json
2025-09-05 18:25:55,104 [INFO] loss: 1.274774 epoch_loss: 1.238963 accuracy: 0.648197 epoch_accuracy: 0.656239 top-5-accuracy: 0.891947 epoch_top-5-accuracy: 0.900388
2025-09-05 18:25:55,104 [INFO] Epoch summary loss: 1.238963 accuracy: 0.656239 top-5-accuracy: 0.900388
2025-09-05 18:25:56,633 [INFO] New metrics saved to logs/sports_cv_project_classification/vgg16-paper-pretrained-w-augmenations/val/metrics.json
2025-09-05 18:25:56,634 [INFO] epoch_accuracy: 0.726000 epoch_top-5-accuracy: 0.958000 epoch_loss: 0.906973
2025-09-05 18:25:56,634 [INFO] Current lr: [0.00016730840758572777]
2025-09-05 18:25:56,957 [INFO] Model saved. New best value 0.906973
2025-09-05 18:26:14,168 [INFO] New metrics saved to logs/sports_cv_project_classification/vgg16-paper-pretrained-w-augmenations/train/metrics.json
2025-09-05 18:26:14,168 [INFO] loss: 1.200157 accuracy: 0.671562 top-5-accuracy: 0.904062
2025-09-05 18:26:30,779 [INFO] New metrics saved to logs/sports_cv_project_classification/vgg16-paper-pretrained-w-augmenations/train/metrics.json
2025-09-05 18:26:30,779 [INFO] loss: 1.261978 accuracy: 0.660937 top-5-accuracy: 0.896875
2025-09-05 18:26:47,400 [INFO] New metrics saved to logs/sports_cv_project_classification/vgg16-paper-pretrained-w-augmenations/train/metrics.json
2025-09-05 18:26:47,400 [INFO] loss: 1.265159 accuracy: 0.659687 top-5-accuracy: 0.890000
2025-09-05 18:27:04,057 [INFO] New metrics saved to logs/sports_cv_project_classification/vgg16-paper-pretrained-w-augmenations/train/metrics.json
2025-09-05 18:27:04,057 [INFO] loss: 1.264880 accuracy: 0.654687 top-5-accuracy: 0.894062
2025-09-05 18:27:07,676 [INFO] New metrics saved to logs/sports_cv_project_classification/vgg16-paper-pretrained-w-augmenations/train/metrics.json
2025-09-05 18:27:07,676 [INFO] loss: 1.206401 epoch_loss: 1.245843 accuracy: 0.669712 epoch_accuracy: 0.662072 top-5-accuracy: 0.887620 epoch_top-5-accuracy: 0.895814
2025-09-05 18:27:07,676 [INFO] Epoch summary loss: 1.245843 accuracy: 0.662072 top-5-accuracy: 0.895814
2025-09-05 18:27:09,242 [INFO] New metrics saved to logs/sports_cv_project_classification/vgg16-paper-pretrained-w-augmenations/val/metrics.json
2025-09-05 18:27:09,242 [INFO] epoch_accuracy: 0.730000 epoch_top-5-accuracy: 0.954000 epoch_loss: 0.979544
2025-09-05 18:27:09,242 [INFO] Current lr: [0.0001851368698552073]
2025-09-05 18:27:26,427 [INFO] New metrics saved to logs/sports_cv_project_classification/vgg16-paper-pretrained-w-augmenations/train/metrics.json
2025-09-05 18:27:26,427 [INFO] loss: 1.107979 accuracy: 0.692500 top-5-accuracy: 0.918438
2025-09-05 18:27:43,017 [INFO] New metrics saved to logs/sports_cv_project_classification/vgg16-paper-pretrained-w-augmenations/train/metrics.json
2025-09-05 18:27:43,017 [INFO] loss: 1.175173 accuracy: 0.667188 top-5-accuracy: 0.902813
2025-09-05 18:27:59,597 [INFO] New metrics saved to logs/sports_cv_project_classification/vgg16-paper-pretrained-w-augmenations/train/metrics.json
2025-09-05 18:27:59,598 [INFO] loss: 1.188573 accuracy: 0.663125 top-5-accuracy: 0.905312
2025-09-05 18:28:16,258 [INFO] New metrics saved to logs/sports_cv_project_classification/vgg16-paper-pretrained-w-augmenations/train/metrics.json
2025-09-05 18:28:16,259 [INFO] loss: 1.295235 accuracy: 0.644687 top-5-accuracy: 0.895938
2025-09-05 18:28:19,872 [INFO] New metrics saved to logs/sports_cv_project_classification/vgg16-paper-pretrained-w-augmenations/train/metrics.json
2025-09-05 18:28:19,872 [INFO] loss: 1.341499 epoch_loss: 1.199960 accuracy: 0.629928 epoch_accuracy: 0.664777 top-5-accuracy: 0.877524 epoch_top-5-accuracy: 0.904074
2025-09-05 18:28:19,873 [INFO] Epoch summary loss: 1.199960 accuracy: 0.664777 top-5-accuracy: 0.904074
2025-09-05 18:28:21,428 [INFO] New metrics saved to logs/sports_cv_project_classification/vgg16-paper-pretrained-w-augmenations/val/metrics.json
2025-09-05 18:28:21,429 [INFO] epoch_accuracy: 0.742000 epoch_top-5-accuracy: 0.946000 epoch_loss: 0.943977
2025-09-05 18:28:21,429 [INFO] Current lr: [0.00020391453804878145]
2025-09-05 18:28:38,732 [INFO] New metrics saved to logs/sports_cv_project_classification/vgg16-paper-pretrained-w-augmenations/train/metrics.json
2025-09-05 18:28:38,732 [INFO] loss: 1.106487 accuracy: 0.690000 top-5-accuracy: 0.913125
2025-09-05 18:28:55,345 [INFO] New metrics saved to logs/sports_cv_project_classification/vgg16-paper-pretrained-w-augmenations/train/metrics.json
2025-09-05 18:28:55,345 [INFO] loss: 1.180471 accuracy: 0.676875 top-5-accuracy: 0.913750
2025-09-05 18:29:12,029 [INFO] New metrics saved to logs/sports_cv_project_classification/vgg16-paper-pretrained-w-augmenations/train/metrics.json
2025-09-05 18:29:12,029 [INFO] loss: 1.215730 accuracy: 0.663438 top-5-accuracy: 0.907813
2025-09-05 18:29:28,670 [INFO] New metrics saved to logs/sports_cv_project_classification/vgg16-paper-pretrained-w-augmenations/train/metrics.json
2025-09-05 18:29:28,670 [INFO] loss: 1.247702 accuracy: 0.660000 top-5-accuracy: 0.904687
2025-09-05 18:29:32,299 [INFO] New metrics saved to logs/sports_cv_project_classification/vgg16-paper-pretrained-w-augmenations/train/metrics.json
2025-09-05 18:29:32,299 [INFO] loss: 1.240298 epoch_loss: 1.190725 accuracy: 0.648197 epoch_accuracy: 0.671641 top-5-accuracy: 0.914183 epoch_top-5-accuracy: 0.909810
2025-09-05 18:29:32,299 [INFO] Epoch summary loss: 1.190725 accuracy: 0.671641 top-5-accuracy: 0.909810
2025-09-05 18:29:33,857 [INFO] New metrics saved to logs/sports_cv_project_classification/vgg16-paper-pretrained-w-augmenations/val/metrics.json
2025-09-05 18:29:33,857 [INFO] epoch_accuracy: 0.704000 epoch_top-5-accuracy: 0.932000 epoch_loss: 1.069355
2025-09-05 18:29:33,857 [INFO] Current lr: [0.00022358818482582786]
2025-09-05 18:29:50,991 [INFO] New metrics saved to logs/sports_cv_project_classification/vgg16-paper-pretrained-w-augmenations/train/metrics.json
2025-09-05 18:29:50,991 [INFO] loss: 1.088322 accuracy: 0.706875 top-5-accuracy: 0.917813
2025-09-05 18:30:07,671 [INFO] New metrics saved to logs/sports_cv_project_classification/vgg16-paper-pretrained-w-augmenations/train/metrics.json
2025-09-05 18:30:07,671 [INFO] loss: 1.185695 accuracy: 0.671562 top-5-accuracy: 0.904375
2025-09-05 18:30:24,344 [INFO] New metrics saved to logs/sports_cv_project_classification/vgg16-paper-pretrained-w-augmenations/train/metrics.json
2025-09-05 18:30:24,344 [INFO] loss: 1.277137 accuracy: 0.655000 top-5-accuracy: 0.889687
2025-09-05 18:30:40,979 [INFO] New metrics saved to logs/sports_cv_project_classification/vgg16-paper-pretrained-w-augmenations/train/metrics.json
2025-09-05 18:30:40,979 [INFO] loss: 1.202140 accuracy: 0.664062 top-5-accuracy: 0.904062
2025-09-05 18:30:44,605 [INFO] New metrics saved to logs/sports_cv_project_classification/vgg16-paper-pretrained-w-augmenations/train/metrics.json
2025-09-05 18:30:44,605 [INFO] loss: 1.144141 epoch_loss: 1.185789 accuracy: 0.669231 epoch_accuracy: 0.674193 top-5-accuracy: 0.903606 epoch_top-5-accuracy: 0.904125
2025-09-05 18:30:44,605 [INFO] Epoch summary loss: 1.185789 accuracy: 0.674193 top-5-accuracy: 0.904125
2025-09-05 18:30:46,148 [INFO] New metrics saved to logs/sports_cv_project_classification/vgg16-paper-pretrained-w-augmenations/val/metrics.json
2025-09-05 18:30:46,148 [INFO] epoch_accuracy: 0.756000 epoch_top-5-accuracy: 0.952000 epoch_loss: 0.984437
2025-09-05 18:30:46,148 [INFO] Current lr: [0.00024410204309708466]
2025-09-05 18:31:03,339 [INFO] New metrics saved to logs/sports_cv_project_classification/vgg16-paper-pretrained-w-augmenations/train/metrics.json
2025-09-05 18:31:03,339 [INFO] loss: 1.131325 accuracy: 0.684375 top-5-accuracy: 0.907188
2025-09-05 18:31:20,070 [INFO] New metrics saved to logs/sports_cv_project_classification/vgg16-paper-pretrained-w-augmenations/train/metrics.json
2025-09-05 18:31:20,071 [INFO] loss: 1.184649 accuracy: 0.671250 top-5-accuracy: 0.913438
2025-09-05 18:31:36,781 [INFO] New metrics saved to logs/sports_cv_project_classification/vgg16-paper-pretrained-w-augmenations/train/metrics.json
2025-09-05 18:31:36,781 [INFO] loss: 1.197974 accuracy: 0.673438 top-5-accuracy: 0.900000
2025-09-05 18:31:53,488 [INFO] New metrics saved to logs/sports_cv_project_classification/vgg16-paper-pretrained-w-augmenations/train/metrics.json
2025-09-05 18:31:53,488 [INFO] loss: 1.208178 accuracy: 0.670625 top-5-accuracy: 0.905937
2025-09-05 18:31:57,095 [INFO] New metrics saved to logs/sports_cv_project_classification/vgg16-paper-pretrained-w-augmenations/train/metrics.json
2025-09-05 18:31:57,095 [INFO] loss: 1.273805 epoch_loss: 1.185212 accuracy: 0.665625 epoch_accuracy: 0.674541 top-5-accuracy: 0.900120 epoch_top-5-accuracy: 0.906182
2025-09-05 18:31:57,095 [INFO] Epoch summary loss: 1.185212 accuracy: 0.674541 top-5-accuracy: 0.906182
2025-09-05 18:31:58,645 [INFO] New metrics saved to logs/sports_cv_project_classification/vgg16-paper-pretrained-w-augmenations/val/metrics.json
2025-09-05 18:31:58,645 [INFO] epoch_accuracy: 0.710000 epoch_top-5-accuracy: 0.924000 epoch_loss: 1.173522
2025-09-05 18:31:58,645 [INFO] Current lr: [0.0002653979641025236]
2025-09-05 18:32:15,911 [INFO] New metrics saved to logs/sports_cv_project_classification/vgg16-paper-pretrained-w-augmenations/train/metrics.json
2025-09-05 18:32:15,911 [INFO] loss: 1.169561 accuracy: 0.683438 top-5-accuracy: 0.905937
2025-09-05 18:32:32,578 [INFO] New metrics saved to logs/sports_cv_project_classification/vgg16-paper-pretrained-w-augmenations/train/metrics.json
2025-09-05 18:32:32,579 [INFO] loss: 1.238381 accuracy: 0.662813 top-5-accuracy: 0.903125
2025-09-05 18:32:49,211 [INFO] New metrics saved to logs/sports_cv_project_classification/vgg16-paper-pretrained-w-augmenations/train/metrics.json
2025-09-05 18:32:49,211 [INFO] loss: 1.194083 accuracy: 0.672500 top-5-accuracy: 0.900625
2025-09-05 18:33:05,911 [INFO] New metrics saved to logs/sports_cv_project_classification/vgg16-paper-pretrained-w-augmenations/train/metrics.json
2025-09-05 18:33:05,911 [INFO] loss: 1.260305 accuracy: 0.660937 top-5-accuracy: 0.889062
2025-09-05 18:33:09,555 [INFO] New metrics saved to logs/sports_cv_project_classification/vgg16-paper-pretrained-w-augmenations/train/metrics.json
2025-09-05 18:33:09,555 [INFO] loss: 1.182817 epoch_loss: 1.214052 accuracy: 0.649639 epoch_accuracy: 0.668674 top-5-accuracy: 0.921154 epoch_top-5-accuracy: 0.900810
2025-09-05 18:33:09,555 [INFO] Epoch summary loss: 1.214052 accuracy: 0.668674 top-5-accuracy: 0.900810
2025-09-05 18:33:11,105 [INFO] New metrics saved to logs/sports_cv_project_classification/vgg16-paper-pretrained-w-augmenations/val/metrics.json
2025-09-05 18:33:11,105 [INFO] epoch_accuracy: 0.740000 epoch_top-5-accuracy: 0.928000 epoch_loss: 1.043798
2025-09-05 18:33:11,106 [INFO] Current lr: [0.00028741558224032785]
2025-09-05 18:33:28,389 [INFO] New metrics saved to logs/sports_cv_project_classification/vgg16-paper-pretrained-w-augmenations/train/metrics.json
2025-09-05 18:33:28,389 [INFO] loss: 1.192091 accuracy: 0.678125 top-5-accuracy: 0.905625
2025-09-05 18:33:45,052 [INFO] New metrics saved to logs/sports_cv_project_classification/vgg16-paper-pretrained-w-augmenations/train/metrics.json
2025-09-05 18:33:45,052 [INFO] loss: 1.163887 accuracy: 0.665625 top-5-accuracy: 0.912813
2025-09-05 18:34:01,694 [INFO] New metrics saved to logs/sports_cv_project_classification/vgg16-paper-pretrained-w-augmenations/train/metrics.json
2025-09-05 18:34:01,695 [INFO] loss: 1.243865 accuracy: 0.657813 top-5-accuracy: 0.906875
2025-09-05 18:34:18,403 [INFO] New metrics saved to logs/sports_cv_project_classification/vgg16-paper-pretrained-w-augmenations/train/metrics.json
2025-09-05 18:34:18,403 [INFO] loss: 1.310631 accuracy: 0.648750 top-5-accuracy: 0.889687
2025-09-05 18:34:22,036 [INFO] New metrics saved to logs/sports_cv_project_classification/vgg16-paper-pretrained-w-augmenations/train/metrics.json
2025-09-05 18:34:22,036 [INFO] loss: 1.231537 epoch_loss: 1.228829 accuracy: 0.651322 epoch_accuracy: 0.662385 top-5-accuracy: 0.909135 epoch_top-5-accuracy: 0.903721
2025-09-05 18:34:22,036 [INFO] Epoch summary loss: 1.228829 accuracy: 0.662385 top-5-accuracy: 0.903721
2025-09-05 18:34:23,635 [INFO] New metrics saved to logs/sports_cv_project_classification/vgg16-paper-pretrained-w-augmenations/val/metrics.json
2025-09-05 18:34:23,635 [INFO] epoch_accuracy: 0.742000 epoch_top-5-accuracy: 0.942000 epoch_loss: 0.974958
2025-09-05 18:34:23,635 [INFO] Current lr: [0.00031009248617974933]
2025-09-05 18:34:40,821 [INFO] New metrics saved to logs/sports_cv_project_classification/vgg16-paper-pretrained-w-augmenations/train/metrics.json
2025-09-05 18:34:40,822 [INFO] loss: 1.121921 accuracy: 0.682187 top-5-accuracy: 0.915000
2025-09-05 18:34:57,506 [INFO] New metrics saved to logs/sports_cv_project_classification/vgg16-paper-pretrained-w-augmenations/train/metrics.json
2025-09-05 18:34:57,506 [INFO] loss: 1.223884 accuracy: 0.662813 top-5-accuracy: 0.901563
2025-09-05 18:35:14,253 [INFO] New metrics saved to logs/sports_cv_project_classification/vgg16-paper-pretrained-w-augmenations/train/metrics.json
2025-09-05 18:35:14,253 [INFO] loss: 1.207996 accuracy: 0.661875 top-5-accuracy: 0.899375
2025-09-05 18:35:30,930 [INFO] New metrics saved to logs/sports_cv_project_classification/vgg16-paper-pretrained-w-augmenations/train/metrics.json
2025-09-05 18:35:30,930 [INFO] loss: 1.296322 accuracy: 0.645312 top-5-accuracy: 0.900625
2025-09-05 18:35:34,581 [INFO] New metrics saved to logs/sports_cv_project_classification/vgg16-paper-pretrained-w-augmenations/train/metrics.json
2025-09-05 18:35:34,581 [INFO] loss: 1.409828 epoch_loss: 1.223824 accuracy: 0.606370 epoch_accuracy: 0.660180 top-5-accuracy: 0.869231 epoch_top-5-accuracy: 0.901830
2025-09-05 18:35:34,581 [INFO] Epoch summary loss: 1.223824 accuracy: 0.660180 top-5-accuracy: 0.901830
2025-09-05 18:35:36,134 [INFO] New metrics saved to logs/sports_cv_project_classification/vgg16-paper-pretrained-w-augmenations/val/metrics.json
2025-09-05 18:35:36,134 [INFO] epoch_accuracy: 0.734000 epoch_top-5-accuracy: 0.928000 epoch_loss: 1.014795
2025-09-05 18:35:36,134 [INFO] Current lr: [0.00033336439577280597]
2025-09-05 18:35:53,369 [INFO] New metrics saved to logs/sports_cv_project_classification/vgg16-paper-pretrained-w-augmenations/train/metrics.json
2025-09-05 18:35:53,370 [INFO] loss: 1.154949 accuracy: 0.684688 top-5-accuracy: 0.912500
2025-09-05 18:36:10,081 [INFO] New metrics saved to logs/sports_cv_project_classification/vgg16-paper-pretrained-w-augmenations/train/metrics.json
2025-09-05 18:36:10,081 [INFO] loss: 1.218556 accuracy: 0.669375 top-5-accuracy: 0.901875
2025-09-05 18:36:26,758 [INFO] New metrics saved to logs/sports_cv_project_classification/vgg16-paper-pretrained-w-augmenations/train/metrics.json
2025-09-05 18:36:26,759 [INFO] loss: 1.236807 accuracy: 0.660312 top-5-accuracy: 0.903438
2025-09-05 18:36:43,427 [INFO] New metrics saved to logs/sports_cv_project_classification/vgg16-paper-pretrained-w-augmenations/train/metrics.json
2025-09-05 18:36:43,427 [INFO] loss: 1.295695 accuracy: 0.648750 top-5-accuracy: 0.893125
2025-09-05 18:36:47,048 [INFO] New metrics saved to logs/sports_cv_project_classification/vgg16-paper-pretrained-w-augmenations/train/metrics.json
2025-09-05 18:36:47,048 [INFO] loss: 1.313718 epoch_loss: 1.230931 accuracy: 0.650240 epoch_accuracy: 0.664925 top-5-accuracy: 0.897837 epoch_top-5-accuracy: 0.902519
2025-09-05 18:36:47,048 [INFO] Epoch summary loss: 1.230931 accuracy: 0.664925 top-5-accuracy: 0.902519
2025-09-05 18:36:48,593 [INFO] New metrics saved to logs/sports_cv_project_classification/vgg16-paper-pretrained-w-augmenations/val/metrics.json
2025-09-05 18:36:48,593 [INFO] epoch_accuracy: 0.718000 epoch_top-5-accuracy: 0.942000 epoch_loss: 1.033469
2025-09-05 18:36:48,594 [INFO] Current lr: [0.0003571653442633456]
2025-09-05 18:37:05,853 [INFO] New metrics saved to logs/sports_cv_project_classification/vgg16-paper-pretrained-w-augmenations/train/metrics.json
2025-09-05 18:37:05,854 [INFO] loss: 1.175089 accuracy: 0.670937 top-5-accuracy: 0.915625
2025-09-05 18:37:22,574 [INFO] New metrics saved to logs/sports_cv_project_classification/vgg16-paper-pretrained-w-augmenations/train/metrics.json
2025-09-05 18:37:22,574 [INFO] loss: 1.224839 accuracy: 0.664375 top-5-accuracy: 0.905625
2025-09-05 18:37:39,265 [INFO] New metrics saved to logs/sports_cv_project_classification/vgg16-paper-pretrained-w-augmenations/train/metrics.json
2025-09-05 18:37:39,265 [INFO] loss: 1.329858 accuracy: 0.634375 top-5-accuracy: 0.890312
2025-09-05 18:37:55,949 [INFO] New metrics saved to logs/sports_cv_project_classification/vgg16-paper-pretrained-w-augmenations/train/metrics.json
2025-09-05 18:37:55,949 [INFO] loss: 1.303265 accuracy: 0.645625 top-5-accuracy: 0.888750
2025-09-05 18:37:59,565 [INFO] New metrics saved to logs/sports_cv_project_classification/vgg16-paper-pretrained-w-augmenations/train/metrics.json
2025-09-05 18:37:59,565 [INFO] loss: 1.279960 epoch_loss: 1.260038 accuracy: 0.658774 epoch_accuracy: 0.654000 top-5-accuracy: 0.893870 epoch_top-5-accuracy: 0.899591
2025-09-05 18:37:59,565 [INFO] Epoch summary loss: 1.260038 accuracy: 0.654000 top-5-accuracy: 0.899591
2025-09-05 18:38:01,111 [INFO] New metrics saved to logs/sports_cv_project_classification/vgg16-paper-pretrained-w-augmenations/val/metrics.json
2025-09-05 18:38:01,111 [INFO] epoch_accuracy: 0.698000 epoch_top-5-accuracy: 0.932000 epoch_loss: 1.116115
2025-09-05 18:38:01,111 [INFO] Current lr: [0.00038142786527698195]
2025-09-05 18:38:18,439 [INFO] New metrics saved to logs/sports_cv_project_classification/vgg16-paper-pretrained-w-augmenations/train/metrics.json
2025-09-05 18:38:18,440 [INFO] loss: 1.189975 accuracy: 0.675937 top-5-accuracy: 0.909062
2025-09-05 18:38:35,081 [INFO] New metrics saved to logs/sports_cv_project_classification/vgg16-paper-pretrained-w-augmenations/train/metrics.json
2025-09-05 18:38:35,082 [INFO] loss: 1.261748 accuracy: 0.656875 top-5-accuracy: 0.896563
2025-09-05 18:38:51,724 [INFO] New metrics saved to logs/sports_cv_project_classification/vgg16-paper-pretrained-w-augmenations/train/metrics.json
2025-09-05 18:38:51,724 [INFO] loss: 1.293336 accuracy: 0.646875 top-5-accuracy: 0.896250
2025-09-05 18:39:08,407 [INFO] New metrics saved to logs/sports_cv_project_classification/vgg16-paper-pretrained-w-augmenations/train/metrics.json
2025-09-05 18:39:08,408 [INFO] loss: 1.403681 accuracy: 0.624062 top-5-accuracy: 0.877500
2025-09-05 18:39:12,054 [INFO] New metrics saved to logs/sports_cv_project_classification/vgg16-paper-pretrained-w-augmenations/train/metrics.json
2025-09-05 18:39:12,054 [INFO] loss: 1.223710 epoch_loss: 1.285174 accuracy: 0.662380 epoch_accuracy: 0.651209 top-5-accuracy: 0.910697 epoch_top-5-accuracy: 0.895501
2025-09-05 18:39:12,055 [INFO] Epoch summary loss: 1.285174 accuracy: 0.651209 top-5-accuracy: 0.895501
2025-09-05 18:39:13,643 [INFO] New metrics saved to logs/sports_cv_project_classification/vgg16-paper-pretrained-w-augmenations/val/metrics.json
2025-09-05 18:39:13,643 [INFO] epoch_accuracy: 0.712000 epoch_top-5-accuracy: 0.936000 epoch_loss: 1.016771
2025-09-05 18:39:13,643 [INFO] Current lr: [0.0004060831840618648]
2025-09-05 18:39:30,866 [INFO] New metrics saved to logs/sports_cv_project_classification/vgg16-paper-pretrained-w-augmenations/train/metrics.json
2025-09-05 18:39:30,866 [INFO] loss: 1.244024 accuracy: 0.665937 top-5-accuracy: 0.900000
2025-09-05 18:39:47,501 [INFO] New metrics saved to logs/sports_cv_project_classification/vgg16-paper-pretrained-w-augmenations/train/metrics.json
2025-09-05 18:39:47,502 [INFO] loss: 1.245873 accuracy: 0.668438 top-5-accuracy: 0.895938
2025-09-05 18:40:04,173 [INFO] New metrics saved to logs/sports_cv_project_classification/vgg16-paper-pretrained-w-augmenations/train/metrics.json
2025-09-05 18:40:04,173 [INFO] loss: 1.328627 accuracy: 0.639687 top-5-accuracy: 0.884375
2025-09-05 18:40:20,869 [INFO] New metrics saved to logs/sports_cv_project_classification/vgg16-paper-pretrained-w-augmenations/train/metrics.json
2025-09-05 18:40:20,869 [INFO] loss: 1.353422 accuracy: 0.637188 top-5-accuracy: 0.886250
2025-09-05 18:40:24,514 [INFO] New metrics saved to logs/sports_cv_project_classification/vgg16-paper-pretrained-w-augmenations/train/metrics.json
2025-09-05 18:40:24,515 [INFO] loss: 1.370581 epoch_loss: 1.296507 accuracy: 0.634135 epoch_accuracy: 0.652166 top-5-accuracy: 0.894351 epoch_top-5-accuracy: 0.891616
2025-09-05 18:40:24,515 [INFO] Epoch summary loss: 1.296507 accuracy: 0.652166 top-5-accuracy: 0.891616
2025-09-05 18:40:26,086 [INFO] New metrics saved to logs/sports_cv_project_classification/vgg16-paper-pretrained-w-augmenations/val/metrics.json
2025-09-05 18:40:26,086 [INFO] epoch_accuracy: 0.726000 epoch_top-5-accuracy: 0.932000 epoch_loss: 0.938230
2025-09-05 18:40:26,086 [INFO] Current lr: [0.0004310614124381851]
2025-09-05 18:40:43,289 [INFO] New metrics saved to logs/sports_cv_project_classification/vgg16-paper-pretrained-w-augmenations/train/metrics.json
2025-09-05 18:40:43,289 [INFO] loss: 1.279468 accuracy: 0.651875 top-5-accuracy: 0.895625
2025-09-05 18:40:59,958 [INFO] New metrics saved to logs/sports_cv_project_classification/vgg16-paper-pretrained-w-augmenations/train/metrics.json
2025-09-05 18:40:59,958 [INFO] loss: 1.353875 accuracy: 0.634375 top-5-accuracy: 0.893125
2025-09-05 18:41:16,701 [INFO] New metrics saved to logs/sports_cv_project_classification/vgg16-paper-pretrained-w-augmenations/train/metrics.json
2025-09-05 18:41:16,701 [INFO] loss: 1.354698 accuracy: 0.635625 top-5-accuracy: 0.882500
2025-09-05 18:41:33,412 [INFO] New metrics saved to logs/sports_cv_project_classification/vgg16-paper-pretrained-w-augmenations/train/metrics.json
2025-09-05 18:41:33,412 [INFO] loss: 1.360361 accuracy: 0.629687 top-5-accuracy: 0.887500
2025-09-05 18:41:37,053 [INFO] New metrics saved to logs/sports_cv_project_classification/vgg16-paper-pretrained-w-augmenations/train/metrics.json
2025-09-05 18:41:37,053 [INFO] loss: 1.434662 epoch_loss: 1.340013 accuracy: 0.611058 epoch_accuracy: 0.637002 top-5-accuracy: 0.880288 epoch_top-5-accuracy: 0.889469
2025-09-05 18:41:37,053 [INFO] Epoch summary loss: 1.340013 accuracy: 0.637002 top-5-accuracy: 0.889469
2025-09-05 18:41:38,623 [INFO] New metrics saved to logs/sports_cv_project_classification/vgg16-paper-pretrained-w-augmenations/val/metrics.json
2025-09-05 18:41:38,623 [INFO] epoch_accuracy: 0.690000 epoch_top-5-accuracy: 0.914000 epoch_loss: 1.204740
2025-09-05 18:41:38,623 [INFO] Current lr: [0.0004562917469038135]
2025-09-05 18:41:55,925 [INFO] New metrics saved to logs/sports_cv_project_classification/vgg16-paper-pretrained-w-augmenations/train/metrics.json
2025-09-05 18:41:55,926 [INFO] loss: 1.330133 accuracy: 0.632812 top-5-accuracy: 0.891563
2025-09-05 18:42:12,637 [INFO] New metrics saved to logs/sports_cv_project_classification/vgg16-paper-pretrained-w-augmenations/train/metrics.json
2025-09-05 18:42:12,637 [INFO] loss: 1.340806 accuracy: 0.632188 top-5-accuracy: 0.888437
2025-09-05 18:42:29,388 [INFO] New metrics saved to logs/sports_cv_project_classification/vgg16-paper-pretrained-w-augmenations/train/metrics.json
2025-09-05 18:42:29,388 [INFO] loss: 1.377273 accuracy: 0.626563 top-5-accuracy: 0.880000
2025-09-05 18:42:46,103 [INFO] New metrics saved to logs/sports_cv_project_classification/vgg16-paper-pretrained-w-augmenations/train/metrics.json
2025-09-05 18:42:46,103 [INFO] loss: 1.445822 accuracy: 0.608750 top-5-accuracy: 0.870313
2025-09-05 18:42:49,746 [INFO] New metrics saved to logs/sports_cv_project_classification/vgg16-paper-pretrained-w-augmenations/train/metrics.json
2025-09-05 18:42:49,746 [INFO] loss: 1.499046 epoch_loss: 1.381463 accuracy: 0.597476 epoch_accuracy: 0.623547 top-5-accuracy: 0.877163 epoch_top-5-accuracy: 0.881989
2025-09-05 18:42:49,746 [INFO] Epoch summary loss: 1.381463 accuracy: 0.623547 top-5-accuracy: 0.881989
2025-09-05 18:42:51,298 [INFO] New metrics saved to logs/sports_cv_project_classification/vgg16-paper-pretrained-w-augmenations/val/metrics.json
2025-09-05 18:42:51,298 [INFO] epoch_accuracy: 0.682000 epoch_top-5-accuracy: 0.924000 epoch_loss: 1.136222
2025-09-05 18:42:51,298 [INFO] Current lr: [0.0004817026693345201]
2025-09-05 18:43:08,607 [INFO] New metrics saved to logs/sports_cv_project_classification/vgg16-paper-pretrained-w-augmenations/train/metrics.json
2025-09-05 18:43:08,608 [INFO] loss: 1.354808 accuracy: 0.634687 top-5-accuracy: 0.891250
2025-09-05 18:43:25,344 [INFO] New metrics saved to logs/sports_cv_project_classification/vgg16-paper-pretrained-w-augmenations/train/metrics.json
2025-09-05 18:43:25,344 [INFO] loss: 1.327319 accuracy: 0.637500 top-5-accuracy: 0.894687
2025-09-05 18:43:41,996 [INFO] New metrics saved to logs/sports_cv_project_classification/vgg16-paper-pretrained-w-augmenations/train/metrics.json
2025-09-05 18:43:41,996 [INFO] loss: 1.450118 accuracy: 0.606875 top-5-accuracy: 0.876563
2025-09-05 18:43:58,741 [INFO] New metrics saved to logs/sports_cv_project_classification/vgg16-paper-pretrained-w-augmenations/train/metrics.json
2025-09-05 18:43:58,742 [INFO] loss: 1.422813 accuracy: 0.626875 top-5-accuracy: 0.877500
2025-09-05 18:44:02,408 [INFO] New metrics saved to logs/sports_cv_project_classification/vgg16-paper-pretrained-w-augmenations/train/metrics.json
2025-09-05 18:44:02,409 [INFO] loss: 1.483500 epoch_loss: 1.392416 accuracy: 0.590385 epoch_accuracy: 0.624692 top-5-accuracy: 0.876803 epoch_top-5-accuracy: 0.884638
2025-09-05 18:44:02,409 [INFO] Epoch summary loss: 1.392416 accuracy: 0.624692 top-5-accuracy: 0.884638
2025-09-05 18:44:04,022 [INFO] New metrics saved to logs/sports_cv_project_classification/vgg16-paper-pretrained-w-augmenations/val/metrics.json
2025-09-05 18:44:04,022 [INFO] epoch_accuracy: 0.722000 epoch_top-5-accuracy: 0.938000 epoch_loss: 1.036918
2025-09-05 18:44:04,022 [INFO] Current lr: [0.0005072221497098681]
2025-09-05 18:44:21,307 [INFO] New metrics saved to logs/sports_cv_project_classification/vgg16-paper-pretrained-w-augmenations/train/metrics.json
2025-09-05 18:44:21,307 [INFO] loss: 1.345138 accuracy: 0.634375 top-5-accuracy: 0.887813
2025-09-05 18:44:37,978 [INFO] New metrics saved to logs/sports_cv_project_classification/vgg16-paper-pretrained-w-augmenations/train/metrics.json
2025-09-05 18:44:37,978 [INFO] loss: 1.393909 accuracy: 0.630313 top-5-accuracy: 0.877812
2025-09-05 18:44:54,661 [INFO] New metrics saved to logs/sports_cv_project_classification/vgg16-paper-pretrained-w-augmenations/train/metrics.json
2025-09-05 18:44:54,661 [INFO] loss: 1.454124 accuracy: 0.612187 top-5-accuracy: 0.872812
2025-09-05 18:45:11,415 [INFO] New metrics saved to logs/sports_cv_project_classification/vgg16-paper-pretrained-w-augmenations/train/metrics.json
2025-09-05 18:45:11,415 [INFO] loss: 1.440549 accuracy: 0.605313 top-5-accuracy: 0.872188
2025-09-05 18:45:15,069 [INFO] New metrics saved to logs/sports_cv_project_classification/vgg16-paper-pretrained-w-augmenations/train/metrics.json
2025-09-05 18:45:15,069 [INFO] loss: 1.418129 epoch_loss: 1.407730 accuracy: 0.609135 epoch_accuracy: 0.620323 top-5-accuracy: 0.886058 epoch_top-5-accuracy: 0.878190
2025-09-05 18:45:15,070 [INFO] Epoch summary loss: 1.407730 accuracy: 0.620323 top-5-accuracy: 0.878190
2025-09-05 18:45:16,624 [INFO] New metrics saved to logs/sports_cv_project_classification/vgg16-paper-pretrained-w-augmenations/val/metrics.json
2025-09-05 18:45:16,625 [INFO] epoch_accuracy: 0.728000 epoch_top-5-accuracy: 0.920000 epoch_loss: 1.020815
2025-09-05 18:45:16,625 [INFO] Current lr: [0.0005327778502901318]
2025-09-05 18:45:33,971 [INFO] New metrics saved to logs/sports_cv_project_classification/vgg16-paper-pretrained-w-augmenations/train/metrics.json
2025-09-05 18:45:33,971 [INFO] loss: 1.374875 accuracy: 0.621250 top-5-accuracy: 0.882812
2025-09-05 18:45:50,727 [INFO] New metrics saved to logs/sports_cv_project_classification/vgg16-paper-pretrained-w-augmenations/train/metrics.json
2025-09-05 18:45:50,727 [INFO] loss: 1.411376 accuracy: 0.618125 top-5-accuracy: 0.880313
2025-09-05 18:46:07,499 [INFO] New metrics saved to logs/sports_cv_project_classification/vgg16-paper-pretrained-w-augmenations/train/metrics.json
2025-09-05 18:46:07,499 [INFO] loss: 1.490922 accuracy: 0.602812 top-5-accuracy: 0.860313
2025-09-05 18:46:24,305 [INFO] New metrics saved to logs/sports_cv_project_classification/vgg16-paper-pretrained-w-augmenations/train/metrics.json
2025-09-05 18:46:24,305 [INFO] loss: 1.513065 accuracy: 0.592187 top-5-accuracy: 0.864375
2025-09-05 18:46:27,950 [INFO] New metrics saved to logs/sports_cv_project_classification/vgg16-paper-pretrained-w-augmenations/train/metrics.json
2025-09-05 18:46:27,950 [INFO] loss: 1.519978 epoch_loss: 1.453436 accuracy: 0.594351 epoch_accuracy: 0.607478 top-5-accuracy: 0.868149 epoch_top-5-accuracy: 0.871269
2025-09-05 18:46:27,950 [INFO] Epoch summary loss: 1.453436 accuracy: 0.607478 top-5-accuracy: 0.871269
2025-09-05 18:46:29,527 [INFO] New metrics saved to logs/sports_cv_project_classification/vgg16-paper-pretrained-w-augmenations/val/metrics.json
2025-09-05 18:46:29,528 [INFO] epoch_accuracy: 0.690000 epoch_top-5-accuracy: 0.926000 epoch_loss: 1.109589
2025-09-05 18:46:29,528 [INFO] Current lr: [0.0005582973306654799]
2025-09-05 18:46:46,825 [INFO] New metrics saved to logs/sports_cv_project_classification/vgg16-paper-pretrained-w-augmenations/train/metrics.json
2025-09-05 18:46:46,825 [INFO] loss: 1.414309 accuracy: 0.616563 top-5-accuracy: 0.873125
2025-09-05 18:47:03,629 [INFO] New metrics saved to logs/sports_cv_project_classification/vgg16-paper-pretrained-w-augmenations/train/metrics.json
2025-09-05 18:47:03,629 [INFO] loss: 1.453195 accuracy: 0.606250 top-5-accuracy: 0.866563
2025-09-05 18:47:20,418 [INFO] New metrics saved to logs/sports_cv_project_classification/vgg16-paper-pretrained-w-augmenations/train/metrics.json
2025-09-05 18:47:20,418 [INFO] loss: 1.480031 accuracy: 0.598125 top-5-accuracy: 0.868750
2025-09-05 18:47:37,249 [INFO] New metrics saved to logs/sports_cv_project_classification/vgg16-paper-pretrained-w-augmenations/train/metrics.json
2025-09-05 18:47:37,249 [INFO] loss: 1.532332 accuracy: 0.593125 top-5-accuracy: 0.862812
2025-09-05 18:47:40,880 [INFO] New metrics saved to logs/sports_cv_project_classification/vgg16-paper-pretrained-w-augmenations/train/metrics.json
2025-09-05 18:47:40,880 [INFO] loss: 1.500092 epoch_loss: 1.470997 accuracy: 0.600240 epoch_accuracy: 0.603536 top-5-accuracy: 0.866587 epoch_top-5-accuracy: 0.867788
2025-09-05 18:47:40,880 [INFO] Epoch summary loss: 1.470997 accuracy: 0.603536 top-5-accuracy: 0.867788
2025-09-05 18:47:42,446 [INFO] New metrics saved to logs/sports_cv_project_classification/vgg16-paper-pretrained-w-augmenations/val/metrics.json
2025-09-05 18:47:42,446 [INFO] epoch_accuracy: 0.664000 epoch_top-5-accuracy: 0.942000 epoch_loss: 1.178206
2025-09-05 18:47:42,446 [INFO] Current lr: [0.0005837082530961865]
2025-09-05 18:47:59,750 [INFO] New metrics saved to logs/sports_cv_project_classification/vgg16-paper-pretrained-w-augmenations/train/metrics.json
2025-09-05 18:47:59,750 [INFO] loss: 1.468893 accuracy: 0.600000 top-5-accuracy: 0.868750
2025-09-05 18:48:16,563 [INFO] New metrics saved to logs/sports_cv_project_classification/vgg16-paper-pretrained-w-augmenations/train/metrics.json
2025-09-05 18:48:16,563 [INFO] loss: 1.478017 accuracy: 0.585625 top-5-accuracy: 0.867188
2025-09-05 18:48:33,357 [INFO] New metrics saved to logs/sports_cv_project_classification/vgg16-paper-pretrained-w-augmenations/train/metrics.json
2025-09-05 18:48:33,357 [INFO] loss: 1.486703 accuracy: 0.601562 top-5-accuracy: 0.863437
2025-09-05 18:48:50,127 [INFO] New metrics saved to logs/sports_cv_project_classification/vgg16-paper-pretrained-w-augmenations/train/metrics.json
2025-09-05 18:48:50,127 [INFO] loss: 1.547188 accuracy: 0.597187 top-5-accuracy: 0.867188
2025-09-05 18:48:53,794 [INFO] New metrics saved to logs/sports_cv_project_classification/vgg16-paper-pretrained-w-augmenations/train/metrics.json
2025-09-05 18:48:53,795 [INFO] loss: 1.591919 epoch_loss: 1.499473 accuracy: 0.583534 epoch_accuracy: 0.595635 top-5-accuracy: 0.853486 epoch_top-5-accuracy: 0.865909
2025-09-05 18:48:53,795 [INFO] Epoch summary loss: 1.499473 accuracy: 0.595635 top-5-accuracy: 0.865909
2025-09-05 18:48:55,380 [INFO] New metrics saved to logs/sports_cv_project_classification/vgg16-paper-pretrained-w-augmenations/val/metrics.json
2025-09-05 18:48:55,380 [INFO] epoch_accuracy: 0.686000 epoch_top-5-accuracy: 0.922000 epoch_loss: 1.158657
2025-09-05 18:48:55,380 [INFO] Current lr: [0.0006089385875618148]
2025-09-05 18:49:12,789 [INFO] New metrics saved to logs/sports_cv_project_classification/vgg16-paper-pretrained-w-augmenations/train/metrics.json
2025-09-05 18:49:12,789 [INFO] loss: 1.428291 accuracy: 0.616563 top-5-accuracy: 0.870000
2025-09-05 18:49:29,477 [INFO] New metrics saved to logs/sports_cv_project_classification/vgg16-paper-pretrained-w-augmenations/train/metrics.json
2025-09-05 18:49:29,477 [INFO] loss: 1.568668 accuracy: 0.578125 top-5-accuracy: 0.847187
2025-09-05 18:49:46,224 [INFO] New metrics saved to logs/sports_cv_project_classification/vgg16-paper-pretrained-w-augmenations/train/metrics.json
2025-09-05 18:49:46,224 [INFO] loss: 1.589514 accuracy: 0.580313 top-5-accuracy: 0.856875
2025-09-05 18:50:02,988 [INFO] New metrics saved to logs/sports_cv_project_classification/vgg16-paper-pretrained-w-augmenations/train/metrics.json
2025-09-05 18:50:02,989 [INFO] loss: 1.596423 accuracy: 0.570625 top-5-accuracy: 0.852187
2025-09-05 18:50:06,640 [INFO] New metrics saved to logs/sports_cv_project_classification/vgg16-paper-pretrained-w-augmenations/train/metrics.json
2025-09-05 18:50:06,640 [INFO] loss: 1.622482 epoch_loss: 1.549358 accuracy: 0.584615 epoch_accuracy: 0.586578 top-5-accuracy: 0.845192 epoch_top-5-accuracy: 0.855889
2025-09-05 18:50:06,640 [INFO] Epoch summary loss: 1.549358 accuracy: 0.586578 top-5-accuracy: 0.855889
2025-09-05 18:50:08,214 [INFO] New metrics saved to logs/sports_cv_project_classification/vgg16-paper-pretrained-w-augmenations/val/metrics.json
2025-09-05 18:50:08,214 [INFO] epoch_accuracy: 0.690000 epoch_top-5-accuracy: 0.914000 epoch_loss: 1.185854
2025-09-05 18:50:08,214 [INFO] Current lr: [0.0006339168159381352]
2025-09-05 18:50:25,644 [INFO] New metrics saved to logs/sports_cv_project_classification/vgg16-paper-pretrained-w-augmenations/train/metrics.json
2025-09-05 18:50:25,645 [INFO] loss: 1.492441 accuracy: 0.598750 top-5-accuracy: 0.866250
2025-09-05 18:50:43,988 [INFO] New metrics saved to logs/sports_cv_project_classification/vgg16-paper-pretrained-w-augmenations/train/metrics.json
2025-09-05 18:50:43,989 [INFO] loss: 1.528142 accuracy: 0.585625 top-5-accuracy: 0.857187
2025-09-05 18:51:00,937 [INFO] New metrics saved to logs/sports_cv_project_classification/vgg16-paper-pretrained-w-augmenations/train/metrics.json
2025-09-05 18:51:00,937 [INFO] loss: 1.609252 accuracy: 0.571562 top-5-accuracy: 0.845938
2025-09-05 18:51:18,734 [INFO] New metrics saved to logs/sports_cv_project_classification/vgg16-paper-pretrained-w-augmenations/train/metrics.json
2025-09-05 18:51:18,734 [INFO] loss: 1.585610 accuracy: 0.575937 top-5-accuracy: 0.841875
2025-09-05 18:51:22,740 [INFO] New metrics saved to logs/sports_cv_project_classification/vgg16-paper-pretrained-w-augmenations/train/metrics.json
2025-09-05 18:51:22,741 [INFO] loss: 1.553300 epoch_loss: 1.554426 accuracy: 0.587500 epoch_accuracy: 0.583309 top-5-accuracy: 0.868510 epoch_top-5-accuracy: 0.853513
2025-09-05 18:51:22,741 [INFO] Epoch summary loss: 1.554426 accuracy: 0.583309 top-5-accuracy: 0.853513
2025-09-05 18:51:24,701 [INFO] New metrics saved to logs/sports_cv_project_classification/vgg16-paper-pretrained-w-augmenations/val/metrics.json
2025-09-05 18:51:24,701 [INFO] epoch_accuracy: 0.692000 epoch_top-5-accuracy: 0.930000 epoch_loss: 1.064618
2025-09-05 18:51:24,701 [INFO] Current lr: [0.000658572134723018]
2025-09-05 18:51:44,139 [INFO] New metrics saved to logs/sports_cv_project_classification/vgg16-paper-pretrained-w-augmenations/train/metrics.json
2025-09-05 18:51:44,139 [INFO] loss: 1.482608 accuracy: 0.603750 top-5-accuracy: 0.877188
2025-09-05 18:52:00,817 [INFO] New metrics saved to logs/sports_cv_project_classification/vgg16-paper-pretrained-w-augmenations/train/metrics.json
2025-09-05 18:52:00,817 [INFO] loss: 1.542972 accuracy: 0.585000 top-5-accuracy: 0.860625
2025-09-05 18:52:18,985 [INFO] New metrics saved to logs/sports_cv_project_classification/vgg16-paper-pretrained-w-augmenations/train/metrics.json
2025-09-05 18:52:18,985 [INFO] loss: 1.555879 accuracy: 0.583125 top-5-accuracy: 0.852812
2025-09-05 18:52:37,433 [INFO] New metrics saved to logs/sports_cv_project_classification/vgg16-paper-pretrained-w-augmenations/train/metrics.json
2025-09-05 18:52:37,434 [INFO] loss: 1.642968 accuracy: 0.556875 top-5-accuracy: 0.854688
2025-09-05 18:52:41,283 [INFO] New metrics saved to logs/sports_cv_project_classification/vgg16-paper-pretrained-w-augmenations/train/metrics.json
2025-09-05 18:52:41,283 [INFO] loss: 1.608362 epoch_loss: 1.556660 accuracy: 0.572596 epoch_accuracy: 0.582158 top-5-accuracy: 0.861178 epoch_top-5-accuracy: 0.861608
2025-09-05 18:52:41,283 [INFO] Epoch summary loss: 1.556660 accuracy: 0.582158 top-5-accuracy: 0.861608
2025-09-05 18:52:42,870 [INFO] New metrics saved to logs/sports_cv_project_classification/vgg16-paper-pretrained-w-augmenations/val/metrics.json
2025-09-05 18:52:42,870 [INFO] epoch_accuracy: 0.710000 epoch_top-5-accuracy: 0.920000 epoch_loss: 1.130188
2025-09-05 18:52:42,870 [INFO] Current lr: [0.0006828346557366546]
2025-09-05 18:53:00,043 [INFO] New metrics saved to logs/sports_cv_project_classification/vgg16-paper-pretrained-w-augmenations/train/metrics.json
2025-09-05 18:53:00,043 [INFO] loss: 1.569711 accuracy: 0.595313 top-5-accuracy: 0.846875
2025-09-05 18:53:16,860 [INFO] New metrics saved to logs/sports_cv_project_classification/vgg16-paper-pretrained-w-augmenations/train/metrics.json
2025-09-05 18:53:16,861 [INFO] loss: 1.599782 accuracy: 0.570625 top-5-accuracy: 0.846562
2025-09-05 18:53:33,619 [INFO] New metrics saved to logs/sports_cv_project_classification/vgg16-paper-pretrained-w-augmenations/train/metrics.json
2025-09-05 18:53:33,620 [INFO] loss: 1.648589 accuracy: 0.566875 top-5-accuracy: 0.844375
2025-09-05 18:53:50,323 [INFO] New metrics saved to logs/sports_cv_project_classification/vgg16-paper-pretrained-w-augmenations/train/metrics.json
2025-09-05 18:53:50,323 [INFO] loss: 1.694925 accuracy: 0.550625 top-5-accuracy: 0.831562
2025-09-05 18:53:53,972 [INFO] New metrics saved to logs/sports_cv_project_classification/vgg16-paper-pretrained-w-augmenations/train/metrics.json
2025-09-05 18:53:53,972 [INFO] loss: 1.680245 epoch_loss: 1.631959 accuracy: 0.557813 epoch_accuracy: 0.570127 top-5-accuracy: 0.839303 epoch_top-5-accuracy: 0.841984
2025-09-05 18:53:53,972 [INFO] Epoch summary loss: 1.631959 accuracy: 0.570127 top-5-accuracy: 0.841984
2025-09-05 18:53:55,527 [INFO] New metrics saved to logs/sports_cv_project_classification/vgg16-paper-pretrained-w-augmenations/val/metrics.json
2025-09-05 18:53:55,527 [INFO] epoch_accuracy: 0.710000 epoch_top-5-accuracy: 0.940000 epoch_loss: 1.029709
2025-09-05 18:53:55,527 [INFO] Current lr: [0.0007066356042271938]
2025-09-05 18:54:12,965 [INFO] New metrics saved to logs/sports_cv_project_classification/vgg16-paper-pretrained-w-augmenations/train/metrics.json
2025-09-05 18:54:12,965 [INFO] loss: 1.513722 accuracy: 0.591562 top-5-accuracy: 0.861875
2025-09-05 18:54:29,752 [INFO] New metrics saved to logs/sports_cv_project_classification/vgg16-paper-pretrained-w-augmenations/train/metrics.json
2025-09-05 18:54:29,753 [INFO] loss: 1.537865 accuracy: 0.586875 top-5-accuracy: 0.865625
2025-09-05 18:54:46,560 [INFO] New metrics saved to logs/sports_cv_project_classification/vgg16-paper-pretrained-w-augmenations/train/metrics.json
2025-09-05 18:54:46,560 [INFO] loss: 1.644753 accuracy: 0.559063 top-5-accuracy: 0.836250
2025-09-05 18:55:03,408 [INFO] New metrics saved to logs/sports_cv_project_classification/vgg16-paper-pretrained-w-augmenations/train/metrics.json
2025-09-05 18:55:03,408 [INFO] loss: 1.640570 accuracy: 0.561562 top-5-accuracy: 0.842187
2025-09-05 18:55:07,119 [INFO] New metrics saved to logs/sports_cv_project_classification/vgg16-paper-pretrained-w-augmenations/train/metrics.json
2025-09-05 18:55:07,119 [INFO] loss: 1.677347 epoch_loss: 1.587605 accuracy: 0.567428 epoch_accuracy: 0.574582 top-5-accuracy: 0.843630 epoch_top-5-accuracy: 0.851224
2025-09-05 18:55:07,119 [INFO] Epoch summary loss: 1.587605 accuracy: 0.574582 top-5-accuracy: 0.851224
2025-09-05 18:55:08,722 [INFO] New metrics saved to logs/sports_cv_project_classification/vgg16-paper-pretrained-w-augmenations/val/metrics.json
2025-09-05 18:55:08,722 [INFO] epoch_accuracy: 0.656000 epoch_top-5-accuracy: 0.916000 epoch_loss: 1.192629
2025-09-05 18:55:08,722 [INFO] Current lr: [0.0007299075138202506]
2025-09-05 18:55:26,252 [INFO] New metrics saved to logs/sports_cv_project_classification/vgg16-paper-pretrained-w-augmenations/train/metrics.json
2025-09-05 18:55:26,252 [INFO] loss: 1.594608 accuracy: 0.590000 top-5-accuracy: 0.856563
2025-09-05 18:55:43,166 [INFO] New metrics saved to logs/sports_cv_project_classification/vgg16-paper-pretrained-w-augmenations/train/metrics.json
2025-09-05 18:55:43,166 [INFO] loss: 1.531930 accuracy: 0.584063 top-5-accuracy: 0.856250
2025-09-05 18:56:00,094 [INFO] New metrics saved to logs/sports_cv_project_classification/vgg16-paper-pretrained-w-augmenations/train/metrics.json
2025-09-05 18:56:00,094 [INFO] loss: 1.659480 accuracy: 0.560312 top-5-accuracy: 0.845000
2025-09-05 18:56:17,099 [INFO] New metrics saved to logs/sports_cv_project_classification/vgg16-paper-pretrained-w-augmenations/train/metrics.json
2025-09-05 18:56:17,099 [INFO] loss: 1.679459 accuracy: 0.557187 top-5-accuracy: 0.837812
2025-09-05 18:56:20,787 [INFO] New metrics saved to logs/sports_cv_project_classification/vgg16-paper-pretrained-w-augmenations/train/metrics.json
2025-09-05 18:56:20,788 [INFO] loss: 1.733204 epoch_loss: 1.623296 accuracy: 0.549639 epoch_accuracy: 0.571221 top-5-accuracy: 0.820312 epoch_top-5-accuracy: 0.847527
2025-09-05 18:56:20,788 [INFO] Epoch summary loss: 1.623296 accuracy: 0.571221 top-5-accuracy: 0.847527
2025-09-05 18:56:22,406 [INFO] New metrics saved to logs/sports_cv_project_classification/vgg16-paper-pretrained-w-augmenations/val/metrics.json
2025-09-05 18:56:22,406 [INFO] epoch_accuracy: 0.650000 epoch_top-5-accuracy: 0.914000 epoch_loss: 1.318754
2025-09-05 18:56:22,406 [INFO] Current lr: [0.0007525844177596721]
2025-09-05 18:56:40,197 [INFO] New metrics saved to logs/sports_cv_project_classification/vgg16-paper-pretrained-w-augmenations/train/metrics.json
2025-09-05 18:56:40,197 [INFO] loss: 1.540698 accuracy: 0.584688 top-5-accuracy: 0.859062
2025-09-05 18:56:58,652 [INFO] New metrics saved to logs/sports_cv_project_classification/vgg16-paper-pretrained-w-augmenations/train/metrics.json
2025-09-05 18:56:58,653 [INFO] loss: 1.640814 accuracy: 0.563438 top-5-accuracy: 0.842187
2025-09-05 18:57:16,847 [INFO] New metrics saved to logs/sports_cv_project_classification/vgg16-paper-pretrained-w-augmenations/train/metrics.json
2025-09-05 18:57:16,847 [INFO] loss: 1.724363 accuracy: 0.543750 top-5-accuracy: 0.830000
2025-09-05 18:57:33,759 [INFO] New metrics saved to logs/sports_cv_project_classification/vgg16-paper-pretrained-w-augmenations/train/metrics.json
2025-09-05 18:57:33,759 [INFO] loss: 1.696017 accuracy: 0.553750 top-5-accuracy: 0.833750
2025-09-05 18:57:37,435 [INFO] New metrics saved to logs/sports_cv_project_classification/vgg16-paper-pretrained-w-augmenations/train/metrics.json
2025-09-05 18:57:37,435 [INFO] loss: 1.630585 epoch_loss: 1.649190 accuracy: 0.559976 epoch_accuracy: 0.561047 top-5-accuracy: 0.834135 epoch_top-5-accuracy: 0.841295
2025-09-05 18:57:37,435 [INFO] Epoch summary loss: 1.649190 accuracy: 0.561047 top-5-accuracy: 0.841295
2025-09-05 18:57:39,005 [INFO] New metrics saved to logs/sports_cv_project_classification/vgg16-paper-pretrained-w-augmenations/val/metrics.json
2025-09-05 18:57:39,005 [INFO] epoch_accuracy: 0.654000 epoch_top-5-accuracy: 0.904000 epoch_loss: 1.213101
2025-09-05 18:57:39,006 [INFO] Current lr: [0.0007746020358974764]
2025-09-05 18:57:56,433 [INFO] New metrics saved to logs/sports_cv_project_classification/vgg16-paper-pretrained-w-augmenations/train/metrics.json
2025-09-05 18:57:56,433 [INFO] loss: 1.590829 accuracy: 0.572812 top-5-accuracy: 0.851562
2025-09-05 18:58:13,462 [INFO] New metrics saved to logs/sports_cv_project_classification/vgg16-paper-pretrained-w-augmenations/train/metrics.json
2025-09-05 18:58:13,462 [INFO] loss: 1.655964 accuracy: 0.562187 top-5-accuracy: 0.837500
2025-09-05 18:58:30,496 [INFO] New metrics saved to logs/sports_cv_project_classification/vgg16-paper-pretrained-w-augmenations/train/metrics.json
2025-09-05 18:58:30,497 [INFO] loss: 1.637767 accuracy: 0.562187 top-5-accuracy: 0.840625
2025-09-05 18:58:47,561 [INFO] New metrics saved to logs/sports_cv_project_classification/vgg16-paper-pretrained-w-augmenations/train/metrics.json
2025-09-05 18:58:47,561 [INFO] loss: 1.649012 accuracy: 0.560625 top-5-accuracy: 0.836875
2025-09-05 18:58:51,286 [INFO] New metrics saved to logs/sports_cv_project_classification/vgg16-paper-pretrained-w-augmenations/train/metrics.json
2025-09-05 18:58:51,287 [INFO] loss: 1.762478 epoch_loss: 1.641117 accuracy: 0.529687 epoch_accuracy: 0.562500 top-5-accuracy: 0.811298 epoch_top-5-accuracy: 0.839694
2025-09-05 18:58:51,287 [INFO] Epoch summary loss: 1.641117 accuracy: 0.562500 top-5-accuracy: 0.839694
2025-09-05 18:58:52,916 [INFO] New metrics saved to logs/sports_cv_project_classification/vgg16-paper-pretrained-w-augmenations/val/metrics.json
2025-09-05 18:58:52,917 [INFO] epoch_accuracy: 0.668000 epoch_top-5-accuracy: 0.902000 epoch_loss: 1.227016
2025-09-05 18:58:52,917 [INFO] Current lr: [0.0007958979569029152]
2025-09-05 18:59:10,427 [INFO] New metrics saved to logs/sports_cv_project_classification/vgg16-paper-pretrained-w-augmenations/train/metrics.json
2025-09-05 18:59:10,427 [INFO] loss: 1.609438 accuracy: 0.575937 top-5-accuracy: 0.845313
2025-09-05 18:59:27,328 [INFO] New metrics saved to logs/sports_cv_project_classification/vgg16-paper-pretrained-w-augmenations/train/metrics.json
2025-09-05 18:59:27,329 [INFO] loss: 1.646609 accuracy: 0.570000 top-5-accuracy: 0.840938
2025-09-05 18:59:44,233 [INFO] New metrics saved to logs/sports_cv_project_classification/vgg16-paper-pretrained-w-augmenations/train/metrics.json
2025-09-05 18:59:44,233 [INFO] loss: 1.764182 accuracy: 0.534687 top-5-accuracy: 0.823125
2025-09-05 19:00:01,100 [INFO] New metrics saved to logs/sports_cv_project_classification/vgg16-paper-pretrained-w-augmenations/train/metrics.json
2025-09-05 19:00:01,100 [INFO] loss: 1.794990 accuracy: 0.524062 top-5-accuracy: 0.822187
2025-09-05 19:00:04,825 [INFO] New metrics saved to logs/sports_cv_project_classification/vgg16-paper-pretrained-w-augmenations/train/metrics.json
2025-09-05 19:00:04,825 [INFO] loss: 1.844198 epoch_loss: 1.710245 accuracy: 0.513341 epoch_accuracy: 0.549359 top-5-accuracy: 0.801442 epoch_top-5-accuracy: 0.831452
2025-09-05 19:00:04,826 [INFO] Epoch summary loss: 1.710245 accuracy: 0.549359 top-5-accuracy: 0.831452
2025-09-05 19:00:06,413 [INFO] New metrics saved to logs/sports_cv_project_classification/vgg16-paper-pretrained-w-augmenations/val/metrics.json
2025-09-05 19:00:06,414 [INFO] epoch_accuracy: 0.676000 epoch_top-5-accuracy: 0.906000 epoch_loss: 1.170192
2025-09-05 19:00:06,414 [INFO] Current lr: [0.000816411815174172]
2025-09-05 19:00:23,868 [INFO] New metrics saved to logs/sports_cv_project_classification/vgg16-paper-pretrained-w-augmenations/train/metrics.json
2025-09-05 19:00:23,868 [INFO] loss: 1.623131 accuracy: 0.562500 top-5-accuracy: 0.842812
2025-09-05 19:00:40,749 [INFO] New metrics saved to logs/sports_cv_project_classification/vgg16-paper-pretrained-w-augmenations/train/metrics.json
2025-09-05 19:00:40,749 [INFO] loss: 1.652512 accuracy: 0.562187 top-5-accuracy: 0.843125
2025-09-05 19:00:57,735 [INFO] New metrics saved to logs/sports_cv_project_classification/vgg16-paper-pretrained-w-augmenations/train/metrics.json
2025-09-05 19:00:57,735 [INFO] loss: 1.683074 accuracy: 0.556250 top-5-accuracy: 0.838125
2025-09-05 19:01:14,701 [INFO] New metrics saved to logs/sports_cv_project_classification/vgg16-paper-pretrained-w-augmenations/train/metrics.json
2025-09-05 19:01:14,701 [INFO] loss: 1.725970 accuracy: 0.543438 top-5-accuracy: 0.830000
2025-09-05 19:01:18,382 [INFO] New metrics saved to logs/sports_cv_project_classification/vgg16-paper-pretrained-w-augmenations/train/metrics.json
2025-09-05 19:01:18,382 [INFO] loss: 1.901538 epoch_loss: 1.684282 accuracy: 0.494832 epoch_accuracy: 0.552332 top-5-accuracy: 0.803726 epoch_top-5-accuracy: 0.836521
2025-09-05 19:01:18,382 [INFO] Epoch summary loss: 1.684282 accuracy: 0.552332 top-5-accuracy: 0.836521
2025-09-05 19:01:19,973 [INFO] New metrics saved to logs/sports_cv_project_classification/vgg16-paper-pretrained-w-augmenations/val/metrics.json
2025-09-05 19:01:19,973 [INFO] epoch_accuracy: 0.668000 epoch_top-5-accuracy: 0.906000 epoch_loss: 1.221352
2025-09-05 19:01:19,974 [INFO] Current lr: [0.0008360854619512185]
2025-09-05 19:01:37,458 [INFO] New metrics saved to logs/sports_cv_project_classification/vgg16-paper-pretrained-w-augmenations/train/metrics.json
2025-09-05 19:01:37,458 [INFO] loss: 1.595108 accuracy: 0.571875 top-5-accuracy: 0.851250
2025-09-05 19:01:54,415 [INFO] New metrics saved to logs/sports_cv_project_classification/vgg16-paper-pretrained-w-augmenations/train/metrics.json
2025-09-05 19:01:54,415 [INFO] loss: 1.679981 accuracy: 0.551875 top-5-accuracy: 0.835313
2025-09-05 19:02:11,358 [INFO] New metrics saved to logs/sports_cv_project_classification/vgg16-paper-pretrained-w-augmenations/train/metrics.json
2025-09-05 19:02:11,358 [INFO] loss: 1.743257 accuracy: 0.535625 top-5-accuracy: 0.820625
2025-09-05 19:02:28,329 [INFO] New metrics saved to logs/sports_cv_project_classification/vgg16-paper-pretrained-w-augmenations/train/metrics.json
2025-09-05 19:02:28,330 [INFO] loss: 1.805446 accuracy: 0.524062 top-5-accuracy: 0.810312
2025-09-05 19:02:32,012 [INFO] New metrics saved to logs/sports_cv_project_classification/vgg16-paper-pretrained-w-augmenations/train/metrics.json
2025-09-05 19:02:32,012 [INFO] loss: 1.868491 epoch_loss: 1.713995 accuracy: 0.494351 epoch_accuracy: 0.543201 top-5-accuracy: 0.803245 epoch_top-5-accuracy: 0.828205
2025-09-05 19:02:32,012 [INFO] Epoch summary loss: 1.713995 accuracy: 0.543201 top-5-accuracy: 0.828205
2025-09-05 19:02:33,617 [INFO] New metrics saved to logs/sports_cv_project_classification/vgg16-paper-pretrained-w-augmenations/val/metrics.json
2025-09-05 19:02:33,617 [INFO] epoch_accuracy: 0.676000 epoch_top-5-accuracy: 0.906000 epoch_loss: 1.141720
2025-09-05 19:02:33,617 [INFO] Current lr: [0.0008548631301447926]
2025-09-05 19:02:33,617 [INFO] Early stopping triggered at epoch 43
2025-09-05 19:02:33,622 [INFO] Found credentials in environment variables.
