2025-09-04 15:42:06,683 [INFO] Global seed set to 42
2025-09-04 15:42:06,684 [INFO] Folder logs/sports_cv_project_classification/alexnet-augmented-normalized_w-pretrained was removed with its entire content
2025-09-04 15:42:06,684 [INFO] Path logs/sports_cv_project_classification/alexnet-augmented-normalized_w-pretrained/train created or existed
2025-09-04 15:42:06,684 [INFO] Path logs/sports_cv_project_classification/alexnet-augmented-normalized_w-pretrained/val created or existed
2025-09-04 15:42:06,684 [INFO] Path logs/sports_cv_project_classification/alexnet-augmented-normalized_w-pretrained/test created or existed
2025-09-04 15:42:06,684 [INFO] Folder checkpoints/sports_cv_project_classification/alexnet-augmented-normalized_w-pretrained was removed with its entire content
2025-09-04 15:42:06,684 [INFO] Path checkpoints/sports_cv_project_classification/alexnet-augmented-normalized_w-pretrained created or existed
2025-09-04 15:42:07,057 [INFO] Training started...
2025-09-04 15:42:07,057 [INFO] BuildModel(
  (backbone): AlexNet(
    (features): Sequential(
      (0): Conv2d(3, 96, kernel_size=(11, 11), stride=(4, 4))
      (1): ReLU(inplace=True)
      (2): LocalResponseNorm(5, alpha=0.0001, beta=0.75, k=2)
      (3): MaxPool2d(kernel_size=3, stride=2, padding=0, dilation=1, ceil_mode=False)
      (4): Conv2d(96, 256, kernel_size=(5, 5), stride=(1, 1), padding=(2, 2))
      (5): ReLU(inplace=True)
      (6): LocalResponseNorm(5, alpha=0.0001, beta=0.75, k=2)
      (7): MaxPool2d(kernel_size=3, stride=2, padding=0, dilation=1, ceil_mode=False)
      (8): Conv2d(256, 384, kernel_size=(3, 3), stride=(1, 1), padding=(1, 1))
      (9): ReLU(inplace=True)
      (10): Conv2d(384, 384, kernel_size=(3, 3), stride=(1, 1), padding=(1, 1))
      (11): ReLU(inplace=True)
      (12): Conv2d(384, 256, kernel_size=(3, 3), stride=(1, 1), padding=(1, 1))
      (13): ReLU(inplace=True)
      (14): MaxPool2d(kernel_size=3, stride=2, padding=0, dilation=1, ceil_mode=False)
    )
  )
  (detecton_head): DoubleLinearHead(
    (classifier): Sequential(
      (0): Flatten(start_dim=1, end_dim=-1)
      (1): Linear(in_features=6400, out_features=4096, bias=True)
      (2): ReLU(inplace=True)
      (3): Dropout(p=0.5, inplace=False)
      (4): Linear(in_features=4096, out_features=4096, bias=True)
      (5): ReLU(inplace=True)
      (6): Dropout(p=0.5, inplace=False)
      (7): Linear(in_features=4096, out_features=100, bias=True)
    )
  )
)
2025-09-04 15:42:17,313 [INFO] New metrics saved to logs/sports_cv_project_classification/alexnet-augmented-normalized_w-pretrained/train/metrics.json
2025-09-04 15:42:17,313 [INFO] loss: 4.030166 accuracy: 0.095469 top-5-accuracy: 0.270937
2025-09-04 15:42:26,259 [INFO] New metrics saved to logs/sports_cv_project_classification/alexnet-augmented-normalized_w-pretrained/train/metrics.json
2025-09-04 15:42:26,260 [INFO] loss: 3.268008 accuracy: 0.187969 top-5-accuracy: 0.477344
2025-09-04 15:42:26,980 [INFO] New metrics saved to logs/sports_cv_project_classification/alexnet-augmented-normalized_w-pretrained/train/metrics.json
2025-09-04 15:42:26,981 [INFO] loss: 3.139131 epoch_loss: 3.619850 accuracy: 0.217308 epoch_accuracy: 0.145864 top-5-accuracy: 0.505529 epoch_top-5-accuracy: 0.381526
2025-09-04 15:42:26,981 [INFO] Epoch summary loss: 3.619850 accuracy: 0.145864 top-5-accuracy: 0.381526
2025-09-04 15:42:27,439 [INFO] New metrics saved to logs/sports_cv_project_classification/alexnet-augmented-normalized_w-pretrained/val/metrics.json
2025-09-04 15:42:27,439 [INFO] epoch_accuracy: 0.288000 epoch_top-5-accuracy: 0.642000 epoch_loss: 2.856023
2025-09-04 15:42:27,440 [INFO] Current lr: [0.000400264950421678]
2025-09-04 15:42:27,521 [INFO] Model saved. New best value 2.856023
2025-09-04 15:42:37,930 [INFO] New metrics saved to logs/sports_cv_project_classification/alexnet-augmented-normalized_w-pretrained/train/metrics.json
2025-09-04 15:42:37,931 [INFO] loss: 3.020939 accuracy: 0.242344 top-5-accuracy: 0.550625
2025-09-04 15:42:46,854 [INFO] New metrics saved to logs/sports_cv_project_classification/alexnet-augmented-normalized_w-pretrained/train/metrics.json
2025-09-04 15:42:46,854 [INFO] loss: 2.941236 accuracy: 0.261719 top-5-accuracy: 0.572500
2025-09-04 15:42:47,553 [INFO] New metrics saved to logs/sports_cv_project_classification/alexnet-augmented-normalized_w-pretrained/train/metrics.json
2025-09-04 15:42:47,553 [INFO] loss: 2.977004 epoch_loss: 2.979481 accuracy: 0.225841 epoch_accuracy: 0.251219 top-5-accuracy: 0.580889 epoch_top-5-accuracy: 0.562704
2025-09-04 15:42:47,553 [INFO] Epoch summary loss: 2.979481 accuracy: 0.251219 top-5-accuracy: 0.562704
2025-09-04 15:42:47,979 [INFO] New metrics saved to logs/sports_cv_project_classification/alexnet-augmented-normalized_w-pretrained/val/metrics.json
2025-09-04 15:42:47,979 [INFO] epoch_accuracy: 0.356000 epoch_top-5-accuracy: 0.704000 epoch_loss: 2.504068
2025-09-04 15:42:47,979 [INFO] Current lr: [0.0004010597724372431]
2025-09-04 15:42:48,087 [INFO] Model saved. New best value 2.504068
2025-09-04 15:42:58,040 [INFO] New metrics saved to logs/sports_cv_project_classification/alexnet-augmented-normalized_w-pretrained/train/metrics.json
2025-09-04 15:42:58,041 [INFO] loss: 2.817529 accuracy: 0.284062 top-5-accuracy: 0.604375
2025-09-04 15:43:07,135 [INFO] New metrics saved to logs/sports_cv_project_classification/alexnet-augmented-normalized_w-pretrained/train/metrics.json
2025-09-04 15:43:07,136 [INFO] loss: 2.820768 accuracy: 0.284531 top-5-accuracy: 0.594375
2025-09-04 15:43:08,007 [INFO] New metrics saved to logs/sports_cv_project_classification/alexnet-augmented-normalized_w-pretrained/train/metrics.json
2025-09-04 15:43:08,008 [INFO] loss: 2.766430 epoch_loss: 2.815656 accuracy: 0.291226 epoch_accuracy: 0.284816 top-5-accuracy: 0.612139 epoch_top-5-accuracy: 0.599998
2025-09-04 15:43:08,008 [INFO] Epoch summary loss: 2.815656 accuracy: 0.284816 top-5-accuracy: 0.599998
2025-09-04 15:43:08,481 [INFO] New metrics saved to logs/sports_cv_project_classification/alexnet-augmented-normalized_w-pretrained/val/metrics.json
2025-09-04 15:43:08,481 [INFO] epoch_accuracy: 0.402000 epoch_top-5-accuracy: 0.716000 epoch_loss: 2.369408
2025-09-04 15:43:08,481 [INFO] Current lr: [0.0004023843783015138]
2025-09-04 15:43:08,587 [INFO] Model saved. New best value 2.369408
2025-09-04 15:43:18,961 [INFO] New metrics saved to logs/sports_cv_project_classification/alexnet-augmented-normalized_w-pretrained/train/metrics.json
2025-09-04 15:43:18,961 [INFO] loss: 2.701744 accuracy: 0.307500 top-5-accuracy: 0.635000
2025-09-04 15:43:27,883 [INFO] New metrics saved to logs/sports_cv_project_classification/alexnet-augmented-normalized_w-pretrained/train/metrics.json
2025-09-04 15:43:27,883 [INFO] loss: 2.733691 accuracy: 0.300156 top-5-accuracy: 0.623281
2025-09-04 15:43:28,634 [INFO] New metrics saved to logs/sports_cv_project_classification/alexnet-augmented-normalized_w-pretrained/train/metrics.json
2025-09-04 15:43:28,634 [INFO] loss: 2.712520 epoch_loss: 2.718120 accuracy: 0.318510 epoch_accuracy: 0.304602 top-5-accuracy: 0.609135 epoch_top-5-accuracy: 0.628084
2025-09-04 15:43:28,635 [INFO] Epoch summary loss: 2.718120 accuracy: 0.304602 top-5-accuracy: 0.628084
2025-09-04 15:43:29,073 [INFO] New metrics saved to logs/sports_cv_project_classification/alexnet-augmented-normalized_w-pretrained/val/metrics.json
2025-09-04 15:43:29,074 [INFO] epoch_accuracy: 0.428000 epoch_top-5-accuracy: 0.708000 epoch_loss: 2.376418
2025-09-04 15:43:29,074 [INFO] Current lr: [0.00040423862178329446]
2025-09-04 15:43:39,196 [INFO] New metrics saved to logs/sports_cv_project_classification/alexnet-augmented-normalized_w-pretrained/train/metrics.json
2025-09-04 15:43:39,197 [INFO] loss: 2.660576 accuracy: 0.317812 top-5-accuracy: 0.638750
2025-09-04 15:43:48,192 [INFO] New metrics saved to logs/sports_cv_project_classification/alexnet-augmented-normalized_w-pretrained/train/metrics.json
2025-09-04 15:43:48,192 [INFO] loss: 2.656134 accuracy: 0.319531 top-5-accuracy: 0.640469
2025-09-04 15:43:48,926 [INFO] New metrics saved to logs/sports_cv_project_classification/alexnet-augmented-normalized_w-pretrained/train/metrics.json
2025-09-04 15:43:48,926 [INFO] loss: 2.628066 epoch_loss: 2.658808 accuracy: 0.316466 epoch_accuracy: 0.318289 top-5-accuracy: 0.648077 epoch_top-5-accuracy: 0.639945
2025-09-04 15:43:48,926 [INFO] Epoch summary loss: 2.658808 accuracy: 0.318289 top-5-accuracy: 0.639945
2025-09-04 15:43:49,369 [INFO] New metrics saved to logs/sports_cv_project_classification/alexnet-augmented-normalized_w-pretrained/val/metrics.json
2025-09-04 15:43:49,369 [INFO] epoch_accuracy: 0.412000 epoch_top-5-accuracy: 0.722000 epoch_loss: 2.392163
2025-09-04 15:43:49,369 [INFO] Current lr: [0.0004066222981815009]
2025-09-04 15:43:59,606 [INFO] New metrics saved to logs/sports_cv_project_classification/alexnet-augmented-normalized_w-pretrained/train/metrics.json
2025-09-04 15:43:59,606 [INFO] loss: 2.672039 accuracy: 0.325781 top-5-accuracy: 0.637656
2025-09-04 15:44:09,170 [INFO] New metrics saved to logs/sports_cv_project_classification/alexnet-augmented-normalized_w-pretrained/train/metrics.json
2025-09-04 15:44:09,170 [INFO] loss: 2.559652 accuracy: 0.342031 top-5-accuracy: 0.664844
2025-09-04 15:44:09,936 [INFO] New metrics saved to logs/sports_cv_project_classification/alexnet-augmented-normalized_w-pretrained/train/metrics.json
2025-09-04 15:44:09,937 [INFO] loss: 2.573139 epoch_loss: 2.616189 accuracy: 0.333654 epoch_accuracy: 0.333398 top-5-accuracy: 0.697236 epoch_top-5-accuracy: 0.653245
2025-09-04 15:44:09,937 [INFO] Epoch summary loss: 2.616189 accuracy: 0.333398 top-5-accuracy: 0.653245
2025-09-04 15:44:10,378 [INFO] New metrics saved to logs/sports_cv_project_classification/alexnet-augmented-normalized_w-pretrained/val/metrics.json
2025-09-04 15:44:10,378 [INFO] epoch_accuracy: 0.388000 epoch_top-5-accuracy: 0.724000 epoch_loss: 2.360801
2025-09-04 15:44:10,378 [INFO] Current lr: [0.0004095351443477741]
2025-09-04 15:44:10,491 [INFO] Model saved. New best value 2.360801
2025-09-04 15:44:21,146 [INFO] New metrics saved to logs/sports_cv_project_classification/alexnet-augmented-normalized_w-pretrained/train/metrics.json
2025-09-04 15:44:21,147 [INFO] loss: 2.488835 accuracy: 0.350469 top-5-accuracy: 0.681250
2025-09-04 15:44:30,704 [INFO] New metrics saved to logs/sports_cv_project_classification/alexnet-augmented-normalized_w-pretrained/train/metrics.json
2025-09-04 15:44:30,704 [INFO] loss: 2.431777 accuracy: 0.370469 top-5-accuracy: 0.689063
2025-09-04 15:44:31,392 [INFO] New metrics saved to logs/sports_cv_project_classification/alexnet-augmented-normalized_w-pretrained/train/metrics.json
2025-09-04 15:44:31,393 [INFO] loss: 2.390086 epoch_loss: 2.455925 accuracy: 0.378125 epoch_accuracy: 0.361512 top-5-accuracy: 0.711538 epoch_top-5-accuracy: 0.686644
2025-09-04 15:44:31,393 [INFO] Epoch summary loss: 2.455925 accuracy: 0.361512 top-5-accuracy: 0.686644
2025-09-04 15:44:31,856 [INFO] New metrics saved to logs/sports_cv_project_classification/alexnet-augmented-normalized_w-pretrained/val/metrics.json
2025-09-04 15:44:31,856 [INFO] epoch_accuracy: 0.466000 epoch_top-5-accuracy: 0.780000 epoch_loss: 2.037315
2025-09-04 15:44:31,856 [INFO] Current lr: [0.0004129768387155213]
2025-09-04 15:44:31,966 [INFO] Model saved. New best value 2.037315
2025-09-04 15:44:42,651 [INFO] New metrics saved to logs/sports_cv_project_classification/alexnet-augmented-normalized_w-pretrained/train/metrics.json
2025-09-04 15:44:42,652 [INFO] loss: 2.368931 accuracy: 0.378906 top-5-accuracy: 0.704375
2025-09-04 15:44:51,702 [INFO] New metrics saved to logs/sports_cv_project_classification/alexnet-augmented-normalized_w-pretrained/train/metrics.json
2025-09-04 15:44:51,702 [INFO] loss: 2.387124 accuracy: 0.368906 top-5-accuracy: 0.698281
2025-09-04 15:44:52,623 [INFO] New metrics saved to logs/sports_cv_project_classification/alexnet-augmented-normalized_w-pretrained/train/metrics.json
2025-09-04 15:44:52,624 [INFO] loss: 2.453028 epoch_loss: 2.383600 accuracy: 0.393990 epoch_accuracy: 0.374643 top-5-accuracy: 0.688582 epoch_top-5-accuracy: 0.700818
2025-09-04 15:44:52,624 [INFO] Epoch summary loss: 2.383600 accuracy: 0.374643 top-5-accuracy: 0.700818
2025-09-04 15:44:53,069 [INFO] New metrics saved to logs/sports_cv_project_classification/alexnet-augmented-normalized_w-pretrained/val/metrics.json
2025-09-04 15:44:53,069 [INFO] epoch_accuracy: 0.432000 epoch_top-5-accuracy: 0.750000 epoch_loss: 2.261654
2025-09-04 15:44:53,069 [INFO] Current lr: [0.00041694700133542047]
2025-09-04 15:45:03,391 [INFO] New metrics saved to logs/sports_cv_project_classification/alexnet-augmented-normalized_w-pretrained/train/metrics.json
2025-09-04 15:45:03,392 [INFO] loss: 2.310035 accuracy: 0.396094 top-5-accuracy: 0.728125
2025-09-04 15:45:12,803 [INFO] New metrics saved to logs/sports_cv_project_classification/alexnet-augmented-normalized_w-pretrained/train/metrics.json
2025-09-04 15:45:12,803 [INFO] loss: 2.348450 accuracy: 0.386719 top-5-accuracy: 0.707500
2025-09-04 15:45:13,682 [INFO] New metrics saved to logs/sports_cv_project_classification/alexnet-augmented-normalized_w-pretrained/train/metrics.json
2025-09-04 15:45:13,683 [INFO] loss: 2.367784 epoch_loss: 2.330396 accuracy: 0.377524 epoch_accuracy: 0.390891 top-5-accuracy: 0.714183 epoch_top-5-accuracy: 0.718092
2025-09-04 15:45:13,683 [INFO] Epoch summary loss: 2.330396 accuracy: 0.390891 top-5-accuracy: 0.718092
2025-09-04 15:45:14,157 [INFO] New metrics saved to logs/sports_cv_project_classification/alexnet-augmented-normalized_w-pretrained/val/metrics.json
2025-09-04 15:45:14,157 [INFO] epoch_accuracy: 0.456000 epoch_top-5-accuracy: 0.776000 epoch_loss: 1.942539
2025-09-04 15:45:14,157 [INFO] Current lr: [0.00042144519391736253]
2025-09-04 15:45:14,263 [INFO] Model saved. New best value 1.942539
2025-09-04 15:45:25,022 [INFO] New metrics saved to logs/sports_cv_project_classification/alexnet-augmented-normalized_w-pretrained/train/metrics.json
2025-09-04 15:45:25,023 [INFO] loss: 2.266570 accuracy: 0.405156 top-5-accuracy: 0.723281
2025-09-04 15:45:34,174 [INFO] New metrics saved to logs/sports_cv_project_classification/alexnet-augmented-normalized_w-pretrained/train/metrics.json
2025-09-04 15:45:34,174 [INFO] loss: 2.329680 accuracy: 0.386406 top-5-accuracy: 0.720625
2025-09-04 15:45:34,929 [INFO] New metrics saved to logs/sports_cv_project_classification/alexnet-augmented-normalized_w-pretrained/train/metrics.json
2025-09-04 15:45:34,929 [INFO] loss: 2.264766 epoch_loss: 2.297666 accuracy: 0.400120 epoch_accuracy: 0.396011 top-5-accuracy: 0.723317 epoch_top-5-accuracy: 0.721914
2025-09-04 15:45:34,929 [INFO] Epoch summary loss: 2.297666 accuracy: 0.396011 top-5-accuracy: 0.721914
2025-09-04 15:45:35,372 [INFO] New metrics saved to logs/sports_cv_project_classification/alexnet-augmented-normalized_w-pretrained/val/metrics.json
2025-09-04 15:45:35,372 [INFO] epoch_accuracy: 0.440000 epoch_top-5-accuracy: 0.746000 epoch_loss: 2.177040
2025-09-04 15:45:35,372 [INFO] Current lr: [0.00042647091987883974]
2025-09-04 15:45:45,690 [INFO] New metrics saved to logs/sports_cv_project_classification/alexnet-augmented-normalized_w-pretrained/train/metrics.json
2025-09-04 15:45:45,691 [INFO] loss: 2.242056 accuracy: 0.405313 top-5-accuracy: 0.730156
2025-09-04 15:45:54,900 [INFO] New metrics saved to logs/sports_cv_project_classification/alexnet-augmented-normalized_w-pretrained/train/metrics.json
2025-09-04 15:45:54,900 [INFO] loss: 2.253708 accuracy: 0.404375 top-5-accuracy: 0.730938
2025-09-04 15:45:55,612 [INFO] New metrics saved to logs/sports_cv_project_classification/alexnet-augmented-normalized_w-pretrained/train/metrics.json
2025-09-04 15:45:55,612 [INFO] loss: 2.301397 epoch_loss: 2.249985 accuracy: 0.419832 epoch_accuracy: 0.405048 top-5-accuracy: 0.724399 epoch_top-5-accuracy: 0.730146
2025-09-04 15:45:55,612 [INFO] Epoch summary loss: 2.249985 accuracy: 0.405048 top-5-accuracy: 0.730146
2025-09-04 15:45:56,069 [INFO] New metrics saved to logs/sports_cv_project_classification/alexnet-augmented-normalized_w-pretrained/val/metrics.json
2025-09-04 15:45:56,069 [INFO] epoch_accuracy: 0.490000 epoch_top-5-accuracy: 0.800000 epoch_loss: 1.897455
2025-09-04 15:45:56,069 [INFO] Current lr: [0.0004320236243997612]
2025-09-04 15:45:56,178 [INFO] Model saved. New best value 1.897455
2025-09-04 15:46:06,869 [INFO] New metrics saved to logs/sports_cv_project_classification/alexnet-augmented-normalized_w-pretrained/train/metrics.json
2025-09-04 15:46:06,869 [INFO] loss: 2.210429 accuracy: 0.412969 top-5-accuracy: 0.739844
2025-09-04 15:46:16,454 [INFO] New metrics saved to logs/sports_cv_project_classification/alexnet-augmented-normalized_w-pretrained/train/metrics.json
2025-09-04 15:46:16,454 [INFO] loss: 2.220314 accuracy: 0.409375 top-5-accuracy: 0.737187
2025-09-04 15:46:17,220 [INFO] New metrics saved to logs/sports_cv_project_classification/alexnet-augmented-normalized_w-pretrained/train/metrics.json
2025-09-04 15:46:17,220 [INFO] loss: 2.198736 epoch_loss: 2.213640 accuracy: 0.433654 epoch_accuracy: 0.412112 top-5-accuracy: 0.740625 epoch_top-5-accuracy: 0.738429
2025-09-04 15:46:17,220 [INFO] Epoch summary loss: 2.213640 accuracy: 0.412112 top-5-accuracy: 0.738429
2025-09-04 15:46:17,679 [INFO] New metrics saved to logs/sports_cv_project_classification/alexnet-augmented-normalized_w-pretrained/val/metrics.json
2025-09-04 15:46:17,680 [INFO] epoch_accuracy: 0.454000 epoch_top-5-accuracy: 0.788000 epoch_loss: 1.977715
2025-09-04 15:46:17,680 [INFO] Current lr: [0.0004381026944837111]
2025-09-04 15:46:28,245 [INFO] New metrics saved to logs/sports_cv_project_classification/alexnet-augmented-normalized_w-pretrained/train/metrics.json
2025-09-04 15:46:28,245 [INFO] loss: 2.132006 accuracy: 0.430469 top-5-accuracy: 0.755000
2025-09-04 15:46:37,416 [INFO] New metrics saved to logs/sports_cv_project_classification/alexnet-augmented-normalized_w-pretrained/train/metrics.json
2025-09-04 15:46:37,416 [INFO] loss: 2.194469 accuracy: 0.425781 top-5-accuracy: 0.744531
2025-09-04 15:46:38,276 [INFO] New metrics saved to logs/sports_cv_project_classification/alexnet-augmented-normalized_w-pretrained/train/metrics.json
2025-09-04 15:46:38,277 [INFO] loss: 2.274703 epoch_loss: 2.167808 accuracy: 0.384135 epoch_accuracy: 0.426581 top-5-accuracy: 0.715986 epoch_top-5-accuracy: 0.748174
2025-09-04 15:46:38,277 [INFO] Epoch summary loss: 2.167808 accuracy: 0.426581 top-5-accuracy: 0.748174
2025-09-04 15:46:38,729 [INFO] New metrics saved to logs/sports_cv_project_classification/alexnet-augmented-normalized_w-pretrained/val/metrics.json
2025-09-04 15:46:38,729 [INFO] epoch_accuracy: 0.480000 epoch_top-5-accuracy: 0.784000 epoch_loss: 2.013337
2025-09-04 15:46:38,729 [INFO] Current lr: [0.0004447074590256117]
2025-09-04 15:46:49,020 [INFO] New metrics saved to logs/sports_cv_project_classification/alexnet-augmented-normalized_w-pretrained/train/metrics.json
2025-09-04 15:46:49,020 [INFO] loss: 2.119101 accuracy: 0.431563 top-5-accuracy: 0.759844
2025-09-04 15:46:58,208 [INFO] New metrics saved to logs/sports_cv_project_classification/alexnet-augmented-normalized_w-pretrained/train/metrics.json
2025-09-04 15:46:58,209 [INFO] loss: 2.187137 accuracy: 0.419063 top-5-accuracy: 0.748750
2025-09-04 15:46:58,909 [INFO] New metrics saved to logs/sports_cv_project_classification/alexnet-augmented-normalized_w-pretrained/train/metrics.json
2025-09-04 15:46:58,909 [INFO] loss: 2.226015 epoch_loss: 2.156713 accuracy: 0.414543 epoch_accuracy: 0.425067 top-5-accuracy: 0.730649 epoch_top-5-accuracy: 0.752625
2025-09-04 15:46:58,909 [INFO] Epoch summary loss: 2.156713 accuracy: 0.425067 top-5-accuracy: 0.752625
2025-09-04 15:46:59,357 [INFO] New metrics saved to logs/sports_cv_project_classification/alexnet-augmented-normalized_w-pretrained/val/metrics.json
2025-09-04 15:46:59,358 [INFO] epoch_accuracy: 0.528000 epoch_top-5-accuracy: 0.820000 epoch_loss: 1.774026
2025-09-04 15:46:59,358 [INFO] Current lr: [0.0004518371888858185]
2025-09-04 15:46:59,465 [INFO] Model saved. New best value 1.774026
2025-09-04 15:47:10,249 [INFO] New metrics saved to logs/sports_cv_project_classification/alexnet-augmented-normalized_w-pretrained/train/metrics.json
2025-09-04 15:47:10,249 [INFO] loss: 2.072272 accuracy: 0.437969 top-5-accuracy: 0.765625
2025-09-04 15:47:19,766 [INFO] New metrics saved to logs/sports_cv_project_classification/alexnet-augmented-normalized_w-pretrained/train/metrics.json
2025-09-04 15:47:19,767 [INFO] loss: 2.114793 accuracy: 0.432031 top-5-accuracy: 0.754531
2025-09-04 15:47:20,525 [INFO] New metrics saved to logs/sports_cv_project_classification/alexnet-augmented-normalized_w-pretrained/train/metrics.json
2025-09-04 15:47:20,525 [INFO] loss: 2.158070 epoch_loss: 2.098124 accuracy: 0.418149 epoch_accuracy: 0.434008 top-5-accuracy: 0.726683 epoch_top-5-accuracy: 0.758113
2025-09-04 15:47:20,525 [INFO] Epoch summary loss: 2.098124 accuracy: 0.434008 top-5-accuracy: 0.758113
2025-09-04 15:47:20,986 [INFO] New metrics saved to logs/sports_cv_project_classification/alexnet-augmented-normalized_w-pretrained/val/metrics.json
2025-09-04 15:47:20,987 [INFO] epoch_accuracy: 0.508000 epoch_top-5-accuracy: 0.798000 epoch_loss: 1.892176
2025-09-04 15:47:20,987 [INFO] Current lr: [0.000459491096970608]
2025-09-04 15:47:31,496 [INFO] New metrics saved to logs/sports_cv_project_classification/alexnet-augmented-normalized_w-pretrained/train/metrics.json
2025-09-04 15:47:31,497 [INFO] loss: 2.045602 accuracy: 0.451250 top-5-accuracy: 0.765000
2025-09-04 15:47:40,661 [INFO] New metrics saved to logs/sports_cv_project_classification/alexnet-augmented-normalized_w-pretrained/train/metrics.json
2025-09-04 15:47:40,661 [INFO] loss: 2.111149 accuracy: 0.440625 top-5-accuracy: 0.763125
2025-09-04 15:47:41,398 [INFO] New metrics saved to logs/sports_cv_project_classification/alexnet-augmented-normalized_w-pretrained/train/metrics.json
2025-09-04 15:47:41,398 [INFO] loss: 2.183625 epoch_loss: 2.081970 accuracy: 0.447837 epoch_accuracy: 0.446021 top-5-accuracy: 0.753125 epoch_top-5-accuracy: 0.763782
2025-09-04 15:47:41,398 [INFO] Epoch summary loss: 2.081970 accuracy: 0.446021 top-5-accuracy: 0.763782
2025-09-04 15:47:41,883 [INFO] New metrics saved to logs/sports_cv_project_classification/alexnet-augmented-normalized_w-pretrained/val/metrics.json
2025-09-04 15:47:41,883 [INFO] epoch_accuracy: 0.534000 epoch_top-5-accuracy: 0.808000 epoch_loss: 1.763511
2025-09-04 15:47:41,883 [INFO] Current lr: [0.0004676683383190751]
2025-09-04 15:47:42,002 [INFO] Model saved. New best value 1.763511
2025-09-04 15:47:52,213 [INFO] New metrics saved to logs/sports_cv_project_classification/alexnet-augmented-normalized_w-pretrained/train/metrics.json
2025-09-04 15:47:52,213 [INFO] loss: 2.035823 accuracy: 0.453437 top-5-accuracy: 0.776094
2025-09-04 15:48:01,259 [INFO] New metrics saved to logs/sports_cv_project_classification/alexnet-augmented-normalized_w-pretrained/train/metrics.json
2025-09-04 15:48:01,259 [INFO] loss: 2.068124 accuracy: 0.447500 top-5-accuracy: 0.763125
2025-09-04 15:48:02,193 [INFO] New metrics saved to logs/sports_cv_project_classification/alexnet-augmented-normalized_w-pretrained/train/metrics.json
2025-09-04 15:48:02,193 [INFO] loss: 2.252889 epoch_loss: 2.062831 accuracy: 0.401683 epoch_accuracy: 0.447971 top-5-accuracy: 0.750481 epoch_top-5-accuracy: 0.768448
2025-09-04 15:48:02,193 [INFO] Epoch summary loss: 2.062831 accuracy: 0.447971 top-5-accuracy: 0.768448
2025-09-04 15:48:02,671 [INFO] New metrics saved to logs/sports_cv_project_classification/alexnet-augmented-normalized_w-pretrained/val/metrics.json
2025-09-04 15:48:02,671 [INFO] epoch_accuracy: 0.494000 epoch_top-5-accuracy: 0.786000 epoch_loss: 1.811394
2025-09-04 15:48:02,672 [INFO] Current lr: [0.00047636801019640754]
2025-09-04 15:48:13,727 [INFO] New metrics saved to logs/sports_cv_project_classification/alexnet-augmented-normalized_w-pretrained/train/metrics.json
2025-09-04 15:48:13,728 [INFO] loss: 2.020886 accuracy: 0.455937 top-5-accuracy: 0.777188
2025-09-04 15:48:22,836 [INFO] New metrics saved to logs/sports_cv_project_classification/alexnet-augmented-normalized_w-pretrained/train/metrics.json
2025-09-04 15:48:22,836 [INFO] loss: 2.039916 accuracy: 0.448281 top-5-accuracy: 0.777969
2025-09-04 15:48:23,745 [INFO] New metrics saved to logs/sports_cv_project_classification/alexnet-augmented-normalized_w-pretrained/train/metrics.json
2025-09-04 15:48:23,745 [INFO] loss: 2.032600 epoch_loss: 2.031103 accuracy: 0.465024 epoch_accuracy: 0.452212 top-5-accuracy: 0.770312 epoch_top-5-accuracy: 0.777049
2025-09-04 15:48:23,746 [INFO] Epoch summary loss: 2.031103 accuracy: 0.452212 top-5-accuracy: 0.777049
2025-09-04 15:48:24,203 [INFO] New metrics saved to logs/sports_cv_project_classification/alexnet-augmented-normalized_w-pretrained/val/metrics.json
2025-09-04 15:48:24,204 [INFO] epoch_accuracy: 0.536000 epoch_top-5-accuracy: 0.828000 epoch_loss: 1.694104
2025-09-04 15:48:24,204 [INFO] Current lr: [0.0004855891521935562]
2025-09-04 15:48:24,311 [INFO] Model saved. New best value 1.694104
2025-09-04 15:48:35,030 [INFO] New metrics saved to logs/sports_cv_project_classification/alexnet-augmented-normalized_w-pretrained/train/metrics.json
2025-09-04 15:48:35,031 [INFO] loss: 1.972211 accuracy: 0.460625 top-5-accuracy: 0.790781
2025-09-04 15:48:44,205 [INFO] New metrics saved to logs/sports_cv_project_classification/alexnet-augmented-normalized_w-pretrained/train/metrics.json
2025-09-04 15:48:44,205 [INFO] loss: 2.030819 accuracy: 0.452031 top-5-accuracy: 0.772656
2025-09-04 15:48:44,903 [INFO] New metrics saved to logs/sports_cv_project_classification/alexnet-augmented-normalized_w-pretrained/train/metrics.json
2025-09-04 15:48:44,904 [INFO] loss: 2.066521 epoch_loss: 2.003505 accuracy: 0.438582 epoch_accuracy: 0.455240 top-5-accuracy: 0.770312 epoch_top-5-accuracy: 0.781029
2025-09-04 15:48:44,904 [INFO] Epoch summary loss: 2.003505 accuracy: 0.455240 top-5-accuracy: 0.781029
2025-09-04 15:48:45,355 [INFO] New metrics saved to logs/sports_cv_project_classification/alexnet-augmented-normalized_w-pretrained/val/metrics.json
2025-09-04 15:48:45,355 [INFO] epoch_accuracy: 0.468000 epoch_top-5-accuracy: 0.754000 epoch_loss: 2.215561
2025-09-04 15:48:45,355 [INFO] Current lr: [0.0004953307463332387]
2025-09-04 15:48:55,635 [INFO] New metrics saved to logs/sports_cv_project_classification/alexnet-augmented-normalized_w-pretrained/train/metrics.json
2025-09-04 15:48:55,636 [INFO] loss: 1.992245 accuracy: 0.458594 top-5-accuracy: 0.790312
2025-09-04 15:49:04,835 [INFO] New metrics saved to logs/sports_cv_project_classification/alexnet-augmented-normalized_w-pretrained/train/metrics.json
2025-09-04 15:49:04,835 [INFO] loss: 1.990555 accuracy: 0.461094 top-5-accuracy: 0.784375
2025-09-04 15:49:05,580 [INFO] New metrics saved to logs/sports_cv_project_classification/alexnet-augmented-normalized_w-pretrained/train/metrics.json
2025-09-04 15:49:05,580 [INFO] loss: 1.896402 epoch_loss: 1.987055 accuracy: 0.492188 epoch_accuracy: 0.461527 top-5-accuracy: 0.774038 epoch_top-5-accuracy: 0.786732
2025-09-04 15:49:05,580 [INFO] Epoch summary loss: 1.987055 accuracy: 0.461527 top-5-accuracy: 0.786732
2025-09-04 15:49:06,036 [INFO] New metrics saved to logs/sports_cv_project_classification/alexnet-augmented-normalized_w-pretrained/val/metrics.json
2025-09-04 15:49:06,036 [INFO] epoch_accuracy: 0.524000 epoch_top-5-accuracy: 0.792000 epoch_loss: 1.802373
2025-09-04 15:49:06,036 [INFO] Current lr: [0.0005055917171823444]
2025-09-04 15:49:16,890 [INFO] New metrics saved to logs/sports_cv_project_classification/alexnet-augmented-normalized_w-pretrained/train/metrics.json
2025-09-04 15:49:16,890 [INFO] loss: 1.963952 accuracy: 0.470938 top-5-accuracy: 0.786250
2025-09-04 15:49:26,441 [INFO] New metrics saved to logs/sports_cv_project_classification/alexnet-augmented-normalized_w-pretrained/train/metrics.json
2025-09-04 15:49:26,441 [INFO] loss: 2.021898 accuracy: 0.453750 top-5-accuracy: 0.776563
2025-09-04 15:49:27,232 [INFO] New metrics saved to logs/sports_cv_project_classification/alexnet-augmented-normalized_w-pretrained/train/metrics.json
2025-09-04 15:49:27,232 [INFO] loss: 1.981697 epoch_loss: 1.993732 accuracy: 0.461779 epoch_accuracy: 0.461641 top-5-accuracy: 0.794351 epoch_top-5-accuracy: 0.781794
2025-09-04 15:49:27,232 [INFO] Epoch summary loss: 1.993732 accuracy: 0.461641 top-5-accuracy: 0.781794
2025-09-04 15:49:27,668 [INFO] New metrics saved to logs/sports_cv_project_classification/alexnet-augmented-normalized_w-pretrained/val/metrics.json
2025-09-04 15:49:27,668 [INFO] epoch_accuracy: 0.532000 epoch_top-5-accuracy: 0.812000 epoch_loss: 1.728234
2025-09-04 15:49:27,669 [INFO] Current lr: [0.0005163709319706434]
2025-09-04 15:49:38,164 [INFO] New metrics saved to logs/sports_cv_project_classification/alexnet-augmented-normalized_w-pretrained/train/metrics.json
2025-09-04 15:49:38,165 [INFO] loss: 1.942105 accuracy: 0.468594 top-5-accuracy: 0.791719
2025-09-04 15:49:47,464 [INFO] New metrics saved to logs/sports_cv_project_classification/alexnet-augmented-normalized_w-pretrained/train/metrics.json
2025-09-04 15:49:47,464 [INFO] loss: 2.036983 accuracy: 0.458437 top-5-accuracy: 0.781719
2025-09-04 15:49:48,189 [INFO] New metrics saved to logs/sports_cv_project_classification/alexnet-augmented-normalized_w-pretrained/train/metrics.json
2025-09-04 15:49:48,189 [INFO] loss: 1.833346 epoch_loss: 1.983645 accuracy: 0.505288 epoch_accuracy: 0.465535 top-5-accuracy: 0.813582 epoch_top-5-accuracy: 0.787934
2025-09-04 15:49:48,190 [INFO] Epoch summary loss: 1.983645 accuracy: 0.465535 top-5-accuracy: 0.787934
2025-09-04 15:49:48,620 [INFO] New metrics saved to logs/sports_cv_project_classification/alexnet-augmented-normalized_w-pretrained/val/metrics.json
2025-09-04 15:49:48,620 [INFO] epoch_accuracy: 0.550000 epoch_top-5-accuracy: 0.822000 epoch_loss: 1.721929
2025-09-04 15:49:48,620 [INFO] Current lr: [0.0005276672007158388]
2025-09-04 15:49:58,954 [INFO] New metrics saved to logs/sports_cv_project_classification/alexnet-augmented-normalized_w-pretrained/train/metrics.json
2025-09-04 15:49:58,954 [INFO] loss: 1.877052 accuracy: 0.492344 top-5-accuracy: 0.800469
2025-09-04 15:50:08,510 [INFO] New metrics saved to logs/sports_cv_project_classification/alexnet-augmented-normalized_w-pretrained/train/metrics.json
2025-09-04 15:50:08,510 [INFO] loss: 2.013424 accuracy: 0.454688 top-5-accuracy: 0.786406
2025-09-04 15:50:09,286 [INFO] New metrics saved to logs/sports_cv_project_classification/alexnet-augmented-normalized_w-pretrained/train/metrics.json
2025-09-04 15:50:09,287 [INFO] loss: 2.029709 epoch_loss: 1.951366 accuracy: 0.450361 epoch_accuracy: 0.472231 top-5-accuracy: 0.769351 epoch_top-5-accuracy: 0.791597
2025-09-04 15:50:09,287 [INFO] Epoch summary loss: 1.951366 accuracy: 0.472231 top-5-accuracy: 0.791597
2025-09-04 15:50:09,732 [INFO] New metrics saved to logs/sports_cv_project_classification/alexnet-augmented-normalized_w-pretrained/val/metrics.json
2025-09-04 15:50:09,732 [INFO] epoch_accuracy: 0.552000 epoch_top-5-accuracy: 0.824000 epoch_loss: 1.701653
2025-09-04 15:50:09,733 [INFO] Current lr: [0.00053947927635495]
2025-09-04 15:50:20,263 [INFO] New metrics saved to logs/sports_cv_project_classification/alexnet-augmented-normalized_w-pretrained/train/metrics.json
2025-09-04 15:50:20,263 [INFO] loss: 1.895346 accuracy: 0.486094 top-5-accuracy: 0.804063
2025-09-04 15:50:29,686 [INFO] New metrics saved to logs/sports_cv_project_classification/alexnet-augmented-normalized_w-pretrained/train/metrics.json
2025-09-04 15:50:29,687 [INFO] loss: 1.989793 accuracy: 0.461094 top-5-accuracy: 0.780000
2025-09-04 15:50:30,398 [INFO] New metrics saved to logs/sports_cv_project_classification/alexnet-augmented-normalized_w-pretrained/train/metrics.json
2025-09-04 15:50:30,398 [INFO] loss: 1.983838 epoch_loss: 1.944961 accuracy: 0.482812 epoch_accuracy: 0.473909 top-5-accuracy: 0.777885 epoch_top-5-accuracy: 0.791483
2025-09-04 15:50:30,398 [INFO] Epoch summary loss: 1.944961 accuracy: 0.473909 top-5-accuracy: 0.791483
2025-09-04 15:50:30,862 [INFO] New metrics saved to logs/sports_cv_project_classification/alexnet-augmented-normalized_w-pretrained/val/metrics.json
2025-09-04 15:50:30,862 [INFO] epoch_accuracy: 0.530000 epoch_top-5-accuracy: 0.846000 epoch_loss: 1.674412
2025-09-04 15:50:30,862 [INFO] Current lr: [0.0005518058548819628]
2025-09-04 15:50:30,974 [INFO] Model saved. New best value 1.674412
2025-09-04 15:50:41,409 [INFO] New metrics saved to logs/sports_cv_project_classification/alexnet-augmented-normalized_w-pretrained/train/metrics.json
2025-09-04 15:50:41,410 [INFO] loss: 1.885562 accuracy: 0.491406 top-5-accuracy: 0.802969
2025-09-04 15:50:50,636 [INFO] New metrics saved to logs/sports_cv_project_classification/alexnet-augmented-normalized_w-pretrained/train/metrics.json
2025-09-04 15:50:50,637 [INFO] loss: 1.920582 accuracy: 0.477344 top-5-accuracy: 0.795781
2025-09-04 15:50:51,327 [INFO] New metrics saved to logs/sports_cv_project_classification/alexnet-augmented-normalized_w-pretrained/train/metrics.json
2025-09-04 15:50:51,327 [INFO] loss: 1.843775 epoch_loss: 1.899812 accuracy: 0.486178 epoch_accuracy: 0.484681 top-5-accuracy: 0.803726 epoch_top-5-accuracy: 0.799704
2025-09-04 15:50:51,327 [INFO] Epoch summary loss: 1.899812 accuracy: 0.484681 top-5-accuracy: 0.799704
2025-09-04 15:50:51,795 [INFO] New metrics saved to logs/sports_cv_project_classification/alexnet-augmented-normalized_w-pretrained/val/metrics.json
2025-09-04 15:50:51,795 [INFO] epoch_accuracy: 0.492000 epoch_top-5-accuracy: 0.794000 epoch_loss: 1.974577
2025-09-04 15:50:51,795 [INFO] Current lr: [0.0005646455754918043]
2025-09-04 15:51:02,253 [INFO] New metrics saved to logs/sports_cv_project_classification/alexnet-augmented-normalized_w-pretrained/train/metrics.json
2025-09-04 15:51:02,253 [INFO] loss: 1.874096 accuracy: 0.487656 top-5-accuracy: 0.807031
2025-09-04 15:51:12,051 [INFO] New metrics saved to logs/sports_cv_project_classification/alexnet-augmented-normalized_w-pretrained/train/metrics.json
2025-09-04 15:51:12,051 [INFO] loss: 1.920029 accuracy: 0.478125 top-5-accuracy: 0.803438
2025-09-04 15:51:12,893 [INFO] New metrics saved to logs/sports_cv_project_classification/alexnet-augmented-normalized_w-pretrained/train/metrics.json
2025-09-04 15:51:12,893 [INFO] loss: 2.161653 epoch_loss: 1.909687 accuracy: 0.430769 epoch_accuracy: 0.479856 top-5-accuracy: 0.766466 epoch_top-5-accuracy: 0.803695
2025-09-04 15:51:12,893 [INFO] Epoch summary loss: 1.909687 accuracy: 0.479856 top-5-accuracy: 0.803695
2025-09-04 15:51:13,352 [INFO] New metrics saved to logs/sports_cv_project_classification/alexnet-augmented-normalized_w-pretrained/val/metrics.json
2025-09-04 15:51:13,352 [INFO] epoch_accuracy: 0.498000 epoch_top-5-accuracy: 0.814000 epoch_loss: 1.882702
2025-09-04 15:51:13,353 [INFO] Current lr: [0.0005779970207305616]
2025-09-04 15:51:23,809 [INFO] New metrics saved to logs/sports_cv_project_classification/alexnet-augmented-normalized_w-pretrained/train/metrics.json
2025-09-04 15:51:23,810 [INFO] loss: 1.871627 accuracy: 0.494063 top-5-accuracy: 0.805781
2025-09-04 15:51:33,133 [INFO] New metrics saved to logs/sports_cv_project_classification/alexnet-augmented-normalized_w-pretrained/train/metrics.json
2025-09-04 15:51:33,133 [INFO] loss: 1.956519 accuracy: 0.473906 top-5-accuracy: 0.785312
2025-09-04 15:51:33,867 [INFO] New metrics saved to logs/sports_cv_project_classification/alexnet-augmented-normalized_w-pretrained/train/metrics.json
2025-09-04 15:51:33,867 [INFO] loss: 1.899503 epoch_loss: 1.913972 accuracy: 0.507812 epoch_accuracy: 0.484817 top-5-accuracy: 0.794231 epoch_top-5-accuracy: 0.795792
2025-09-04 15:51:33,868 [INFO] Epoch summary loss: 1.913972 accuracy: 0.484817 top-5-accuracy: 0.795792
2025-09-04 15:51:34,315 [INFO] New metrics saved to logs/sports_cv_project_classification/alexnet-augmented-normalized_w-pretrained/val/metrics.json
2025-09-04 15:51:34,315 [INFO] epoch_accuracy: 0.556000 epoch_top-5-accuracy: 0.846000 epoch_loss: 1.622139
2025-09-04 15:51:34,315 [INFO] Current lr: [0.0005918587166519693]
2025-09-04 15:51:34,427 [INFO] Model saved. New best value 1.622139
2025-09-04 15:51:44,860 [INFO] New metrics saved to logs/sports_cv_project_classification/alexnet-augmented-normalized_w-pretrained/train/metrics.json
2025-09-04 15:51:44,860 [INFO] loss: 1.890619 accuracy: 0.478594 top-5-accuracy: 0.803906
2025-09-04 15:51:54,102 [INFO] New metrics saved to logs/sports_cv_project_classification/alexnet-augmented-normalized_w-pretrained/train/metrics.json
2025-09-04 15:51:54,102 [INFO] loss: 1.933140 accuracy: 0.477656 top-5-accuracy: 0.789531
2025-09-04 15:51:54,813 [INFO] New metrics saved to logs/sports_cv_project_classification/alexnet-augmented-normalized_w-pretrained/train/metrics.json
2025-09-04 15:51:54,813 [INFO] loss: 1.904746 epoch_loss: 1.911792 accuracy: 0.464663 epoch_accuracy: 0.477770 top-5-accuracy: 0.800240 epoch_top-5-accuracy: 0.797034
2025-09-04 15:51:54,813 [INFO] Epoch summary loss: 1.911792 accuracy: 0.477770 top-5-accuracy: 0.797034
2025-09-04 15:51:55,246 [INFO] New metrics saved to logs/sports_cv_project_classification/alexnet-augmented-normalized_w-pretrained/val/metrics.json
2025-09-04 15:51:55,246 [INFO] epoch_accuracy: 0.552000 epoch_top-5-accuracy: 0.814000 epoch_loss: 1.745054
2025-09-04 15:51:55,246 [INFO] Current lr: [0.0006062291329801128]
2025-09-04 15:52:05,755 [INFO] New metrics saved to logs/sports_cv_project_classification/alexnet-augmented-normalized_w-pretrained/train/metrics.json
2025-09-04 15:52:05,755 [INFO] loss: 1.871517 accuracy: 0.499531 top-5-accuracy: 0.805469
2025-09-04 15:52:15,201 [INFO] New metrics saved to logs/sports_cv_project_classification/alexnet-augmented-normalized_w-pretrained/train/metrics.json
2025-09-04 15:52:15,201 [INFO] loss: 1.895040 accuracy: 0.489844 top-5-accuracy: 0.797344
2025-09-04 15:52:15,941 [INFO] New metrics saved to logs/sports_cv_project_classification/alexnet-augmented-normalized_w-pretrained/train/metrics.json
2025-09-04 15:52:15,941 [INFO] loss: 2.112961 epoch_loss: 1.893915 accuracy: 0.438822 epoch_accuracy: 0.491513 top-5-accuracy: 0.765865 epoch_top-5-accuracy: 0.799982
2025-09-04 15:52:15,941 [INFO] Epoch summary loss: 1.893915 accuracy: 0.491513 top-5-accuracy: 0.799982
2025-09-04 15:52:16,408 [INFO] New metrics saved to logs/sports_cv_project_classification/alexnet-augmented-normalized_w-pretrained/val/metrics.json
2025-09-04 15:52:16,408 [INFO] epoch_accuracy: 0.586000 epoch_top-5-accuracy: 0.866000 epoch_loss: 1.550864
2025-09-04 15:52:16,408 [INFO] Current lr: [0.0006211066832783867]
2025-09-04 15:52:16,527 [INFO] Model saved. New best value 1.550864
2025-09-04 15:52:27,140 [INFO] New metrics saved to logs/sports_cv_project_classification/alexnet-augmented-normalized_w-pretrained/train/metrics.json
2025-09-04 15:52:27,140 [INFO] loss: 1.838327 accuracy: 0.500781 top-5-accuracy: 0.819063
2025-09-04 15:52:36,351 [INFO] New metrics saved to logs/sports_cv_project_classification/alexnet-augmented-normalized_w-pretrained/train/metrics.json
2025-09-04 15:52:36,351 [INFO] loss: 1.884370 accuracy: 0.485000 top-5-accuracy: 0.805000
2025-09-04 15:52:37,033 [INFO] New metrics saved to logs/sports_cv_project_classification/alexnet-augmented-normalized_w-pretrained/train/metrics.json
2025-09-04 15:52:37,033 [INFO] loss: 1.983810 epoch_loss: 1.867783 accuracy: 0.487139 epoch_accuracy: 0.492392 top-5-accuracy: 0.779447 epoch_top-5-accuracy: 0.810425
2025-09-04 15:52:37,034 [INFO] Epoch summary loss: 1.867783 accuracy: 0.492392 top-5-accuracy: 0.810425
2025-09-04 15:52:37,484 [INFO] New metrics saved to logs/sports_cv_project_classification/alexnet-augmented-normalized_w-pretrained/val/metrics.json
2025-09-04 15:52:37,484 [INFO] epoch_accuracy: 0.512000 epoch_top-5-accuracy: 0.804000 epoch_loss: 1.860826
2025-09-04 15:52:37,484 [INFO] Current lr: [0.0006364897251246119]
2025-09-04 15:52:47,922 [INFO] New metrics saved to logs/sports_cv_project_classification/alexnet-augmented-normalized_w-pretrained/train/metrics.json
2025-09-04 15:52:47,923 [INFO] loss: 1.880617 accuracy: 0.484219 top-5-accuracy: 0.805469
2025-09-04 15:52:56,971 [INFO] New metrics saved to logs/sports_cv_project_classification/alexnet-augmented-normalized_w-pretrained/train/metrics.json
2025-09-04 15:52:56,971 [INFO] loss: 1.899659 accuracy: 0.482812 top-5-accuracy: 0.800469
2025-09-04 15:52:57,746 [INFO] New metrics saved to logs/sports_cv_project_classification/alexnet-augmented-normalized_w-pretrained/train/metrics.json
2025-09-04 15:52:57,746 [INFO] loss: 1.935846 epoch_loss: 1.890642 accuracy: 0.487500 epoch_accuracy: 0.484006 top-5-accuracy: 0.809856 epoch_top-5-accuracy: 0.803899
2025-09-04 15:52:57,746 [INFO] Epoch summary loss: 1.890642 accuracy: 0.484006 top-5-accuracy: 0.803899
2025-09-04 15:52:58,183 [INFO] New metrics saved to logs/sports_cv_project_classification/alexnet-augmented-normalized_w-pretrained/val/metrics.json
2025-09-04 15:52:58,183 [INFO] epoch_accuracy: 0.560000 epoch_top-5-accuracy: 0.826000 epoch_loss: 1.670720
2025-09-04 15:52:58,183 [INFO] Current lr: [0.0006523765602923625]
2025-09-04 15:53:08,763 [INFO] New metrics saved to logs/sports_cv_project_classification/alexnet-augmented-normalized_w-pretrained/train/metrics.json
2025-09-04 15:53:08,763 [INFO] loss: 1.855405 accuracy: 0.492188 top-5-accuracy: 0.815469
2025-09-04 15:53:18,189 [INFO] New metrics saved to logs/sports_cv_project_classification/alexnet-augmented-normalized_w-pretrained/train/metrics.json
2025-09-04 15:53:18,190 [INFO] loss: 1.940419 accuracy: 0.473594 top-5-accuracy: 0.790781
2025-09-04 15:53:18,959 [INFO] New metrics saved to logs/sports_cv_project_classification/alexnet-augmented-normalized_w-pretrained/train/metrics.json
2025-09-04 15:53:18,960 [INFO] loss: 1.921528 epoch_loss: 1.898402 accuracy: 0.481851 epoch_accuracy: 0.482929 top-5-accuracy: 0.808173 epoch_top-5-accuracy: 0.803820
2025-09-04 15:53:18,960 [INFO] Epoch summary loss: 1.898402 accuracy: 0.482929 top-5-accuracy: 0.803820
2025-09-04 15:53:19,409 [INFO] New metrics saved to logs/sports_cv_project_classification/alexnet-augmented-normalized_w-pretrained/val/metrics.json
2025-09-04 15:53:19,409 [INFO] epoch_accuracy: 0.556000 epoch_top-5-accuracy: 0.864000 epoch_loss: 1.587069
2025-09-04 15:53:19,409 [INFO] Current lr: [0.0006687654349384394]
2025-09-04 15:53:30,065 [INFO] New metrics saved to logs/sports_cv_project_classification/alexnet-augmented-normalized_w-pretrained/train/metrics.json
2025-09-04 15:53:30,066 [INFO] loss: 1.849107 accuracy: 0.505781 top-5-accuracy: 0.818125
2025-09-04 15:53:39,209 [INFO] New metrics saved to logs/sports_cv_project_classification/alexnet-augmented-normalized_w-pretrained/train/metrics.json
2025-09-04 15:53:39,210 [INFO] loss: 1.925065 accuracy: 0.486250 top-5-accuracy: 0.793125
2025-09-04 15:53:39,945 [INFO] New metrics saved to logs/sports_cv_project_classification/alexnet-augmented-normalized_w-pretrained/train/metrics.json
2025-09-04 15:53:39,945 [INFO] loss: 1.789801 epoch_loss: 1.882366 accuracy: 0.500841 epoch_accuracy: 0.495765 top-5-accuracy: 0.837981 epoch_top-5-accuracy: 0.807142
2025-09-04 15:53:39,945 [INFO] Epoch summary loss: 1.882366 accuracy: 0.495765 top-5-accuracy: 0.807142
2025-09-04 15:53:40,403 [INFO] New metrics saved to logs/sports_cv_project_classification/alexnet-augmented-normalized_w-pretrained/val/metrics.json
2025-09-04 15:53:40,403 [INFO] epoch_accuracy: 0.558000 epoch_top-5-accuracy: 0.822000 epoch_loss: 1.693212
2025-09-04 15:53:40,403 [INFO] Current lr: [0.0006856545397964878]
2025-09-04 15:53:50,806 [INFO] New metrics saved to logs/sports_cv_project_classification/alexnet-augmented-normalized_w-pretrained/train/metrics.json
2025-09-04 15:53:50,806 [INFO] loss: 1.847363 accuracy: 0.493125 top-5-accuracy: 0.815000
2025-09-04 15:53:59,956 [INFO] New metrics saved to logs/sports_cv_project_classification/alexnet-augmented-normalized_w-pretrained/train/metrics.json
2025-09-04 15:53:59,956 [INFO] loss: 1.912897 accuracy: 0.482344 top-5-accuracy: 0.798594
2025-09-04 15:54:00,673 [INFO] New metrics saved to logs/sports_cv_project_classification/alexnet-augmented-normalized_w-pretrained/train/metrics.json
2025-09-04 15:54:00,673 [INFO] loss: 2.000805 epoch_loss: 1.886472 accuracy: 0.442428 epoch_accuracy: 0.484976 top-5-accuracy: 0.813822 epoch_top-5-accuracy: 0.807035
2025-09-04 15:54:00,673 [INFO] Epoch summary loss: 1.886472 accuracy: 0.484976 top-5-accuracy: 0.807035
2025-09-04 15:54:01,094 [INFO] New metrics saved to logs/sports_cv_project_classification/alexnet-augmented-normalized_w-pretrained/val/metrics.json
2025-09-04 15:54:01,094 [INFO] epoch_accuracy: 0.502000 epoch_top-5-accuracy: 0.822000 epoch_loss: 1.849853
2025-09-04 15:54:01,094 [INFO] Current lr: [0.0007030420103767369]
2025-09-04 15:54:11,990 [INFO] New metrics saved to logs/sports_cv_project_classification/alexnet-augmented-normalized_w-pretrained/train/metrics.json
2025-09-04 15:54:11,990 [INFO] loss: 1.833927 accuracy: 0.498594 top-5-accuracy: 0.817656
2025-09-04 15:54:21,603 [INFO] New metrics saved to logs/sports_cv_project_classification/alexnet-augmented-normalized_w-pretrained/train/metrics.json
2025-09-04 15:54:21,603 [INFO] loss: 1.924292 accuracy: 0.478906 top-5-accuracy: 0.795469
2025-09-04 15:54:22,499 [INFO] New metrics saved to logs/sports_cv_project_classification/alexnet-augmented-normalized_w-pretrained/train/metrics.json
2025-09-04 15:54:22,499 [INFO] loss: 1.861113 epoch_loss: 1.878440 accuracy: 0.510216 epoch_accuracy: 0.489648 top-5-accuracy: 0.814663 epoch_top-5-accuracy: 0.807074
2025-09-04 15:54:22,499 [INFO] Epoch summary loss: 1.878440 accuracy: 0.489648 top-5-accuracy: 0.807074
2025-09-04 15:54:23,002 [INFO] New metrics saved to logs/sports_cv_project_classification/alexnet-augmented-normalized_w-pretrained/val/metrics.json
2025-09-04 15:54:23,002 [INFO] epoch_accuracy: 0.552000 epoch_top-5-accuracy: 0.816000 epoch_loss: 1.806706
2025-09-04 15:54:23,002 [INFO] Current lr: [0.0007209259271718279]
2025-09-04 15:54:33,546 [INFO] New metrics saved to logs/sports_cv_project_classification/alexnet-augmented-normalized_w-pretrained/train/metrics.json
2025-09-04 15:54:33,546 [INFO] loss: 1.841510 accuracy: 0.505938 top-5-accuracy: 0.806562
2025-09-04 15:54:42,678 [INFO] New metrics saved to logs/sports_cv_project_classification/alexnet-augmented-normalized_w-pretrained/train/metrics.json
2025-09-04 15:54:42,678 [INFO] loss: 1.877375 accuracy: 0.488281 top-5-accuracy: 0.803281
2025-09-04 15:54:43,485 [INFO] New metrics saved to logs/sports_cv_project_classification/alexnet-augmented-normalized_w-pretrained/train/metrics.json
2025-09-04 15:54:43,485 [INFO] loss: 1.915305 epoch_loss: 1.865925 accuracy: 0.486418 epoch_accuracy: 0.495601 top-5-accuracy: 0.811418 epoch_top-5-accuracy: 0.804636
2025-09-04 15:54:43,485 [INFO] Epoch summary loss: 1.865925 accuracy: 0.495601 top-5-accuracy: 0.804636
2025-09-04 15:54:43,922 [INFO] New metrics saved to logs/sports_cv_project_classification/alexnet-augmented-normalized_w-pretrained/val/metrics.json
2025-09-04 15:54:43,922 [INFO] epoch_accuracy: 0.516000 epoch_top-5-accuracy: 0.832000 epoch_loss: 1.702975
2025-09-04 15:54:43,922 [INFO] Current lr: [0.000739304315868718]
2025-09-04 15:54:54,366 [INFO] New metrics saved to logs/sports_cv_project_classification/alexnet-augmented-normalized_w-pretrained/train/metrics.json
2025-09-04 15:54:54,367 [INFO] loss: 1.865391 accuracy: 0.491563 top-5-accuracy: 0.810937
2025-09-04 15:55:03,630 [INFO] New metrics saved to logs/sports_cv_project_classification/alexnet-augmented-normalized_w-pretrained/train/metrics.json
2025-09-04 15:55:03,630 [INFO] loss: 1.912675 accuracy: 0.483438 top-5-accuracy: 0.802656
2025-09-04 15:55:04,410 [INFO] New metrics saved to logs/sports_cv_project_classification/alexnet-augmented-normalized_w-pretrained/train/metrics.json
2025-09-04 15:55:04,410 [INFO] loss: 2.163782 epoch_loss: 1.903878 accuracy: 0.408894 epoch_accuracy: 0.483689 top-5-accuracy: 0.768149 epoch_top-5-accuracy: 0.804143
2025-09-04 15:55:04,410 [INFO] Epoch summary loss: 1.903878 accuracy: 0.483689 top-5-accuracy: 0.804143
2025-09-04 15:55:04,869 [INFO] New metrics saved to logs/sports_cv_project_classification/alexnet-augmented-normalized_w-pretrained/val/metrics.json
2025-09-04 15:55:04,869 [INFO] epoch_accuracy: 0.544000 epoch_top-5-accuracy: 0.810000 epoch_loss: 1.790298
2025-09-04 15:55:04,870 [INFO] Current lr: [0.0007581751475666445]
2025-09-04 15:55:15,548 [INFO] New metrics saved to logs/sports_cv_project_classification/alexnet-augmented-normalized_w-pretrained/train/metrics.json
2025-09-04 15:55:15,548 [INFO] loss: 1.854785 accuracy: 0.495000 top-5-accuracy: 0.810312
2025-09-04 15:55:24,955 [INFO] New metrics saved to logs/sports_cv_project_classification/alexnet-augmented-normalized_w-pretrained/train/metrics.json
2025-09-04 15:55:24,955 [INFO] loss: 1.912070 accuracy: 0.479063 top-5-accuracy: 0.805781
2025-09-04 15:55:25,698 [INFO] New metrics saved to logs/sports_cv_project_classification/alexnet-augmented-normalized_w-pretrained/train/metrics.json
2025-09-04 15:55:25,698 [INFO] loss: 1.795199 epoch_loss: 1.879416 accuracy: 0.514663 epoch_accuracy: 0.488236 top-5-accuracy: 0.815505 epoch_top-5-accuracy: 0.808367
2025-09-04 15:55:25,698 [INFO] Epoch summary loss: 1.879416 accuracy: 0.488236 top-5-accuracy: 0.808367
2025-09-04 15:55:26,137 [INFO] New metrics saved to logs/sports_cv_project_classification/alexnet-augmented-normalized_w-pretrained/val/metrics.json
2025-09-04 15:55:26,138 [INFO] epoch_accuracy: 0.510000 epoch_top-5-accuracy: 0.822000 epoch_loss: 1.861404
2025-09-04 15:55:26,138 [INFO] Current lr: [0.000777536339001102]
2025-09-04 15:55:36,717 [INFO] New metrics saved to logs/sports_cv_project_classification/alexnet-augmented-normalized_w-pretrained/train/metrics.json
2025-09-04 15:55:36,717 [INFO] loss: 1.881843 accuracy: 0.494063 top-5-accuracy: 0.803438
2025-09-04 15:55:45,829 [INFO] New metrics saved to logs/sports_cv_project_classification/alexnet-augmented-normalized_w-pretrained/train/metrics.json
2025-09-04 15:55:45,829 [INFO] loss: 1.944164 accuracy: 0.479063 top-5-accuracy: 0.791875
2025-09-04 15:55:46,588 [INFO] New metrics saved to logs/sports_cv_project_classification/alexnet-augmented-normalized_w-pretrained/train/metrics.json
2025-09-04 15:55:46,588 [INFO] loss: 1.906729 epoch_loss: 1.913274 accuracy: 0.476562 epoch_accuracy: 0.485996 top-5-accuracy: 0.805288 epoch_top-5-accuracy: 0.797493
2025-09-04 15:55:46,588 [INFO] Epoch summary loss: 1.913274 accuracy: 0.485996 top-5-accuracy: 0.797493
2025-09-04 15:55:47,041 [INFO] New metrics saved to logs/sports_cv_project_classification/alexnet-augmented-normalized_w-pretrained/val/metrics.json
2025-09-04 15:55:47,041 [INFO] epoch_accuracy: 0.554000 epoch_top-5-accuracy: 0.828000 epoch_loss: 1.750982
2025-09-04 15:55:47,041 [INFO] Current lr: [0.0007973857527738253]
2025-09-04 15:55:57,102 [INFO] New metrics saved to logs/sports_cv_project_classification/alexnet-augmented-normalized_w-pretrained/train/metrics.json
2025-09-04 15:55:57,103 [INFO] loss: 1.864863 accuracy: 0.495937 top-5-accuracy: 0.812969
2025-09-04 15:56:06,501 [INFO] New metrics saved to logs/sports_cv_project_classification/alexnet-augmented-normalized_w-pretrained/train/metrics.json
2025-09-04 15:56:06,501 [INFO] loss: 1.924807 accuracy: 0.475938 top-5-accuracy: 0.796406
2025-09-04 15:56:07,376 [INFO] New metrics saved to logs/sports_cv_project_classification/alexnet-augmented-normalized_w-pretrained/train/metrics.json
2025-09-04 15:56:07,377 [INFO] loss: 2.056042 epoch_loss: 1.904545 accuracy: 0.447716 epoch_accuracy: 0.483088 top-5-accuracy: 0.781851 epoch_top-5-accuracy: 0.803168
2025-09-04 15:56:07,377 [INFO] Epoch summary loss: 1.904545 accuracy: 0.483088 top-5-accuracy: 0.803168
2025-09-04 15:56:07,867 [INFO] New metrics saved to logs/sports_cv_project_classification/alexnet-augmented-normalized_w-pretrained/val/metrics.json
2025-09-04 15:56:07,867 [INFO] epoch_accuracy: 0.564000 epoch_top-5-accuracy: 0.812000 epoch_loss: 1.723770
2025-09-04 15:56:07,867 [INFO] Current lr: [0.0008177211975887496]
2025-09-04 15:56:18,514 [INFO] New metrics saved to logs/sports_cv_project_classification/alexnet-augmented-normalized_w-pretrained/train/metrics.json
2025-09-04 15:56:18,514 [INFO] loss: 1.864638 accuracy: 0.495469 top-5-accuracy: 0.811094
2025-09-04 15:56:27,836 [INFO] New metrics saved to logs/sports_cv_project_classification/alexnet-augmented-normalized_w-pretrained/train/metrics.json
2025-09-04 15:56:27,836 [INFO] loss: 1.918341 accuracy: 0.479844 top-5-accuracy: 0.795312
2025-09-04 15:56:28,624 [INFO] New metrics saved to logs/sports_cv_project_classification/alexnet-augmented-normalized_w-pretrained/train/metrics.json
2025-09-04 15:56:28,625 [INFO] loss: 1.961495 epoch_loss: 1.898477 accuracy: 0.493750 epoch_accuracy: 0.487176 top-5-accuracy: 0.767909 epoch_top-5-accuracy: 0.800742
2025-09-04 15:56:28,625 [INFO] Epoch summary loss: 1.898477 accuracy: 0.487176 top-5-accuracy: 0.800742
2025-09-04 15:56:29,073 [INFO] New metrics saved to logs/sports_cv_project_classification/alexnet-augmented-normalized_w-pretrained/val/metrics.json
2025-09-04 15:56:29,073 [INFO] epoch_accuracy: 0.502000 epoch_top-5-accuracy: 0.788000 epoch_loss: 1.897153
2025-09-04 15:56:29,073 [INFO] Current lr: [0.00083854042849393]
2025-09-04 15:56:39,462 [INFO] New metrics saved to logs/sports_cv_project_classification/alexnet-augmented-normalized_w-pretrained/train/metrics.json
2025-09-04 15:56:39,463 [INFO] loss: 1.871374 accuracy: 0.500313 top-5-accuracy: 0.805156
2025-09-04 15:56:48,565 [INFO] New metrics saved to logs/sports_cv_project_classification/alexnet-augmented-normalized_w-pretrained/train/metrics.json
2025-09-04 15:56:48,566 [INFO] loss: 1.950573 accuracy: 0.480781 top-5-accuracy: 0.793125
2025-09-04 15:56:49,292 [INFO] New metrics saved to logs/sports_cv_project_classification/alexnet-augmented-normalized_w-pretrained/train/metrics.json
2025-09-04 15:56:49,292 [INFO] loss: 1.974282 epoch_loss: 1.912821 accuracy: 0.464062 epoch_accuracy: 0.489534 top-5-accuracy: 0.785096 epoch_top-5-accuracy: 0.799046
2025-09-04 15:56:49,292 [INFO] Epoch summary loss: 1.912821 accuracy: 0.489534 top-5-accuracy: 0.799046
2025-09-04 15:56:49,733 [INFO] New metrics saved to logs/sports_cv_project_classification/alexnet-augmented-normalized_w-pretrained/val/metrics.json
2025-09-04 15:56:49,733 [INFO] epoch_accuracy: 0.542000 epoch_top-5-accuracy: 0.838000 epoch_loss: 1.728372
2025-09-04 15:56:49,734 [INFO] Current lr: [0.0008598411471293591]
2025-09-04 15:56:59,997 [INFO] New metrics saved to logs/sports_cv_project_classification/alexnet-augmented-normalized_w-pretrained/train/metrics.json
2025-09-04 15:56:59,997 [INFO] loss: 1.915328 accuracy: 0.484687 top-5-accuracy: 0.797969
2025-09-04 15:57:09,509 [INFO] New metrics saved to logs/sports_cv_project_classification/alexnet-augmented-normalized_w-pretrained/train/metrics.json
2025-09-04 15:57:09,509 [INFO] loss: 1.935669 accuracy: 0.479063 top-5-accuracy: 0.797344
2025-09-04 15:57:10,304 [INFO] New metrics saved to logs/sports_cv_project_classification/alexnet-augmented-normalized_w-pretrained/train/metrics.json
2025-09-04 15:57:10,305 [INFO] loss: 2.010542 epoch_loss: 1.929776 accuracy: 0.471154 epoch_accuracy: 0.481098 top-5-accuracy: 0.775481 epoch_top-5-accuracy: 0.796971
2025-09-04 15:57:10,305 [INFO] Epoch summary loss: 1.929776 accuracy: 0.481098 top-5-accuracy: 0.796971
2025-09-04 15:57:10,739 [INFO] New metrics saved to logs/sports_cv_project_classification/alexnet-augmented-normalized_w-pretrained/val/metrics.json
2025-09-04 15:57:10,739 [INFO] epoch_accuracy: 0.524000 epoch_top-5-accuracy: 0.804000 epoch_loss: 1.870758
2025-09-04 15:57:10,740 [INFO] Current lr: [0.0008816210019807133]
2025-09-04 15:57:21,313 [INFO] New metrics saved to logs/sports_cv_project_classification/alexnet-augmented-normalized_w-pretrained/train/metrics.json
2025-09-04 15:57:21,313 [INFO] loss: 1.901174 accuracy: 0.499375 top-5-accuracy: 0.800625
2025-09-04 15:57:30,569 [INFO] New metrics saved to logs/sports_cv_project_classification/alexnet-augmented-normalized_w-pretrained/train/metrics.json
2025-09-04 15:57:30,569 [INFO] loss: 1.947315 accuracy: 0.477187 top-5-accuracy: 0.799063
2025-09-04 15:57:31,244 [INFO] New metrics saved to logs/sports_cv_project_classification/alexnet-augmented-normalized_w-pretrained/train/metrics.json
2025-09-04 15:57:31,244 [INFO] loss: 1.918376 epoch_loss: 1.928138 accuracy: 0.516827 epoch_accuracy: 0.488780 top-5-accuracy: 0.813582 epoch_top-5-accuracy: 0.799579
2025-09-04 15:57:31,244 [INFO] Epoch summary loss: 1.928138 accuracy: 0.488780 top-5-accuracy: 0.799579
2025-09-04 15:57:31,742 [INFO] New metrics saved to logs/sports_cv_project_classification/alexnet-augmented-normalized_w-pretrained/val/metrics.json
2025-09-04 15:57:31,743 [INFO] epoch_accuracy: 0.512000 epoch_top-5-accuracy: 0.778000 epoch_loss: 1.932479
2025-09-04 15:57:31,743 [INFO] Current lr: [0.0009038775886389388]
2025-09-04 15:57:42,256 [INFO] New metrics saved to logs/sports_cv_project_classification/alexnet-augmented-normalized_w-pretrained/train/metrics.json
2025-09-04 15:57:42,257 [INFO] loss: 1.832916 accuracy: 0.513594 top-5-accuracy: 0.812813
2025-09-04 15:57:51,159 [INFO] New metrics saved to logs/sports_cv_project_classification/alexnet-augmented-normalized_w-pretrained/train/metrics.json
2025-09-04 15:57:51,160 [INFO] loss: 2.018159 accuracy: 0.458906 top-5-accuracy: 0.780781
2025-09-04 15:57:51,901 [INFO] New metrics saved to logs/sports_cv_project_classification/alexnet-augmented-normalized_w-pretrained/train/metrics.json
2025-09-04 15:57:51,901 [INFO] loss: 1.965944 epoch_loss: 1.927962 accuracy: 0.477043 epoch_accuracy: 0.485503 top-5-accuracy: 0.809736 epoch_top-5-accuracy: 0.797187
2025-09-04 15:57:51,901 [INFO] Epoch summary loss: 1.927962 accuracy: 0.485503 top-5-accuracy: 0.797187
2025-09-04 15:57:52,375 [INFO] New metrics saved to logs/sports_cv_project_classification/alexnet-augmented-normalized_w-pretrained/val/metrics.json
2025-09-04 15:57:52,376 [INFO] epoch_accuracy: 0.554000 epoch_top-5-accuracy: 0.846000 epoch_loss: 1.689219
2025-09-04 15:57:52,376 [INFO] Current lr: [0.000926608450065692]
2025-09-04 15:58:02,599 [INFO] New metrics saved to logs/sports_cv_project_classification/alexnet-augmented-normalized_w-pretrained/train/metrics.json
2025-09-04 15:58:02,599 [INFO] loss: 1.912110 accuracy: 0.481563 top-5-accuracy: 0.802188
2025-09-04 15:58:12,042 [INFO] New metrics saved to logs/sports_cv_project_classification/alexnet-augmented-normalized_w-pretrained/train/metrics.json
2025-09-04 15:58:12,043 [INFO] loss: 1.983192 accuracy: 0.467187 top-5-accuracy: 0.788281
2025-09-04 15:58:12,894 [INFO] New metrics saved to logs/sports_cv_project_classification/alexnet-augmented-normalized_w-pretrained/train/metrics.json
2025-09-04 15:58:12,894 [INFO] loss: 2.007978 epoch_loss: 1.948879 accuracy: 0.494591 epoch_accuracy: 0.475939 top-5-accuracy: 0.781731 epoch_top-5-accuracy: 0.794908
2025-09-04 15:58:12,894 [INFO] Epoch summary loss: 1.948879 accuracy: 0.475939 top-5-accuracy: 0.794908
2025-09-04 15:58:13,386 [INFO] New metrics saved to logs/sports_cv_project_classification/alexnet-augmented-normalized_w-pretrained/val/metrics.json
2025-09-04 15:58:13,386 [INFO] epoch_accuracy: 0.512000 epoch_top-5-accuracy: 0.792000 epoch_loss: 1.907795
2025-09-04 15:58:13,386 [INFO] Current lr: [0.0009498110768645929]
2025-09-04 15:58:23,699 [INFO] New metrics saved to logs/sports_cv_project_classification/alexnet-augmented-normalized_w-pretrained/train/metrics.json
2025-09-04 15:58:23,699 [INFO] loss: 1.900417 accuracy: 0.488125 top-5-accuracy: 0.803125
2025-09-04 15:58:32,975 [INFO] New metrics saved to logs/sports_cv_project_classification/alexnet-augmented-normalized_w-pretrained/train/metrics.json
2025-09-04 15:58:32,975 [INFO] loss: 1.959444 accuracy: 0.471562 top-5-accuracy: 0.797344
2025-09-04 15:58:33,803 [INFO] New metrics saved to logs/sports_cv_project_classification/alexnet-augmented-normalized_w-pretrained/train/metrics.json
2025-09-04 15:58:33,803 [INFO] loss: 2.085573 epoch_loss: 1.937103 accuracy: 0.435457 epoch_accuracy: 0.477940 top-5-accuracy: 0.740865 epoch_top-5-accuracy: 0.797402
2025-09-04 15:58:33,803 [INFO] Epoch summary loss: 1.937103 accuracy: 0.477940 top-5-accuracy: 0.797402
2025-09-04 15:58:34,242 [INFO] New metrics saved to logs/sports_cv_project_classification/alexnet-augmented-normalized_w-pretrained/val/metrics.json
2025-09-04 15:58:34,242 [INFO] epoch_accuracy: 0.504000 epoch_top-5-accuracy: 0.808000 epoch_loss: 1.842356
2025-09-04 15:58:34,242 [INFO] Current lr: [0.0009734829075582398]
2025-09-04 15:58:44,567 [INFO] New metrics saved to logs/sports_cv_project_classification/alexnet-augmented-normalized_w-pretrained/train/metrics.json
2025-09-04 15:58:44,568 [INFO] loss: 1.949955 accuracy: 0.482344 top-5-accuracy: 0.792500
2025-09-04 15:58:53,607 [INFO] New metrics saved to logs/sports_cv_project_classification/alexnet-augmented-normalized_w-pretrained/train/metrics.json
2025-09-04 15:58:53,607 [INFO] loss: 1.968560 accuracy: 0.478906 top-5-accuracy: 0.792500
2025-09-04 15:58:54,362 [INFO] New metrics saved to logs/sports_cv_project_classification/alexnet-augmented-normalized_w-pretrained/train/metrics.json
2025-09-04 15:58:54,362 [INFO] loss: 1.980959 epoch_loss: 1.960714 accuracy: 0.441587 epoch_accuracy: 0.478745 top-5-accuracy: 0.803005 epoch_top-5-accuracy: 0.793110
2025-09-04 15:58:54,362 [INFO] Epoch summary loss: 1.960714 accuracy: 0.478745 top-5-accuracy: 0.793110
2025-09-04 15:58:54,805 [INFO] New metrics saved to logs/sports_cv_project_classification/alexnet-augmented-normalized_w-pretrained/val/metrics.json
2025-09-04 15:58:54,805 [INFO] epoch_accuracy: 0.580000 epoch_top-5-accuracy: 0.846000 epoch_loss: 1.648039
2025-09-04 15:58:54,805 [INFO] Current lr: [0.0009976213288710005]
2025-09-04 15:59:05,247 [INFO] New metrics saved to logs/sports_cv_project_classification/alexnet-augmented-normalized_w-pretrained/train/metrics.json
2025-09-04 15:59:05,248 [INFO] loss: 1.923833 accuracy: 0.478125 top-5-accuracy: 0.803594
2025-09-04 15:59:14,860 [INFO] New metrics saved to logs/sports_cv_project_classification/alexnet-augmented-normalized_w-pretrained/train/metrics.json
2025-09-04 15:59:14,861 [INFO] loss: 1.942467 accuracy: 0.480781 top-5-accuracy: 0.794063
2025-09-04 15:59:15,588 [INFO] New metrics saved to logs/sports_cv_project_classification/alexnet-augmented-normalized_w-pretrained/train/metrics.json
2025-09-04 15:59:15,588 [INFO] loss: 2.024183 epoch_loss: 1.937922 accuracy: 0.425240 epoch_accuracy: 0.477237 top-5-accuracy: 0.785577 epoch_top-5-accuracy: 0.798111
2025-09-04 15:59:15,588 [INFO] Epoch summary loss: 1.937922 accuracy: 0.477237 top-5-accuracy: 0.798111
2025-09-04 15:59:16,041 [INFO] New metrics saved to logs/sports_cv_project_classification/alexnet-augmented-normalized_w-pretrained/val/metrics.json
2025-09-04 15:59:16,041 [INFO] epoch_accuracy: 0.532000 epoch_top-5-accuracy: 0.822000 epoch_loss: 1.740088
2025-09-04 15:59:16,041 [INFO] Current lr: [0.0010222236760174981]
2025-09-04 15:59:26,744 [INFO] New metrics saved to logs/sports_cv_project_classification/alexnet-augmented-normalized_w-pretrained/train/metrics.json
2025-09-04 15:59:26,744 [INFO] loss: 1.942183 accuracy: 0.477656 top-5-accuracy: 0.790156
2025-09-04 15:59:36,052 [INFO] New metrics saved to logs/sports_cv_project_classification/alexnet-augmented-normalized_w-pretrained/train/metrics.json
2025-09-04 15:59:36,052 [INFO] loss: 1.979232 accuracy: 0.470625 top-5-accuracy: 0.789844
2025-09-04 15:59:36,786 [INFO] New metrics saved to logs/sports_cv_project_classification/alexnet-augmented-normalized_w-pretrained/train/metrics.json
2025-09-04 15:59:36,786 [INFO] loss: 1.927972 epoch_loss: 1.960230 accuracy: 0.483774 epoch_accuracy: 0.474249 top-5-accuracy: 0.774279 epoch_top-5-accuracy: 0.789176
2025-09-04 15:59:36,786 [INFO] Epoch summary loss: 1.960230 accuracy: 0.474249 top-5-accuracy: 0.789176
2025-09-04 15:59:37,224 [INFO] New metrics saved to logs/sports_cv_project_classification/alexnet-augmented-normalized_w-pretrained/val/metrics.json
2025-09-04 15:59:37,224 [INFO] epoch_accuracy: 0.522000 epoch_top-5-accuracy: 0.814000 epoch_loss: 1.773287
2025-09-04 15:59:37,224 [INFO] Current lr: [0.0010472872329967912]
2025-09-04 15:59:47,649 [INFO] New metrics saved to logs/sports_cv_project_classification/alexnet-augmented-normalized_w-pretrained/train/metrics.json
2025-09-04 15:59:47,650 [INFO] loss: 1.975101 accuracy: 0.475156 top-5-accuracy: 0.793438
2025-09-04 15:59:56,625 [INFO] New metrics saved to logs/sports_cv_project_classification/alexnet-augmented-normalized_w-pretrained/train/metrics.json
2025-09-04 15:59:56,626 [INFO] loss: 1.989634 accuracy: 0.461250 top-5-accuracy: 0.788281
2025-09-04 15:59:57,375 [INFO] New metrics saved to logs/sports_cv_project_classification/alexnet-augmented-normalized_w-pretrained/train/metrics.json
2025-09-04 15:59:57,375 [INFO] loss: 2.044247 epoch_loss: 1.986146 accuracy: 0.469591 epoch_accuracy: 0.467979 top-5-accuracy: 0.773317 epoch_top-5-accuracy: 0.789941
2025-09-04 15:59:57,375 [INFO] Epoch summary loss: 1.986146 accuracy: 0.467979 top-5-accuracy: 0.789941
2025-09-04 15:59:57,824 [INFO] New metrics saved to logs/sports_cv_project_classification/alexnet-augmented-normalized_w-pretrained/val/metrics.json
2025-09-04 15:59:57,825 [INFO] epoch_accuracy: 0.538000 epoch_top-5-accuracy: 0.828000 epoch_loss: 1.706239
2025-09-04 15:59:57,825 [INFO] Current lr: [0.0010728092328922204]
2025-09-04 16:00:08,425 [INFO] New metrics saved to logs/sports_cv_project_classification/alexnet-augmented-normalized_w-pretrained/train/metrics.json
2025-09-04 16:00:08,426 [INFO] loss: 1.941373 accuracy: 0.479219 top-5-accuracy: 0.803594
2025-09-04 16:00:17,759 [INFO] New metrics saved to logs/sports_cv_project_classification/alexnet-augmented-normalized_w-pretrained/train/metrics.json
2025-09-04 16:00:17,759 [INFO] loss: 1.964286 accuracy: 0.476250 top-5-accuracy: 0.787344
2025-09-04 16:00:18,537 [INFO] New metrics saved to logs/sports_cv_project_classification/alexnet-augmented-normalized_w-pretrained/train/metrics.json
2025-09-04 16:00:18,537 [INFO] loss: 2.095032 epoch_loss: 1.959670 accuracy: 0.432572 epoch_accuracy: 0.475740 top-5-accuracy: 0.766587 epoch_top-5-accuracy: 0.794046
2025-09-04 16:00:18,538 [INFO] Epoch summary loss: 1.959670 accuracy: 0.475740 top-5-accuracy: 0.794046
2025-09-04 16:00:19,006 [INFO] New metrics saved to logs/sports_cv_project_classification/alexnet-augmented-normalized_w-pretrained/val/metrics.json
2025-09-04 16:00:19,006 [INFO] epoch_accuracy: 0.538000 epoch_top-5-accuracy: 0.806000 epoch_loss: 1.836642
2025-09-04 16:00:19,007 [INFO] Current lr: [0.0010987868581768534]
2025-09-04 16:00:29,471 [INFO] New metrics saved to logs/sports_cv_project_classification/alexnet-augmented-normalized_w-pretrained/train/metrics.json
2025-09-04 16:00:29,472 [INFO] loss: 1.979005 accuracy: 0.466562 top-5-accuracy: 0.792344
2025-09-04 16:00:38,770 [INFO] New metrics saved to logs/sports_cv_project_classification/alexnet-augmented-normalized_w-pretrained/train/metrics.json
2025-09-04 16:00:38,770 [INFO] loss: 1.989385 accuracy: 0.468125 top-5-accuracy: 0.788281
2025-09-04 16:00:39,473 [INFO] New metrics saved to logs/sports_cv_project_classification/alexnet-augmented-normalized_w-pretrained/train/metrics.json
2025-09-04 16:00:39,473 [INFO] loss: 2.195650 epoch_loss: 1.996420 accuracy: 0.449519 epoch_accuracy: 0.466148 top-5-accuracy: 0.745313 epoch_top-5-accuracy: 0.787883
2025-09-04 16:00:39,473 [INFO] Epoch summary loss: 1.996420 accuracy: 0.466148 top-5-accuracy: 0.787883
2025-09-04 16:00:39,890 [INFO] New metrics saved to logs/sports_cv_project_classification/alexnet-augmented-normalized_w-pretrained/val/metrics.json
2025-09-04 16:00:39,891 [INFO] epoch_accuracy: 0.502000 epoch_top-5-accuracy: 0.806000 epoch_loss: 1.832713
2025-09-04 16:00:39,891 [INFO] Current lr: [0.0011252172410245367]
2025-09-04 16:00:50,230 [INFO] New metrics saved to logs/sports_cv_project_classification/alexnet-augmented-normalized_w-pretrained/train/metrics.json
2025-09-04 16:00:50,230 [INFO] loss: 1.988085 accuracy: 0.467344 top-5-accuracy: 0.786094
2025-09-04 16:00:59,223 [INFO] New metrics saved to logs/sports_cv_project_classification/alexnet-augmented-normalized_w-pretrained/train/metrics.json
2025-09-04 16:00:59,223 [INFO] loss: 2.046937 accuracy: 0.462031 top-5-accuracy: 0.777188
2025-09-04 16:00:59,944 [INFO] New metrics saved to logs/sports_cv_project_classification/alexnet-augmented-normalized_w-pretrained/train/metrics.json
2025-09-04 16:00:59,944 [INFO] loss: 2.041042 epoch_loss: 2.019517 accuracy: 0.477885 epoch_accuracy: 0.464685 top-5-accuracy: 0.758413 epoch_top-5-accuracy: 0.780099
2025-09-04 16:00:59,944 [INFO] Epoch summary loss: 2.019517 accuracy: 0.464685 top-5-accuracy: 0.780099
2025-09-04 16:01:00,392 [INFO] New metrics saved to logs/sports_cv_project_classification/alexnet-augmented-normalized_w-pretrained/val/metrics.json
2025-09-04 16:01:00,392 [INFO] epoch_accuracy: 0.528000 epoch_top-5-accuracy: 0.802000 epoch_loss: 1.815401
2025-09-04 16:01:00,392 [INFO] Current lr: [0.001152097463626484]
2025-09-04 16:01:11,278 [INFO] New metrics saved to logs/sports_cv_project_classification/alexnet-augmented-normalized_w-pretrained/train/metrics.json
2025-09-04 16:01:11,280 [INFO] loss: 1.994470 accuracy: 0.462813 top-5-accuracy: 0.783281
2025-09-04 16:01:20,735 [INFO] New metrics saved to logs/sports_cv_project_classification/alexnet-augmented-normalized_w-pretrained/train/metrics.json
2025-09-04 16:01:20,736 [INFO] loss: 2.013090 accuracy: 0.464062 top-5-accuracy: 0.778906
2025-09-04 16:01:21,452 [INFO] New metrics saved to logs/sports_cv_project_classification/alexnet-augmented-normalized_w-pretrained/train/metrics.json
2025-09-04 16:01:21,452 [INFO] loss: 2.060770 epoch_loss: 2.006666 accuracy: 0.438822 epoch_accuracy: 0.462327 top-5-accuracy: 0.775120 epoch_top-5-accuracy: 0.780961
2025-09-04 16:01:21,453 [INFO] Epoch summary loss: 2.006666 accuracy: 0.462327 top-5-accuracy: 0.780961
2025-09-04 16:01:21,943 [INFO] New metrics saved to logs/sports_cv_project_classification/alexnet-augmented-normalized_w-pretrained/val/metrics.json
2025-09-04 16:01:21,943 [INFO] epoch_accuracy: 0.490000 epoch_top-5-accuracy: 0.788000 epoch_loss: 1.922050
2025-09-04 16:01:21,944 [INFO] Current lr: [0.0011794245585134006]
2025-09-04 16:01:32,217 [INFO] New metrics saved to logs/sports_cv_project_classification/alexnet-augmented-normalized_w-pretrained/train/metrics.json
2025-09-04 16:01:32,217 [INFO] loss: 1.999414 accuracy: 0.472500 top-5-accuracy: 0.784531
2025-09-04 16:01:41,232 [INFO] New metrics saved to logs/sports_cv_project_classification/alexnet-augmented-normalized_w-pretrained/train/metrics.json
2025-09-04 16:01:41,232 [INFO] loss: 2.096067 accuracy: 0.444219 top-5-accuracy: 0.766719
2025-09-04 16:01:41,995 [INFO] New metrics saved to logs/sports_cv_project_classification/alexnet-augmented-normalized_w-pretrained/train/metrics.json
2025-09-04 16:01:41,995 [INFO] loss: 2.146153 epoch_loss: 2.050586 accuracy: 0.467668 epoch_accuracy: 0.458823 top-5-accuracy: 0.750361 epoch_top-5-accuracy: 0.774707
2025-09-04 16:01:41,995 [INFO] Epoch summary loss: 2.050586 accuracy: 0.458823 top-5-accuracy: 0.774707
2025-09-04 16:01:42,493 [INFO] New metrics saved to logs/sports_cv_project_classification/alexnet-augmented-normalized_w-pretrained/val/metrics.json
2025-09-04 16:01:42,493 [INFO] epoch_accuracy: 0.522000 epoch_top-5-accuracy: 0.810000 epoch_loss: 1.870141
2025-09-04 16:01:42,493 [INFO] Current lr: [0.0012071955088830705]
2025-09-04 16:01:52,751 [INFO] New metrics saved to logs/sports_cv_project_classification/alexnet-augmented-normalized_w-pretrained/train/metrics.json
2025-09-04 16:01:52,752 [INFO] loss: 1.997822 accuracy: 0.475313 top-5-accuracy: 0.781719
2025-09-04 16:02:01,792 [INFO] New metrics saved to logs/sports_cv_project_classification/alexnet-augmented-normalized_w-pretrained/train/metrics.json
2025-09-04 16:02:01,792 [INFO] loss: 2.079923 accuracy: 0.451406 top-5-accuracy: 0.775781
2025-09-04 16:02:02,708 [INFO] New metrics saved to logs/sports_cv_project_classification/alexnet-augmented-normalized_w-pretrained/train/metrics.json
2025-09-04 16:02:02,708 [INFO] loss: 2.057586 epoch_loss: 2.041265 accuracy: 0.467909 epoch_accuracy: 0.462740 top-5-accuracy: 0.774159 epoch_top-5-accuracy: 0.778926
2025-09-04 16:02:02,708 [INFO] Epoch summary loss: 2.041265 accuracy: 0.462740 top-5-accuracy: 0.778926
2025-09-04 16:02:03,191 [INFO] New metrics saved to logs/sports_cv_project_classification/alexnet-augmented-normalized_w-pretrained/val/metrics.json
2025-09-04 16:02:03,191 [INFO] epoch_accuracy: 0.524000 epoch_top-5-accuracy: 0.802000 epoch_loss: 1.897583
2025-09-04 16:02:03,191 [INFO] Current lr: [0.001235407248933406]
2025-09-04 16:02:13,824 [INFO] New metrics saved to logs/sports_cv_project_classification/alexnet-augmented-normalized_w-pretrained/train/metrics.json
2025-09-04 16:02:13,825 [INFO] loss: 2.037554 accuracy: 0.459375 top-5-accuracy: 0.778125
2025-09-04 16:02:22,718 [INFO] New metrics saved to logs/sports_cv_project_classification/alexnet-augmented-normalized_w-pretrained/train/metrics.json
2025-09-04 16:02:22,719 [INFO] loss: 2.113986 accuracy: 0.445937 top-5-accuracy: 0.763125
2025-09-04 16:02:23,450 [INFO] New metrics saved to logs/sports_cv_project_classification/alexnet-augmented-normalized_w-pretrained/train/metrics.json
2025-09-04 16:02:23,450 [INFO] loss: 2.055380 epoch_loss: 2.077278 accuracy: 0.466346 epoch_accuracy: 0.452864 top-5-accuracy: 0.761779 epoch_top-5-accuracy: 0.769866
2025-09-04 16:02:23,451 [INFO] Epoch summary loss: 2.077278 accuracy: 0.452864 top-5-accuracy: 0.769866
2025-09-04 16:02:23,923 [INFO] New metrics saved to logs/sports_cv_project_classification/alexnet-augmented-normalized_w-pretrained/val/metrics.json
2025-09-04 16:02:23,923 [INFO] epoch_accuracy: 0.538000 epoch_top-5-accuracy: 0.816000 epoch_loss: 1.709474
2025-09-04 16:02:23,923 [INFO] Current lr: [0.0012640566642008987]
2025-09-04 16:02:34,191 [INFO] New metrics saved to logs/sports_cv_project_classification/alexnet-augmented-normalized_w-pretrained/train/metrics.json
2025-09-04 16:02:34,191 [INFO] loss: 2.026606 accuracy: 0.460000 top-5-accuracy: 0.782656
2025-09-04 16:02:42,938 [INFO] New metrics saved to logs/sports_cv_project_classification/alexnet-augmented-normalized_w-pretrained/train/metrics.json
2025-09-04 16:02:42,939 [INFO] loss: 2.166228 accuracy: 0.430312 top-5-accuracy: 0.750781
2025-09-04 16:02:43,747 [INFO] New metrics saved to logs/sports_cv_project_classification/alexnet-augmented-normalized_w-pretrained/train/metrics.json
2025-09-04 16:02:43,748 [INFO] loss: 2.096488 epoch_loss: 2.095994 accuracy: 0.445072 epoch_accuracy: 0.445006 top-5-accuracy: 0.786538 epoch_top-5-accuracy: 0.768086
2025-09-04 16:02:43,748 [INFO] Epoch summary loss: 2.095994 accuracy: 0.445006 top-5-accuracy: 0.768086
2025-09-04 16:02:44,164 [INFO] New metrics saved to logs/sports_cv_project_classification/alexnet-augmented-normalized_w-pretrained/val/metrics.json
2025-09-04 16:02:44,165 [INFO] epoch_accuracy: 0.506000 epoch_top-5-accuracy: 0.780000 epoch_loss: 1.987230
2025-09-04 16:02:44,165 [INFO] Current lr: [0.0012931405919044403]
2025-09-04 16:02:44,165 [INFO] Early stopping triggered at epoch 58
2025-09-04 16:02:44,170 [INFO] Found credentials in environment variables.
