2025-09-03 15:09:12,406 [INFO] Global seed set to 42
2025-09-03 15:09:12,406 [INFO] Path logs/sports_cv_project_classification/alexnet-rotation/train created or existed
2025-09-03 15:09:12,406 [INFO] Path logs/sports_cv_project_classification/alexnet-rotation/val created or existed
2025-09-03 15:09:12,406 [INFO] Path logs/sports_cv_project_classification/alexnet-rotation/test created or existed
2025-09-03 15:09:12,406 [INFO] Path checkpoints/sports_cv_project_classification/alexnet-rotation created or existed
2025-09-03 15:09:12,408 [INFO] Training started...
2025-09-03 15:09:25,609 [INFO] New metrics saved to logs/sports_cv_project_classification/alexnet-rotation/train/metrics.json
2025-09-03 15:09:25,610 [INFO] loss: 4.599789 accuracy: 0.011953 top-5-accuracy: 0.058906
2025-09-03 15:09:26,300 [INFO] New metrics saved to logs/sports_cv_project_classification/alexnet-rotation/train/metrics.json
2025-09-03 15:09:26,300 [INFO] loss: 4.587668 epoch_loss: 4.599365 accuracy: 0.010286 epoch_accuracy: 0.011812 top-5-accuracy: 0.052648 epoch_top-5-accuracy: 0.058517
2025-09-03 15:09:26,300 [INFO] Epoch summary loss: 4.599365 accuracy: 0.011812 top-5-accuracy: 0.058517
2025-09-03 15:09:26,739 [INFO] New metrics saved to logs/sports_cv_project_classification/alexnet-rotation/val/metrics.json
2025-09-03 15:09:26,739 [INFO] accuracy: 0.010000 top-5-accuracy: 0.050000 loss: 4.602041
2025-09-03 15:09:26,739 [INFO] Current lr: [0.0001]
2025-09-03 15:09:26,822 [INFO] Model saved. New best value 4.602041
2025-09-03 15:09:39,757 [INFO] New metrics saved to logs/sports_cv_project_classification/alexnet-rotation/train/metrics.json
2025-09-03 15:09:39,757 [INFO] loss: 4.519737 accuracy: 0.020547 top-5-accuracy: 0.083594
2025-09-03 15:09:40,458 [INFO] New metrics saved to logs/sports_cv_project_classification/alexnet-rotation/train/metrics.json
2025-09-03 15:09:40,458 [INFO] loss: 4.379915 epoch_loss: 4.511499 accuracy: 0.023655 epoch_accuracy: 0.020571 top-5-accuracy: 0.124132 epoch_top-5-accuracy: 0.084947
2025-09-03 15:09:40,458 [INFO] Epoch summary loss: 4.511499 accuracy: 0.020571 top-5-accuracy: 0.084947
2025-09-03 15:09:40,921 [INFO] New metrics saved to logs/sports_cv_project_classification/alexnet-rotation/val/metrics.json
2025-09-03 15:09:40,921 [INFO] accuracy: 0.026000 top-5-accuracy: 0.112000 loss: 4.392224
2025-09-03 15:09:40,921 [INFO] Current lr: [0.0001]
2025-09-03 15:09:41,035 [INFO] Model saved. New best value 4.392224
2025-09-03 15:09:54,014 [INFO] New metrics saved to logs/sports_cv_project_classification/alexnet-rotation/train/metrics.json
2025-09-03 15:09:54,014 [INFO] loss: 4.320911 accuracy: 0.033750 top-5-accuracy: 0.132578
2025-09-03 15:09:54,721 [INFO] New metrics saved to logs/sports_cv_project_classification/alexnet-rotation/train/metrics.json
2025-09-03 15:09:54,721 [INFO] loss: 4.233114 epoch_loss: 4.316978 accuracy: 0.041753 epoch_accuracy: 0.033931 top-5-accuracy: 0.156510 epoch_top-5-accuracy: 0.133707
2025-09-03 15:09:54,721 [INFO] Epoch summary loss: 4.316978 accuracy: 0.033931 top-5-accuracy: 0.133707
2025-09-03 15:09:55,180 [INFO] New metrics saved to logs/sports_cv_project_classification/alexnet-rotation/val/metrics.json
2025-09-03 15:09:55,181 [INFO] accuracy: 0.028000 top-5-accuracy: 0.150000 loss: 4.286625
2025-09-03 15:09:55,181 [INFO] Current lr: [0.0001]
2025-09-03 15:09:55,298 [INFO] Model saved. New best value 4.286625
2025-09-03 15:10:08,355 [INFO] New metrics saved to logs/sports_cv_project_classification/alexnet-rotation/train/metrics.json
2025-09-03 15:10:08,355 [INFO] loss: 4.230438 accuracy: 0.041563 top-5-accuracy: 0.165547
2025-09-03 15:10:09,079 [INFO] New metrics saved to logs/sports_cv_project_classification/alexnet-rotation/train/metrics.json
2025-09-03 15:10:09,080 [INFO] loss: 4.188031 epoch_loss: 4.229173 accuracy: 0.037326 epoch_accuracy: 0.041798 top-5-accuracy: 0.163194 epoch_top-5-accuracy: 0.165651
2025-09-03 15:10:09,080 [INFO] Epoch summary loss: 4.229173 accuracy: 0.041798 top-5-accuracy: 0.165651
2025-09-03 15:10:09,531 [INFO] New metrics saved to logs/sports_cv_project_classification/alexnet-rotation/val/metrics.json
2025-09-03 15:10:09,532 [INFO] accuracy: 0.038000 top-5-accuracy: 0.156000 loss: 4.171591
2025-09-03 15:10:09,532 [INFO] Current lr: [0.0001]
2025-09-03 15:10:09,640 [INFO] Model saved. New best value 4.171591
2025-09-03 15:10:22,798 [INFO] New metrics saved to logs/sports_cv_project_classification/alexnet-rotation/train/metrics.json
2025-09-03 15:10:22,799 [INFO] loss: 4.137742 accuracy: 0.050625 top-5-accuracy: 0.195391
2025-09-03 15:10:23,513 [INFO] New metrics saved to logs/sports_cv_project_classification/alexnet-rotation/train/metrics.json
2025-09-03 15:10:23,513 [INFO] loss: 4.071599 epoch_loss: 4.133636 accuracy: 0.050694 epoch_accuracy: 0.050409 top-5-accuracy: 0.212240 epoch_top-5-accuracy: 0.196246
2025-09-03 15:10:23,513 [INFO] Epoch summary loss: 4.133636 accuracy: 0.050409 top-5-accuracy: 0.196246
2025-09-03 15:10:23,953 [INFO] New metrics saved to logs/sports_cv_project_classification/alexnet-rotation/val/metrics.json
2025-09-03 15:10:23,953 [INFO] accuracy: 0.046000 top-5-accuracy: 0.220000 loss: 4.089590
2025-09-03 15:10:23,953 [INFO] Current lr: [0.0001]
2025-09-03 15:10:24,074 [INFO] Model saved. New best value 4.089590
2025-09-03 15:10:37,135 [INFO] New metrics saved to logs/sports_cv_project_classification/alexnet-rotation/train/metrics.json
2025-09-03 15:10:37,135 [INFO] loss: 4.015745 accuracy: 0.063359 top-5-accuracy: 0.234531
2025-09-03 15:10:37,837 [INFO] New metrics saved to logs/sports_cv_project_classification/alexnet-rotation/train/metrics.json
2025-09-03 15:10:37,837 [INFO] loss: 4.016220 epoch_loss: 4.015427 accuracy: 0.062109 epoch_accuracy: 0.063738 top-5-accuracy: 0.233941 epoch_top-5-accuracy: 0.234138
2025-09-03 15:10:37,837 [INFO] Epoch summary loss: 4.015427 accuracy: 0.063738 top-5-accuracy: 0.234138
2025-09-03 15:10:38,276 [INFO] New metrics saved to logs/sports_cv_project_classification/alexnet-rotation/val/metrics.json
2025-09-03 15:10:38,276 [INFO] accuracy: 0.078000 top-5-accuracy: 0.256000 loss: 3.938603
2025-09-03 15:10:38,276 [INFO] Current lr: [0.0001]
2025-09-03 15:10:38,390 [INFO] Model saved. New best value 3.938603
2025-09-03 15:10:51,299 [INFO] New metrics saved to logs/sports_cv_project_classification/alexnet-rotation/train/metrics.json
2025-09-03 15:10:51,299 [INFO] loss: 3.864503 accuracy: 0.081719 top-5-accuracy: 0.276484
2025-09-03 15:10:52,026 [INFO] New metrics saved to logs/sports_cv_project_classification/alexnet-rotation/train/metrics.json
2025-09-03 15:10:52,026 [INFO] loss: 3.813898 epoch_loss: 3.860706 accuracy: 0.095747 epoch_accuracy: 0.082254 top-5-accuracy: 0.305339 epoch_top-5-accuracy: 0.277589
2025-09-03 15:10:52,026 [INFO] Epoch summary loss: 3.860706 accuracy: 0.082254 top-5-accuracy: 0.277589
2025-09-03 15:10:52,521 [INFO] New metrics saved to logs/sports_cv_project_classification/alexnet-rotation/val/metrics.json
2025-09-03 15:10:52,522 [INFO] accuracy: 0.078000 top-5-accuracy: 0.308000 loss: 3.788155
2025-09-03 15:10:52,522 [INFO] Current lr: [0.0001]
2025-09-03 15:10:52,642 [INFO] Model saved. New best value 3.788155
2025-09-03 15:11:05,711 [INFO] New metrics saved to logs/sports_cv_project_classification/alexnet-rotation/train/metrics.json
2025-09-03 15:11:05,711 [INFO] loss: 3.776963 accuracy: 0.090156 top-5-accuracy: 0.306953
2025-09-03 15:11:06,439 [INFO] New metrics saved to logs/sports_cv_project_classification/alexnet-rotation/train/metrics.json
2025-09-03 15:11:06,439 [INFO] loss: 3.776555 epoch_loss: 3.777377 accuracy: 0.093793 epoch_accuracy: 0.090435 top-5-accuracy: 0.312543 epoch_top-5-accuracy: 0.307269
2025-09-03 15:11:06,439 [INFO] Epoch summary loss: 3.777377 accuracy: 0.090435 top-5-accuracy: 0.307269
2025-09-03 15:11:06,931 [INFO] New metrics saved to logs/sports_cv_project_classification/alexnet-rotation/val/metrics.json
2025-09-03 15:11:06,932 [INFO] accuracy: 0.098000 top-5-accuracy: 0.326000 loss: 3.674542
2025-09-03 15:11:06,932 [INFO] Current lr: [0.0001]
2025-09-03 15:11:07,049 [INFO] Model saved. New best value 3.674542
2025-09-03 15:11:20,075 [INFO] New metrics saved to logs/sports_cv_project_classification/alexnet-rotation/train/metrics.json
2025-09-03 15:11:20,075 [INFO] loss: 3.708261 accuracy: 0.099609 top-5-accuracy: 0.330703
2025-09-03 15:11:20,780 [INFO] New metrics saved to logs/sports_cv_project_classification/alexnet-rotation/train/metrics.json
2025-09-03 15:11:20,780 [INFO] loss: 3.559807 epoch_loss: 3.702125 accuracy: 0.120009 epoch_accuracy: 0.100637 top-5-accuracy: 0.370530 epoch_top-5-accuracy: 0.332600
2025-09-03 15:11:20,780 [INFO] Epoch summary loss: 3.702125 accuracy: 0.100637 top-5-accuracy: 0.332600
2025-09-03 15:11:21,222 [INFO] New metrics saved to logs/sports_cv_project_classification/alexnet-rotation/val/metrics.json
2025-09-03 15:11:21,222 [INFO] accuracy: 0.122000 top-5-accuracy: 0.346000 loss: 3.600510
2025-09-03 15:11:21,222 [INFO] Current lr: [0.0001]
2025-09-03 15:11:21,332 [INFO] Model saved. New best value 3.600510
2025-09-03 15:11:34,495 [INFO] New metrics saved to logs/sports_cv_project_classification/alexnet-rotation/train/metrics.json
2025-09-03 15:11:34,495 [INFO] loss: 3.620050 accuracy: 0.115234 top-5-accuracy: 0.360547
2025-09-03 15:11:35,198 [INFO] New metrics saved to logs/sports_cv_project_classification/alexnet-rotation/train/metrics.json
2025-09-03 15:11:35,198 [INFO] loss: 3.582125 epoch_loss: 3.617860 accuracy: 0.131424 epoch_accuracy: 0.116177 top-5-accuracy: 0.377517 epoch_top-5-accuracy: 0.361607
2025-09-03 15:11:35,198 [INFO] Epoch summary loss: 3.617860 accuracy: 0.116177 top-5-accuracy: 0.361607
2025-09-03 15:11:35,654 [INFO] New metrics saved to logs/sports_cv_project_classification/alexnet-rotation/val/metrics.json
2025-09-03 15:11:35,654 [INFO] accuracy: 0.118000 top-5-accuracy: 0.380000 loss: 3.514613
2025-09-03 15:11:35,654 [INFO] Current lr: [0.0001]
2025-09-03 15:11:35,764 [INFO] Model saved. New best value 3.514613
2025-09-03 15:11:48,707 [INFO] New metrics saved to logs/sports_cv_project_classification/alexnet-rotation/train/metrics.json
2025-09-03 15:11:48,707 [INFO] loss: 3.539075 accuracy: 0.126250 top-5-accuracy: 0.386328
2025-09-03 15:11:49,409 [INFO] New metrics saved to logs/sports_cv_project_classification/alexnet-rotation/train/metrics.json
2025-09-03 15:11:49,409 [INFO] loss: 3.460860 epoch_loss: 3.536208 accuracy: 0.129167 epoch_accuracy: 0.126042 top-5-accuracy: 0.424523 epoch_top-5-accuracy: 0.387408
2025-09-03 15:11:49,409 [INFO] Epoch summary loss: 3.536208 accuracy: 0.126042 top-5-accuracy: 0.387408
2025-09-03 15:11:49,857 [INFO] New metrics saved to logs/sports_cv_project_classification/alexnet-rotation/val/metrics.json
2025-09-03 15:11:49,857 [INFO] accuracy: 0.134000 top-5-accuracy: 0.388000 loss: 3.442056
2025-09-03 15:11:49,857 [INFO] Current lr: [0.0001]
2025-09-03 15:11:49,967 [INFO] Model saved. New best value 3.442056
2025-09-03 15:12:02,980 [INFO] New metrics saved to logs/sports_cv_project_classification/alexnet-rotation/train/metrics.json
2025-09-03 15:12:02,980 [INFO] loss: 3.455772 accuracy: 0.142109 top-5-accuracy: 0.412969
2025-09-03 15:12:03,684 [INFO] New metrics saved to logs/sports_cv_project_classification/alexnet-rotation/train/metrics.json
2025-09-03 15:12:03,684 [INFO] loss: 3.527553 epoch_loss: 3.461070 accuracy: 0.155295 epoch_accuracy: 0.142210 top-5-accuracy: 0.401693 epoch_top-5-accuracy: 0.411532
2025-09-03 15:12:03,684 [INFO] Epoch summary loss: 3.461070 accuracy: 0.142210 top-5-accuracy: 0.411532
2025-09-03 15:12:04,137 [INFO] New metrics saved to logs/sports_cv_project_classification/alexnet-rotation/val/metrics.json
2025-09-03 15:12:04,137 [INFO] accuracy: 0.110000 top-5-accuracy: 0.374000 loss: 3.596370
2025-09-03 15:12:04,137 [INFO] Current lr: [0.0001]
2025-09-03 15:12:17,170 [INFO] New metrics saved to logs/sports_cv_project_classification/alexnet-rotation/train/metrics.json
2025-09-03 15:12:17,171 [INFO] loss: 3.379103 accuracy: 0.153359 top-5-accuracy: 0.437344
2025-09-03 15:12:17,887 [INFO] New metrics saved to logs/sports_cv_project_classification/alexnet-rotation/train/metrics.json
2025-09-03 15:12:17,887 [INFO] loss: 3.241494 epoch_loss: 3.373064 accuracy: 0.157552 epoch_accuracy: 0.154162 top-5-accuracy: 0.456597 epoch_top-5-accuracy: 0.438737
2025-09-03 15:12:17,887 [INFO] Epoch summary loss: 3.373064 accuracy: 0.154162 top-5-accuracy: 0.438737
2025-09-03 15:12:18,329 [INFO] New metrics saved to logs/sports_cv_project_classification/alexnet-rotation/val/metrics.json
2025-09-03 15:12:18,330 [INFO] accuracy: 0.186000 top-5-accuracy: 0.456000 loss: 3.283312
2025-09-03 15:12:18,330 [INFO] Current lr: [0.0001]
2025-09-03 15:12:18,435 [INFO] Model saved. New best value 3.283312
2025-09-03 15:12:31,396 [INFO] New metrics saved to logs/sports_cv_project_classification/alexnet-rotation/train/metrics.json
2025-09-03 15:12:31,397 [INFO] loss: 3.299761 accuracy: 0.165859 top-5-accuracy: 0.458750
2025-09-03 15:12:32,144 [INFO] New metrics saved to logs/sports_cv_project_classification/alexnet-rotation/train/metrics.json
2025-09-03 15:12:32,144 [INFO] loss: 3.301099 epoch_loss: 3.298004 accuracy: 0.152604 epoch_accuracy: 0.165620 top-5-accuracy: 0.436328 epoch_top-5-accuracy: 0.458977
2025-09-03 15:12:32,144 [INFO] Epoch summary loss: 3.298004 accuracy: 0.165620 top-5-accuracy: 0.458977
2025-09-03 15:12:32,614 [INFO] New metrics saved to logs/sports_cv_project_classification/alexnet-rotation/val/metrics.json
2025-09-03 15:12:32,614 [INFO] accuracy: 0.190000 top-5-accuracy: 0.470000 loss: 3.216935
2025-09-03 15:12:32,614 [INFO] Current lr: [0.0001]
2025-09-03 15:12:32,735 [INFO] Model saved. New best value 3.216935
2025-09-03 15:12:45,816 [INFO] New metrics saved to logs/sports_cv_project_classification/alexnet-rotation/train/metrics.json
2025-09-03 15:12:45,816 [INFO] loss: 3.215203 accuracy: 0.186953 top-5-accuracy: 0.486484
2025-09-03 15:12:46,554 [INFO] New metrics saved to logs/sports_cv_project_classification/alexnet-rotation/train/metrics.json
2025-09-03 15:12:46,555 [INFO] loss: 3.301844 epoch_loss: 3.220027 accuracy: 0.157031 epoch_accuracy: 0.185540 top-5-accuracy: 0.463802 epoch_top-5-accuracy: 0.484925
2025-09-03 15:12:46,555 [INFO] Epoch summary loss: 3.220027 accuracy: 0.185540 top-5-accuracy: 0.484925
2025-09-03 15:12:47,014 [INFO] New metrics saved to logs/sports_cv_project_classification/alexnet-rotation/val/metrics.json
2025-09-03 15:12:47,014 [INFO] accuracy: 0.192000 top-5-accuracy: 0.520000 loss: 3.103911
2025-09-03 15:12:47,014 [INFO] Current lr: [0.0001]
2025-09-03 15:12:47,124 [INFO] Model saved. New best value 3.103911
2025-09-03 15:13:00,052 [INFO] New metrics saved to logs/sports_cv_project_classification/alexnet-rotation/train/metrics.json
2025-09-03 15:13:00,053 [INFO] loss: 3.176375 accuracy: 0.189453 top-5-accuracy: 0.500547
2025-09-03 15:13:00,769 [INFO] New metrics saved to logs/sports_cv_project_classification/alexnet-rotation/train/metrics.json
2025-09-03 15:13:00,769 [INFO] loss: 3.300555 epoch_loss: 3.181667 accuracy: 0.158767 epoch_accuracy: 0.188332 top-5-accuracy: 0.485807 epoch_top-5-accuracy: 0.499980
2025-09-03 15:13:00,769 [INFO] Epoch summary loss: 3.181667 accuracy: 0.188332 top-5-accuracy: 0.499980
2025-09-03 15:13:01,234 [INFO] New metrics saved to logs/sports_cv_project_classification/alexnet-rotation/val/metrics.json
2025-09-03 15:13:01,234 [INFO] accuracy: 0.214000 top-5-accuracy: 0.532000 loss: 3.035691
2025-09-03 15:13:01,234 [INFO] Current lr: [0.0001]
2025-09-03 15:13:01,348 [INFO] Model saved. New best value 3.035691
2025-09-03 15:13:14,633 [INFO] New metrics saved to logs/sports_cv_project_classification/alexnet-rotation/train/metrics.json
2025-09-03 15:13:14,634 [INFO] loss: 3.132683 accuracy: 0.206563 top-5-accuracy: 0.506484
2025-09-03 15:13:15,350 [INFO] New metrics saved to logs/sports_cv_project_classification/alexnet-rotation/train/metrics.json
2025-09-03 15:13:15,350 [INFO] loss: 3.043346 epoch_loss: 3.128630 accuracy: 0.223568 epoch_accuracy: 0.207066 top-5-accuracy: 0.542795 epoch_top-5-accuracy: 0.507659
2025-09-03 15:13:15,350 [INFO] Epoch summary loss: 3.128630 accuracy: 0.207066 top-5-accuracy: 0.507659
2025-09-03 15:13:15,826 [INFO] New metrics saved to logs/sports_cv_project_classification/alexnet-rotation/val/metrics.json
2025-09-03 15:13:15,826 [INFO] accuracy: 0.230000 top-5-accuracy: 0.524000 loss: 3.008221
2025-09-03 15:13:15,826 [INFO] Current lr: [0.0001]
2025-09-03 15:13:15,937 [INFO] Model saved. New best value 3.008221
2025-09-03 15:13:28,948 [INFO] New metrics saved to logs/sports_cv_project_classification/alexnet-rotation/train/metrics.json
2025-09-03 15:13:28,948 [INFO] loss: 3.053425 accuracy: 0.219141 top-5-accuracy: 0.532422
2025-09-03 15:13:29,663 [INFO] New metrics saved to logs/sports_cv_project_classification/alexnet-rotation/train/metrics.json
2025-09-03 15:13:29,664 [INFO] loss: 2.988213 epoch_loss: 3.048401 accuracy: 0.236415 epoch_accuracy: 0.220301 top-5-accuracy: 0.556250 epoch_top-5-accuracy: 0.534404
2025-09-03 15:13:29,664 [INFO] Epoch summary loss: 3.048401 accuracy: 0.220301 top-5-accuracy: 0.534404
2025-09-03 15:13:30,101 [INFO] New metrics saved to logs/sports_cv_project_classification/alexnet-rotation/val/metrics.json
2025-09-03 15:13:30,102 [INFO] accuracy: 0.242000 top-5-accuracy: 0.560000 loss: 2.916175
2025-09-03 15:13:30,102 [INFO] Current lr: [0.0001]
2025-09-03 15:13:30,215 [INFO] Model saved. New best value 2.916175
2025-09-03 15:13:43,180 [INFO] New metrics saved to logs/sports_cv_project_classification/alexnet-rotation/train/metrics.json
2025-09-03 15:13:43,180 [INFO] loss: 2.982875 accuracy: 0.225859 top-5-accuracy: 0.555312
2025-09-03 15:13:43,889 [INFO] New metrics saved to logs/sports_cv_project_classification/alexnet-rotation/train/metrics.json
2025-09-03 15:13:43,889 [INFO] loss: 3.076526 epoch_loss: 2.985009 accuracy: 0.244444 epoch_accuracy: 0.226869 top-5-accuracy: 0.556250 epoch_top-5-accuracy: 0.555926
2025-09-03 15:13:43,889 [INFO] Epoch summary loss: 2.985009 accuracy: 0.226869 top-5-accuracy: 0.555926
2025-09-03 15:13:44,348 [INFO] New metrics saved to logs/sports_cv_project_classification/alexnet-rotation/val/metrics.json
2025-09-03 15:13:44,348 [INFO] accuracy: 0.252000 top-5-accuracy: 0.546000 loss: 2.952810
2025-09-03 15:13:44,348 [INFO] Current lr: [0.0001]
2025-09-03 15:13:57,297 [INFO] New metrics saved to logs/sports_cv_project_classification/alexnet-rotation/train/metrics.json
2025-09-03 15:13:57,297 [INFO] loss: 2.931191 accuracy: 0.238672 top-5-accuracy: 0.563516
2025-09-03 15:13:58,011 [INFO] New metrics saved to logs/sports_cv_project_classification/alexnet-rotation/train/metrics.json
2025-09-03 15:13:58,011 [INFO] loss: 2.892931 epoch_loss: 2.931165 accuracy: 0.246094 epoch_accuracy: 0.240198 top-5-accuracy: 0.571050 epoch_top-5-accuracy: 0.563117
2025-09-03 15:13:58,011 [INFO] Epoch summary loss: 2.931165 accuracy: 0.240198 top-5-accuracy: 0.563117
2025-09-03 15:13:58,469 [INFO] New metrics saved to logs/sports_cv_project_classification/alexnet-rotation/val/metrics.json
2025-09-03 15:13:58,469 [INFO] accuracy: 0.286000 top-5-accuracy: 0.582000 loss: 2.898987
2025-09-03 15:13:58,469 [INFO] Current lr: [0.0001]
2025-09-03 15:13:58,584 [INFO] Model saved. New best value 2.898987
2025-09-03 15:14:11,608 [INFO] New metrics saved to logs/sports_cv_project_classification/alexnet-rotation/train/metrics.json
2025-09-03 15:14:11,608 [INFO] loss: 2.907539 accuracy: 0.245703 top-5-accuracy: 0.568125
2025-09-03 15:14:12,334 [INFO] New metrics saved to logs/sports_cv_project_classification/alexnet-rotation/train/metrics.json
2025-09-03 15:14:12,335 [INFO] loss: 2.893613 epoch_loss: 2.907113 accuracy: 0.265104 epoch_accuracy: 0.247032 top-5-accuracy: 0.621050 epoch_top-5-accuracy: 0.570237
2025-09-03 15:14:12,335 [INFO] Epoch summary loss: 2.907113 accuracy: 0.247032 top-5-accuracy: 0.570237
2025-09-03 15:14:12,849 [INFO] New metrics saved to logs/sports_cv_project_classification/alexnet-rotation/val/metrics.json
2025-09-03 15:14:12,849 [INFO] accuracy: 0.262000 top-5-accuracy: 0.588000 loss: 2.806942
2025-09-03 15:14:12,849 [INFO] Current lr: [0.0001]
2025-09-03 15:14:12,968 [INFO] Model saved. New best value 2.806942
2025-09-03 15:14:26,054 [INFO] New metrics saved to logs/sports_cv_project_classification/alexnet-rotation/train/metrics.json
2025-09-03 15:14:26,054 [INFO] loss: 2.838908 accuracy: 0.265781 top-5-accuracy: 0.593594
2025-09-03 15:14:26,771 [INFO] New metrics saved to logs/sports_cv_project_classification/alexnet-rotation/train/metrics.json
2025-09-03 15:14:26,771 [INFO] loss: 2.763607 epoch_loss: 2.837353 accuracy: 0.287847 epoch_accuracy: 0.266169 top-5-accuracy: 0.585981 epoch_top-5-accuracy: 0.592425
2025-09-03 15:14:26,771 [INFO] Epoch summary loss: 2.837353 accuracy: 0.266169 top-5-accuracy: 0.592425
2025-09-03 15:14:27,219 [INFO] New metrics saved to logs/sports_cv_project_classification/alexnet-rotation/val/metrics.json
2025-09-03 15:14:27,219 [INFO] accuracy: 0.286000 top-5-accuracy: 0.592000 loss: 2.787839
2025-09-03 15:14:27,219 [INFO] Current lr: [0.0001]
2025-09-03 15:14:27,337 [INFO] Model saved. New best value 2.787839
2025-09-03 15:14:40,317 [INFO] New metrics saved to logs/sports_cv_project_classification/alexnet-rotation/train/metrics.json
2025-09-03 15:14:40,317 [INFO] loss: 2.785457 accuracy: 0.274609 top-5-accuracy: 0.602734
2025-09-03 15:14:41,038 [INFO] New metrics saved to logs/sports_cv_project_classification/alexnet-rotation/train/metrics.json
2025-09-03 15:14:41,038 [INFO] loss: 2.822477 epoch_loss: 2.789167 accuracy: 0.263889 epoch_accuracy: 0.273888 top-5-accuracy: 0.628125 epoch_top-5-accuracy: 0.603228
2025-09-03 15:14:41,039 [INFO] Epoch summary loss: 2.789167 accuracy: 0.273888 top-5-accuracy: 0.603228
2025-09-03 15:14:41,492 [INFO] New metrics saved to logs/sports_cv_project_classification/alexnet-rotation/val/metrics.json
2025-09-03 15:14:41,493 [INFO] accuracy: 0.296000 top-5-accuracy: 0.624000 loss: 2.701158
2025-09-03 15:14:41,493 [INFO] Current lr: [0.0001]
2025-09-03 15:14:41,609 [INFO] Model saved. New best value 2.701158
2025-09-03 15:14:54,695 [INFO] New metrics saved to logs/sports_cv_project_classification/alexnet-rotation/train/metrics.json
2025-09-03 15:14:54,695 [INFO] loss: 2.714429 accuracy: 0.291719 top-5-accuracy: 0.624375
2025-09-03 15:14:55,417 [INFO] New metrics saved to logs/sports_cv_project_classification/alexnet-rotation/train/metrics.json
2025-09-03 15:14:55,417 [INFO] loss: 2.741871 epoch_loss: 2.715610 accuracy: 0.274783 epoch_accuracy: 0.290882 top-5-accuracy: 0.651997 epoch_top-5-accuracy: 0.625134
2025-09-03 15:14:55,417 [INFO] Epoch summary loss: 2.715610 accuracy: 0.290882 top-5-accuracy: 0.625134
2025-09-03 15:14:55,890 [INFO] New metrics saved to logs/sports_cv_project_classification/alexnet-rotation/val/metrics.json
2025-09-03 15:14:55,890 [INFO] accuracy: 0.308000 top-5-accuracy: 0.644000 loss: 2.640494
2025-09-03 15:14:55,890 [INFO] Current lr: [0.0001]
2025-09-03 15:14:56,001 [INFO] Model saved. New best value 2.640494
2025-09-03 15:15:08,960 [INFO] New metrics saved to logs/sports_cv_project_classification/alexnet-rotation/train/metrics.json
2025-09-03 15:15:08,960 [INFO] loss: 2.690000 accuracy: 0.294766 top-5-accuracy: 0.627969
2025-09-03 15:15:09,673 [INFO] New metrics saved to logs/sports_cv_project_classification/alexnet-rotation/train/metrics.json
2025-09-03 15:15:09,673 [INFO] loss: 2.609125 epoch_loss: 2.685136 accuracy: 0.330122 epoch_accuracy: 0.296434 top-5-accuracy: 0.656944 epoch_top-5-accuracy: 0.629596
2025-09-03 15:15:09,673 [INFO] Epoch summary loss: 2.685136 accuracy: 0.296434 top-5-accuracy: 0.629596
2025-09-03 15:15:10,127 [INFO] New metrics saved to logs/sports_cv_project_classification/alexnet-rotation/val/metrics.json
2025-09-03 15:15:10,127 [INFO] accuracy: 0.332000 top-5-accuracy: 0.658000 loss: 2.582590
2025-09-03 15:15:10,127 [INFO] Current lr: [0.0001]
2025-09-03 15:15:10,235 [INFO] Model saved. New best value 2.582590
2025-09-03 15:15:23,285 [INFO] New metrics saved to logs/sports_cv_project_classification/alexnet-rotation/train/metrics.json
2025-09-03 15:15:23,285 [INFO] loss: 2.650336 accuracy: 0.302187 top-5-accuracy: 0.640703
2025-09-03 15:15:23,994 [INFO] New metrics saved to logs/sports_cv_project_classification/alexnet-rotation/train/metrics.json
2025-09-03 15:15:23,994 [INFO] loss: 2.676421 epoch_loss: 2.651177 accuracy: 0.311806 epoch_accuracy: 0.302524 top-5-accuracy: 0.635330 epoch_top-5-accuracy: 0.640720
2025-09-03 15:15:23,994 [INFO] Epoch summary loss: 2.651177 accuracy: 0.302524 top-5-accuracy: 0.640720
2025-09-03 15:15:24,452 [INFO] New metrics saved to logs/sports_cv_project_classification/alexnet-rotation/val/metrics.json
2025-09-03 15:15:24,452 [INFO] accuracy: 0.338000 top-5-accuracy: 0.672000 loss: 2.536466
2025-09-03 15:15:24,452 [INFO] Current lr: [0.0001]
2025-09-03 15:15:24,565 [INFO] Model saved. New best value 2.536466
2025-09-03 15:15:37,592 [INFO] New metrics saved to logs/sports_cv_project_classification/alexnet-rotation/train/metrics.json
2025-09-03 15:15:37,592 [INFO] loss: 2.589773 accuracy: 0.317656 top-5-accuracy: 0.648906
2025-09-03 15:15:38,315 [INFO] New metrics saved to logs/sports_cv_project_classification/alexnet-rotation/train/metrics.json
2025-09-03 15:15:38,315 [INFO] loss: 2.477214 epoch_loss: 2.584383 accuracy: 0.342752 epoch_accuracy: 0.319538 top-5-accuracy: 0.707118 epoch_top-5-accuracy: 0.651684
2025-09-03 15:15:38,315 [INFO] Epoch summary loss: 2.584383 accuracy: 0.319538 top-5-accuracy: 0.651684
2025-09-03 15:15:38,777 [INFO] New metrics saved to logs/sports_cv_project_classification/alexnet-rotation/val/metrics.json
2025-09-03 15:15:38,778 [INFO] accuracy: 0.314000 top-5-accuracy: 0.660000 loss: 2.570653
2025-09-03 15:15:38,778 [INFO] Current lr: [0.0001]
2025-09-03 15:15:51,841 [INFO] New metrics saved to logs/sports_cv_project_classification/alexnet-rotation/train/metrics.json
2025-09-03 15:15:51,841 [INFO] loss: 2.541597 accuracy: 0.326094 top-5-accuracy: 0.661484
2025-09-03 15:15:52,568 [INFO] New metrics saved to logs/sports_cv_project_classification/alexnet-rotation/train/metrics.json
2025-09-03 15:15:52,568 [INFO] loss: 2.536283 epoch_loss: 2.539907 accuracy: 0.309245 epoch_accuracy: 0.326086 top-5-accuracy: 0.663932 epoch_top-5-accuracy: 0.661773
2025-09-03 15:15:52,568 [INFO] Epoch summary loss: 2.539907 accuracy: 0.326086 top-5-accuracy: 0.661773
2025-09-03 15:15:53,028 [INFO] New metrics saved to logs/sports_cv_project_classification/alexnet-rotation/val/metrics.json
2025-09-03 15:15:53,028 [INFO] accuracy: 0.342000 top-5-accuracy: 0.660000 loss: 2.514437
2025-09-03 15:15:53,028 [INFO] Current lr: [0.0001]
2025-09-03 15:15:53,146 [INFO] Model saved. New best value 2.514437
2025-09-03 15:16:06,196 [INFO] New metrics saved to logs/sports_cv_project_classification/alexnet-rotation/train/metrics.json
2025-09-03 15:16:06,197 [INFO] loss: 2.476015 accuracy: 0.338125 top-5-accuracy: 0.677891
2025-09-03 15:16:06,925 [INFO] New metrics saved to logs/sports_cv_project_classification/alexnet-rotation/train/metrics.json
2025-09-03 15:16:06,925 [INFO] loss: 2.677119 epoch_loss: 2.483408 accuracy: 0.296181 epoch_accuracy: 0.336427 top-5-accuracy: 0.636155 epoch_top-5-accuracy: 0.676497
2025-09-03 15:16:06,925 [INFO] Epoch summary loss: 2.483408 accuracy: 0.336427 top-5-accuracy: 0.676497
2025-09-03 15:16:07,395 [INFO] New metrics saved to logs/sports_cv_project_classification/alexnet-rotation/val/metrics.json
2025-09-03 15:16:07,395 [INFO] accuracy: 0.358000 top-5-accuracy: 0.700000 loss: 2.404957
2025-09-03 15:16:07,395 [INFO] Current lr: [0.0001]
2025-09-03 15:16:07,505 [INFO] Model saved. New best value 2.404957
2025-09-03 15:16:20,532 [INFO] New metrics saved to logs/sports_cv_project_classification/alexnet-rotation/train/metrics.json
2025-09-03 15:16:20,532 [INFO] loss: 2.425903 accuracy: 0.348281 top-5-accuracy: 0.689531
2025-09-03 15:16:21,250 [INFO] New metrics saved to logs/sports_cv_project_classification/alexnet-rotation/train/metrics.json
2025-09-03 15:16:21,250 [INFO] loss: 2.576926 epoch_loss: 2.431200 accuracy: 0.322700 epoch_accuracy: 0.348189 top-5-accuracy: 0.659809 epoch_top-5-accuracy: 0.687782
2025-09-03 15:16:21,250 [INFO] Epoch summary loss: 2.431200 accuracy: 0.348189 top-5-accuracy: 0.687782
2025-09-03 15:16:21,711 [INFO] New metrics saved to logs/sports_cv_project_classification/alexnet-rotation/val/metrics.json
2025-09-03 15:16:21,711 [INFO] accuracy: 0.376000 top-5-accuracy: 0.682000 loss: 2.422371
2025-09-03 15:16:21,711 [INFO] Current lr: [0.0001]
2025-09-03 15:16:34,892 [INFO] New metrics saved to logs/sports_cv_project_classification/alexnet-rotation/train/metrics.json
2025-09-03 15:16:34,892 [INFO] loss: 2.408210 accuracy: 0.355391 top-5-accuracy: 0.698906
2025-09-03 15:16:35,605 [INFO] New metrics saved to logs/sports_cv_project_classification/alexnet-rotation/train/metrics.json
2025-09-03 15:16:35,605 [INFO] loss: 2.461700 epoch_loss: 2.410095 accuracy: 0.324045 epoch_accuracy: 0.353693 top-5-accuracy: 0.693750 epoch_top-5-accuracy: 0.698718
2025-09-03 15:16:35,605 [INFO] Epoch summary loss: 2.410095 accuracy: 0.353693 top-5-accuracy: 0.698718
2025-09-03 15:16:36,061 [INFO] New metrics saved to logs/sports_cv_project_classification/alexnet-rotation/val/metrics.json
2025-09-03 15:16:36,061 [INFO] accuracy: 0.352000 top-5-accuracy: 0.688000 loss: 2.401363
2025-09-03 15:16:36,061 [INFO] Current lr: [0.0001]
2025-09-03 15:16:36,173 [INFO] Model saved. New best value 2.401363
2025-09-03 15:16:49,118 [INFO] New metrics saved to logs/sports_cv_project_classification/alexnet-rotation/train/metrics.json
2025-09-03 15:16:49,118 [INFO] loss: 2.400324 accuracy: 0.356484 top-5-accuracy: 0.696406
2025-09-03 15:16:49,827 [INFO] New metrics saved to logs/sports_cv_project_classification/alexnet-rotation/train/metrics.json
2025-09-03 15:16:49,827 [INFO] loss: 2.310406 epoch_loss: 2.393939 accuracy: 0.383594 epoch_accuracy: 0.357857 top-5-accuracy: 0.720182 epoch_top-5-accuracy: 0.698020
2025-09-03 15:16:49,827 [INFO] Epoch summary loss: 2.393939 accuracy: 0.357857 top-5-accuracy: 0.698020
2025-09-03 15:16:50,272 [INFO] New metrics saved to logs/sports_cv_project_classification/alexnet-rotation/val/metrics.json
2025-09-03 15:16:50,273 [INFO] accuracy: 0.370000 top-5-accuracy: 0.718000 loss: 2.375173
2025-09-03 15:16:50,273 [INFO] Current lr: [0.0001]
2025-09-03 15:16:50,383 [INFO] Model saved. New best value 2.375173
2025-09-03 15:17:03,291 [INFO] New metrics saved to logs/sports_cv_project_classification/alexnet-rotation/train/metrics.json
2025-09-03 15:17:03,291 [INFO] loss: 2.342940 accuracy: 0.368672 top-5-accuracy: 0.710938
2025-09-03 15:17:04,020 [INFO] New metrics saved to logs/sports_cv_project_classification/alexnet-rotation/train/metrics.json
2025-09-03 15:17:04,020 [INFO] loss: 2.368484 epoch_loss: 2.346358 accuracy: 0.393576 epoch_accuracy: 0.369068 top-5-accuracy: 0.700955 epoch_top-5-accuracy: 0.709897
2025-09-03 15:17:04,020 [INFO] Epoch summary loss: 2.346358 accuracy: 0.369068 top-5-accuracy: 0.709897
2025-09-03 15:17:04,489 [INFO] New metrics saved to logs/sports_cv_project_classification/alexnet-rotation/val/metrics.json
2025-09-03 15:17:04,489 [INFO] accuracy: 0.386000 top-5-accuracy: 0.698000 loss: 2.342302
2025-09-03 15:17:04,489 [INFO] Current lr: [0.0001]
2025-09-03 15:17:04,601 [INFO] Model saved. New best value 2.342302
2025-09-03 15:17:17,533 [INFO] New metrics saved to logs/sports_cv_project_classification/alexnet-rotation/train/metrics.json
2025-09-03 15:17:17,533 [INFO] loss: 2.295000 accuracy: 0.376797 top-5-accuracy: 0.718437
2025-09-03 15:17:18,250 [INFO] New metrics saved to logs/sports_cv_project_classification/alexnet-rotation/train/metrics.json
2025-09-03 15:17:18,250 [INFO] loss: 2.342441 epoch_loss: 2.297330 accuracy: 0.342752 epoch_accuracy: 0.375626 top-5-accuracy: 0.725217 epoch_top-5-accuracy: 0.718404
2025-09-03 15:17:18,250 [INFO] Epoch summary loss: 2.297330 accuracy: 0.375626 top-5-accuracy: 0.718404
2025-09-03 15:17:18,704 [INFO] New metrics saved to logs/sports_cv_project_classification/alexnet-rotation/val/metrics.json
2025-09-03 15:17:18,705 [INFO] accuracy: 0.404000 top-5-accuracy: 0.700000 loss: 2.291461
2025-09-03 15:17:18,705 [INFO] Current lr: [0.0001]
2025-09-03 15:17:18,819 [INFO] Model saved. New best value 2.291461
2025-09-03 15:17:31,792 [INFO] New metrics saved to logs/sports_cv_project_classification/alexnet-rotation/train/metrics.json
2025-09-03 15:17:31,792 [INFO] loss: 2.274213 accuracy: 0.381563 top-5-accuracy: 0.722578
2025-09-03 15:17:32,534 [INFO] New metrics saved to logs/sports_cv_project_classification/alexnet-rotation/train/metrics.json
2025-09-03 15:17:32,534 [INFO] loss: 2.304008 epoch_loss: 2.275529 accuracy: 0.416710 epoch_accuracy: 0.382102 top-5-accuracy: 0.696311 epoch_top-5-accuracy: 0.721736
2025-09-03 15:17:32,534 [INFO] Epoch summary loss: 2.275529 accuracy: 0.382102 top-5-accuracy: 0.721736
2025-09-03 15:17:33,031 [INFO] New metrics saved to logs/sports_cv_project_classification/alexnet-rotation/val/metrics.json
2025-09-03 15:17:33,032 [INFO] accuracy: 0.404000 top-5-accuracy: 0.698000 loss: 2.274157
2025-09-03 15:17:33,032 [INFO] Current lr: [0.0001]
2025-09-03 15:17:33,141 [INFO] Model saved. New best value 2.274157
2025-09-03 15:17:46,004 [INFO] New metrics saved to logs/sports_cv_project_classification/alexnet-rotation/train/metrics.json
2025-09-03 15:17:46,004 [INFO] loss: 2.225049 accuracy: 0.398125 top-5-accuracy: 0.733828
2025-09-03 15:17:46,716 [INFO] New metrics saved to logs/sports_cv_project_classification/alexnet-rotation/train/metrics.json
2025-09-03 15:17:46,716 [INFO] loss: 2.256995 epoch_loss: 2.232136 accuracy: 0.403125 epoch_accuracy: 0.396698 top-5-accuracy: 0.744444 epoch_top-5-accuracy: 0.732912
2025-09-03 15:17:46,716 [INFO] Epoch summary loss: 2.232136 accuracy: 0.396698 top-5-accuracy: 0.732912
2025-09-03 15:17:47,171 [INFO] New metrics saved to logs/sports_cv_project_classification/alexnet-rotation/val/metrics.json
2025-09-03 15:17:47,172 [INFO] accuracy: 0.394000 top-5-accuracy: 0.714000 loss: 2.300573
2025-09-03 15:17:47,172 [INFO] Current lr: [0.0001]
2025-09-03 15:18:00,118 [INFO] New metrics saved to logs/sports_cv_project_classification/alexnet-rotation/train/metrics.json
2025-09-03 15:18:00,118 [INFO] loss: 2.187705 accuracy: 0.403047 top-5-accuracy: 0.743750
2025-09-03 15:18:00,832 [INFO] New metrics saved to logs/sports_cv_project_classification/alexnet-rotation/train/metrics.json
2025-09-03 15:18:00,833 [INFO] loss: 2.177169 epoch_loss: 2.189213 accuracy: 0.421745 epoch_accuracy: 0.402781 top-5-accuracy: 0.768316 epoch_top-5-accuracy: 0.744058
2025-09-03 15:18:00,833 [INFO] Epoch summary loss: 2.189213 accuracy: 0.402781 top-5-accuracy: 0.744058
2025-09-03 15:18:01,274 [INFO] New metrics saved to logs/sports_cv_project_classification/alexnet-rotation/val/metrics.json
2025-09-03 15:18:01,274 [INFO] accuracy: 0.414000 top-5-accuracy: 0.738000 loss: 2.198764
2025-09-03 15:18:01,274 [INFO] Current lr: [0.0001]
2025-09-03 15:18:01,388 [INFO] Model saved. New best value 2.198764
2025-09-03 15:18:14,663 [INFO] New metrics saved to logs/sports_cv_project_classification/alexnet-rotation/train/metrics.json
2025-09-03 15:18:14,663 [INFO] loss: 2.157127 accuracy: 0.410234 top-5-accuracy: 0.751328
2025-09-03 15:18:15,385 [INFO] New metrics saved to logs/sports_cv_project_classification/alexnet-rotation/train/metrics.json
2025-09-03 15:18:15,386 [INFO] loss: 2.111800 epoch_loss: 2.153860 accuracy: 0.395920 epoch_accuracy: 0.410356 top-5-accuracy: 0.770052 epoch_top-5-accuracy: 0.752673
2025-09-03 15:18:15,386 [INFO] Epoch summary loss: 2.153860 accuracy: 0.410356 top-5-accuracy: 0.752673
2025-09-03 15:18:15,848 [INFO] New metrics saved to logs/sports_cv_project_classification/alexnet-rotation/val/metrics.json
2025-09-03 15:18:15,848 [INFO] accuracy: 0.416000 top-5-accuracy: 0.728000 loss: 2.161180
2025-09-03 15:18:15,848 [INFO] Current lr: [0.0001]
2025-09-03 15:18:15,959 [INFO] Model saved. New best value 2.161180
2025-09-03 15:18:29,040 [INFO] New metrics saved to logs/sports_cv_project_classification/alexnet-rotation/train/metrics.json
2025-09-03 15:18:29,040 [INFO] loss: 2.121294 accuracy: 0.414062 top-5-accuracy: 0.756328
2025-09-03 15:18:29,759 [INFO] New metrics saved to logs/sports_cv_project_classification/alexnet-rotation/train/metrics.json
2025-09-03 15:18:29,759 [INFO] loss: 2.212857 epoch_loss: 2.126705 accuracy: 0.394488 epoch_accuracy: 0.413176 top-5-accuracy: 0.733550 epoch_top-5-accuracy: 0.755054
2025-09-03 15:18:29,759 [INFO] Epoch summary loss: 2.126705 accuracy: 0.413176 top-5-accuracy: 0.755054
2025-09-03 15:18:30,220 [INFO] New metrics saved to logs/sports_cv_project_classification/alexnet-rotation/val/metrics.json
2025-09-03 15:18:30,220 [INFO] accuracy: 0.406000 top-5-accuracy: 0.740000 loss: 2.185794
2025-09-03 15:18:30,220 [INFO] Current lr: [0.0001]
2025-09-03 15:18:43,156 [INFO] New metrics saved to logs/sports_cv_project_classification/alexnet-rotation/train/metrics.json
2025-09-03 15:18:43,156 [INFO] loss: 2.074624 accuracy: 0.427031 top-5-accuracy: 0.769609
2025-09-03 15:18:43,874 [INFO] New metrics saved to logs/sports_cv_project_classification/alexnet-rotation/train/metrics.json
2025-09-03 15:18:43,874 [INFO] loss: 2.302293 epoch_loss: 2.084514 accuracy: 0.388021 epoch_accuracy: 0.425830 top-5-accuracy: 0.727995 epoch_top-5-accuracy: 0.767522
2025-09-03 15:18:43,874 [INFO] Epoch summary loss: 2.084514 accuracy: 0.425830 top-5-accuracy: 0.767522
2025-09-03 15:18:44,332 [INFO] New metrics saved to logs/sports_cv_project_classification/alexnet-rotation/val/metrics.json
2025-09-03 15:18:44,332 [INFO] accuracy: 0.426000 top-5-accuracy: 0.748000 loss: 2.135973
2025-09-03 15:18:44,332 [INFO] Current lr: [0.0001]
2025-09-03 15:18:44,446 [INFO] Model saved. New best value 2.135973
2025-09-03 15:18:57,251 [INFO] New metrics saved to logs/sports_cv_project_classification/alexnet-rotation/train/metrics.json
2025-09-03 15:18:57,251 [INFO] loss: 2.060250 accuracy: 0.426953 top-5-accuracy: 0.769922
2025-09-03 15:18:57,962 [INFO] New metrics saved to logs/sports_cv_project_classification/alexnet-rotation/train/metrics.json
2025-09-03 15:18:57,962 [INFO] loss: 2.100449 epoch_loss: 2.064572 accuracy: 0.415451 epoch_accuracy: 0.425981 top-5-accuracy: 0.768099 epoch_top-5-accuracy: 0.769698
2025-09-03 15:18:57,962 [INFO] Epoch summary loss: 2.064572 accuracy: 0.425981 top-5-accuracy: 0.769698
2025-09-03 15:18:58,433 [INFO] New metrics saved to logs/sports_cv_project_classification/alexnet-rotation/val/metrics.json
2025-09-03 15:18:58,433 [INFO] accuracy: 0.432000 top-5-accuracy: 0.740000 loss: 2.120764
2025-09-03 15:18:58,433 [INFO] Current lr: [0.0001]
2025-09-03 15:18:58,549 [INFO] Model saved. New best value 2.120764
2025-09-03 15:19:11,502 [INFO] New metrics saved to logs/sports_cv_project_classification/alexnet-rotation/train/metrics.json
2025-09-03 15:19:11,502 [INFO] loss: 2.010539 accuracy: 0.446328 top-5-accuracy: 0.777188
2025-09-03 15:19:12,250 [INFO] New metrics saved to logs/sports_cv_project_classification/alexnet-rotation/train/metrics.json
2025-09-03 15:19:12,250 [INFO] loss: 2.040919 epoch_loss: 2.011190 accuracy: 0.412674 epoch_accuracy: 0.445113 top-5-accuracy: 0.789887 epoch_top-5-accuracy: 0.778038
2025-09-03 15:19:12,250 [INFO] Epoch summary loss: 2.011190 accuracy: 0.445113 top-5-accuracy: 0.778038
2025-09-03 15:19:12,778 [INFO] New metrics saved to logs/sports_cv_project_classification/alexnet-rotation/val/metrics.json
2025-09-03 15:19:12,778 [INFO] accuracy: 0.424000 top-5-accuracy: 0.752000 loss: 2.079510
2025-09-03 15:19:12,778 [INFO] Current lr: [0.0001]
2025-09-03 15:19:12,908 [INFO] Model saved. New best value 2.079510
2025-09-03 15:19:26,014 [INFO] New metrics saved to logs/sports_cv_project_classification/alexnet-rotation/train/metrics.json
2025-09-03 15:19:26,014 [INFO] loss: 1.967249 accuracy: 0.452031 top-5-accuracy: 0.791797
2025-09-03 15:19:26,744 [INFO] New metrics saved to logs/sports_cv_project_classification/alexnet-rotation/train/metrics.json
2025-09-03 15:19:26,744 [INFO] loss: 1.978738 epoch_loss: 1.964364 accuracy: 0.476649 epoch_accuracy: 0.453939 top-5-accuracy: 0.775304 epoch_top-5-accuracy: 0.791786
2025-09-03 15:19:26,744 [INFO] Epoch summary loss: 1.964364 accuracy: 0.453939 top-5-accuracy: 0.791786
2025-09-03 15:19:27,237 [INFO] New metrics saved to logs/sports_cv_project_classification/alexnet-rotation/val/metrics.json
2025-09-03 15:19:27,237 [INFO] accuracy: 0.430000 top-5-accuracy: 0.760000 loss: 2.106310
2025-09-03 15:19:27,237 [INFO] Current lr: [0.0001]
2025-09-03 15:19:40,228 [INFO] New metrics saved to logs/sports_cv_project_classification/alexnet-rotation/train/metrics.json
2025-09-03 15:19:40,228 [INFO] loss: 1.963033 accuracy: 0.453047 top-5-accuracy: 0.791641
2025-09-03 15:19:40,938 [INFO] New metrics saved to logs/sports_cv_project_classification/alexnet-rotation/train/metrics.json
2025-09-03 15:19:40,939 [INFO] loss: 1.945068 epoch_loss: 1.968411 accuracy: 0.487674 epoch_accuracy: 0.452439 top-5-accuracy: 0.783854 epoch_top-5-accuracy: 0.790561
2025-09-03 15:19:40,939 [INFO] Epoch summary loss: 1.968411 accuracy: 0.452439 top-5-accuracy: 0.790561
2025-09-03 15:19:41,386 [INFO] New metrics saved to logs/sports_cv_project_classification/alexnet-rotation/val/metrics.json
2025-09-03 15:19:41,386 [INFO] accuracy: 0.436000 top-5-accuracy: 0.716000 loss: 2.233412
2025-09-03 15:19:41,386 [INFO] Current lr: [0.0001]
2025-09-03 15:19:54,506 [INFO] New metrics saved to logs/sports_cv_project_classification/alexnet-rotation/train/metrics.json
2025-09-03 15:19:54,506 [INFO] loss: 1.933328 accuracy: 0.458516 top-5-accuracy: 0.795781
2025-09-03 15:19:55,218 [INFO] New metrics saved to logs/sports_cv_project_classification/alexnet-rotation/train/metrics.json
2025-09-03 15:19:55,218 [INFO] loss: 1.991186 epoch_loss: 1.935309 accuracy: 0.419575 epoch_accuracy: 0.457534 top-5-accuracy: 0.777561 epoch_top-5-accuracy: 0.795262
2025-09-03 15:19:55,218 [INFO] Epoch summary loss: 1.935309 accuracy: 0.457534 top-5-accuracy: 0.795262
2025-09-03 15:19:55,665 [INFO] New metrics saved to logs/sports_cv_project_classification/alexnet-rotation/val/metrics.json
2025-09-03 15:19:55,665 [INFO] accuracy: 0.460000 top-5-accuracy: 0.756000 loss: 2.060554
2025-09-03 15:19:55,665 [INFO] Current lr: [0.0001]
2025-09-03 15:19:55,777 [INFO] Model saved. New best value 2.060554
2025-09-03 15:20:08,769 [INFO] New metrics saved to logs/sports_cv_project_classification/alexnet-rotation/train/metrics.json
2025-09-03 15:20:08,769 [INFO] loss: 1.904377 accuracy: 0.466250 top-5-accuracy: 0.800391
2025-09-03 15:20:09,477 [INFO] New metrics saved to logs/sports_cv_project_classification/alexnet-rotation/train/metrics.json
2025-09-03 15:20:09,478 [INFO] loss: 1.963684 epoch_loss: 1.907501 accuracy: 0.471311 epoch_accuracy: 0.466857 top-5-accuracy: 0.779514 epoch_top-5-accuracy: 0.798947
2025-09-03 15:20:09,478 [INFO] Epoch summary loss: 1.907501 accuracy: 0.466857 top-5-accuracy: 0.798947
2025-09-03 15:20:09,938 [INFO] New metrics saved to logs/sports_cv_project_classification/alexnet-rotation/val/metrics.json
2025-09-03 15:20:09,938 [INFO] accuracy: 0.456000 top-5-accuracy: 0.744000 loss: 2.085580
2025-09-03 15:20:09,938 [INFO] Current lr: [0.0001]
2025-09-03 15:20:22,899 [INFO] New metrics saved to logs/sports_cv_project_classification/alexnet-rotation/train/metrics.json
2025-09-03 15:20:22,899 [INFO] loss: 1.854875 accuracy: 0.485625 top-5-accuracy: 0.812891
2025-09-03 15:20:23,614 [INFO] New metrics saved to logs/sports_cv_project_classification/alexnet-rotation/train/metrics.json
2025-09-03 15:20:23,614 [INFO] loss: 1.972140 epoch_loss: 1.857559 accuracy: 0.448264 epoch_accuracy: 0.484634 top-5-accuracy: 0.783420 epoch_top-5-accuracy: 0.811919
2025-09-03 15:20:23,614 [INFO] Epoch summary loss: 1.857559 accuracy: 0.484634 top-5-accuracy: 0.811919
2025-09-03 15:20:24,078 [INFO] New metrics saved to logs/sports_cv_project_classification/alexnet-rotation/val/metrics.json
2025-09-03 15:20:24,079 [INFO] accuracy: 0.448000 top-5-accuracy: 0.772000 loss: 2.051550
2025-09-03 15:20:24,079 [INFO] Current lr: [0.0001]
2025-09-03 15:20:24,195 [INFO] Model saved. New best value 2.051550
2025-09-03 15:20:37,167 [INFO] New metrics saved to logs/sports_cv_project_classification/alexnet-rotation/train/metrics.json
2025-09-03 15:20:37,167 [INFO] loss: 1.830046 accuracy: 0.482344 top-5-accuracy: 0.816719
2025-09-03 15:20:37,880 [INFO] New metrics saved to logs/sports_cv_project_classification/alexnet-rotation/train/metrics.json
2025-09-03 15:20:37,880 [INFO] loss: 1.847583 epoch_loss: 1.830350 accuracy: 0.472656 epoch_accuracy: 0.482532 top-5-accuracy: 0.803472 epoch_top-5-accuracy: 0.816139
2025-09-03 15:20:37,880 [INFO] Epoch summary loss: 1.830350 accuracy: 0.482532 top-5-accuracy: 0.816139
2025-09-03 15:20:38,321 [INFO] New metrics saved to logs/sports_cv_project_classification/alexnet-rotation/val/metrics.json
2025-09-03 15:20:38,321 [INFO] accuracy: 0.480000 top-5-accuracy: 0.750000 loss: 1.975869
2025-09-03 15:20:38,321 [INFO] Current lr: [0.0001]
2025-09-03 15:20:38,434 [INFO] Model saved. New best value 1.975869
2025-09-03 15:20:51,426 [INFO] New metrics saved to logs/sports_cv_project_classification/alexnet-rotation/train/metrics.json
2025-09-03 15:20:51,427 [INFO] loss: 1.797806 accuracy: 0.493906 top-5-accuracy: 0.821172
2025-09-03 15:20:52,170 [INFO] New metrics saved to logs/sports_cv_project_classification/alexnet-rotation/train/metrics.json
2025-09-03 15:20:52,171 [INFO] loss: 1.739600 epoch_loss: 1.796735 accuracy: 0.472656 epoch_accuracy: 0.492482 top-5-accuracy: 0.833203 epoch_top-5-accuracy: 0.821094
2025-09-03 15:20:52,171 [INFO] Epoch summary loss: 1.796735 accuracy: 0.492482 top-5-accuracy: 0.821094
2025-09-03 15:20:52,671 [INFO] New metrics saved to logs/sports_cv_project_classification/alexnet-rotation/val/metrics.json
2025-09-03 15:20:52,671 [INFO] accuracy: 0.444000 top-5-accuracy: 0.758000 loss: 2.065079
2025-09-03 15:20:52,671 [INFO] Current lr: [0.0001]
2025-09-03 15:21:05,651 [INFO] New metrics saved to logs/sports_cv_project_classification/alexnet-rotation/train/metrics.json
2025-09-03 15:21:05,651 [INFO] loss: 1.745911 accuracy: 0.497656 top-5-accuracy: 0.831797
2025-09-03 15:21:06,367 [INFO] New metrics saved to logs/sports_cv_project_classification/alexnet-rotation/train/metrics.json
2025-09-03 15:21:06,368 [INFO] loss: 1.843658 epoch_loss: 1.749113 accuracy: 0.501345 epoch_accuracy: 0.498134 top-5-accuracy: 0.807813 epoch_top-5-accuracy: 0.831338
2025-09-03 15:21:06,368 [INFO] Epoch summary loss: 1.749113 accuracy: 0.498134 top-5-accuracy: 0.831338
2025-09-03 15:21:06,850 [INFO] New metrics saved to logs/sports_cv_project_classification/alexnet-rotation/val/metrics.json
2025-09-03 15:21:06,850 [INFO] accuracy: 0.466000 top-5-accuracy: 0.754000 loss: 2.002432
2025-09-03 15:21:06,850 [INFO] Current lr: [0.0001]
2025-09-03 15:21:19,884 [INFO] New metrics saved to logs/sports_cv_project_classification/alexnet-rotation/train/metrics.json
2025-09-03 15:21:19,885 [INFO] loss: 1.735515 accuracy: 0.498281 top-5-accuracy: 0.834844
2025-09-03 15:21:20,596 [INFO] New metrics saved to logs/sports_cv_project_classification/alexnet-rotation/train/metrics.json
2025-09-03 15:21:20,596 [INFO] loss: 1.705947 epoch_loss: 1.733891 accuracy: 0.511111 epoch_accuracy: 0.499240 top-5-accuracy: 0.839887 epoch_top-5-accuracy: 0.835571
2025-09-03 15:21:20,596 [INFO] Epoch summary loss: 1.733891 accuracy: 0.499240 top-5-accuracy: 0.835571
2025-09-03 15:21:21,067 [INFO] New metrics saved to logs/sports_cv_project_classification/alexnet-rotation/val/metrics.json
2025-09-03 15:21:21,067 [INFO] accuracy: 0.480000 top-5-accuracy: 0.778000 loss: 1.955054
2025-09-03 15:21:21,067 [INFO] Current lr: [0.0001]
2025-09-03 15:21:21,179 [INFO] Model saved. New best value 1.955054
2025-09-03 15:21:34,306 [INFO] New metrics saved to logs/sports_cv_project_classification/alexnet-rotation/train/metrics.json
2025-09-03 15:21:34,307 [INFO] loss: 1.684610 accuracy: 0.512344 top-5-accuracy: 0.838047
2025-09-03 15:21:35,027 [INFO] New metrics saved to logs/sports_cv_project_classification/alexnet-rotation/train/metrics.json
2025-09-03 15:21:35,027 [INFO] loss: 1.647648 epoch_loss: 1.683637 accuracy: 0.518707 epoch_accuracy: 0.513162 top-5-accuracy: 0.855295 epoch_top-5-accuracy: 0.838805
2025-09-03 15:21:35,028 [INFO] Epoch summary loss: 1.683637 accuracy: 0.513162 top-5-accuracy: 0.838805
2025-09-03 15:21:35,484 [INFO] New metrics saved to logs/sports_cv_project_classification/alexnet-rotation/val/metrics.json
2025-09-03 15:21:35,485 [INFO] accuracy: 0.492000 top-5-accuracy: 0.774000 loss: 1.975836
2025-09-03 15:21:35,485 [INFO] Current lr: [0.0001]
2025-09-03 15:21:48,389 [INFO] New metrics saved to logs/sports_cv_project_classification/alexnet-rotation/train/metrics.json
2025-09-03 15:21:48,389 [INFO] loss: 1.663689 accuracy: 0.521328 top-5-accuracy: 0.845000
2025-09-03 15:21:49,103 [INFO] New metrics saved to logs/sports_cv_project_classification/alexnet-rotation/train/metrics.json
2025-09-03 15:21:49,103 [INFO] loss: 1.737544 epoch_loss: 1.668777 accuracy: 0.510200 epoch_accuracy: 0.520211 top-5-accuracy: 0.830122 epoch_top-5-accuracy: 0.844120
2025-09-03 15:21:49,104 [INFO] Epoch summary loss: 1.668777 accuracy: 0.520211 top-5-accuracy: 0.844120
2025-09-03 15:21:49,568 [INFO] New metrics saved to logs/sports_cv_project_classification/alexnet-rotation/val/metrics.json
2025-09-03 15:21:49,568 [INFO] accuracy: 0.482000 top-5-accuracy: 0.762000 loss: 1.981237
2025-09-03 15:21:49,568 [INFO] Current lr: [0.0001]
2025-09-03 15:22:02,473 [INFO] New metrics saved to logs/sports_cv_project_classification/alexnet-rotation/train/metrics.json
2025-09-03 15:22:02,473 [INFO] loss: 1.662242 accuracy: 0.522656 top-5-accuracy: 0.844531
2025-09-03 15:22:03,211 [INFO] New metrics saved to logs/sports_cv_project_classification/alexnet-rotation/train/metrics.json
2025-09-03 15:22:03,211 [INFO] loss: 1.795636 epoch_loss: 1.667740 accuracy: 0.485417 epoch_accuracy: 0.521266 top-5-accuracy: 0.803385 epoch_top-5-accuracy: 0.842816
2025-09-03 15:22:03,211 [INFO] Epoch summary loss: 1.667740 accuracy: 0.521266 top-5-accuracy: 0.842816
2025-09-03 15:22:03,672 [INFO] New metrics saved to logs/sports_cv_project_classification/alexnet-rotation/val/metrics.json
2025-09-03 15:22:03,672 [INFO] accuracy: 0.478000 top-5-accuracy: 0.756000 loss: 2.046828
2025-09-03 15:22:03,672 [INFO] Current lr: [0.0001]
2025-09-03 15:22:16,625 [INFO] New metrics saved to logs/sports_cv_project_classification/alexnet-rotation/train/metrics.json
2025-09-03 15:22:16,626 [INFO] loss: 1.619471 accuracy: 0.531953 top-5-accuracy: 0.851953
2025-09-03 15:22:17,350 [INFO] New metrics saved to logs/sports_cv_project_classification/alexnet-rotation/train/metrics.json
2025-09-03 15:22:17,350 [INFO] loss: 1.762244 epoch_loss: 1.625166 accuracy: 0.484071 epoch_accuracy: 0.529838 top-5-accuracy: 0.831033 epoch_top-5-accuracy: 0.850935
2025-09-03 15:22:17,351 [INFO] Epoch summary loss: 1.625166 accuracy: 0.529838 top-5-accuracy: 0.850935
2025-09-03 15:22:17,819 [INFO] New metrics saved to logs/sports_cv_project_classification/alexnet-rotation/val/metrics.json
2025-09-03 15:22:17,819 [INFO] accuracy: 0.498000 top-5-accuracy: 0.780000 loss: 1.981396
2025-09-03 15:22:17,819 [INFO] Current lr: [0.0001]
2025-09-03 15:22:30,829 [INFO] New metrics saved to logs/sports_cv_project_classification/alexnet-rotation/train/metrics.json
2025-09-03 15:22:30,829 [INFO] loss: 1.604322 accuracy: 0.536094 top-5-accuracy: 0.856641
2025-09-03 15:22:31,550 [INFO] New metrics saved to logs/sports_cv_project_classification/alexnet-rotation/train/metrics.json
2025-09-03 15:22:31,551 [INFO] loss: 1.576702 epoch_loss: 1.604452 accuracy: 0.557465 epoch_accuracy: 0.536440 top-5-accuracy: 0.843880 epoch_top-5-accuracy: 0.856284
2025-09-03 15:22:31,551 [INFO] Epoch summary loss: 1.604452 accuracy: 0.536440 top-5-accuracy: 0.856284
2025-09-03 15:22:32,067 [INFO] New metrics saved to logs/sports_cv_project_classification/alexnet-rotation/val/metrics.json
2025-09-03 15:22:32,067 [INFO] accuracy: 0.490000 top-5-accuracy: 0.760000 loss: 2.001836
2025-09-03 15:22:32,067 [INFO] Current lr: [0.0001]
2025-09-03 15:22:45,175 [INFO] New metrics saved to logs/sports_cv_project_classification/alexnet-rotation/train/metrics.json
2025-09-03 15:22:45,175 [INFO] loss: 1.551930 accuracy: 0.545469 top-5-accuracy: 0.866094
2025-09-03 15:22:45,899 [INFO] New metrics saved to logs/sports_cv_project_classification/alexnet-rotation/train/metrics.json
2025-09-03 15:22:45,900 [INFO] loss: 1.615445 epoch_loss: 1.554469 accuracy: 0.537326 epoch_accuracy: 0.545557 top-5-accuracy: 0.868056 epoch_top-5-accuracy: 0.866041
2025-09-03 15:22:45,900 [INFO] Epoch summary loss: 1.554469 accuracy: 0.545557 top-5-accuracy: 0.866041
2025-09-03 15:22:46,348 [INFO] New metrics saved to logs/sports_cv_project_classification/alexnet-rotation/val/metrics.json
2025-09-03 15:22:46,348 [INFO] accuracy: 0.476000 top-5-accuracy: 0.780000 loss: 2.040655
2025-09-03 15:22:46,348 [INFO] Current lr: [0.0001]
2025-09-03 15:22:59,378 [INFO] New metrics saved to logs/sports_cv_project_classification/alexnet-rotation/train/metrics.json
2025-09-03 15:22:59,379 [INFO] loss: 1.504970 accuracy: 0.564141 top-5-accuracy: 0.871875
2025-09-03 15:23:00,094 [INFO] New metrics saved to logs/sports_cv_project_classification/alexnet-rotation/train/metrics.json
2025-09-03 15:23:00,095 [INFO] loss: 1.553156 epoch_loss: 1.505651 accuracy: 0.546484 epoch_accuracy: 0.564033 top-5-accuracy: 0.885243 epoch_top-5-accuracy: 0.871922
2025-09-03 15:23:00,095 [INFO] Epoch summary loss: 1.505651 accuracy: 0.564033 top-5-accuracy: 0.871922
2025-09-03 15:23:00,544 [INFO] New metrics saved to logs/sports_cv_project_classification/alexnet-rotation/val/metrics.json
2025-09-03 15:23:00,544 [INFO] accuracy: 0.492000 top-5-accuracy: 0.776000 loss: 1.932235
2025-09-03 15:23:00,544 [INFO] Current lr: [0.0001]
2025-09-03 15:23:00,653 [INFO] Model saved. New best value 1.932235
2025-09-03 15:23:13,760 [INFO] New metrics saved to logs/sports_cv_project_classification/alexnet-rotation/train/metrics.json
2025-09-03 15:23:13,760 [INFO] loss: 1.504818 accuracy: 0.560391 top-5-accuracy: 0.873359
2025-09-03 15:23:14,478 [INFO] New metrics saved to logs/sports_cv_project_classification/alexnet-rotation/train/metrics.json
2025-09-03 15:23:14,478 [INFO] loss: 1.381314 epoch_loss: 1.502857 accuracy: 0.591927 epoch_accuracy: 0.561105 top-5-accuracy: 0.904557 epoch_top-5-accuracy: 0.873609
2025-09-03 15:23:14,478 [INFO] Epoch summary loss: 1.502857 accuracy: 0.561105 top-5-accuracy: 0.873609
2025-09-03 15:23:14,952 [INFO] New metrics saved to logs/sports_cv_project_classification/alexnet-rotation/val/metrics.json
2025-09-03 15:23:14,952 [INFO] accuracy: 0.492000 top-5-accuracy: 0.768000 loss: 1.991004
2025-09-03 15:23:14,952 [INFO] Current lr: [0.0001]
2025-09-03 15:23:27,969 [INFO] New metrics saved to logs/sports_cv_project_classification/alexnet-rotation/train/metrics.json
2025-09-03 15:23:27,970 [INFO] loss: 1.450319 accuracy: 0.573438 top-5-accuracy: 0.881172
2025-09-03 15:23:28,712 [INFO] New metrics saved to logs/sports_cv_project_classification/alexnet-rotation/train/metrics.json
2025-09-03 15:23:28,713 [INFO] loss: 1.501577 epoch_loss: 1.453437 accuracy: 0.579080 epoch_accuracy: 0.573518 top-5-accuracy: 0.870833 epoch_top-5-accuracy: 0.880886
2025-09-03 15:23:28,713 [INFO] Epoch summary loss: 1.453437 accuracy: 0.573518 top-5-accuracy: 0.880886
2025-09-03 15:23:29,176 [INFO] New metrics saved to logs/sports_cv_project_classification/alexnet-rotation/val/metrics.json
2025-09-03 15:23:29,176 [INFO] accuracy: 0.508000 top-5-accuracy: 0.784000 loss: 1.943973
2025-09-03 15:23:29,176 [INFO] Current lr: [0.0001]
2025-09-03 15:23:42,055 [INFO] New metrics saved to logs/sports_cv_project_classification/alexnet-rotation/train/metrics.json
2025-09-03 15:23:42,055 [INFO] loss: 1.433321 accuracy: 0.576641 top-5-accuracy: 0.882891
2025-09-03 15:23:42,794 [INFO] New metrics saved to logs/sports_cv_project_classification/alexnet-rotation/train/metrics.json
2025-09-03 15:23:42,794 [INFO] loss: 1.465985 epoch_loss: 1.434458 accuracy: 0.563759 epoch_accuracy: 0.575888 top-5-accuracy: 0.889149 epoch_top-5-accuracy: 0.883420
2025-09-03 15:23:42,795 [INFO] Epoch summary loss: 1.434458 accuracy: 0.575888 top-5-accuracy: 0.883420
2025-09-03 15:23:43,265 [INFO] New metrics saved to logs/sports_cv_project_classification/alexnet-rotation/val/metrics.json
2025-09-03 15:23:43,265 [INFO] accuracy: 0.512000 top-5-accuracy: 0.768000 loss: 1.965779
2025-09-03 15:23:43,265 [INFO] Current lr: [0.0001]
2025-09-03 15:23:56,114 [INFO] New metrics saved to logs/sports_cv_project_classification/alexnet-rotation/train/metrics.json
2025-09-03 15:23:56,115 [INFO] loss: 1.376175 accuracy: 0.592109 top-5-accuracy: 0.895469
2025-09-03 15:23:56,831 [INFO] New metrics saved to logs/sports_cv_project_classification/alexnet-rotation/train/metrics.json
2025-09-03 15:23:56,832 [INFO] loss: 1.473733 epoch_loss: 1.376943 accuracy: 0.576302 epoch_accuracy: 0.592870 top-5-accuracy: 0.877821 epoch_top-5-accuracy: 0.895080
2025-09-03 15:23:56,832 [INFO] Epoch summary loss: 1.376943 accuracy: 0.592870 top-5-accuracy: 0.895080
2025-09-03 15:23:57,290 [INFO] New metrics saved to logs/sports_cv_project_classification/alexnet-rotation/val/metrics.json
2025-09-03 15:23:57,290 [INFO] accuracy: 0.516000 top-5-accuracy: 0.778000 loss: 1.935553
2025-09-03 15:23:57,290 [INFO] Current lr: [0.0001]
2025-09-03 15:24:10,257 [INFO] New metrics saved to logs/sports_cv_project_classification/alexnet-rotation/train/metrics.json
2025-09-03 15:24:10,257 [INFO] loss: 1.341882 accuracy: 0.602891 top-5-accuracy: 0.899062
2025-09-03 15:24:10,986 [INFO] New metrics saved to logs/sports_cv_project_classification/alexnet-rotation/train/metrics.json
2025-09-03 15:24:10,986 [INFO] loss: 1.439988 epoch_loss: 1.345891 accuracy: 0.581120 epoch_accuracy: 0.601897 top-5-accuracy: 0.883681 epoch_top-5-accuracy: 0.898249
2025-09-03 15:24:10,986 [INFO] Epoch summary loss: 1.345891 accuracy: 0.601897 top-5-accuracy: 0.898249
2025-09-03 15:24:11,452 [INFO] New metrics saved to logs/sports_cv_project_classification/alexnet-rotation/val/metrics.json
2025-09-03 15:24:11,452 [INFO] accuracy: 0.488000 top-5-accuracy: 0.784000 loss: 1.973140
2025-09-03 15:24:11,452 [INFO] Current lr: [0.0001]
2025-09-03 15:24:24,572 [INFO] New metrics saved to logs/sports_cv_project_classification/alexnet-rotation/train/metrics.json
2025-09-03 15:24:24,572 [INFO] loss: 1.359380 accuracy: 0.593906 top-5-accuracy: 0.896250
2025-09-03 15:24:25,295 [INFO] New metrics saved to logs/sports_cv_project_classification/alexnet-rotation/train/metrics.json
2025-09-03 15:24:25,295 [INFO] loss: 1.365569 epoch_loss: 1.358214 accuracy: 0.610547 epoch_accuracy: 0.595195 top-5-accuracy: 0.895312 epoch_top-5-accuracy: 0.896403
2025-09-03 15:24:25,295 [INFO] Epoch summary loss: 1.358214 accuracy: 0.595195 top-5-accuracy: 0.896403
2025-09-03 15:24:25,750 [INFO] New metrics saved to logs/sports_cv_project_classification/alexnet-rotation/val/metrics.json
2025-09-03 15:24:25,750 [INFO] accuracy: 0.488000 top-5-accuracy: 0.762000 loss: 1.980223
2025-09-03 15:24:25,750 [INFO] Current lr: [0.0001]
2025-09-03 15:24:38,682 [INFO] New metrics saved to logs/sports_cv_project_classification/alexnet-rotation/train/metrics.json
2025-09-03 15:24:38,682 [INFO] loss: 1.323454 accuracy: 0.602031 top-5-accuracy: 0.904453
2025-09-03 15:24:39,396 [INFO] New metrics saved to logs/sports_cv_project_classification/alexnet-rotation/train/metrics.json
2025-09-03 15:24:39,396 [INFO] loss: 1.241707 epoch_loss: 1.320941 accuracy: 0.606554 epoch_accuracy: 0.601825 top-5-accuracy: 0.911762 epoch_top-5-accuracy: 0.904837
2025-09-03 15:24:39,397 [INFO] Epoch summary loss: 1.320941 accuracy: 0.601825 top-5-accuracy: 0.904837
2025-09-03 15:24:39,849 [INFO] New metrics saved to logs/sports_cv_project_classification/alexnet-rotation/val/metrics.json
2025-09-03 15:24:39,849 [INFO] accuracy: 0.508000 top-5-accuracy: 0.794000 loss: 1.938536
2025-09-03 15:24:39,849 [INFO] Current lr: [0.0001]
2025-09-03 15:24:52,760 [INFO] New metrics saved to logs/sports_cv_project_classification/alexnet-rotation/train/metrics.json
2025-09-03 15:24:52,760 [INFO] loss: 1.299116 accuracy: 0.607422 top-5-accuracy: 0.903516
2025-09-03 15:24:53,477 [INFO] New metrics saved to logs/sports_cv_project_classification/alexnet-rotation/train/metrics.json
2025-09-03 15:24:53,477 [INFO] loss: 1.223503 epoch_loss: 1.293488 accuracy: 0.639974 epoch_accuracy: 0.609350 top-5-accuracy: 0.924523 epoch_top-5-accuracy: 0.904950
2025-09-03 15:24:53,477 [INFO] Epoch summary loss: 1.293488 accuracy: 0.609350 top-5-accuracy: 0.904950
2025-09-03 15:24:53,927 [INFO] New metrics saved to logs/sports_cv_project_classification/alexnet-rotation/val/metrics.json
2025-09-03 15:24:53,927 [INFO] accuracy: 0.510000 top-5-accuracy: 0.778000 loss: 1.959530
2025-09-03 15:24:53,927 [INFO] Current lr: [0.0001]
2025-09-03 15:25:06,815 [INFO] New metrics saved to logs/sports_cv_project_classification/alexnet-rotation/train/metrics.json
2025-09-03 15:25:06,815 [INFO] loss: 1.261247 accuracy: 0.623203 top-5-accuracy: 0.911406
2025-09-03 15:25:07,531 [INFO] New metrics saved to logs/sports_cv_project_classification/alexnet-rotation/train/metrics.json
2025-09-03 15:25:07,531 [INFO] loss: 1.431553 epoch_loss: 1.270061 accuracy: 0.570747 epoch_accuracy: 0.621258 top-5-accuracy: 0.879470 epoch_top-5-accuracy: 0.909441
2025-09-03 15:25:07,531 [INFO] Epoch summary loss: 1.270061 accuracy: 0.621258 top-5-accuracy: 0.909441
2025-09-03 15:25:07,995 [INFO] New metrics saved to logs/sports_cv_project_classification/alexnet-rotation/val/metrics.json
2025-09-03 15:25:07,995 [INFO] accuracy: 0.508000 top-5-accuracy: 0.772000 loss: 1.951177
2025-09-03 15:25:07,995 [INFO] Current lr: [0.0001]
2025-09-03 15:25:21,020 [INFO] New metrics saved to logs/sports_cv_project_classification/alexnet-rotation/train/metrics.json
2025-09-03 15:25:21,020 [INFO] loss: 1.230293 accuracy: 0.632109 top-5-accuracy: 0.917344
2025-09-03 15:25:21,769 [INFO] New metrics saved to logs/sports_cv_project_classification/alexnet-rotation/train/metrics.json
2025-09-03 15:25:21,769 [INFO] loss: 1.194964 epoch_loss: 1.228004 accuracy: 0.631424 epoch_accuracy: 0.632170 top-5-accuracy: 0.942101 epoch_top-5-accuracy: 0.918142
2025-09-03 15:25:21,769 [INFO] Epoch summary loss: 1.228004 accuracy: 0.632170 top-5-accuracy: 0.918142
2025-09-03 15:25:22,288 [INFO] New metrics saved to logs/sports_cv_project_classification/alexnet-rotation/val/metrics.json
2025-09-03 15:25:22,289 [INFO] accuracy: 0.516000 top-5-accuracy: 0.790000 loss: 1.925750
2025-09-03 15:25:22,289 [INFO] Current lr: [0.0001]
2025-09-03 15:25:22,404 [INFO] Model saved. New best value 1.925750
2025-09-03 15:25:35,575 [INFO] New metrics saved to logs/sports_cv_project_classification/alexnet-rotation/train/metrics.json
2025-09-03 15:25:35,575 [INFO] loss: 1.230303 accuracy: 0.626797 top-5-accuracy: 0.918359
2025-09-03 15:25:36,305 [INFO] New metrics saved to logs/sports_cv_project_classification/alexnet-rotation/train/metrics.json
2025-09-03 15:25:36,306 [INFO] loss: 1.351225 epoch_loss: 1.234058 accuracy: 0.589149 epoch_accuracy: 0.625932 top-5-accuracy: 0.898698 epoch_top-5-accuracy: 0.917536
2025-09-03 15:25:36,306 [INFO] Epoch summary loss: 1.234058 accuracy: 0.625932 top-5-accuracy: 0.917536
2025-09-03 15:25:36,770 [INFO] New metrics saved to logs/sports_cv_project_classification/alexnet-rotation/val/metrics.json
2025-09-03 15:25:36,770 [INFO] accuracy: 0.516000 top-5-accuracy: 0.790000 loss: 1.941798
2025-09-03 15:25:36,770 [INFO] Current lr: [0.0001]
2025-09-03 15:25:49,767 [INFO] New metrics saved to logs/sports_cv_project_classification/alexnet-rotation/train/metrics.json
2025-09-03 15:25:49,767 [INFO] loss: 1.174371 accuracy: 0.641641 top-5-accuracy: 0.925937
2025-09-03 15:25:50,486 [INFO] New metrics saved to logs/sports_cv_project_classification/alexnet-rotation/train/metrics.json
2025-09-03 15:25:50,486 [INFO] loss: 1.239779 epoch_loss: 1.178811 accuracy: 0.615582 epoch_accuracy: 0.640564 top-5-accuracy: 0.922569 epoch_top-5-accuracy: 0.925218
2025-09-03 15:25:50,486 [INFO] Epoch summary loss: 1.178811 accuracy: 0.640564 top-5-accuracy: 0.925218
2025-09-03 15:25:50,953 [INFO] New metrics saved to logs/sports_cv_project_classification/alexnet-rotation/val/metrics.json
2025-09-03 15:25:50,953 [INFO] accuracy: 0.506000 top-5-accuracy: 0.796000 loss: 1.978658
2025-09-03 15:25:50,953 [INFO] Current lr: [0.0001]
2025-09-03 15:26:03,915 [INFO] New metrics saved to logs/sports_cv_project_classification/alexnet-rotation/train/metrics.json
2025-09-03 15:26:03,915 [INFO] loss: 1.134587 accuracy: 0.649531 top-5-accuracy: 0.930937
2025-09-03 15:26:04,655 [INFO] New metrics saved to logs/sports_cv_project_classification/alexnet-rotation/train/metrics.json
2025-09-03 15:26:04,656 [INFO] loss: 1.244272 epoch_loss: 1.141184 accuracy: 0.638108 epoch_accuracy: 0.647605 top-5-accuracy: 0.911762 epoch_top-5-accuracy: 0.930264
2025-09-03 15:26:04,656 [INFO] Epoch summary loss: 1.141184 accuracy: 0.647605 top-5-accuracy: 0.930264
2025-09-03 15:26:05,138 [INFO] New metrics saved to logs/sports_cv_project_classification/alexnet-rotation/val/metrics.json
2025-09-03 15:26:05,138 [INFO] accuracy: 0.502000 top-5-accuracy: 0.780000 loss: 1.989994
2025-09-03 15:26:05,138 [INFO] Current lr: [0.0001]
2025-09-03 15:26:18,012 [INFO] New metrics saved to logs/sports_cv_project_classification/alexnet-rotation/train/metrics.json
2025-09-03 15:26:18,012 [INFO] loss: 1.117070 accuracy: 0.662656 top-5-accuracy: 0.928281
2025-09-03 15:26:18,731 [INFO] New metrics saved to logs/sports_cv_project_classification/alexnet-rotation/train/metrics.json
2025-09-03 15:26:18,732 [INFO] loss: 1.192467 epoch_loss: 1.122632 accuracy: 0.642752 epoch_accuracy: 0.661047 top-5-accuracy: 0.927908 epoch_top-5-accuracy: 0.928589
2025-09-03 15:26:18,732 [INFO] Epoch summary loss: 1.122632 accuracy: 0.661047 top-5-accuracy: 0.928589
2025-09-03 15:26:19,178 [INFO] New metrics saved to logs/sports_cv_project_classification/alexnet-rotation/val/metrics.json
2025-09-03 15:26:19,178 [INFO] accuracy: 0.508000 top-5-accuracy: 0.770000 loss: 2.007147
2025-09-03 15:26:19,178 [INFO] Current lr: [0.0001]
2025-09-03 15:26:32,132 [INFO] New metrics saved to logs/sports_cv_project_classification/alexnet-rotation/train/metrics.json
2025-09-03 15:26:32,133 [INFO] loss: 1.102439 accuracy: 0.662969 top-5-accuracy: 0.932109
2025-09-03 15:26:32,856 [INFO] New metrics saved to logs/sports_cv_project_classification/alexnet-rotation/train/metrics.json
2025-09-03 15:26:32,857 [INFO] loss: 1.126738 epoch_loss: 1.104633 accuracy: 0.664540 epoch_accuracy: 0.662385 top-5-accuracy: 0.953212 epoch_top-5-accuracy: 0.932565
2025-09-03 15:26:32,857 [INFO] Epoch summary loss: 1.104633 accuracy: 0.662385 top-5-accuracy: 0.932565
2025-09-03 15:26:33,319 [INFO] New metrics saved to logs/sports_cv_project_classification/alexnet-rotation/val/metrics.json
2025-09-03 15:26:33,319 [INFO] accuracy: 0.510000 top-5-accuracy: 0.784000 loss: 1.979457
2025-09-03 15:26:33,319 [INFO] Current lr: [0.0001]
2025-09-03 15:26:46,325 [INFO] New metrics saved to logs/sports_cv_project_classification/alexnet-rotation/train/metrics.json
2025-09-03 15:26:46,325 [INFO] loss: 1.091525 accuracy: 0.663984 top-5-accuracy: 0.936172
2025-09-03 15:26:47,041 [INFO] New metrics saved to logs/sports_cv_project_classification/alexnet-rotation/train/metrics.json
2025-09-03 15:26:47,041 [INFO] loss: 1.102085 epoch_loss: 1.090955 accuracy: 0.671137 epoch_accuracy: 0.664624 top-5-accuracy: 0.929557 epoch_top-5-accuracy: 0.936095
2025-09-03 15:26:47,041 [INFO] Epoch summary loss: 1.090955 accuracy: 0.664624 top-5-accuracy: 0.936095
2025-09-03 15:26:47,503 [INFO] New metrics saved to logs/sports_cv_project_classification/alexnet-rotation/val/metrics.json
2025-09-03 15:26:47,504 [INFO] accuracy: 0.512000 top-5-accuracy: 0.768000 loss: 1.947555
2025-09-03 15:26:47,504 [INFO] Current lr: [0.0001]
2025-09-03 15:27:00,411 [INFO] New metrics saved to logs/sports_cv_project_classification/alexnet-rotation/train/metrics.json
2025-09-03 15:27:00,411 [INFO] loss: 1.036027 accuracy: 0.677578 top-5-accuracy: 0.943281
2025-09-03 15:27:01,126 [INFO] New metrics saved to logs/sports_cv_project_classification/alexnet-rotation/train/metrics.json
2025-09-03 15:27:01,126 [INFO] loss: 1.136909 epoch_loss: 1.042189 accuracy: 0.658160 epoch_accuracy: 0.675780 top-5-accuracy: 0.913194 epoch_top-5-accuracy: 0.941595
2025-09-03 15:27:01,126 [INFO] Epoch summary loss: 1.042189 accuracy: 0.675780 top-5-accuracy: 0.941595
2025-09-03 15:27:01,581 [INFO] New metrics saved to logs/sports_cv_project_classification/alexnet-rotation/val/metrics.json
2025-09-03 15:27:01,581 [INFO] accuracy: 0.506000 top-5-accuracy: 0.784000 loss: 2.044208
2025-09-03 15:27:01,581 [INFO] Current lr: [0.0001]
2025-09-03 15:27:14,797 [INFO] New metrics saved to logs/sports_cv_project_classification/alexnet-rotation/train/metrics.json
2025-09-03 15:27:14,798 [INFO] loss: 1.046324 accuracy: 0.675781 top-5-accuracy: 0.938984
2025-09-03 15:27:15,513 [INFO] New metrics saved to logs/sports_cv_project_classification/alexnet-rotation/train/metrics.json
2025-09-03 15:27:15,514 [INFO] loss: 0.963748 epoch_loss: 1.042450 accuracy: 0.694878 epoch_accuracy: 0.676723 top-5-accuracy: 0.967405 epoch_top-5-accuracy: 0.940176
2025-09-03 15:27:15,514 [INFO] Epoch summary loss: 1.042450 accuracy: 0.676723 top-5-accuracy: 0.940176
2025-09-03 15:27:15,965 [INFO] New metrics saved to logs/sports_cv_project_classification/alexnet-rotation/val/metrics.json
2025-09-03 15:27:15,965 [INFO] accuracy: 0.536000 top-5-accuracy: 0.780000 loss: 1.946478
2025-09-03 15:27:15,965 [INFO] Current lr: [0.0001]
2025-09-03 15:27:28,939 [INFO] New metrics saved to logs/sports_cv_project_classification/alexnet-rotation/train/metrics.json
2025-09-03 15:27:28,939 [INFO] loss: 0.992930 accuracy: 0.696562 top-5-accuracy: 0.945937
2025-09-03 15:27:29,659 [INFO] New metrics saved to logs/sports_cv_project_classification/alexnet-rotation/train/metrics.json
2025-09-03 15:27:29,660 [INFO] loss: 1.033502 epoch_loss: 0.996368 accuracy: 0.676693 epoch_accuracy: 0.695273 top-5-accuracy: 0.964323 epoch_top-5-accuracy: 0.946472
2025-09-03 15:27:29,660 [INFO] Epoch summary loss: 0.996368 accuracy: 0.695273 top-5-accuracy: 0.946472
2025-09-03 15:27:30,111 [INFO] New metrics saved to logs/sports_cv_project_classification/alexnet-rotation/val/metrics.json
2025-09-03 15:27:30,112 [INFO] accuracy: 0.534000 top-5-accuracy: 0.780000 loss: 1.937909
2025-09-03 15:27:30,112 [INFO] Current lr: [0.0001]
2025-09-03 15:27:43,092 [INFO] New metrics saved to logs/sports_cv_project_classification/alexnet-rotation/train/metrics.json
2025-09-03 15:27:43,093 [INFO] loss: 0.986612 accuracy: 0.691562 top-5-accuracy: 0.948438
2025-09-03 15:27:43,814 [INFO] New metrics saved to logs/sports_cv_project_classification/alexnet-rotation/train/metrics.json
2025-09-03 15:27:43,814 [INFO] loss: 1.061970 epoch_loss: 0.985997 accuracy: 0.680165 epoch_accuracy: 0.692456 top-5-accuracy: 0.931814 epoch_top-5-accuracy: 0.948193
2025-09-03 15:27:43,814 [INFO] Epoch summary loss: 0.985997 accuracy: 0.692456 top-5-accuracy: 0.948193
2025-09-03 15:27:44,262 [INFO] New metrics saved to logs/sports_cv_project_classification/alexnet-rotation/val/metrics.json
2025-09-03 15:27:44,262 [INFO] accuracy: 0.516000 top-5-accuracy: 0.778000 loss: 2.025178
2025-09-03 15:27:44,262 [INFO] Current lr: [0.0001]
2025-09-03 15:27:57,204 [INFO] New metrics saved to logs/sports_cv_project_classification/alexnet-rotation/train/metrics.json
2025-09-03 15:27:57,204 [INFO] loss: 0.964014 accuracy: 0.699141 top-5-accuracy: 0.952344
2025-09-03 15:27:57,937 [INFO] New metrics saved to logs/sports_cv_project_classification/alexnet-rotation/train/metrics.json
2025-09-03 15:27:57,937 [INFO] loss: 1.065411 epoch_loss: 0.968362 accuracy: 0.686024 epoch_accuracy: 0.698868 top-5-accuracy: 0.939323 epoch_top-5-accuracy: 0.951720
2025-09-03 15:27:57,937 [INFO] Epoch summary loss: 0.968362 accuracy: 0.698868 top-5-accuracy: 0.951720
2025-09-03 15:27:58,392 [INFO] New metrics saved to logs/sports_cv_project_classification/alexnet-rotation/val/metrics.json
2025-09-03 15:27:58,392 [INFO] accuracy: 0.514000 top-5-accuracy: 0.790000 loss: 2.014887
2025-09-03 15:27:58,392 [INFO] Current lr: [1e-05]
2025-09-03 15:28:11,349 [INFO] New metrics saved to logs/sports_cv_project_classification/alexnet-rotation/train/metrics.json
2025-09-03 15:28:11,349 [INFO] loss: 0.822307 accuracy: 0.743047 top-5-accuracy: 0.965078
2025-09-03 15:28:12,081 [INFO] New metrics saved to logs/sports_cv_project_classification/alexnet-rotation/train/metrics.json
2025-09-03 15:28:12,082 [INFO] loss: 0.806209 epoch_loss: 0.822134 accuracy: 0.743316 epoch_accuracy: 0.742451 top-5-accuracy: 0.967708 epoch_top-5-accuracy: 0.965099
2025-09-03 15:28:12,082 [INFO] Epoch summary loss: 0.822134 accuracy: 0.742451 top-5-accuracy: 0.965099
2025-09-03 15:28:12,593 [INFO] New metrics saved to logs/sports_cv_project_classification/alexnet-rotation/val/metrics.json
2025-09-03 15:28:12,593 [INFO] accuracy: 0.544000 top-5-accuracy: 0.782000 loss: 1.951953
2025-09-03 15:28:12,593 [INFO] Current lr: [1e-05]
2025-09-03 15:28:25,753 [INFO] New metrics saved to logs/sports_cv_project_classification/alexnet-rotation/train/metrics.json
2025-09-03 15:28:25,753 [INFO] loss: 0.762684 accuracy: 0.761875 top-5-accuracy: 0.968906
2025-09-03 15:28:26,484 [INFO] New metrics saved to logs/sports_cv_project_classification/alexnet-rotation/train/metrics.json
2025-09-03 15:28:26,484 [INFO] loss: 0.749668 epoch_loss: 0.761003 accuracy: 0.752474 epoch_accuracy: 0.762328 top-5-accuracy: 0.975738 epoch_top-5-accuracy: 0.969456
2025-09-03 15:28:26,484 [INFO] Epoch summary loss: 0.761003 accuracy: 0.762328 top-5-accuracy: 0.969456
2025-09-03 15:28:26,954 [INFO] New metrics saved to logs/sports_cv_project_classification/alexnet-rotation/val/metrics.json
2025-09-03 15:28:26,954 [INFO] accuracy: 0.536000 top-5-accuracy: 0.792000 loss: 1.977808
2025-09-03 15:28:26,954 [INFO] Current lr: [1e-05]
2025-09-03 15:28:39,950 [INFO] New metrics saved to logs/sports_cv_project_classification/alexnet-rotation/train/metrics.json
2025-09-03 15:28:39,950 [INFO] loss: 0.739620 accuracy: 0.768437 top-5-accuracy: 0.968437
2025-09-03 15:28:40,664 [INFO] New metrics saved to logs/sports_cv_project_classification/alexnet-rotation/train/metrics.json
2025-09-03 15:28:40,664 [INFO] loss: 0.761322 epoch_loss: 0.741686 accuracy: 0.777561 epoch_accuracy: 0.768065 top-5-accuracy: 0.966580 epoch_top-5-accuracy: 0.968373
2025-09-03 15:28:40,664 [INFO] Epoch summary loss: 0.741686 accuracy: 0.768065 top-5-accuracy: 0.968373
2025-09-03 15:28:41,127 [INFO] New metrics saved to logs/sports_cv_project_classification/alexnet-rotation/val/metrics.json
2025-09-03 15:28:41,127 [INFO] accuracy: 0.538000 top-5-accuracy: 0.784000 loss: 1.994333
2025-09-03 15:28:41,127 [INFO] Current lr: [1e-05]
2025-09-03 15:28:54,149 [INFO] New metrics saved to logs/sports_cv_project_classification/alexnet-rotation/train/metrics.json
2025-09-03 15:28:54,149 [INFO] loss: 0.729891 accuracy: 0.771563 top-5-accuracy: 0.969531
2025-09-03 15:28:54,866 [INFO] New metrics saved to logs/sports_cv_project_classification/alexnet-rotation/train/metrics.json
2025-09-03 15:28:54,867 [INFO] loss: 0.800396 epoch_loss: 0.733645 accuracy: 0.723047 epoch_accuracy: 0.769767 top-5-accuracy: 0.963498 epoch_top-5-accuracy: 0.969141
2025-09-03 15:28:54,867 [INFO] Epoch summary loss: 0.733645 accuracy: 0.769767 top-5-accuracy: 0.969141
2025-09-03 15:28:55,325 [INFO] New metrics saved to logs/sports_cv_project_classification/alexnet-rotation/val/metrics.json
2025-09-03 15:28:55,326 [INFO] accuracy: 0.544000 top-5-accuracy: 0.794000 loss: 2.004228
2025-09-03 15:28:55,326 [INFO] Current lr: [1e-05]
2025-09-03 15:29:08,337 [INFO] New metrics saved to logs/sports_cv_project_classification/alexnet-rotation/train/metrics.json
2025-09-03 15:29:08,337 [INFO] loss: 0.717871 accuracy: 0.780156 top-5-accuracy: 0.970156
2025-09-03 15:29:09,057 [INFO] New metrics saved to logs/sports_cv_project_classification/alexnet-rotation/train/metrics.json
2025-09-03 15:29:09,058 [INFO] loss: 0.784292 epoch_loss: 0.720094 accuracy: 0.738976 epoch_accuracy: 0.778254 top-5-accuracy: 0.960503 epoch_top-5-accuracy: 0.969987
2025-09-03 15:29:09,058 [INFO] Epoch summary loss: 0.720094 accuracy: 0.778254 top-5-accuracy: 0.969987
2025-09-03 15:29:09,509 [INFO] New metrics saved to logs/sports_cv_project_classification/alexnet-rotation/val/metrics.json
2025-09-03 15:29:09,509 [INFO] accuracy: 0.534000 top-5-accuracy: 0.788000 loss: 2.029257
2025-09-03 15:29:09,509 [INFO] Current lr: [1e-05]
2025-09-03 15:29:22,479 [INFO] New metrics saved to logs/sports_cv_project_classification/alexnet-rotation/train/metrics.json
2025-09-03 15:29:22,480 [INFO] loss: 0.706727 accuracy: 0.781016 top-5-accuracy: 0.971172
2025-09-03 15:29:23,218 [INFO] New metrics saved to logs/sports_cv_project_classification/alexnet-rotation/train/metrics.json
2025-09-03 15:29:23,218 [INFO] loss: 0.785096 epoch_loss: 0.711188 accuracy: 0.753168 epoch_accuracy: 0.779601 top-5-accuracy: 0.968837 epoch_top-5-accuracy: 0.970817
2025-09-03 15:29:23,219 [INFO] Epoch summary loss: 0.711188 accuracy: 0.779601 top-5-accuracy: 0.970817
2025-09-03 15:29:23,705 [INFO] New metrics saved to logs/sports_cv_project_classification/alexnet-rotation/val/metrics.json
2025-09-03 15:29:23,705 [INFO] accuracy: 0.544000 top-5-accuracy: 0.788000 loss: 2.026512
2025-09-03 15:29:23,705 [INFO] Current lr: [1e-05]
2025-09-03 15:29:36,649 [INFO] New metrics saved to logs/sports_cv_project_classification/alexnet-rotation/train/metrics.json
2025-09-03 15:29:36,649 [INFO] loss: 0.704216 accuracy: 0.781328 top-5-accuracy: 0.969375
2025-09-03 15:29:37,379 [INFO] New metrics saved to logs/sports_cv_project_classification/alexnet-rotation/train/metrics.json
2025-09-03 15:29:37,380 [INFO] loss: 0.686432 epoch_loss: 0.702877 accuracy: 0.768707 epoch_accuracy: 0.781145 top-5-accuracy: 0.981901 epoch_top-5-accuracy: 0.969910
2025-09-03 15:29:37,380 [INFO] Epoch summary loss: 0.702877 accuracy: 0.781145 top-5-accuracy: 0.969910
2025-09-03 15:29:37,840 [INFO] New metrics saved to logs/sports_cv_project_classification/alexnet-rotation/val/metrics.json
2025-09-03 15:29:37,840 [INFO] accuracy: 0.534000 top-5-accuracy: 0.794000 loss: 2.044459
2025-09-03 15:29:37,840 [INFO] Current lr: [1e-05]
2025-09-03 15:29:50,789 [INFO] New metrics saved to logs/sports_cv_project_classification/alexnet-rotation/train/metrics.json
2025-09-03 15:29:50,789 [INFO] loss: 0.705548 accuracy: 0.778047 top-5-accuracy: 0.970547
2025-09-03 15:29:51,503 [INFO] New metrics saved to logs/sports_cv_project_classification/alexnet-rotation/train/metrics.json
2025-09-03 15:29:51,504 [INFO] loss: 0.672177 epoch_loss: 0.705200 accuracy: 0.797613 epoch_accuracy: 0.778256 top-5-accuracy: 0.976042 epoch_top-5-accuracy: 0.971015
2025-09-03 15:29:51,504 [INFO] Epoch summary loss: 0.705200 accuracy: 0.778256 top-5-accuracy: 0.971015
2025-09-03 15:29:51,980 [INFO] New metrics saved to logs/sports_cv_project_classification/alexnet-rotation/val/metrics.json
2025-09-03 15:29:51,980 [INFO] accuracy: 0.536000 top-5-accuracy: 0.786000 loss: 2.041444
2025-09-03 15:29:51,980 [INFO] Current lr: [1e-05]
2025-09-03 15:30:05,150 [INFO] New metrics saved to logs/sports_cv_project_classification/alexnet-rotation/train/metrics.json
2025-09-03 15:30:05,150 [INFO] loss: 0.676522 accuracy: 0.788047 top-5-accuracy: 0.976094
2025-09-03 15:30:05,883 [INFO] New metrics saved to logs/sports_cv_project_classification/alexnet-rotation/train/metrics.json
2025-09-03 15:30:05,883 [INFO] loss: 0.614634 epoch_loss: 0.674776 accuracy: 0.813238 epoch_accuracy: 0.789459 top-5-accuracy: 0.979123 epoch_top-5-accuracy: 0.975996
2025-09-03 15:30:05,883 [INFO] Epoch summary loss: 0.674776 accuracy: 0.789459 top-5-accuracy: 0.975996
2025-09-03 15:30:06,348 [INFO] New metrics saved to logs/sports_cv_project_classification/alexnet-rotation/val/metrics.json
2025-09-03 15:30:06,348 [INFO] accuracy: 0.542000 top-5-accuracy: 0.788000 loss: 2.046925
2025-09-03 15:30:06,348 [INFO] Current lr: [1e-05]
2025-09-03 15:30:06,348 [INFO] Early stopping triggered at epoch 87
