2025-09-03 15:31:47,900 [INFO] Global seed set to 42
2025-09-03 15:31:47,900 [INFO] Path logs/sports_cv_project_classification/alexnet-color_jitter/train created or existed
2025-09-03 15:31:47,900 [INFO] Path logs/sports_cv_project_classification/alexnet-color_jitter/val created or existed
2025-09-03 15:31:47,900 [INFO] Path logs/sports_cv_project_classification/alexnet-color_jitter/test created or existed
2025-09-03 15:31:47,900 [INFO] Path checkpoints/sports_cv_project_classification/alexnet-color_jitter created or existed
2025-09-03 15:31:47,902 [INFO] Training started...
2025-09-03 15:32:00,729 [INFO] New metrics saved to logs/sports_cv_project_classification/alexnet-color_jitter/train/metrics.json
2025-09-03 15:32:00,729 [INFO] loss: 4.599487 accuracy: 0.012578 top-5-accuracy: 0.060156
2025-09-03 15:32:01,434 [INFO] New metrics saved to logs/sports_cv_project_classification/alexnet-color_jitter/train/metrics.json
2025-09-03 15:32:01,434 [INFO] loss: 4.586685 epoch_loss: 4.598965 accuracy: 0.009462 epoch_accuracy: 0.012444 top-5-accuracy: 0.058203 epoch_top-5-accuracy: 0.059832
2025-09-03 15:32:01,435 [INFO] Epoch summary loss: 4.598965 accuracy: 0.012444 top-5-accuracy: 0.059832
2025-09-03 15:32:01,946 [INFO] New metrics saved to logs/sports_cv_project_classification/alexnet-color_jitter/val/metrics.json
2025-09-03 15:32:01,946 [INFO] accuracy: 0.012000 top-5-accuracy: 0.050000 loss: 4.600102
2025-09-03 15:32:01,946 [INFO] Current lr: [0.0001]
2025-09-03 15:32:02,044 [INFO] Model saved. New best value 4.600102
2025-09-03 15:32:14,960 [INFO] New metrics saved to logs/sports_cv_project_classification/alexnet-color_jitter/train/metrics.json
2025-09-03 15:32:14,960 [INFO] loss: 4.509428 accuracy: 0.021250 top-5-accuracy: 0.087578
2025-09-03 15:32:15,669 [INFO] New metrics saved to logs/sports_cv_project_classification/alexnet-color_jitter/train/metrics.json
2025-09-03 15:32:15,669 [INFO] loss: 4.366211 epoch_loss: 4.501513 accuracy: 0.024479 epoch_accuracy: 0.021339 top-5-accuracy: 0.131337 epoch_top-5-accuracy: 0.089051
2025-09-03 15:32:15,669 [INFO] Epoch summary loss: 4.501513 accuracy: 0.021339 top-5-accuracy: 0.089051
2025-09-03 15:32:16,153 [INFO] New metrics saved to logs/sports_cv_project_classification/alexnet-color_jitter/val/metrics.json
2025-09-03 15:32:16,153 [INFO] accuracy: 0.028000 top-5-accuracy: 0.100000 loss: 4.383304
2025-09-03 15:32:16,153 [INFO] Current lr: [0.0001]
2025-09-03 15:32:16,262 [INFO] Model saved. New best value 4.383304
2025-09-03 15:32:28,994 [INFO] New metrics saved to logs/sports_cv_project_classification/alexnet-color_jitter/train/metrics.json
2025-09-03 15:32:28,994 [INFO] loss: 4.295171 accuracy: 0.035781 top-5-accuracy: 0.142500
2025-09-03 15:32:29,700 [INFO] New metrics saved to logs/sports_cv_project_classification/alexnet-color_jitter/train/metrics.json
2025-09-03 15:32:29,700 [INFO] loss: 4.216625 epoch_loss: 4.290812 accuracy: 0.065408 epoch_accuracy: 0.036740 top-5-accuracy: 0.191797 epoch_top-5-accuracy: 0.144988
2025-09-03 15:32:29,700 [INFO] Epoch summary loss: 4.290812 accuracy: 0.036740 top-5-accuracy: 0.144988
2025-09-03 15:32:30,141 [INFO] New metrics saved to logs/sports_cv_project_classification/alexnet-color_jitter/val/metrics.json
2025-09-03 15:32:30,141 [INFO] accuracy: 0.042000 top-5-accuracy: 0.144000 loss: 4.250408
2025-09-03 15:32:30,142 [INFO] Current lr: [0.0001]
2025-09-03 15:32:30,245 [INFO] Model saved. New best value 4.250408
2025-09-03 15:32:43,007 [INFO] New metrics saved to logs/sports_cv_project_classification/alexnet-color_jitter/train/metrics.json
2025-09-03 15:32:43,007 [INFO] loss: 4.182056 accuracy: 0.048125 top-5-accuracy: 0.182266
2025-09-03 15:32:43,713 [INFO] New metrics saved to logs/sports_cv_project_classification/alexnet-color_jitter/train/metrics.json
2025-09-03 15:32:43,713 [INFO] loss: 4.150785 epoch_loss: 4.180911 accuracy: 0.043186 epoch_accuracy: 0.047841 top-5-accuracy: 0.183767 epoch_top-5-accuracy: 0.183011
2025-09-03 15:32:43,713 [INFO] Epoch summary loss: 4.180911 accuracy: 0.047841 top-5-accuracy: 0.183011
2025-09-03 15:32:44,171 [INFO] New metrics saved to logs/sports_cv_project_classification/alexnet-color_jitter/val/metrics.json
2025-09-03 15:32:44,171 [INFO] accuracy: 0.038000 top-5-accuracy: 0.176000 loss: 4.120279
2025-09-03 15:32:44,171 [INFO] Current lr: [0.0001]
2025-09-03 15:32:44,279 [INFO] Model saved. New best value 4.120279
2025-09-03 15:32:57,148 [INFO] New metrics saved to logs/sports_cv_project_classification/alexnet-color_jitter/train/metrics.json
2025-09-03 15:32:57,148 [INFO] loss: 4.080491 accuracy: 0.057813 top-5-accuracy: 0.215234
2025-09-03 15:32:57,858 [INFO] New metrics saved to logs/sports_cv_project_classification/alexnet-color_jitter/train/metrics.json
2025-09-03 15:32:57,858 [INFO] loss: 3.904784 epoch_loss: 4.071233 accuracy: 0.065712 epoch_accuracy: 0.058199 top-5-accuracy: 0.270573 epoch_top-5-accuracy: 0.218052
2025-09-03 15:32:57,858 [INFO] Epoch summary loss: 4.071233 accuracy: 0.058199 top-5-accuracy: 0.218052
2025-09-03 15:32:58,302 [INFO] New metrics saved to logs/sports_cv_project_classification/alexnet-color_jitter/val/metrics.json
2025-09-03 15:32:58,302 [INFO] accuracy: 0.058000 top-5-accuracy: 0.246000 loss: 3.999885
2025-09-03 15:32:58,302 [INFO] Current lr: [0.0001]
2025-09-03 15:32:58,415 [INFO] Model saved. New best value 3.999885
2025-09-03 15:33:11,272 [INFO] New metrics saved to logs/sports_cv_project_classification/alexnet-color_jitter/train/metrics.json
2025-09-03 15:33:11,272 [INFO] loss: 3.880469 accuracy: 0.078516 top-5-accuracy: 0.278516
2025-09-03 15:33:12,003 [INFO] New metrics saved to logs/sports_cv_project_classification/alexnet-color_jitter/train/metrics.json
2025-09-03 15:33:12,003 [INFO] loss: 3.839264 epoch_loss: 3.879409 accuracy: 0.085764 epoch_accuracy: 0.078929 top-5-accuracy: 0.264800 epoch_top-5-accuracy: 0.277534
2025-09-03 15:33:12,003 [INFO] Epoch summary loss: 3.879409 accuracy: 0.078929 top-5-accuracy: 0.277534
2025-09-03 15:33:12,517 [INFO] New metrics saved to logs/sports_cv_project_classification/alexnet-color_jitter/val/metrics.json
2025-09-03 15:33:12,517 [INFO] accuracy: 0.092000 top-5-accuracy: 0.298000 loss: 3.767900
2025-09-03 15:33:12,518 [INFO] Current lr: [0.0001]
2025-09-03 15:33:12,637 [INFO] Model saved. New best value 3.767900
2025-09-03 15:33:25,641 [INFO] New metrics saved to logs/sports_cv_project_classification/alexnet-color_jitter/train/metrics.json
2025-09-03 15:33:25,641 [INFO] loss: 3.722395 accuracy: 0.099922 top-5-accuracy: 0.330937
2025-09-03 15:33:26,359 [INFO] New metrics saved to logs/sports_cv_project_classification/alexnet-color_jitter/train/metrics.json
2025-09-03 15:33:26,359 [INFO] loss: 3.671777 epoch_loss: 3.718222 accuracy: 0.107769 epoch_accuracy: 0.100102 top-5-accuracy: 0.337413 epoch_top-5-accuracy: 0.331571
2025-09-03 15:33:26,359 [INFO] Epoch summary loss: 3.718222 accuracy: 0.100102 top-5-accuracy: 0.331571
2025-09-03 15:33:26,843 [INFO] New metrics saved to logs/sports_cv_project_classification/alexnet-color_jitter/val/metrics.json
2025-09-03 15:33:26,843 [INFO] accuracy: 0.098000 top-5-accuracy: 0.338000 loss: 3.681524
2025-09-03 15:33:26,843 [INFO] Current lr: [0.0001]
2025-09-03 15:33:26,957 [INFO] Model saved. New best value 3.681524
2025-09-03 15:33:39,773 [INFO] New metrics saved to logs/sports_cv_project_classification/alexnet-color_jitter/train/metrics.json
2025-09-03 15:33:39,773 [INFO] loss: 3.612046 accuracy: 0.116562 top-5-accuracy: 0.362656
2025-09-03 15:33:40,489 [INFO] New metrics saved to logs/sports_cv_project_classification/alexnet-color_jitter/train/metrics.json
2025-09-03 15:33:40,489 [INFO] loss: 3.615777 epoch_loss: 3.613964 accuracy: 0.120009 epoch_accuracy: 0.116262 top-5-accuracy: 0.358811 epoch_top-5-accuracy: 0.361491
2025-09-03 15:33:40,489 [INFO] Epoch summary loss: 3.613964 accuracy: 0.116262 top-5-accuracy: 0.361491
2025-09-03 15:33:40,943 [INFO] New metrics saved to logs/sports_cv_project_classification/alexnet-color_jitter/val/metrics.json
2025-09-03 15:33:40,943 [INFO] accuracy: 0.136000 top-5-accuracy: 0.378000 loss: 3.556295
2025-09-03 15:33:40,943 [INFO] Current lr: [0.0001]
2025-09-03 15:33:41,057 [INFO] Model saved. New best value 3.556295
2025-09-03 15:33:53,801 [INFO] New metrics saved to logs/sports_cv_project_classification/alexnet-color_jitter/train/metrics.json
2025-09-03 15:33:53,801 [INFO] loss: 3.521738 accuracy: 0.130625 top-5-accuracy: 0.391797
2025-09-03 15:33:54,516 [INFO] New metrics saved to logs/sports_cv_project_classification/alexnet-color_jitter/train/metrics.json
2025-09-03 15:33:54,517 [INFO] loss: 3.381109 epoch_loss: 3.514925 accuracy: 0.148698 epoch_accuracy: 0.132159 top-5-accuracy: 0.414236 epoch_top-5-accuracy: 0.393874
2025-09-03 15:33:54,517 [INFO] Epoch summary loss: 3.514925 accuracy: 0.132159 top-5-accuracy: 0.393874
2025-09-03 15:33:54,995 [INFO] New metrics saved to logs/sports_cv_project_classification/alexnet-color_jitter/val/metrics.json
2025-09-03 15:33:54,995 [INFO] accuracy: 0.136000 top-5-accuracy: 0.396000 loss: 3.448391
2025-09-03 15:33:54,996 [INFO] Current lr: [0.0001]
2025-09-03 15:33:55,112 [INFO] Model saved. New best value 3.448391
2025-09-03 15:34:07,839 [INFO] New metrics saved to logs/sports_cv_project_classification/alexnet-color_jitter/train/metrics.json
2025-09-03 15:34:07,839 [INFO] loss: 3.414231 accuracy: 0.147500 top-5-accuracy: 0.425391
2025-09-03 15:34:08,551 [INFO] New metrics saved to logs/sports_cv_project_classification/alexnet-color_jitter/train/metrics.json
2025-09-03 15:34:08,552 [INFO] loss: 3.397548 epoch_loss: 3.411943 accuracy: 0.167622 epoch_accuracy: 0.149309 top-5-accuracy: 0.439844 epoch_top-5-accuracy: 0.426165
2025-09-03 15:34:08,552 [INFO] Epoch summary loss: 3.411943 accuracy: 0.149309 top-5-accuracy: 0.426165
2025-09-03 15:34:08,997 [INFO] New metrics saved to logs/sports_cv_project_classification/alexnet-color_jitter/val/metrics.json
2025-09-03 15:34:08,997 [INFO] accuracy: 0.172000 top-5-accuracy: 0.424000 loss: 3.340255
2025-09-03 15:34:08,997 [INFO] Current lr: [0.0001]
2025-09-03 15:34:09,101 [INFO] Model saved. New best value 3.340255
2025-09-03 15:34:21,803 [INFO] New metrics saved to logs/sports_cv_project_classification/alexnet-color_jitter/train/metrics.json
2025-09-03 15:34:21,803 [INFO] loss: 3.286669 accuracy: 0.172422 top-5-accuracy: 0.464609
2025-09-03 15:34:22,521 [INFO] New metrics saved to logs/sports_cv_project_classification/alexnet-color_jitter/train/metrics.json
2025-09-03 15:34:22,521 [INFO] loss: 3.208807 epoch_loss: 3.285351 accuracy: 0.196224 epoch_accuracy: 0.172941 top-5-accuracy: 0.489714 epoch_top-5-accuracy: 0.464603
2025-09-03 15:34:22,521 [INFO] Epoch summary loss: 3.285351 accuracy: 0.172941 top-5-accuracy: 0.464603
2025-09-03 15:34:23,034 [INFO] New metrics saved to logs/sports_cv_project_classification/alexnet-color_jitter/val/metrics.json
2025-09-03 15:34:23,034 [INFO] accuracy: 0.178000 top-5-accuracy: 0.474000 loss: 3.295516
2025-09-03 15:34:23,034 [INFO] Current lr: [0.0001]
2025-09-03 15:34:23,149 [INFO] Model saved. New best value 3.295516
2025-09-03 15:34:35,951 [INFO] New metrics saved to logs/sports_cv_project_classification/alexnet-color_jitter/train/metrics.json
2025-09-03 15:34:35,951 [INFO] loss: 3.189427 accuracy: 0.194375 top-5-accuracy: 0.497188
2025-09-03 15:34:36,658 [INFO] New metrics saved to logs/sports_cv_project_classification/alexnet-color_jitter/train/metrics.json
2025-09-03 15:34:36,659 [INFO] loss: 3.260741 epoch_loss: 3.192308 accuracy: 0.196224 epoch_accuracy: 0.194905 top-5-accuracy: 0.484462 epoch_top-5-accuracy: 0.496834
2025-09-03 15:34:36,659 [INFO] Epoch summary loss: 3.192308 accuracy: 0.194905 top-5-accuracy: 0.496834
2025-09-03 15:34:37,144 [INFO] New metrics saved to logs/sports_cv_project_classification/alexnet-color_jitter/val/metrics.json
2025-09-03 15:34:37,144 [INFO] accuracy: 0.196000 top-5-accuracy: 0.500000 loss: 3.198810
2025-09-03 15:34:37,144 [INFO] Current lr: [0.0001]
2025-09-03 15:34:37,254 [INFO] Model saved. New best value 3.198810
2025-09-03 15:34:49,940 [INFO] New metrics saved to logs/sports_cv_project_classification/alexnet-color_jitter/train/metrics.json
2025-09-03 15:34:49,940 [INFO] loss: 3.079495 accuracy: 0.210625 top-5-accuracy: 0.526094
2025-09-03 15:34:50,631 [INFO] New metrics saved to logs/sports_cv_project_classification/alexnet-color_jitter/train/metrics.json
2025-09-03 15:34:50,631 [INFO] loss: 2.973742 epoch_loss: 3.072736 accuracy: 0.205469 epoch_accuracy: 0.211173 top-5-accuracy: 0.554601 epoch_top-5-accuracy: 0.528520
2025-09-03 15:34:50,632 [INFO] Epoch summary loss: 3.072736 accuracy: 0.211173 top-5-accuracy: 0.528520
2025-09-03 15:34:51,098 [INFO] New metrics saved to logs/sports_cv_project_classification/alexnet-color_jitter/val/metrics.json
2025-09-03 15:34:51,098 [INFO] accuracy: 0.228000 top-5-accuracy: 0.526000 loss: 3.029837
2025-09-03 15:34:51,098 [INFO] Current lr: [0.0001]
2025-09-03 15:34:51,210 [INFO] Model saved. New best value 3.029837
2025-09-03 15:35:03,943 [INFO] New metrics saved to logs/sports_cv_project_classification/alexnet-color_jitter/train/metrics.json
2025-09-03 15:35:03,944 [INFO] loss: 2.990089 accuracy: 0.231484 top-5-accuracy: 0.547266
2025-09-03 15:35:04,643 [INFO] New metrics saved to logs/sports_cv_project_classification/alexnet-color_jitter/train/metrics.json
2025-09-03 15:35:04,644 [INFO] loss: 2.969371 epoch_loss: 2.987732 accuracy: 0.224175 epoch_accuracy: 0.231337 top-5-accuracy: 0.552951 epoch_top-5-accuracy: 0.547841
2025-09-03 15:35:04,644 [INFO] Epoch summary loss: 2.987732 accuracy: 0.231337 top-5-accuracy: 0.547841
2025-09-03 15:35:05,119 [INFO] New metrics saved to logs/sports_cv_project_classification/alexnet-color_jitter/val/metrics.json
2025-09-03 15:35:05,119 [INFO] accuracy: 0.210000 top-5-accuracy: 0.504000 loss: 3.112131
2025-09-03 15:35:05,119 [INFO] Current lr: [0.0001]
2025-09-03 15:35:17,812 [INFO] New metrics saved to logs/sports_cv_project_classification/alexnet-color_jitter/train/metrics.json
2025-09-03 15:35:17,812 [INFO] loss: 2.873457 accuracy: 0.252734 top-5-accuracy: 0.582969
2025-09-03 15:35:18,522 [INFO] New metrics saved to logs/sports_cv_project_classification/alexnet-color_jitter/train/metrics.json
2025-09-03 15:35:18,522 [INFO] loss: 2.954066 epoch_loss: 2.879344 accuracy: 0.258247 epoch_accuracy: 0.252449 top-5-accuracy: 0.562326 epoch_top-5-accuracy: 0.581288
2025-09-03 15:35:18,522 [INFO] Epoch summary loss: 2.879344 accuracy: 0.252449 top-5-accuracy: 0.581288
2025-09-03 15:35:18,989 [INFO] New metrics saved to logs/sports_cv_project_classification/alexnet-color_jitter/val/metrics.json
2025-09-03 15:35:18,989 [INFO] accuracy: 0.266000 top-5-accuracy: 0.556000 loss: 2.904517
2025-09-03 15:35:18,989 [INFO] Current lr: [0.0001]
2025-09-03 15:35:19,093 [INFO] Model saved. New best value 2.904517
2025-09-03 15:35:31,764 [INFO] New metrics saved to logs/sports_cv_project_classification/alexnet-color_jitter/train/metrics.json
2025-09-03 15:35:31,765 [INFO] loss: 2.805625 accuracy: 0.275469 top-5-accuracy: 0.597734
2025-09-03 15:35:32,484 [INFO] New metrics saved to logs/sports_cv_project_classification/alexnet-color_jitter/train/metrics.json
2025-09-03 15:35:32,485 [INFO] loss: 2.848443 epoch_loss: 2.807490 accuracy: 0.236719 epoch_accuracy: 0.274116 top-5-accuracy: 0.618967 epoch_top-5-accuracy: 0.597945
2025-09-03 15:35:32,485 [INFO] Epoch summary loss: 2.807490 accuracy: 0.274116 top-5-accuracy: 0.597945
2025-09-03 15:35:32,944 [INFO] New metrics saved to logs/sports_cv_project_classification/alexnet-color_jitter/val/metrics.json
2025-09-03 15:35:32,944 [INFO] accuracy: 0.274000 top-5-accuracy: 0.570000 loss: 2.887277
2025-09-03 15:35:32,944 [INFO] Current lr: [0.0001]
2025-09-03 15:35:33,059 [INFO] Model saved. New best value 2.887277
2025-09-03 15:35:45,757 [INFO] New metrics saved to logs/sports_cv_project_classification/alexnet-color_jitter/train/metrics.json
2025-09-03 15:35:45,757 [INFO] loss: 2.726363 accuracy: 0.288125 top-5-accuracy: 0.619453
2025-09-03 15:35:46,468 [INFO] New metrics saved to logs/sports_cv_project_classification/alexnet-color_jitter/train/metrics.json
2025-09-03 15:35:46,469 [INFO] loss: 2.713651 epoch_loss: 2.723994 accuracy: 0.293403 epoch_accuracy: 0.287752 top-5-accuracy: 0.648307 epoch_top-5-accuracy: 0.621163
2025-09-03 15:35:46,469 [INFO] Epoch summary loss: 2.723994 accuracy: 0.287752 top-5-accuracy: 0.621163
2025-09-03 15:35:46,935 [INFO] New metrics saved to logs/sports_cv_project_classification/alexnet-color_jitter/val/metrics.json
2025-09-03 15:35:46,935 [INFO] accuracy: 0.290000 top-5-accuracy: 0.594000 loss: 2.808418
2025-09-03 15:35:46,935 [INFO] Current lr: [0.0001]
2025-09-03 15:35:47,044 [INFO] Model saved. New best value 2.808418
2025-09-03 15:35:59,727 [INFO] New metrics saved to logs/sports_cv_project_classification/alexnet-color_jitter/train/metrics.json
2025-09-03 15:35:59,728 [INFO] loss: 2.637069 accuracy: 0.307891 top-5-accuracy: 0.643750
2025-09-03 15:36:00,429 [INFO] New metrics saved to logs/sports_cv_project_classification/alexnet-color_jitter/train/metrics.json
2025-09-03 15:36:00,429 [INFO] loss: 2.590810 epoch_loss: 2.633985 accuracy: 0.338238 epoch_accuracy: 0.309934 top-5-accuracy: 0.668359 epoch_top-5-accuracy: 0.645062
2025-09-03 15:36:00,429 [INFO] Epoch summary loss: 2.633985 accuracy: 0.309934 top-5-accuracy: 0.645062
2025-09-03 15:36:00,884 [INFO] New metrics saved to logs/sports_cv_project_classification/alexnet-color_jitter/val/metrics.json
2025-09-03 15:36:00,884 [INFO] accuracy: 0.296000 top-5-accuracy: 0.620000 loss: 2.726879
2025-09-03 15:36:00,884 [INFO] Current lr: [0.0001]
2025-09-03 15:36:00,996 [INFO] Model saved. New best value 2.726879
2025-09-03 15:36:13,767 [INFO] New metrics saved to logs/sports_cv_project_classification/alexnet-color_jitter/train/metrics.json
2025-09-03 15:36:13,767 [INFO] loss: 2.567445 accuracy: 0.318750 top-5-accuracy: 0.660703
2025-09-03 15:36:14,471 [INFO] New metrics saved to logs/sports_cv_project_classification/alexnet-color_jitter/train/metrics.json
2025-09-03 15:36:14,471 [INFO] loss: 2.617753 epoch_loss: 2.568787 accuracy: 0.361068 epoch_accuracy: 0.320745 top-5-accuracy: 0.645312 epoch_top-5-accuracy: 0.660186
2025-09-03 15:36:14,471 [INFO] Epoch summary loss: 2.568787 accuracy: 0.320745 top-5-accuracy: 0.660186
2025-09-03 15:36:14,921 [INFO] New metrics saved to logs/sports_cv_project_classification/alexnet-color_jitter/val/metrics.json
2025-09-03 15:36:14,921 [INFO] accuracy: 0.290000 top-5-accuracy: 0.622000 loss: 2.704964
2025-09-03 15:36:14,921 [INFO] Current lr: [0.0001]
2025-09-03 15:36:15,032 [INFO] Model saved. New best value 2.704964
2025-09-03 15:36:27,762 [INFO] New metrics saved to logs/sports_cv_project_classification/alexnet-color_jitter/train/metrics.json
2025-09-03 15:36:27,762 [INFO] loss: 2.477425 accuracy: 0.342109 top-5-accuracy: 0.676641
2025-09-03 15:36:28,471 [INFO] New metrics saved to logs/sports_cv_project_classification/alexnet-color_jitter/train/metrics.json
2025-09-03 15:36:28,471 [INFO] loss: 2.558242 epoch_loss: 2.481391 accuracy: 0.344010 epoch_accuracy: 0.342359 top-5-accuracy: 0.661762 epoch_top-5-accuracy: 0.675694
2025-09-03 15:36:28,471 [INFO] Epoch summary loss: 2.481391 accuracy: 0.342359 top-5-accuracy: 0.675694
2025-09-03 15:36:28,945 [INFO] New metrics saved to logs/sports_cv_project_classification/alexnet-color_jitter/val/metrics.json
2025-09-03 15:36:28,945 [INFO] accuracy: 0.330000 top-5-accuracy: 0.634000 loss: 2.654238
2025-09-03 15:36:28,945 [INFO] Current lr: [0.0001]
2025-09-03 15:36:29,057 [INFO] Model saved. New best value 2.654238
2025-09-03 15:36:41,827 [INFO] New metrics saved to logs/sports_cv_project_classification/alexnet-color_jitter/train/metrics.json
2025-09-03 15:36:41,827 [INFO] loss: 2.397257 accuracy: 0.362734 top-5-accuracy: 0.696484
2025-09-03 15:36:42,556 [INFO] New metrics saved to logs/sports_cv_project_classification/alexnet-color_jitter/train/metrics.json
2025-09-03 15:36:42,556 [INFO] loss: 2.425541 epoch_loss: 2.399640 accuracy: 0.370920 epoch_accuracy: 0.362095 top-5-accuracy: 0.686545 epoch_top-5-accuracy: 0.695940
2025-09-03 15:36:42,556 [INFO] Epoch summary loss: 2.399640 accuracy: 0.362095 top-5-accuracy: 0.695940
2025-09-03 15:36:43,049 [INFO] New metrics saved to logs/sports_cv_project_classification/alexnet-color_jitter/val/metrics.json
2025-09-03 15:36:43,049 [INFO] accuracy: 0.346000 top-5-accuracy: 0.652000 loss: 2.564307
2025-09-03 15:36:43,049 [INFO] Current lr: [0.0001]
2025-09-03 15:36:43,165 [INFO] Model saved. New best value 2.564307
2025-09-03 15:36:55,863 [INFO] New metrics saved to logs/sports_cv_project_classification/alexnet-color_jitter/train/metrics.json
2025-09-03 15:36:55,863 [INFO] loss: 2.337650 accuracy: 0.374297 top-5-accuracy: 0.710703
2025-09-03 15:36:56,570 [INFO] New metrics saved to logs/sports_cv_project_classification/alexnet-color_jitter/train/metrics.json
2025-09-03 15:36:56,570 [INFO] loss: 2.269996 epoch_loss: 2.337826 accuracy: 0.408594 epoch_accuracy: 0.375236 top-5-accuracy: 0.714540 epoch_top-5-accuracy: 0.710115
2025-09-03 15:36:56,571 [INFO] Epoch summary loss: 2.337826 accuracy: 0.375236 top-5-accuracy: 0.710115
2025-09-03 15:36:57,031 [INFO] New metrics saved to logs/sports_cv_project_classification/alexnet-color_jitter/val/metrics.json
2025-09-03 15:36:57,031 [INFO] accuracy: 0.348000 top-5-accuracy: 0.642000 loss: 2.623750
2025-09-03 15:36:57,031 [INFO] Current lr: [0.0001]
2025-09-03 15:37:09,907 [INFO] New metrics saved to logs/sports_cv_project_classification/alexnet-color_jitter/train/metrics.json
2025-09-03 15:37:09,907 [INFO] loss: 2.253744 accuracy: 0.388203 top-5-accuracy: 0.728594
2025-09-03 15:37:10,633 [INFO] New metrics saved to logs/sports_cv_project_classification/alexnet-color_jitter/train/metrics.json
2025-09-03 15:37:10,633 [INFO] loss: 2.313238 epoch_loss: 2.260864 accuracy: 0.379167 epoch_accuracy: 0.386360 top-5-accuracy: 0.733247 epoch_top-5-accuracy: 0.727478
2025-09-03 15:37:10,633 [INFO] Epoch summary loss: 2.260864 accuracy: 0.386360 top-5-accuracy: 0.727478
2025-09-03 15:37:11,113 [INFO] New metrics saved to logs/sports_cv_project_classification/alexnet-color_jitter/val/metrics.json
2025-09-03 15:37:11,113 [INFO] accuracy: 0.340000 top-5-accuracy: 0.658000 loss: 2.531060
2025-09-03 15:37:11,113 [INFO] Current lr: [0.0001]
2025-09-03 15:37:11,221 [INFO] Model saved. New best value 2.531060
2025-09-03 15:37:23,957 [INFO] New metrics saved to logs/sports_cv_project_classification/alexnet-color_jitter/train/metrics.json
2025-09-03 15:37:23,957 [INFO] loss: 2.174600 accuracy: 0.409922 top-5-accuracy: 0.745703
2025-09-03 15:37:24,662 [INFO] New metrics saved to logs/sports_cv_project_classification/alexnet-color_jitter/train/metrics.json
2025-09-03 15:37:24,662 [INFO] loss: 2.326290 epoch_loss: 2.179353 accuracy: 0.393142 epoch_accuracy: 0.409514 top-5-accuracy: 0.717925 epoch_top-5-accuracy: 0.745031
2025-09-03 15:37:24,662 [INFO] Epoch summary loss: 2.179353 accuracy: 0.409514 top-5-accuracy: 0.745031
2025-09-03 15:37:25,100 [INFO] New metrics saved to logs/sports_cv_project_classification/alexnet-color_jitter/val/metrics.json
2025-09-03 15:37:25,101 [INFO] accuracy: 0.360000 top-5-accuracy: 0.676000 loss: 2.489868
2025-09-03 15:37:25,101 [INFO] Current lr: [0.0001]
2025-09-03 15:37:25,207 [INFO] Model saved. New best value 2.489868
2025-09-03 15:37:37,986 [INFO] New metrics saved to logs/sports_cv_project_classification/alexnet-color_jitter/train/metrics.json
2025-09-03 15:37:37,986 [INFO] loss: 2.116475 accuracy: 0.419297 top-5-accuracy: 0.757656
2025-09-03 15:37:38,686 [INFO] New metrics saved to logs/sports_cv_project_classification/alexnet-color_jitter/train/metrics.json
2025-09-03 15:37:38,686 [INFO] loss: 2.102261 epoch_loss: 2.113465 accuracy: 0.449002 epoch_accuracy: 0.421056 top-5-accuracy: 0.739106 epoch_top-5-accuracy: 0.757254
2025-09-03 15:37:38,686 [INFO] Epoch summary loss: 2.113465 accuracy: 0.421056 top-5-accuracy: 0.757254
2025-09-03 15:37:39,131 [INFO] New metrics saved to logs/sports_cv_project_classification/alexnet-color_jitter/val/metrics.json
2025-09-03 15:37:39,131 [INFO] accuracy: 0.406000 top-5-accuracy: 0.706000 loss: 2.401859
2025-09-03 15:37:39,131 [INFO] Current lr: [0.0001]
2025-09-03 15:37:39,239 [INFO] Model saved. New best value 2.401859
2025-09-03 15:37:51,934 [INFO] New metrics saved to logs/sports_cv_project_classification/alexnet-color_jitter/train/metrics.json
2025-09-03 15:37:51,934 [INFO] loss: 2.043773 accuracy: 0.439453 top-5-accuracy: 0.772031
2025-09-03 15:37:52,667 [INFO] New metrics saved to logs/sports_cv_project_classification/alexnet-color_jitter/train/metrics.json
2025-09-03 15:37:52,667 [INFO] loss: 2.036189 epoch_loss: 2.041673 accuracy: 0.440365 epoch_accuracy: 0.439303 top-5-accuracy: 0.764193 epoch_top-5-accuracy: 0.772499
2025-09-03 15:37:52,668 [INFO] Epoch summary loss: 2.041673 accuracy: 0.439303 top-5-accuracy: 0.772499
2025-09-03 15:37:53,173 [INFO] New metrics saved to logs/sports_cv_project_classification/alexnet-color_jitter/val/metrics.json
2025-09-03 15:37:53,173 [INFO] accuracy: 0.396000 top-5-accuracy: 0.712000 loss: 2.387084
2025-09-03 15:37:53,173 [INFO] Current lr: [0.0001]
2025-09-03 15:37:53,288 [INFO] Model saved. New best value 2.387084
2025-09-03 15:38:05,963 [INFO] New metrics saved to logs/sports_cv_project_classification/alexnet-color_jitter/train/metrics.json
2025-09-03 15:38:05,963 [INFO] loss: 1.963289 accuracy: 0.458594 top-5-accuracy: 0.784141
2025-09-03 15:38:06,679 [INFO] New metrics saved to logs/sports_cv_project_classification/alexnet-color_jitter/train/metrics.json
2025-09-03 15:38:06,679 [INFO] loss: 1.946580 epoch_loss: 1.961676 accuracy: 0.451562 epoch_accuracy: 0.458373 top-5-accuracy: 0.789583 epoch_top-5-accuracy: 0.784881
2025-09-03 15:38:06,679 [INFO] Epoch summary loss: 1.961676 accuracy: 0.458373 top-5-accuracy: 0.784881
2025-09-03 15:38:07,160 [INFO] New metrics saved to logs/sports_cv_project_classification/alexnet-color_jitter/val/metrics.json
2025-09-03 15:38:07,161 [INFO] accuracy: 0.370000 top-5-accuracy: 0.694000 loss: 2.396105
2025-09-03 15:38:07,161 [INFO] Current lr: [0.0001]
2025-09-03 15:38:19,885 [INFO] New metrics saved to logs/sports_cv_project_classification/alexnet-color_jitter/train/metrics.json
2025-09-03 15:38:19,885 [INFO] loss: 1.889602 accuracy: 0.476953 top-5-accuracy: 0.802656
2025-09-03 15:38:20,584 [INFO] New metrics saved to logs/sports_cv_project_classification/alexnet-color_jitter/train/metrics.json
2025-09-03 15:38:20,584 [INFO] loss: 1.802866 epoch_loss: 1.886541 accuracy: 0.497005 epoch_accuracy: 0.478218 top-5-accuracy: 0.825694 epoch_top-5-accuracy: 0.803785
2025-09-03 15:38:20,584 [INFO] Epoch summary loss: 1.886541 accuracy: 0.478218 top-5-accuracy: 0.803785
2025-09-03 15:38:21,043 [INFO] New metrics saved to logs/sports_cv_project_classification/alexnet-color_jitter/val/metrics.json
2025-09-03 15:38:21,044 [INFO] accuracy: 0.406000 top-5-accuracy: 0.722000 loss: 2.333069
2025-09-03 15:38:21,044 [INFO] Current lr: [0.0001]
2025-09-03 15:38:21,156 [INFO] Model saved. New best value 2.333069
2025-09-03 15:38:33,951 [INFO] New metrics saved to logs/sports_cv_project_classification/alexnet-color_jitter/train/metrics.json
2025-09-03 15:38:33,951 [INFO] loss: 1.798421 accuracy: 0.494375 top-5-accuracy: 0.819063
2025-09-03 15:38:34,657 [INFO] New metrics saved to logs/sports_cv_project_classification/alexnet-color_jitter/train/metrics.json
2025-09-03 15:38:34,657 [INFO] loss: 1.984306 epoch_loss: 1.807310 accuracy: 0.499392 epoch_accuracy: 0.494302 top-5-accuracy: 0.781163 epoch_top-5-accuracy: 0.818024
2025-09-03 15:38:34,658 [INFO] Epoch summary loss: 1.807310 accuracy: 0.494302 top-5-accuracy: 0.818024
2025-09-03 15:38:35,097 [INFO] New metrics saved to logs/sports_cv_project_classification/alexnet-color_jitter/val/metrics.json
2025-09-03 15:38:35,097 [INFO] accuracy: 0.434000 top-5-accuracy: 0.714000 loss: 2.321569
2025-09-03 15:38:35,097 [INFO] Current lr: [0.0001]
2025-09-03 15:38:35,205 [INFO] Model saved. New best value 2.321569
2025-09-03 15:38:47,823 [INFO] New metrics saved to logs/sports_cv_project_classification/alexnet-color_jitter/train/metrics.json
2025-09-03 15:38:47,823 [INFO] loss: 1.732684 accuracy: 0.511094 top-5-accuracy: 0.827266
2025-09-03 15:38:48,533 [INFO] New metrics saved to logs/sports_cv_project_classification/alexnet-color_jitter/train/metrics.json
2025-09-03 15:38:48,533 [INFO] loss: 1.792429 epoch_loss: 1.734061 accuracy: 0.498047 epoch_accuracy: 0.511129 top-5-accuracy: 0.826302 epoch_top-5-accuracy: 0.827393
2025-09-03 15:38:48,533 [INFO] Epoch summary loss: 1.734061 accuracy: 0.511129 top-5-accuracy: 0.827393
2025-09-03 15:38:48,976 [INFO] New metrics saved to logs/sports_cv_project_classification/alexnet-color_jitter/val/metrics.json
2025-09-03 15:38:48,977 [INFO] accuracy: 0.408000 top-5-accuracy: 0.724000 loss: 2.306865
2025-09-03 15:38:48,977 [INFO] Current lr: [0.0001]
2025-09-03 15:38:49,083 [INFO] Model saved. New best value 2.306865
2025-09-03 15:39:01,758 [INFO] New metrics saved to logs/sports_cv_project_classification/alexnet-color_jitter/train/metrics.json
2025-09-03 15:39:01,758 [INFO] loss: 1.700144 accuracy: 0.520547 top-5-accuracy: 0.836953
2025-09-03 15:39:02,508 [INFO] New metrics saved to logs/sports_cv_project_classification/alexnet-color_jitter/train/metrics.json
2025-09-03 15:39:02,508 [INFO] loss: 1.753932 epoch_loss: 1.699853 accuracy: 0.484679 epoch_accuracy: 0.519985 top-5-accuracy: 0.851302 epoch_top-5-accuracy: 0.838286
2025-09-03 15:39:02,508 [INFO] Epoch summary loss: 1.699853 accuracy: 0.519985 top-5-accuracy: 0.838286
2025-09-03 15:39:03,003 [INFO] New metrics saved to logs/sports_cv_project_classification/alexnet-color_jitter/val/metrics.json
2025-09-03 15:39:03,004 [INFO] accuracy: 0.402000 top-5-accuracy: 0.706000 loss: 2.363860
2025-09-03 15:39:03,004 [INFO] Current lr: [0.0001]
2025-09-03 15:39:15,839 [INFO] New metrics saved to logs/sports_cv_project_classification/alexnet-color_jitter/train/metrics.json
2025-09-03 15:39:15,839 [INFO] loss: 1.644190 accuracy: 0.534219 top-5-accuracy: 0.846484
2025-09-03 15:39:16,555 [INFO] New metrics saved to logs/sports_cv_project_classification/alexnet-color_jitter/train/metrics.json
2025-09-03 15:39:16,556 [INFO] loss: 1.599100 epoch_loss: 1.642532 accuracy: 0.546701 epoch_accuracy: 0.534560 top-5-accuracy: 0.856858 epoch_top-5-accuracy: 0.847119
2025-09-03 15:39:16,556 [INFO] Epoch summary loss: 1.642532 accuracy: 0.534560 top-5-accuracy: 0.847119
2025-09-03 15:39:17,041 [INFO] New metrics saved to logs/sports_cv_project_classification/alexnet-color_jitter/val/metrics.json
2025-09-03 15:39:17,041 [INFO] accuracy: 0.434000 top-5-accuracy: 0.726000 loss: 2.278769
2025-09-03 15:39:17,041 [INFO] Current lr: [0.0001]
2025-09-03 15:39:17,151 [INFO] Model saved. New best value 2.278769
2025-09-03 15:39:29,923 [INFO] New metrics saved to logs/sports_cv_project_classification/alexnet-color_jitter/train/metrics.json
2025-09-03 15:39:29,923 [INFO] loss: 1.528820 accuracy: 0.561016 top-5-accuracy: 0.864219
2025-09-03 15:39:30,622 [INFO] New metrics saved to logs/sports_cv_project_classification/alexnet-color_jitter/train/metrics.json
2025-09-03 15:39:30,622 [INFO] loss: 1.519927 epoch_loss: 1.525766 accuracy: 0.564583 epoch_accuracy: 0.562284 top-5-accuracy: 0.882248 epoch_top-5-accuracy: 0.865471
2025-09-03 15:39:30,622 [INFO] Epoch summary loss: 1.525766 accuracy: 0.562284 top-5-accuracy: 0.865471
2025-09-03 15:39:31,082 [INFO] New metrics saved to logs/sports_cv_project_classification/alexnet-color_jitter/val/metrics.json
2025-09-03 15:39:31,083 [INFO] accuracy: 0.434000 top-5-accuracy: 0.732000 loss: 2.245370
2025-09-03 15:39:31,083 [INFO] Current lr: [0.0001]
2025-09-03 15:39:31,192 [INFO] Model saved. New best value 2.245370
2025-09-03 15:39:43,919 [INFO] New metrics saved to logs/sports_cv_project_classification/alexnet-color_jitter/train/metrics.json
2025-09-03 15:39:43,920 [INFO] loss: 1.464794 accuracy: 0.576562 top-5-accuracy: 0.877266
2025-09-03 15:39:44,633 [INFO] New metrics saved to logs/sports_cv_project_classification/alexnet-color_jitter/train/metrics.json
2025-09-03 15:39:44,633 [INFO] loss: 1.494930 epoch_loss: 1.464678 accuracy: 0.566536 epoch_accuracy: 0.576361 top-5-accuracy: 0.852734 epoch_top-5-accuracy: 0.876739
2025-09-03 15:39:44,633 [INFO] Epoch summary loss: 1.464678 accuracy: 0.576361 top-5-accuracy: 0.876739
2025-09-03 15:39:45,085 [INFO] New metrics saved to logs/sports_cv_project_classification/alexnet-color_jitter/val/metrics.json
2025-09-03 15:39:45,085 [INFO] accuracy: 0.436000 top-5-accuracy: 0.720000 loss: 2.279720
2025-09-03 15:39:45,085 [INFO] Current lr: [0.0001]
2025-09-03 15:39:57,855 [INFO] New metrics saved to logs/sports_cv_project_classification/alexnet-color_jitter/train/metrics.json
2025-09-03 15:39:57,856 [INFO] loss: 1.406212 accuracy: 0.592187 top-5-accuracy: 0.883672
2025-09-03 15:39:58,572 [INFO] New metrics saved to logs/sports_cv_project_classification/alexnet-color_jitter/train/metrics.json
2025-09-03 15:39:58,572 [INFO] loss: 1.496010 epoch_loss: 1.414109 accuracy: 0.584332 epoch_accuracy: 0.591110 top-5-accuracy: 0.866102 epoch_top-5-accuracy: 0.882256
2025-09-03 15:39:58,572 [INFO] Epoch summary loss: 1.414109 accuracy: 0.591110 top-5-accuracy: 0.882256
2025-09-03 15:39:59,032 [INFO] New metrics saved to logs/sports_cv_project_classification/alexnet-color_jitter/val/metrics.json
2025-09-03 15:39:59,032 [INFO] accuracy: 0.456000 top-5-accuracy: 0.718000 loss: 2.287653
2025-09-03 15:39:59,032 [INFO] Current lr: [0.0001]
2025-09-03 15:40:11,850 [INFO] New metrics saved to logs/sports_cv_project_classification/alexnet-color_jitter/train/metrics.json
2025-09-03 15:40:11,850 [INFO] loss: 1.333276 accuracy: 0.609219 top-5-accuracy: 0.898438
2025-09-03 15:40:12,588 [INFO] New metrics saved to logs/sports_cv_project_classification/alexnet-color_jitter/train/metrics.json
2025-09-03 15:40:12,589 [INFO] loss: 1.327886 epoch_loss: 1.336866 accuracy: 0.609418 epoch_accuracy: 0.608640 top-5-accuracy: 0.900868 epoch_top-5-accuracy: 0.898013
2025-09-03 15:40:12,589 [INFO] Epoch summary loss: 1.336866 accuracy: 0.608640 top-5-accuracy: 0.898013
2025-09-03 15:40:13,091 [INFO] New metrics saved to logs/sports_cv_project_classification/alexnet-color_jitter/val/metrics.json
2025-09-03 15:40:13,091 [INFO] accuracy: 0.446000 top-5-accuracy: 0.724000 loss: 2.315853
2025-09-03 15:40:13,091 [INFO] Current lr: [0.0001]
2025-09-03 15:40:25,917 [INFO] New metrics saved to logs/sports_cv_project_classification/alexnet-color_jitter/train/metrics.json
2025-09-03 15:40:25,917 [INFO] loss: 1.259998 accuracy: 0.626172 top-5-accuracy: 0.906719
2025-09-03 15:40:26,622 [INFO] New metrics saved to logs/sports_cv_project_classification/alexnet-color_jitter/train/metrics.json
2025-09-03 15:40:26,622 [INFO] loss: 1.317712 epoch_loss: 1.265469 accuracy: 0.598741 epoch_accuracy: 0.625409 top-5-accuracy: 0.907552 epoch_top-5-accuracy: 0.905857
2025-09-03 15:40:26,622 [INFO] Epoch summary loss: 1.265469 accuracy: 0.625409 top-5-accuracy: 0.905857
2025-09-03 15:40:27,080 [INFO] New metrics saved to logs/sports_cv_project_classification/alexnet-color_jitter/val/metrics.json
2025-09-03 15:40:27,080 [INFO] accuracy: 0.452000 top-5-accuracy: 0.738000 loss: 2.232752
2025-09-03 15:40:27,080 [INFO] Current lr: [0.0001]
2025-09-03 15:40:27,192 [INFO] Model saved. New best value 2.232752
2025-09-03 15:40:39,951 [INFO] New metrics saved to logs/sports_cv_project_classification/alexnet-color_jitter/train/metrics.json
2025-09-03 15:40:39,951 [INFO] loss: 1.197150 accuracy: 0.644375 top-5-accuracy: 0.917656
2025-09-03 15:40:40,664 [INFO] New metrics saved to logs/sports_cv_project_classification/alexnet-color_jitter/train/metrics.json
2025-09-03 15:40:40,664 [INFO] loss: 1.120106 epoch_loss: 1.196957 accuracy: 0.658377 epoch_accuracy: 0.644759 top-5-accuracy: 0.925955 epoch_top-5-accuracy: 0.917680
2025-09-03 15:40:40,665 [INFO] Epoch summary loss: 1.196957 accuracy: 0.644759 top-5-accuracy: 0.917680
2025-09-03 15:40:41,155 [INFO] New metrics saved to logs/sports_cv_project_classification/alexnet-color_jitter/val/metrics.json
2025-09-03 15:40:41,155 [INFO] accuracy: 0.452000 top-5-accuracy: 0.700000 loss: 2.447968
2025-09-03 15:40:41,155 [INFO] Current lr: [0.0001]
2025-09-03 15:40:53,911 [INFO] New metrics saved to logs/sports_cv_project_classification/alexnet-color_jitter/train/metrics.json
2025-09-03 15:40:53,912 [INFO] loss: 1.121567 accuracy: 0.660547 top-5-accuracy: 0.931172
2025-09-03 15:40:54,616 [INFO] New metrics saved to logs/sports_cv_project_classification/alexnet-color_jitter/train/metrics.json
2025-09-03 15:40:54,616 [INFO] loss: 1.293047 epoch_loss: 1.127778 accuracy: 0.618663 epoch_accuracy: 0.659622 top-5-accuracy: 0.918142 epoch_top-5-accuracy: 0.930505
2025-09-03 15:40:54,616 [INFO] Epoch summary loss: 1.127778 accuracy: 0.659622 top-5-accuracy: 0.930505
2025-09-03 15:40:55,105 [INFO] New metrics saved to logs/sports_cv_project_classification/alexnet-color_jitter/val/metrics.json
2025-09-03 15:40:55,105 [INFO] accuracy: 0.450000 top-5-accuracy: 0.730000 loss: 2.309164
2025-09-03 15:40:55,105 [INFO] Current lr: [0.0001]
2025-09-03 15:41:07,901 [INFO] New metrics saved to logs/sports_cv_project_classification/alexnet-color_jitter/train/metrics.json
2025-09-03 15:41:07,901 [INFO] loss: 1.088325 accuracy: 0.673125 top-5-accuracy: 0.931484
2025-09-03 15:41:08,623 [INFO] New metrics saved to logs/sports_cv_project_classification/alexnet-color_jitter/train/metrics.json
2025-09-03 15:41:08,624 [INFO] loss: 1.098856 epoch_loss: 1.089139 accuracy: 0.645009 epoch_accuracy: 0.672262 top-5-accuracy: 0.937891 epoch_top-5-accuracy: 0.931397
2025-09-03 15:41:08,624 [INFO] Epoch summary loss: 1.089139 accuracy: 0.672262 top-5-accuracy: 0.931397
2025-09-03 15:41:09,083 [INFO] New metrics saved to logs/sports_cv_project_classification/alexnet-color_jitter/val/metrics.json
2025-09-03 15:41:09,083 [INFO] accuracy: 0.464000 top-5-accuracy: 0.742000 loss: 2.289838
2025-09-03 15:41:09,083 [INFO] Current lr: [0.0001]
2025-09-03 15:41:21,775 [INFO] New metrics saved to logs/sports_cv_project_classification/alexnet-color_jitter/train/metrics.json
2025-09-03 15:41:21,775 [INFO] loss: 0.994840 accuracy: 0.698906 top-5-accuracy: 0.944609
2025-09-03 15:41:22,509 [INFO] New metrics saved to logs/sports_cv_project_classification/alexnet-color_jitter/train/metrics.json
2025-09-03 15:41:22,509 [INFO] loss: 0.928258 epoch_loss: 0.994120 accuracy: 0.718837 epoch_accuracy: 0.698706 top-5-accuracy: 0.951259 epoch_top-5-accuracy: 0.945242
2025-09-03 15:41:22,509 [INFO] Epoch summary loss: 0.994120 accuracy: 0.698706 top-5-accuracy: 0.945242
2025-09-03 15:41:23,029 [INFO] New metrics saved to logs/sports_cv_project_classification/alexnet-color_jitter/val/metrics.json
2025-09-03 15:41:23,029 [INFO] accuracy: 0.452000 top-5-accuracy: 0.748000 loss: 2.339739
2025-09-03 15:41:23,029 [INFO] Current lr: [0.0001]
2025-09-03 15:41:35,826 [INFO] New metrics saved to logs/sports_cv_project_classification/alexnet-color_jitter/train/metrics.json
2025-09-03 15:41:35,826 [INFO] loss: 0.913355 accuracy: 0.722812 top-5-accuracy: 0.951641
2025-09-03 15:41:36,527 [INFO] New metrics saved to logs/sports_cv_project_classification/alexnet-color_jitter/train/metrics.json
2025-09-03 15:41:36,527 [INFO] loss: 0.959105 epoch_loss: 0.917338 accuracy: 0.697352 epoch_accuracy: 0.720891 top-5-accuracy: 0.949609 epoch_top-5-accuracy: 0.951371
2025-09-03 15:41:36,527 [INFO] Epoch summary loss: 0.917338 accuracy: 0.720891 top-5-accuracy: 0.951371
2025-09-03 15:41:36,983 [INFO] New metrics saved to logs/sports_cv_project_classification/alexnet-color_jitter/val/metrics.json
2025-09-03 15:41:36,983 [INFO] accuracy: 0.440000 top-5-accuracy: 0.730000 loss: 2.369223
2025-09-03 15:41:36,983 [INFO] Current lr: [0.0001]
2025-09-03 15:41:49,746 [INFO] New metrics saved to logs/sports_cv_project_classification/alexnet-color_jitter/train/metrics.json
2025-09-03 15:41:49,747 [INFO] loss: 0.880994 accuracy: 0.727812 top-5-accuracy: 0.956875
2025-09-03 15:41:50,456 [INFO] New metrics saved to logs/sports_cv_project_classification/alexnet-color_jitter/train/metrics.json
2025-09-03 15:41:50,456 [INFO] loss: 0.932774 epoch_loss: 0.884490 accuracy: 0.712370 epoch_accuracy: 0.727132 top-5-accuracy: 0.955990 epoch_top-5-accuracy: 0.956623
2025-09-03 15:41:50,456 [INFO] Epoch summary loss: 0.884490 accuracy: 0.727132 top-5-accuracy: 0.956623
2025-09-03 15:41:50,899 [INFO] New metrics saved to logs/sports_cv_project_classification/alexnet-color_jitter/val/metrics.json
2025-09-03 15:41:50,899 [INFO] accuracy: 0.440000 top-5-accuracy: 0.742000 loss: 2.351139
2025-09-03 15:41:50,899 [INFO] Current lr: [0.0001]
2025-09-03 15:42:03,589 [INFO] New metrics saved to logs/sports_cv_project_classification/alexnet-color_jitter/train/metrics.json
2025-09-03 15:42:03,589 [INFO] loss: 0.811176 accuracy: 0.747422 top-5-accuracy: 0.964531
2025-09-03 15:42:04,289 [INFO] New metrics saved to logs/sports_cv_project_classification/alexnet-color_jitter/train/metrics.json
2025-09-03 15:42:04,289 [INFO] loss: 0.802507 epoch_loss: 0.813335 accuracy: 0.747222 epoch_accuracy: 0.746800 top-5-accuracy: 0.959375 epoch_top-5-accuracy: 0.963974
2025-09-03 15:42:04,289 [INFO] Epoch summary loss: 0.813335 accuracy: 0.746800 top-5-accuracy: 0.963974
2025-09-03 15:42:04,746 [INFO] New metrics saved to logs/sports_cv_project_classification/alexnet-color_jitter/val/metrics.json
2025-09-03 15:42:04,747 [INFO] accuracy: 0.442000 top-5-accuracy: 0.754000 loss: 2.381813
2025-09-03 15:42:04,747 [INFO] Current lr: [0.0001]
2025-09-03 15:42:17,479 [INFO] New metrics saved to logs/sports_cv_project_classification/alexnet-color_jitter/train/metrics.json
2025-09-03 15:42:17,479 [INFO] loss: 0.775507 accuracy: 0.758750 top-5-accuracy: 0.966953
2025-09-03 15:42:18,187 [INFO] New metrics saved to logs/sports_cv_project_classification/alexnet-color_jitter/train/metrics.json
2025-09-03 15:42:18,187 [INFO] loss: 0.936780 epoch_loss: 0.780598 accuracy: 0.702387 epoch_accuracy: 0.756900 top-5-accuracy: 0.958247 epoch_top-5-accuracy: 0.966732
2025-09-03 15:42:18,187 [INFO] Epoch summary loss: 0.780598 accuracy: 0.756900 top-5-accuracy: 0.966732
2025-09-03 15:42:18,641 [INFO] New metrics saved to logs/sports_cv_project_classification/alexnet-color_jitter/val/metrics.json
2025-09-03 15:42:18,642 [INFO] accuracy: 0.450000 top-5-accuracy: 0.740000 loss: 2.490163
2025-09-03 15:42:18,642 [INFO] Current lr: [0.0001]
2025-09-03 15:42:31,363 [INFO] New metrics saved to logs/sports_cv_project_classification/alexnet-color_jitter/train/metrics.json
2025-09-03 15:42:31,363 [INFO] loss: 0.759586 accuracy: 0.763359 top-5-accuracy: 0.969688
2025-09-03 15:42:32,092 [INFO] New metrics saved to logs/sports_cv_project_classification/alexnet-color_jitter/train/metrics.json
2025-09-03 15:42:32,093 [INFO] loss: 0.870036 epoch_loss: 0.765319 accuracy: 0.741970 epoch_accuracy: 0.761489 top-5-accuracy: 0.959375 epoch_top-5-accuracy: 0.969281
2025-09-03 15:42:32,093 [INFO] Epoch summary loss: 0.765319 accuracy: 0.761489 top-5-accuracy: 0.969281
2025-09-03 15:42:32,574 [INFO] New metrics saved to logs/sports_cv_project_classification/alexnet-color_jitter/val/metrics.json
2025-09-03 15:42:32,574 [INFO] accuracy: 0.452000 top-5-accuracy: 0.750000 loss: 2.382395
2025-09-03 15:42:32,574 [INFO] Current lr: [0.0001]
2025-09-03 15:42:45,395 [INFO] New metrics saved to logs/sports_cv_project_classification/alexnet-color_jitter/train/metrics.json
2025-09-03 15:42:45,395 [INFO] loss: 0.694101 accuracy: 0.780703 top-5-accuracy: 0.976016
2025-09-03 15:42:46,103 [INFO] New metrics saved to logs/sports_cv_project_classification/alexnet-color_jitter/train/metrics.json
2025-09-03 15:42:46,103 [INFO] loss: 0.739704 epoch_loss: 0.696073 accuracy: 0.754123 epoch_accuracy: 0.779563 top-5-accuracy: 0.976866 epoch_top-5-accuracy: 0.976058
2025-09-03 15:42:46,103 [INFO] Epoch summary loss: 0.696073 accuracy: 0.779563 top-5-accuracy: 0.976058
2025-09-03 15:42:46,571 [INFO] New metrics saved to logs/sports_cv_project_classification/alexnet-color_jitter/val/metrics.json
2025-09-03 15:42:46,571 [INFO] accuracy: 0.460000 top-5-accuracy: 0.754000 loss: 2.523938
2025-09-03 15:42:46,571 [INFO] Current lr: [0.0001]
2025-09-03 15:42:59,310 [INFO] New metrics saved to logs/sports_cv_project_classification/alexnet-color_jitter/train/metrics.json
2025-09-03 15:42:59,310 [INFO] loss: 0.680979 accuracy: 0.782344 top-5-accuracy: 0.975781
2025-09-03 15:43:00,021 [INFO] New metrics saved to logs/sports_cv_project_classification/alexnet-color_jitter/train/metrics.json
2025-09-03 15:43:00,021 [INFO] loss: 0.640905 epoch_loss: 0.681598 accuracy: 0.814800 epoch_accuracy: 0.782516 top-5-accuracy: 0.985503 epoch_top-5-accuracy: 0.976015
2025-09-03 15:43:00,021 [INFO] Epoch summary loss: 0.681598 accuracy: 0.782516 top-5-accuracy: 0.976015
2025-09-03 15:43:00,469 [INFO] New metrics saved to logs/sports_cv_project_classification/alexnet-color_jitter/val/metrics.json
2025-09-03 15:43:00,470 [INFO] accuracy: 0.464000 top-5-accuracy: 0.738000 loss: 2.510170
2025-09-03 15:43:00,470 [INFO] Current lr: [1e-05]
2025-09-03 15:43:13,288 [INFO] New metrics saved to logs/sports_cv_project_classification/alexnet-color_jitter/train/metrics.json
2025-09-03 15:43:13,288 [INFO] loss: 0.510798 accuracy: 0.843750 top-5-accuracy: 0.987891
2025-09-03 15:43:13,998 [INFO] New metrics saved to logs/sports_cv_project_classification/alexnet-color_jitter/train/metrics.json
2025-09-03 15:43:13,999 [INFO] loss: 0.493739 epoch_loss: 0.509826 accuracy: 0.857161 epoch_accuracy: 0.844109 top-5-accuracy: 0.985503 epoch_top-5-accuracy: 0.987808
2025-09-03 15:43:13,999 [INFO] Epoch summary loss: 0.509826 accuracy: 0.844109 top-5-accuracy: 0.987808
2025-09-03 15:43:14,456 [INFO] New metrics saved to logs/sports_cv_project_classification/alexnet-color_jitter/val/metrics.json
2025-09-03 15:43:14,456 [INFO] accuracy: 0.474000 top-5-accuracy: 0.736000 loss: 2.487081
2025-09-03 15:43:14,456 [INFO] Current lr: [1e-05]
2025-09-03 15:43:27,215 [INFO] New metrics saved to logs/sports_cv_project_classification/alexnet-color_jitter/train/metrics.json
2025-09-03 15:43:27,215 [INFO] loss: 0.441105 accuracy: 0.868203 top-5-accuracy: 0.990547
2025-09-03 15:43:27,933 [INFO] New metrics saved to logs/sports_cv_project_classification/alexnet-color_jitter/train/metrics.json
2025-09-03 15:43:27,933 [INFO] loss: 0.473711 epoch_loss: 0.441845 accuracy: 0.863845 epoch_accuracy: 0.868093 top-5-accuracy: 0.983854 epoch_top-5-accuracy: 0.990325
2025-09-03 15:43:27,933 [INFO] Epoch summary loss: 0.441845 accuracy: 0.868093 top-5-accuracy: 0.990325
2025-09-03 15:43:28,391 [INFO] New metrics saved to logs/sports_cv_project_classification/alexnet-color_jitter/val/metrics.json
2025-09-03 15:43:28,392 [INFO] accuracy: 0.476000 top-5-accuracy: 0.746000 loss: 2.518779
2025-09-03 15:43:28,392 [INFO] Current lr: [1e-05]
2025-09-03 15:43:41,164 [INFO] New metrics saved to logs/sports_cv_project_classification/alexnet-color_jitter/train/metrics.json
2025-09-03 15:43:41,164 [INFO] loss: 0.413976 accuracy: 0.877578 top-5-accuracy: 0.991719
2025-09-03 15:43:41,892 [INFO] New metrics saved to logs/sports_cv_project_classification/alexnet-color_jitter/train/metrics.json
2025-09-03 15:43:41,893 [INFO] loss: 0.400732 epoch_loss: 0.412029 accuracy: 0.871137 epoch_accuracy: 0.877950 top-5-accuracy: 0.995269 epoch_top-5-accuracy: 0.991862
2025-09-03 15:43:41,893 [INFO] Epoch summary loss: 0.412029 accuracy: 0.877950 top-5-accuracy: 0.991862
2025-09-03 15:43:42,425 [INFO] New metrics saved to logs/sports_cv_project_classification/alexnet-color_jitter/val/metrics.json
2025-09-03 15:43:42,425 [INFO] accuracy: 0.474000 top-5-accuracy: 0.746000 loss: 2.596760
2025-09-03 15:43:42,425 [INFO] Current lr: [1e-05]
2025-09-03 15:43:55,269 [INFO] New metrics saved to logs/sports_cv_project_classification/alexnet-color_jitter/train/metrics.json
2025-09-03 15:43:55,269 [INFO] loss: 0.385714 accuracy: 0.885312 top-5-accuracy: 0.992969
2025-09-03 15:43:55,980 [INFO] New metrics saved to logs/sports_cv_project_classification/alexnet-color_jitter/train/metrics.json
2025-09-03 15:43:55,980 [INFO] loss: 0.374505 epoch_loss: 0.384250 accuracy: 0.883377 epoch_accuracy: 0.885782 top-5-accuracy: 0.992491 epoch_top-5-accuracy: 0.993010
2025-09-03 15:43:55,980 [INFO] Epoch summary loss: 0.384250 accuracy: 0.885782 top-5-accuracy: 0.993010
2025-09-03 15:43:56,421 [INFO] New metrics saved to logs/sports_cv_project_classification/alexnet-color_jitter/val/metrics.json
2025-09-03 15:43:56,422 [INFO] accuracy: 0.476000 top-5-accuracy: 0.740000 loss: 2.632221
2025-09-03 15:43:56,422 [INFO] Current lr: [1e-05]
2025-09-03 15:44:09,225 [INFO] New metrics saved to logs/sports_cv_project_classification/alexnet-color_jitter/train/metrics.json
2025-09-03 15:44:09,226 [INFO] loss: 0.377358 accuracy: 0.883047 top-5-accuracy: 0.994141
2025-09-03 15:44:09,943 [INFO] New metrics saved to logs/sports_cv_project_classification/alexnet-color_jitter/train/metrics.json
2025-09-03 15:44:09,943 [INFO] loss: 0.349602 epoch_loss: 0.377145 accuracy: 0.892535 epoch_accuracy: 0.883106 top-5-accuracy: 0.990538 epoch_top-5-accuracy: 0.993968
2025-09-03 15:44:09,943 [INFO] Epoch summary loss: 0.377145 accuracy: 0.883106 top-5-accuracy: 0.993968
2025-09-03 15:44:10,397 [INFO] New metrics saved to logs/sports_cv_project_classification/alexnet-color_jitter/val/metrics.json
2025-09-03 15:44:10,397 [INFO] accuracy: 0.472000 top-5-accuracy: 0.746000 loss: 2.645679
2025-09-03 15:44:10,398 [INFO] Current lr: [1e-05]
2025-09-03 15:44:23,238 [INFO] New metrics saved to logs/sports_cv_project_classification/alexnet-color_jitter/train/metrics.json
2025-09-03 15:44:23,238 [INFO] loss: 0.372852 accuracy: 0.888281 top-5-accuracy: 0.993203
2025-09-03 15:44:23,953 [INFO] New metrics saved to logs/sports_cv_project_classification/alexnet-color_jitter/train/metrics.json
2025-09-03 15:44:23,954 [INFO] loss: 0.393942 epoch_loss: 0.373045 accuracy: 0.888628 epoch_accuracy: 0.888191 top-5-accuracy: 0.989714 epoch_top-5-accuracy: 0.993052
2025-09-03 15:44:23,954 [INFO] Epoch summary loss: 0.373045 accuracy: 0.888191 top-5-accuracy: 0.993052
2025-09-03 15:44:24,407 [INFO] New metrics saved to logs/sports_cv_project_classification/alexnet-color_jitter/val/metrics.json
2025-09-03 15:44:24,408 [INFO] accuracy: 0.476000 top-5-accuracy: 0.744000 loss: 2.662439
2025-09-03 15:44:24,408 [INFO] Current lr: [1e-05]
2025-09-03 15:44:37,148 [INFO] New metrics saved to logs/sports_cv_project_classification/alexnet-color_jitter/train/metrics.json
2025-09-03 15:44:37,149 [INFO] loss: 0.359187 accuracy: 0.886719 top-5-accuracy: 0.994453
2025-09-03 15:44:37,859 [INFO] New metrics saved to logs/sports_cv_project_classification/alexnet-color_jitter/train/metrics.json
2025-09-03 15:44:37,859 [INFO] loss: 0.361364 epoch_loss: 0.358660 accuracy: 0.884201 epoch_accuracy: 0.886697 top-5-accuracy: 0.992491 epoch_top-5-accuracy: 0.994484
2025-09-03 15:44:37,860 [INFO] Epoch summary loss: 0.358660 accuracy: 0.886697 top-5-accuracy: 0.994484
2025-09-03 15:44:38,307 [INFO] New metrics saved to logs/sports_cv_project_classification/alexnet-color_jitter/val/metrics.json
2025-09-03 15:44:38,308 [INFO] accuracy: 0.470000 top-5-accuracy: 0.746000 loss: 2.675195
2025-09-03 15:44:38,308 [INFO] Current lr: [1e-05]
2025-09-03 15:44:51,001 [INFO] New metrics saved to logs/sports_cv_project_classification/alexnet-color_jitter/train/metrics.json
2025-09-03 15:44:51,001 [INFO] loss: 0.344896 accuracy: 0.894453 top-5-accuracy: 0.994375
2025-09-03 15:44:51,718 [INFO] New metrics saved to logs/sports_cv_project_classification/alexnet-color_jitter/train/metrics.json
2025-09-03 15:44:51,719 [INFO] loss: 0.368247 epoch_loss: 0.345953 accuracy: 0.883073 epoch_accuracy: 0.893951 top-5-accuracy: 0.994444 epoch_top-5-accuracy: 0.994336
2025-09-03 15:44:51,719 [INFO] Epoch summary loss: 0.345953 accuracy: 0.893951 top-5-accuracy: 0.994336
2025-09-03 15:44:52,218 [INFO] New metrics saved to logs/sports_cv_project_classification/alexnet-color_jitter/val/metrics.json
2025-09-03 15:44:52,219 [INFO] accuracy: 0.466000 top-5-accuracy: 0.746000 loss: 2.704083
2025-09-03 15:44:52,219 [INFO] Current lr: [1e-05]
2025-09-03 15:45:05,135 [INFO] New metrics saved to logs/sports_cv_project_classification/alexnet-color_jitter/train/metrics.json
2025-09-03 15:45:05,135 [INFO] loss: 0.332170 accuracy: 0.894297 top-5-accuracy: 0.995469
2025-09-03 15:45:05,848 [INFO] New metrics saved to logs/sports_cv_project_classification/alexnet-color_jitter/train/metrics.json
2025-09-03 15:45:05,848 [INFO] loss: 0.325616 epoch_loss: 0.331160 accuracy: 0.901693 epoch_accuracy: 0.894875 top-5-accuracy: 0.995269 epoch_top-5-accuracy: 0.995473
2025-09-03 15:45:05,848 [INFO] Epoch summary loss: 0.331160 accuracy: 0.894875 top-5-accuracy: 0.995473
2025-09-03 15:45:06,302 [INFO] New metrics saved to logs/sports_cv_project_classification/alexnet-color_jitter/val/metrics.json
2025-09-03 15:45:06,302 [INFO] accuracy: 0.480000 top-5-accuracy: 0.756000 loss: 2.724039
2025-09-03 15:45:06,302 [INFO] Current lr: [1e-05]
2025-09-03 15:45:06,302 [INFO] Early stopping triggered at epoch 56
